ERROR - 2022-07-20 01:30:24 --> Error connecting to the database: No connection could be made because the target machine actively refused it
CRITICAL - 2022-07-20 01:30:24 --> Unable to connect to the database.
Main connection [MySQLi]: No connection could be made because the target machine actively refused it
#0 D:\Study\Latihan\ci4\sinjam-master\system\Database\BaseConnection.php(577): CodeIgniter\Database\BaseConnection->initialize()
#1 D:\Study\Latihan\ci4\sinjam-master\system\Database\BaseBuilder.php(1443): CodeIgniter\Database\BaseConnection->query('SELECT *\nFROM `...', Array, false)
#2 D:\Study\Latihan\ci4\sinjam-master\system\Model.php(183): CodeIgniter\Database\BaseBuilder->get()
#3 D:\Study\Latihan\ci4\sinjam-master\system\BaseModel.php(584): CodeIgniter\Model->doFindAll(0, 0)
#4 D:\Study\Latihan\ci4\sinjam-master\app\Controllers\Login.php(19): CodeIgniter\BaseModel->findAll()
#5 D:\Study\Latihan\ci4\sinjam-master\system\CodeIgniter.php(824): App\Controllers\Login->index()
#6 D:\Study\Latihan\ci4\sinjam-master\system\CodeIgniter.php(410): CodeIgniter\CodeIgniter->runController(Object(App\Controllers\Login))
#7 D:\Study\Latihan\ci4\sinjam-master\system\CodeIgniter.php(318): CodeIgniter\CodeIgniter->handleRequest(NULL, Object(Config\Cache), false)
#8 D:\Study\Latihan\ci4\sinjam-master\public\index.php(37): CodeIgniter\CodeIgniter->run()
#9 D:\Study\Latihan\ci4\sinjam-master\system\Commands\Server\rewrite.php(43): require_once('D:\\Study\\Latiha...')
#10 {main}
CRITICAL - 2022-07-20 02:29:13 --> Request URI segment is out of range: 2
#0 D:\Study\Latihan\ci4\sinjam-master\system\HTTP\URI.php(529): CodeIgniter\HTTP\Exceptions\HTTPException::forURISegmentOutOfRange(2)
#1 D:\Study\Latihan\ci4\sinjam-master\app\Views\template.php(13): CodeIgniter\HTTP\URI->getSegment(2)
#2 D:\Study\Latihan\ci4\sinjam-master\system\View\View.php(214): include('D:\\Study\\Latiha...')
#3 D:\Study\Latihan\ci4\sinjam-master\system\View\View.php(217): CodeIgniter\View\View->CodeIgniter\View\{closure}()
#4 D:\Study\Latihan\ci4\sinjam-master\system\View\View.php(230): CodeIgniter\View\View->render('template', Array, true)
#5 D:\Study\Latihan\ci4\sinjam-master\system\Common.php(1097): CodeIgniter\View\View->render('transaksi', Array, true)
#6 D:\Study\Latihan\ci4\sinjam-master\app\Controllers\Transaksi.php(21): view('transaksi')
#7 D:\Study\Latihan\ci4\sinjam-master\system\CodeIgniter.php(824): App\Controllers\Transaksi->index()
#8 D:\Study\Latihan\ci4\sinjam-master\system\CodeIgniter.php(410): CodeIgniter\CodeIgniter->runController(Object(App\Controllers\Transaksi))
#9 D:\Study\Latihan\ci4\sinjam-master\system\CodeIgniter.php(318): CodeIgniter\CodeIgniter->handleRequest(NULL, Object(Config\Cache), false)
#10 D:\Study\Latihan\ci4\sinjam-master\public\index.php(37): CodeIgniter\CodeIgniter->run()
#11 D:\Study\Latihan\ci4\sinjam-master\system\Commands\Server\rewrite.php(43): require_once('D:\\Study\\Latiha...')
#12 {main}
CRITICAL - 2022-07-20 02:29:18 --> Request URI segment is out of range: 2
#0 D:\Study\Latihan\ci4\sinjam-master\system\HTTP\URI.php(529): CodeIgniter\HTTP\Exceptions\HTTPException::forURISegmentOutOfRange(2)
#1 D:\Study\Latihan\ci4\sinjam-master\app\Views\template.php(13): CodeIgniter\HTTP\URI->getSegment(2)
#2 D:\Study\Latihan\ci4\sinjam-master\system\View\View.php(214): include('D:\\Study\\Latiha...')
#3 D:\Study\Latihan\ci4\sinjam-master\system\View\View.php(217): CodeIgniter\View\View->CodeIgniter\View\{closure}()
#4 D:\Study\Latihan\ci4\sinjam-master\system\View\View.php(230): CodeIgniter\View\View->render('template', Array, true)
#5 D:\Study\Latihan\ci4\sinjam-master\system\Common.php(1097): CodeIgniter\View\View->render('transaksi', Array, true)
#6 D:\Study\Latihan\ci4\sinjam-master\app\Controllers\Transaksi.php(21): view('transaksi')
#7 D:\Study\Latihan\ci4\sinjam-master\system\CodeIgniter.php(824): App\Controllers\Transaksi->index()
#8 D:\Study\Latihan\ci4\sinjam-master\system\CodeIgniter.php(410): CodeIgniter\CodeIgniter->runController(Object(App\Controllers\Transaksi))
#9 D:\Study\Latihan\ci4\sinjam-master\system\CodeIgniter.php(318): CodeIgniter\CodeIgniter->handleRequest(NULL, Object(Config\Cache), false)
#10 D:\Study\Latihan\ci4\sinjam-master\public\index.php(37): CodeIgniter\CodeIgniter->run()
#11 D:\Study\Latihan\ci4\sinjam-master\system\Commands\Server\rewrite.php(43): require_once('D:\\Study\\Latiha...')
#12 {main}
CRITICAL - 2022-07-20 02:29:21 --> Request URI segment is out of range: 2
#0 D:\Study\Latihan\ci4\sinjam-master\system\HTTP\URI.php(529): CodeIgniter\HTTP\Exceptions\HTTPException::forURISegmentOutOfRange(2)
#1 D:\Study\Latihan\ci4\sinjam-master\app\Views\template.php(13): CodeIgniter\HTTP\URI->getSegment(2)
#2 D:\Study\Latihan\ci4\sinjam-master\system\View\View.php(214): include('D:\\Study\\Latiha...')
#3 D:\Study\Latihan\ci4\sinjam-master\system\View\View.php(217): CodeIgniter\View\View->CodeIgniter\View\{closure}()
#4 D:\Study\Latihan\ci4\sinjam-master\system\View\View.php(230): CodeIgniter\View\View->render('template', Array, true)
#5 D:\Study\Latihan\ci4\sinjam-master\system\Common.php(1097): CodeIgniter\View\View->render('transaksi', Array, true)
#6 D:\Study\Latihan\ci4\sinjam-master\app\Controllers\Transaksi.php(21): view('transaksi')
#7 D:\Study\Latihan\ci4\sinjam-master\system\CodeIgniter.php(824): App\Controllers\Transaksi->index()
#8 D:\Study\Latihan\ci4\sinjam-master\system\CodeIgniter.php(410): CodeIgniter\CodeIgniter->runController(Object(App\Controllers\Transaksi))
#9 D:\Study\Latihan\ci4\sinjam-master\system\CodeIgniter.php(318): CodeIgniter\CodeIgniter->handleRequest(NULL, Object(Config\Cache), false)
#10 D:\Study\Latihan\ci4\sinjam-master\public\index.php(37): CodeIgniter\CodeIgniter->run()
#11 D:\Study\Latihan\ci4\sinjam-master\system\Commands\Server\rewrite.php(43): require_once('D:\\Study\\Latiha...')
#12 {main}
CRITICAL - 2022-07-20 02:30:07 --> Request URI segment is out of range: 2
#0 D:\Study\Latihan\ci4\sinjam-master\system\HTTP\URI.php(529): CodeIgniter\HTTP\Exceptions\HTTPException::forURISegmentOutOfRange(2)
#1 D:\Study\Latihan\ci4\sinjam-master\app\Views\template.php(13): CodeIgniter\HTTP\URI->getSegment(2)
#2 D:\Study\Latihan\ci4\sinjam-master\system\View\View.php(214): include('D:\\Study\\Latiha...')
#3 D:\Study\Latihan\ci4\sinjam-master\system\View\View.php(217): CodeIgniter\View\View->CodeIgniter\View\{closure}()
#4 D:\Study\Latihan\ci4\sinjam-master\system\View\View.php(230): CodeIgniter\View\View->render('template', Array, true)
#5 D:\Study\Latihan\ci4\sinjam-master\system\Common.php(1097): CodeIgniter\View\View->render('transaksi', Array, true)
#6 D:\Study\Latihan\ci4\sinjam-master\app\Controllers\Transaksi.php(21): view('transaksi')
#7 D:\Study\Latihan\ci4\sinjam-master\system\CodeIgniter.php(824): App\Controllers\Transaksi->index()
#8 D:\Study\Latihan\ci4\sinjam-master\system\CodeIgniter.php(410): CodeIgniter\CodeIgniter->runController(Object(App\Controllers\Transaksi))
#9 D:\Study\Latihan\ci4\sinjam-master\system\CodeIgniter.php(318): CodeIgniter\CodeIgniter->handleRequest(NULL, Object(Config\Cache), false)
#10 D:\Study\Latihan\ci4\sinjam-master\public\index.php(37): CodeIgniter\CodeIgniter->run()
#11 D:\Study\Latihan\ci4\sinjam-master\system\Commands\Server\rewrite.php(43): require_once('D:\\Study\\Latiha...')
#12 {main}
CRITICAL - 2022-07-20 04:21:36 --> Unsupported operand types: string + string
#0 D:\Study\Latihan\ci4\sinjam-master\system\CodeIgniter.php(824): App\Controllers\Pinjaman->tambahCicilan()
#1 D:\Study\Latihan\ci4\sinjam-master\system\CodeIgniter.php(410): CodeIgniter\CodeIgniter->runController(Object(App\Controllers\Pinjaman))
#2 D:\Study\Latihan\ci4\sinjam-master\system\CodeIgniter.php(318): CodeIgniter\CodeIgniter->handleRequest(NULL, Object(Config\Cache), false)
#3 D:\Study\Latihan\ci4\sinjam-master\public\index.php(37): CodeIgniter\CodeIgniter->run()
#4 D:\Study\Latihan\ci4\sinjam-master\system\Commands\Server\rewrite.php(43): require_once('D:\\Study\\Latiha...')
#5 {main}
CRITICAL - 2022-07-20 04:21:36 --> Unsupported operand types: string + string
#0 D:\Study\Latihan\ci4\sinjam-master\system\CodeIgniter.php(824): App\Controllers\Pinjaman->tambahCicilan()
#1 D:\Study\Latihan\ci4\sinjam-master\system\CodeIgniter.php(410): CodeIgniter\CodeIgniter->runController(Object(App\Controllers\Pinjaman))
#2 D:\Study\Latihan\ci4\sinjam-master\system\CodeIgniter.php(318): CodeIgniter\CodeIgniter->handleRequest(NULL, Object(Config\Cache), false)
#3 D:\Study\Latihan\ci4\sinjam-master\public\index.php(37): CodeIgniter\CodeIgniter->run()
#4 D:\Study\Latihan\ci4\sinjam-master\system\Commands\Server\rewrite.php(43): require_once('D:\\Study\\Latiha...')
#5 {main}
CRITICAL - 2022-07-20 04:21:37 --> Unsupported operand types: string + string
#0 D:\Study\Latihan\ci4\sinjam-master\system\CodeIgniter.php(824): App\Controllers\Pinjaman->tambahCicilan()
#1 D:\Study\Latihan\ci4\sinjam-master\system\CodeIgniter.php(410): CodeIgniter\CodeIgniter->runController(Object(App\Controllers\Pinjaman))
#2 D:\Study\Latihan\ci4\sinjam-master\system\CodeIgniter.php(318): CodeIgniter\CodeIgniter->handleRequest(NULL, Object(Config\Cache), false)
#3 D:\Study\Latihan\ci4\sinjam-master\public\index.php(37): CodeIgniter\CodeIgniter->run()
#4 D:\Study\Latihan\ci4\sinjam-master\system\Commands\Server\rewrite.php(43): require_once('D:\\Study\\Latiha...')
#5 {main}
CRITICAL - 2022-07-20 04:21:37 --> Unsupported operand types: string + string
#0 D:\Study\Latihan\ci4\sinjam-master\system\CodeIgniter.php(824): App\Controllers\Pinjaman->tambahCicilan()
#1 D:\Study\Latihan\ci4\sinjam-master\system\CodeIgniter.php(410): CodeIgniter\CodeIgniter->runController(Object(App\Controllers\Pinjaman))
#2 D:\Study\Latihan\ci4\sinjam-master\system\CodeIgniter.php(318): CodeIgniter\CodeIgniter->handleRequest(NULL, Object(Config\Cache), false)
#3 D:\Study\Latihan\ci4\sinjam-master\public\index.php(37): CodeIgniter\CodeIgniter->run()
#4 D:\Study\Latihan\ci4\sinjam-master\system\Commands\Server\rewrite.php(43): require_once('D:\\Study\\Latiha...')
#5 {main}
CRITICAL - 2022-07-20 04:21:37 --> Unsupported operand types: string + string
#0 D:\Study\Latihan\ci4\sinjam-master\system\CodeIgniter.php(824): App\Controllers\Pinjaman->tambahCicilan()
#1 D:\Study\Latihan\ci4\sinjam-master\system\CodeIgniter.php(410): CodeIgniter\CodeIgniter->runController(Object(App\Controllers\Pinjaman))
#2 D:\Study\Latihan\ci4\sinjam-master\system\CodeIgniter.php(318): CodeIgniter\CodeIgniter->handleRequest(NULL, Object(Config\Cache), false)
#3 D:\Study\Latihan\ci4\sinjam-master\public\index.php(37): CodeIgniter\CodeIgniter->run()
#4 D:\Study\Latihan\ci4\sinjam-master\system\Commands\Server\rewrite.php(43): require_once('D:\\Study\\Latiha...')
#5 {main}
CRITICAL - 2022-07-20 04:21:38 --> Unsupported operand types: string + string
#0 D:\Study\Latihan\ci4\sinjam-master\system\CodeIgniter.php(824): App\Controllers\Pinjaman->tambahCicilan()
#1 D:\Study\Latihan\ci4\sinjam-master\system\CodeIgniter.php(410): CodeIgniter\CodeIgniter->runController(Object(App\Controllers\Pinjaman))
#2 D:\Study\Latihan\ci4\sinjam-master\system\CodeIgniter.php(318): CodeIgniter\CodeIgniter->handleRequest(NULL, Object(Config\Cache), false)
#3 D:\Study\Latihan\ci4\sinjam-master\public\index.php(37): CodeIgniter\CodeIgniter->run()
#4 D:\Study\Latihan\ci4\sinjam-master\system\Commands\Server\rewrite.php(43): require_once('D:\\Study\\Latiha...')
#5 {main}
CRITICAL - 2022-07-20 04:21:38 --> Unsupported operand types: string + string
#0 D:\Study\Latihan\ci4\sinjam-master\system\CodeIgniter.php(824): App\Controllers\Pinjaman->tambahCicilan()
#1 D:\Study\Latihan\ci4\sinjam-master\system\CodeIgniter.php(410): CodeIgniter\CodeIgniter->runController(Object(App\Controllers\Pinjaman))
#2 D:\Study\Latihan\ci4\sinjam-master\system\CodeIgniter.php(318): CodeIgniter\CodeIgniter->handleRequest(NULL, Object(Config\Cache), false)
#3 D:\Study\Latihan\ci4\sinjam-master\public\index.php(37): CodeIgniter\CodeIgniter->run()
#4 D:\Study\Latihan\ci4\sinjam-master\system\Commands\Server\rewrite.php(43): require_once('D:\\Study\\Latiha...')
#5 {main}
CRITICAL - 2022-07-20 04:21:38 --> Unsupported operand types: string + string
#0 D:\Study\Latihan\ci4\sinjam-master\system\CodeIgniter.php(824): App\Controllers\Pinjaman->tambahCicilan()
#1 D:\Study\Latihan\ci4\sinjam-master\system\CodeIgniter.php(410): CodeIgniter\CodeIgniter->runController(Object(App\Controllers\Pinjaman))
#2 D:\Study\Latihan\ci4\sinjam-master\system\CodeIgniter.php(318): CodeIgniter\CodeIgniter->handleRequest(NULL, Object(Config\Cache), false)
#3 D:\Study\Latihan\ci4\sinjam-master\public\index.php(37): CodeIgniter\CodeIgniter->run()
#4 D:\Study\Latihan\ci4\sinjam-master\system\Commands\Server\rewrite.php(43): require_once('D:\\Study\\Latiha...')
#5 {main}
CRITICAL - 2022-07-20 04:21:38 --> Unsupported operand types: string + string
#0 D:\Study\Latihan\ci4\sinjam-master\system\CodeIgniter.php(824): App\Controllers\Pinjaman->tambahCicilan()
#1 D:\Study\Latihan\ci4\sinjam-master\system\CodeIgniter.php(410): CodeIgniter\CodeIgniter->runController(Object(App\Controllers\Pinjaman))
#2 D:\Study\Latihan\ci4\sinjam-master\system\CodeIgniter.php(318): CodeIgniter\CodeIgniter->handleRequest(NULL, Object(Config\Cache), false)
#3 D:\Study\Latihan\ci4\sinjam-master\public\index.php(37): CodeIgniter\CodeIgniter->run()
#4 D:\Study\Latihan\ci4\sinjam-master\system\Commands\Server\rewrite.php(43): require_once('D:\\Study\\Latiha...')
#5 {main}
CRITICAL - 2022-07-20 04:21:38 --> Unsupported operand types: string + string
#0 D:\Study\Latihan\ci4\sinjam-master\system\CodeIgniter.php(824): App\Controllers\Pinjaman->tambahCicilan()
#1 D:\Study\Latihan\ci4\sinjam-master\system\CodeIgniter.php(410): CodeIgniter\CodeIgniter->runController(Object(App\Controllers\Pinjaman))
#2 D:\Study\Latihan\ci4\sinjam-master\system\CodeIgniter.php(318): CodeIgniter\CodeIgniter->handleRequest(NULL, Object(Config\Cache), false)
#3 D:\Study\Latihan\ci4\sinjam-master\public\index.php(37): CodeIgniter\CodeIgniter->run()
#4 D:\Study\Latihan\ci4\sinjam-master\system\Commands\Server\rewrite.php(43): require_once('D:\\Study\\Latiha...')
#5 {main}
CRITICAL - 2022-07-20 04:21:38 --> Unsupported operand types: string + string
#0 D:\Study\Latihan\ci4\sinjam-master\system\CodeIgniter.php(824): App\Controllers\Pinjaman->tambahCicilan()
#1 D:\Study\Latihan\ci4\sinjam-master\system\CodeIgniter.php(410): CodeIgniter\CodeIgniter->runController(Object(App\Controllers\Pinjaman))
#2 D:\Study\Latihan\ci4\sinjam-master\system\CodeIgniter.php(318): CodeIgniter\CodeIgniter->handleRequest(NULL, Object(Config\Cache), false)
#3 D:\Study\Latihan\ci4\sinjam-master\public\index.php(37): CodeIgniter\CodeIgniter->run()
#4 D:\Study\Latihan\ci4\sinjam-master\system\Commands\Server\rewrite.php(43): require_once('D:\\Study\\Latiha...')
#5 {main}
CRITICAL - 2022-07-20 04:21:39 --> Unsupported operand types: string + string
#0 D:\Study\Latihan\ci4\sinjam-master\system\CodeIgniter.php(824): App\Controllers\Pinjaman->tambahCicilan()
#1 D:\Study\Latihan\ci4\sinjam-master\system\CodeIgniter.php(410): CodeIgniter\CodeIgniter->runController(Object(App\Controllers\Pinjaman))
#2 D:\Study\Latihan\ci4\sinjam-master\system\CodeIgniter.php(318): CodeIgniter\CodeIgniter->handleRequest(NULL, Object(Config\Cache), false)
#3 D:\Study\Latihan\ci4\sinjam-master\public\index.php(37): CodeIgniter\CodeIgniter->run()
#4 D:\Study\Latihan\ci4\sinjam-master\system\Commands\Server\rewrite.php(43): require_once('D:\\Study\\Latiha...')
#5 {main}
CRITICAL - 2022-07-20 04:21:39 --> Unsupported operand types: string + string
#0 D:\Study\Latihan\ci4\sinjam-master\system\CodeIgniter.php(824): App\Controllers\Pinjaman->tambahCicilan()
#1 D:\Study\Latihan\ci4\sinjam-master\system\CodeIgniter.php(410): CodeIgniter\CodeIgniter->runController(Object(App\Controllers\Pinjaman))
#2 D:\Study\Latihan\ci4\sinjam-master\system\CodeIgniter.php(318): CodeIgniter\CodeIgniter->handleRequest(NULL, Object(Config\Cache), false)
#3 D:\Study\Latihan\ci4\sinjam-master\public\index.php(37): CodeIgniter\CodeIgniter->run()
#4 D:\Study\Latihan\ci4\sinjam-master\system\Commands\Server\rewrite.php(43): require_once('D:\\Study\\Latiha...')
#5 {main}
CRITICAL - 2022-07-20 04:21:39 --> Unsupported operand types: string + string
#0 D:\Study\Latihan\ci4\sinjam-master\system\CodeIgniter.php(824): App\Controllers\Pinjaman->tambahCicilan()
#1 D:\Study\Latihan\ci4\sinjam-master\system\CodeIgniter.php(410): CodeIgniter\CodeIgniter->runController(Object(App\Controllers\Pinjaman))
#2 D:\Study\Latihan\ci4\sinjam-master\system\CodeIgniter.php(318): CodeIgniter\CodeIgniter->handleRequest(NULL, Object(Config\Cache), false)
#3 D:\Study\Latihan\ci4\sinjam-master\public\index.php(37): CodeIgniter\CodeIgniter->run()
#4 D:\Study\Latihan\ci4\sinjam-master\system\Commands\Server\rewrite.php(43): require_once('D:\\Study\\Latiha...')
#5 {main}
CRITICAL - 2022-07-20 04:21:39 --> Unsupported operand types: string + string
#0 D:\Study\Latihan\ci4\sinjam-master\system\CodeIgniter.php(824): App\Controllers\Pinjaman->tambahCicilan()
#1 D:\Study\Latihan\ci4\sinjam-master\system\CodeIgniter.php(410): CodeIgniter\CodeIgniter->runController(Object(App\Controllers\Pinjaman))
#2 D:\Study\Latihan\ci4\sinjam-master\system\CodeIgniter.php(318): CodeIgniter\CodeIgniter->handleRequest(NULL, Object(Config\Cache), false)
#3 D:\Study\Latihan\ci4\sinjam-master\public\index.php(37): CodeIgniter\CodeIgniter->run()
#4 D:\Study\Latihan\ci4\sinjam-master\system\Commands\Server\rewrite.php(43): require_once('D:\\Study\\Latiha...')
#5 {main}
CRITICAL - 2022-07-20 04:21:39 --> Unsupported operand types: string + string
#0 D:\Study\Latihan\ci4\sinjam-master\system\CodeIgniter.php(824): App\Controllers\Pinjaman->tambahCicilan()
#1 D:\Study\Latihan\ci4\sinjam-master\system\CodeIgniter.php(410): CodeIgniter\CodeIgniter->runController(Object(App\Controllers\Pinjaman))
#2 D:\Study\Latihan\ci4\sinjam-master\system\CodeIgniter.php(318): CodeIgniter\CodeIgniter->handleRequest(NULL, Object(Config\Cache), false)
#3 D:\Study\Latihan\ci4\sinjam-master\public\index.php(37): CodeIgniter\CodeIgniter->run()
#4 D:\Study\Latihan\ci4\sinjam-master\system\Commands\Server\rewrite.php(43): require_once('D:\\Study\\Latiha...')
#5 {main}
CRITICAL - 2022-07-20 04:21:39 --> Unsupported operand types: string + string
#0 D:\Study\Latihan\ci4\sinjam-master\system\CodeIgniter.php(824): App\Controllers\Pinjaman->tambahCicilan()
#1 D:\Study\Latihan\ci4\sinjam-master\system\CodeIgniter.php(410): CodeIgniter\CodeIgniter->runController(Object(App\Controllers\Pinjaman))
#2 D:\Study\Latihan\ci4\sinjam-master\system\CodeIgniter.php(318): CodeIgniter\CodeIgniter->handleRequest(NULL, Object(Config\Cache), false)
#3 D:\Study\Latihan\ci4\sinjam-master\public\index.php(37): CodeIgniter\CodeIgniter->run()
#4 D:\Study\Latihan\ci4\sinjam-master\system\Commands\Server\rewrite.php(43): require_once('D:\\Study\\Latiha...')
#5 {main}
CRITICAL - 2022-07-20 04:22:02 --> Unsupported operand types: string + string
#0 D:\Study\Latihan\ci4\sinjam-master\system\CodeIgniter.php(824): App\Controllers\Pinjaman->tambahCicilan()
#1 D:\Study\Latihan\ci4\sinjam-master\system\CodeIgniter.php(410): CodeIgniter\CodeIgniter->runController(Object(App\Controllers\Pinjaman))
#2 D:\Study\Latihan\ci4\sinjam-master\system\CodeIgniter.php(318): CodeIgniter\CodeIgniter->handleRequest(NULL, Object(Config\Cache), false)
#3 D:\Study\Latihan\ci4\sinjam-master\public\index.php(37): CodeIgniter\CodeIgniter->run()
#4 D:\Study\Latihan\ci4\sinjam-master\system\Commands\Server\rewrite.php(43): require_once('D:\\Study\\Latiha...')
#5 {main}
CRITICAL - 2022-07-20 04:22:03 --> Unsupported operand types: string + string
#0 D:\Study\Latihan\ci4\sinjam-master\system\CodeIgniter.php(824): App\Controllers\Pinjaman->tambahCicilan()
#1 D:\Study\Latihan\ci4\sinjam-master\system\CodeIgniter.php(410): CodeIgniter\CodeIgniter->runController(Object(App\Controllers\Pinjaman))
#2 D:\Study\Latihan\ci4\sinjam-master\system\CodeIgniter.php(318): CodeIgniter\CodeIgniter->handleRequest(NULL, Object(Config\Cache), false)
#3 D:\Study\Latihan\ci4\sinjam-master\public\index.php(37): CodeIgniter\CodeIgniter->run()
#4 D:\Study\Latihan\ci4\sinjam-master\system\Commands\Server\rewrite.php(43): require_once('D:\\Study\\Latiha...')
#5 {main}
CRITICAL - 2022-07-20 04:22:03 --> Unsupported operand types: string + string
#0 D:\Study\Latihan\ci4\sinjam-master\system\CodeIgniter.php(824): App\Controllers\Pinjaman->tambahCicilan()
#1 D:\Study\Latihan\ci4\sinjam-master\system\CodeIgniter.php(410): CodeIgniter\CodeIgniter->runController(Object(App\Controllers\Pinjaman))
#2 D:\Study\Latihan\ci4\sinjam-master\system\CodeIgniter.php(318): CodeIgniter\CodeIgniter->handleRequest(NULL, Object(Config\Cache), false)
#3 D:\Study\Latihan\ci4\sinjam-master\public\index.php(37): CodeIgniter\CodeIgniter->run()
#4 D:\Study\Latihan\ci4\sinjam-master\system\Commands\Server\rewrite.php(43): require_once('D:\\Study\\Latiha...')
#5 {main}
CRITICAL - 2022-07-20 04:22:03 --> Unsupported operand types: string + string
#0 D:\Study\Latihan\ci4\sinjam-master\system\CodeIgniter.php(824): App\Controllers\Pinjaman->tambahCicilan()
#1 D:\Study\Latihan\ci4\sinjam-master\system\CodeIgniter.php(410): CodeIgniter\CodeIgniter->runController(Object(App\Controllers\Pinjaman))
#2 D:\Study\Latihan\ci4\sinjam-master\system\CodeIgniter.php(318): CodeIgniter\CodeIgniter->handleRequest(NULL, Object(Config\Cache), false)
#3 D:\Study\Latihan\ci4\sinjam-master\public\index.php(37): CodeIgniter\CodeIgniter->run()
#4 D:\Study\Latihan\ci4\sinjam-master\system\Commands\Server\rewrite.php(43): require_once('D:\\Study\\Latiha...')
#5 {main}
CRITICAL - 2022-07-20 04:22:03 --> Unsupported operand types: string + string
#0 D:\Study\Latihan\ci4\sinjam-master\system\CodeIgniter.php(824): App\Controllers\Pinjaman->tambahCicilan()
#1 D:\Study\Latihan\ci4\sinjam-master\system\CodeIgniter.php(410): CodeIgniter\CodeIgniter->runController(Object(App\Controllers\Pinjaman))
#2 D:\Study\Latihan\ci4\sinjam-master\system\CodeIgniter.php(318): CodeIgniter\CodeIgniter->handleRequest(NULL, Object(Config\Cache), false)
#3 D:\Study\Latihan\ci4\sinjam-master\public\index.php(37): CodeIgniter\CodeIgniter->run()
#4 D:\Study\Latihan\ci4\sinjam-master\system\Commands\Server\rewrite.php(43): require_once('D:\\Study\\Latiha...')
#5 {main}
CRITICAL - 2022-07-20 04:22:35 --> Unsupported operand types: string + string
#0 D:\Study\Latihan\ci4\sinjam-master\system\CodeIgniter.php(824): App\Controllers\Pinjaman->tambahCicilan()
#1 D:\Study\Latihan\ci4\sinjam-master\system\CodeIgniter.php(410): CodeIgniter\CodeIgniter->runController(Object(App\Controllers\Pinjaman))
#2 D:\Study\Latihan\ci4\sinjam-master\system\CodeIgniter.php(318): CodeIgniter\CodeIgniter->handleRequest(NULL, Object(Config\Cache), false)
#3 D:\Study\Latihan\ci4\sinjam-master\public\index.php(37): CodeIgniter\CodeIgniter->run()
#4 D:\Study\Latihan\ci4\sinjam-master\system\Commands\Server\rewrite.php(43): require_once('D:\\Study\\Latiha...')
#5 {main}
CRITICAL - 2022-07-20 04:26:32 --> Undefined variable $nohalaman
#0 D:\Study\Latihan\ci4\sinjam-master\app\Views\barang.php(106): CodeIgniter\Debug\Exceptions->errorHandler(2, 'Undefined varia...', 'D:\\Study\\Latiha...', 106)
#1 D:\Study\Latihan\ci4\sinjam-master\system\View\View.php(214): include('D:\\Study\\Latiha...')
#2 D:\Study\Latihan\ci4\sinjam-master\system\View\View.php(217): CodeIgniter\View\View->CodeIgniter\View\{closure}()
#3 D:\Study\Latihan\ci4\sinjam-master\system\Common.php(1097): CodeIgniter\View\View->render('barang', Array, true)
#4 D:\Study\Latihan\ci4\sinjam-master\app\Controllers\Barang.php(14): view('barang')
#5 D:\Study\Latihan\ci4\sinjam-master\system\CodeIgniter.php(824): App\Controllers\Barang->index()
#6 D:\Study\Latihan\ci4\sinjam-master\system\CodeIgniter.php(410): CodeIgniter\CodeIgniter->runController(Object(App\Controllers\Barang))
#7 D:\Study\Latihan\ci4\sinjam-master\system\CodeIgniter.php(318): CodeIgniter\CodeIgniter->handleRequest(NULL, Object(Config\Cache), false)
#8 D:\Study\Latihan\ci4\sinjam-master\public\index.php(37): CodeIgniter\CodeIgniter->run()
#9 D:\Study\Latihan\ci4\sinjam-master\system\Commands\Server\rewrite.php(43): require_once('D:\\Study\\Latiha...')
#10 {main}
CRITICAL - 2022-07-20 04:27:13 --> Undefined variable $tampildata
#0 D:\Study\Latihan\ci4\sinjam-master\app\Views\barang.php(107): CodeIgniter\Debug\Exceptions->errorHandler(2, 'Undefined varia...', 'D:\\Study\\Latiha...', 107)
#1 D:\Study\Latihan\ci4\sinjam-master\system\View\View.php(214): include('D:\\Study\\Latiha...')
#2 D:\Study\Latihan\ci4\sinjam-master\system\View\View.php(217): CodeIgniter\View\View->CodeIgniter\View\{closure}()
#3 D:\Study\Latihan\ci4\sinjam-master\system\Common.php(1097): CodeIgniter\View\View->render('barang', Array, true)
#4 D:\Study\Latihan\ci4\sinjam-master\app\Controllers\Barang.php(14): view('barang')
#5 D:\Study\Latihan\ci4\sinjam-master\system\CodeIgniter.php(824): App\Controllers\Barang->index()
#6 D:\Study\Latihan\ci4\sinjam-master\system\CodeIgniter.php(410): CodeIgniter\CodeIgniter->runController(Object(App\Controllers\Barang))
#7 D:\Study\Latihan\ci4\sinjam-master\system\CodeIgniter.php(318): CodeIgniter\CodeIgniter->handleRequest(NULL, Object(Config\Cache), false)
#8 D:\Study\Latihan\ci4\sinjam-master\public\index.php(37): CodeIgniter\CodeIgniter->run()
#9 D:\Study\Latihan\ci4\sinjam-master\system\Commands\Server\rewrite.php(43): require_once('D:\\Study\\Latiha...')
#10 {main}
CRITICAL - 2022-07-20 04:27:40 --> Undefined variable $tampildata
#0 D:\Study\Latihan\ci4\sinjam-master\app\Views\barang.php(107): CodeIgniter\Debug\Exceptions->errorHandler(2, 'Undefined varia...', 'D:\\Study\\Latiha...', 107)
#1 D:\Study\Latihan\ci4\sinjam-master\system\View\View.php(214): include('D:\\Study\\Latiha...')
#2 D:\Study\Latihan\ci4\sinjam-master\system\View\View.php(217): CodeIgniter\View\View->CodeIgniter\View\{closure}()
#3 D:\Study\Latihan\ci4\sinjam-master\system\Common.php(1097): CodeIgniter\View\View->render('barang', Array, true)
#4 D:\Study\Latihan\ci4\sinjam-master\app\Controllers\Barang.php(14): view('barang')
#5 D:\Study\Latihan\ci4\sinjam-master\system\CodeIgniter.php(824): App\Controllers\Barang->index()
#6 D:\Study\Latihan\ci4\sinjam-master\system\CodeIgniter.php(410): CodeIgniter\CodeIgniter->runController(Object(App\Controllers\Barang))
#7 D:\Study\Latihan\ci4\sinjam-master\system\CodeIgniter.php(318): CodeIgniter\CodeIgniter->handleRequest(NULL, Object(Config\Cache), false)
#8 D:\Study\Latihan\ci4\sinjam-master\public\index.php(37): CodeIgniter\CodeIgniter->run()
#9 D:\Study\Latihan\ci4\sinjam-master\system\Commands\Server\rewrite.php(43): require_once('D:\\Study\\Latiha...')
#10 {main}
CRITICAL - 2022-07-20 04:28:02 --> syntax error, unexpected token "endforeach", expecting end of file
#0 D:\Study\Latihan\ci4\sinjam-master\system\View\View.php(217): CodeIgniter\View\View->CodeIgniter\View\{closure}()
#1 D:\Study\Latihan\ci4\sinjam-master\system\Common.php(1097): CodeIgniter\View\View->render('barang', Array, true)
#2 D:\Study\Latihan\ci4\sinjam-master\app\Controllers\Barang.php(14): view('barang')
#3 D:\Study\Latihan\ci4\sinjam-master\system\CodeIgniter.php(824): App\Controllers\Barang->index()
#4 D:\Study\Latihan\ci4\sinjam-master\system\CodeIgniter.php(410): CodeIgniter\CodeIgniter->runController(Object(App\Controllers\Barang))
#5 D:\Study\Latihan\ci4\sinjam-master\system\CodeIgniter.php(318): CodeIgniter\CodeIgniter->handleRequest(NULL, Object(Config\Cache), false)
#6 D:\Study\Latihan\ci4\sinjam-master\public\index.php(37): CodeIgniter\CodeIgniter->run()
#7 D:\Study\Latihan\ci4\sinjam-master\system\Commands\Server\rewrite.php(43): require_once('D:\\Study\\Latiha...')
#8 {main}
CRITICAL - 2022-07-20 04:28:09 --> Undefined variable $nomor
#0 D:\Study\Latihan\ci4\sinjam-master\app\Views\barang.php(107): CodeIgniter\Debug\Exceptions->errorHandler(2, 'Undefined varia...', 'D:\\Study\\Latiha...', 107)
#1 D:\Study\Latihan\ci4\sinjam-master\system\View\View.php(214): include('D:\\Study\\Latiha...')
#2 D:\Study\Latihan\ci4\sinjam-master\system\View\View.php(217): CodeIgniter\View\View->CodeIgniter\View\{closure}()
#3 D:\Study\Latihan\ci4\sinjam-master\system\Common.php(1097): CodeIgniter\View\View->render('barang', Array, true)
#4 D:\Study\Latihan\ci4\sinjam-master\app\Controllers\Barang.php(14): view('barang')
#5 D:\Study\Latihan\ci4\sinjam-master\system\CodeIgniter.php(824): App\Controllers\Barang->index()
#6 D:\Study\Latihan\ci4\sinjam-master\system\CodeIgniter.php(410): CodeIgniter\CodeIgniter->runController(Object(App\Controllers\Barang))
#7 D:\Study\Latihan\ci4\sinjam-master\system\CodeIgniter.php(318): CodeIgniter\CodeIgniter->handleRequest(NULL, Object(Config\Cache), false)
#8 D:\Study\Latihan\ci4\sinjam-master\public\index.php(37): CodeIgniter\CodeIgniter->run()
#9 D:\Study\Latihan\ci4\sinjam-master\system\Commands\Server\rewrite.php(43): require_once('D:\\Study\\Latiha...')
#10 {main}
CRITICAL - 2022-07-20 04:28:24 --> Undefined variable $row
#0 D:\Study\Latihan\ci4\sinjam-master\app\Views\barang.php(106): CodeIgniter\Debug\Exceptions->errorHandler(2, 'Undefined varia...', 'D:\\Study\\Latiha...', 106)
#1 D:\Study\Latihan\ci4\sinjam-master\system\View\View.php(214): include('D:\\Study\\Latiha...')
#2 D:\Study\Latihan\ci4\sinjam-master\system\View\View.php(217): CodeIgniter\View\View->CodeIgniter\View\{closure}()
#3 D:\Study\Latihan\ci4\sinjam-master\system\Common.php(1097): CodeIgniter\View\View->render('barang', Array, true)
#4 D:\Study\Latihan\ci4\sinjam-master\app\Controllers\Barang.php(14): view('barang')
#5 D:\Study\Latihan\ci4\sinjam-master\system\CodeIgniter.php(824): App\Controllers\Barang->index()
#6 D:\Study\Latihan\ci4\sinjam-master\system\CodeIgniter.php(410): CodeIgniter\CodeIgniter->runController(Object(App\Controllers\Barang))
#7 D:\Study\Latihan\ci4\sinjam-master\system\CodeIgniter.php(318): CodeIgniter\CodeIgniter->handleRequest(NULL, Object(Config\Cache), false)
#8 D:\Study\Latihan\ci4\sinjam-master\public\index.php(37): CodeIgniter\CodeIgniter->run()
#9 D:\Study\Latihan\ci4\sinjam-master\system\Commands\Server\rewrite.php(43): require_once('D:\\Study\\Latiha...')
#10 {main}
CRITICAL - 2022-07-20 04:28:40 --> Undefined variable $row
#0 D:\Study\Latihan\ci4\sinjam-master\app\Views\barang.php(110): CodeIgniter\Debug\Exceptions->errorHandler(2, 'Undefined varia...', 'D:\\Study\\Latiha...', 110)
#1 D:\Study\Latihan\ci4\sinjam-master\system\View\View.php(214): include('D:\\Study\\Latiha...')
#2 D:\Study\Latihan\ci4\sinjam-master\system\View\View.php(217): CodeIgniter\View\View->CodeIgniter\View\{closure}()
#3 D:\Study\Latihan\ci4\sinjam-master\system\Common.php(1097): CodeIgniter\View\View->render('barang', Array, true)
#4 D:\Study\Latihan\ci4\sinjam-master\app\Controllers\Barang.php(14): view('barang')
#5 D:\Study\Latihan\ci4\sinjam-master\system\CodeIgniter.php(824): App\Controllers\Barang->index()
#6 D:\Study\Latihan\ci4\sinjam-master\system\CodeIgniter.php(410): CodeIgniter\CodeIgniter->runController(Object(App\Controllers\Barang))
#7 D:\Study\Latihan\ci4\sinjam-master\system\CodeIgniter.php(318): CodeIgniter\CodeIgniter->handleRequest(NULL, Object(Config\Cache), false)
#8 D:\Study\Latihan\ci4\sinjam-master\public\index.php(37): CodeIgniter\CodeIgniter->run()
#9 D:\Study\Latihan\ci4\sinjam-master\system\Commands\Server\rewrite.php(43): require_once('D:\\Study\\Latiha...')
#10 {main}
CRITICAL - 2022-07-20 04:29:01 --> Undefined variable $row
#0 D:\Study\Latihan\ci4\sinjam-master\app\Views\barang.php(113): CodeIgniter\Debug\Exceptions->errorHandler(2, 'Undefined varia...', 'D:\\Study\\Latiha...', 113)
#1 D:\Study\Latihan\ci4\sinjam-master\system\View\View.php(214): include('D:\\Study\\Latiha...')
#2 D:\Study\Latihan\ci4\sinjam-master\system\View\View.php(217): CodeIgniter\View\View->CodeIgniter\View\{closure}()
#3 D:\Study\Latihan\ci4\sinjam-master\system\Common.php(1097): CodeIgniter\View\View->render('barang', Array, true)
#4 D:\Study\Latihan\ci4\sinjam-master\app\Controllers\Barang.php(14): view('barang')
#5 D:\Study\Latihan\ci4\sinjam-master\system\CodeIgniter.php(824): App\Controllers\Barang->index()
#6 D:\Study\Latihan\ci4\sinjam-master\system\CodeIgniter.php(410): CodeIgniter\CodeIgniter->runController(Object(App\Controllers\Barang))
#7 D:\Study\Latihan\ci4\sinjam-master\system\CodeIgniter.php(318): CodeIgniter\CodeIgniter->handleRequest(NULL, Object(Config\Cache), false)
#8 D:\Study\Latihan\ci4\sinjam-master\public\index.php(37): CodeIgniter\CodeIgniter->run()
#9 D:\Study\Latihan\ci4\sinjam-master\system\Commands\Server\rewrite.php(43): require_once('D:\\Study\\Latiha...')
#10 {main}
CRITICAL - 2022-07-20 04:39:38 --> Call to undefined method App\Models\BarangModel::getAllBarang
#0 D:\Study\Latihan\ci4\sinjam-master\app\Controllers\Barang.php(17): CodeIgniter\Model->__call('getAllBarang', Array)
#1 D:\Study\Latihan\ci4\sinjam-master\system\CodeIgniter.php(824): App\Controllers\Barang->index()
#2 D:\Study\Latihan\ci4\sinjam-master\system\CodeIgniter.php(410): CodeIgniter\CodeIgniter->runController(Object(App\Controllers\Barang))
#3 D:\Study\Latihan\ci4\sinjam-master\system\CodeIgniter.php(318): CodeIgniter\CodeIgniter->handleRequest(NULL, Object(Config\Cache), false)
#4 D:\Study\Latihan\ci4\sinjam-master\public\index.php(37): CodeIgniter\CodeIgniter->run()
#5 D:\Study\Latihan\ci4\sinjam-master\system\Commands\Server\rewrite.php(43): require_once('D:\\Study\\Latiha...')
#6 {main}
CRITICAL - 2022-07-20 23:10:54 --> Undefined property: App\Controllers\Barang::$barang
#0 D:\Study\Latihan\ci4\sinjam-master\app\Controllers\Barang.php(29): CodeIgniter\Debug\Exceptions->errorHandler(2, 'Undefined prope...', 'D:\\Study\\Latiha...', 29)
#1 D:\Study\Latihan\ci4\sinjam-master\system\CodeIgniter.php(824): App\Controllers\Barang->index()
#2 D:\Study\Latihan\ci4\sinjam-master\system\CodeIgniter.php(410): CodeIgniter\CodeIgniter->runController(Object(App\Controllers\Barang))
#3 D:\Study\Latihan\ci4\sinjam-master\system\CodeIgniter.php(318): CodeIgniter\CodeIgniter->handleRequest(NULL, Object(Config\Cache), false)
#4 D:\Study\Latihan\ci4\sinjam-master\public\index.php(37): CodeIgniter\CodeIgniter->run()
#5 D:\Study\Latihan\ci4\sinjam-master\system\Commands\Server\rewrite.php(43): require_once('D:\\Study\\Latiha...')
#6 {main}
CRITICAL - 2022-07-20 23:29:00 --> Undefined property: App\Controllers\Barang::$barang
#0 D:\Study\Latihan\ci4\sinjam-master\app\Controllers\Barang.php(29): CodeIgniter\Debug\Exceptions->errorHandler(2, 'Undefined prope...', 'D:\\Study\\Latiha...', 29)
#1 D:\Study\Latihan\ci4\sinjam-master\system\CodeIgniter.php(824): App\Controllers\Barang->index()
#2 D:\Study\Latihan\ci4\sinjam-master\system\CodeIgniter.php(410): CodeIgniter\CodeIgniter->runController(Object(App\Controllers\Barang))
#3 D:\Study\Latihan\ci4\sinjam-master\system\CodeIgniter.php(318): CodeIgniter\CodeIgniter->handleRequest(NULL, Object(Config\Cache), false)
#4 D:\Study\Latihan\ci4\sinjam-master\public\index.php(37): CodeIgniter\CodeIgniter->run()
#5 D:\Study\Latihan\ci4\sinjam-master\system\Commands\Server\rewrite.php(43): require_once('D:\\Study\\Latiha...')
#6 {main}
