ERROR - 2022-07-22 01:17:21 --> Duplicate entry '4' for key 'PRIMARY'
CRITICAL - 2022-07-22 01:17:21 --> Duplicate entry '4' for key 'PRIMARY'
#0 D:\Study\Latihan\ci4\sinjam-master\system\Database\MySQLi\Connection.php(292): mysqli->query('INSERT INTO `ba...', 0)
#1 D:\Study\Latihan\ci4\sinjam-master\system\Database\BaseConnection.php(670): CodeIgniter\Database\MySQLi\Connection->execute('INSERT INTO `ba...')
#2 D:\Study\Latihan\ci4\sinjam-master\system\Database\BaseConnection.php(598): CodeIgniter\Database\BaseConnection->simpleQuery('INSERT INTO `ba...')
#3 D:\Study\Latihan\ci4\sinjam-master\system\Database\BaseBuilder.php(1759): CodeIgniter\Database\BaseConnection->query('INSERT INTO `ba...', Array, false)
#4 D:\Study\Latihan\ci4\sinjam-master\system\Model.php(239): CodeIgniter\Database\BaseBuilder->insert()
#5 D:\Study\Latihan\ci4\sinjam-master\system\BaseModel.php(738): CodeIgniter\Model->doInsert(Array)
#6 D:\Study\Latihan\ci4\sinjam-master\system\Model.php(620): CodeIgniter\BaseModel->insert(Array, true)
#7 D:\Study\Latihan\ci4\sinjam-master\app\Controllers\Barang.php(41): CodeIgniter\Model->insert(Array)
#8 D:\Study\Latihan\ci4\sinjam-master\system\CodeIgniter.php(824): App\Controllers\Barang->tambah()
#9 D:\Study\Latihan\ci4\sinjam-master\system\CodeIgniter.php(410): CodeIgniter\CodeIgniter->runController(Object(App\Controllers\Barang))
#10 D:\Study\Latihan\ci4\sinjam-master\system\CodeIgniter.php(318): CodeIgniter\CodeIgniter->handleRequest(NULL, Object(Config\Cache), false)
#11 D:\Study\Latihan\ci4\sinjam-master\public\index.php(37): CodeIgniter\CodeIgniter->run()
#12 D:\Study\Latihan\ci4\sinjam-master\system\Commands\Server\rewrite.php(43): require_once('D:\\Study\\Latiha...')
#13 {main}
ERROR - 2022-07-22 01:17:22 --> Duplicate entry '4' for key 'PRIMARY'
CRITICAL - 2022-07-22 01:17:22 --> Duplicate entry '4' for key 'PRIMARY'
#0 D:\Study\Latihan\ci4\sinjam-master\system\Database\MySQLi\Connection.php(292): mysqli->query('INSERT INTO `ba...', 0)
#1 D:\Study\Latihan\ci4\sinjam-master\system\Database\BaseConnection.php(670): CodeIgniter\Database\MySQLi\Connection->execute('INSERT INTO `ba...')
#2 D:\Study\Latihan\ci4\sinjam-master\system\Database\BaseConnection.php(598): CodeIgniter\Database\BaseConnection->simpleQuery('INSERT INTO `ba...')
#3 D:\Study\Latihan\ci4\sinjam-master\system\Database\BaseBuilder.php(1759): CodeIgniter\Database\BaseConnection->query('INSERT INTO `ba...', Array, false)
#4 D:\Study\Latihan\ci4\sinjam-master\system\Model.php(239): CodeIgniter\Database\BaseBuilder->insert()
#5 D:\Study\Latihan\ci4\sinjam-master\system\BaseModel.php(738): CodeIgniter\Model->doInsert(Array)
#6 D:\Study\Latihan\ci4\sinjam-master\system\Model.php(620): CodeIgniter\BaseModel->insert(Array, true)
#7 D:\Study\Latihan\ci4\sinjam-master\app\Controllers\Barang.php(41): CodeIgniter\Model->insert(Array)
#8 D:\Study\Latihan\ci4\sinjam-master\system\CodeIgniter.php(824): App\Controllers\Barang->tambah()
#9 D:\Study\Latihan\ci4\sinjam-master\system\CodeIgniter.php(410): CodeIgniter\CodeIgniter->runController(Object(App\Controllers\Barang))
#10 D:\Study\Latihan\ci4\sinjam-master\system\CodeIgniter.php(318): CodeIgniter\CodeIgniter->handleRequest(NULL, Object(Config\Cache), false)
#11 D:\Study\Latihan\ci4\sinjam-master\public\index.php(37): CodeIgniter\CodeIgniter->run()
#12 D:\Study\Latihan\ci4\sinjam-master\system\Commands\Server\rewrite.php(43): require_once('D:\\Study\\Latiha...')
#13 {main}
ERROR - 2022-07-22 01:17:22 --> Duplicate entry '4' for key 'PRIMARY'
CRITICAL - 2022-07-22 01:17:22 --> Duplicate entry '4' for key 'PRIMARY'
#0 D:\Study\Latihan\ci4\sinjam-master\system\Database\MySQLi\Connection.php(292): mysqli->query('INSERT INTO `ba...', 0)
#1 D:\Study\Latihan\ci4\sinjam-master\system\Database\BaseConnection.php(670): CodeIgniter\Database\MySQLi\Connection->execute('INSERT INTO `ba...')
#2 D:\Study\Latihan\ci4\sinjam-master\system\Database\BaseConnection.php(598): CodeIgniter\Database\BaseConnection->simpleQuery('INSERT INTO `ba...')
#3 D:\Study\Latihan\ci4\sinjam-master\system\Database\BaseBuilder.php(1759): CodeIgniter\Database\BaseConnection->query('INSERT INTO `ba...', Array, false)
#4 D:\Study\Latihan\ci4\sinjam-master\system\Model.php(239): CodeIgniter\Database\BaseBuilder->insert()
#5 D:\Study\Latihan\ci4\sinjam-master\system\BaseModel.php(738): CodeIgniter\Model->doInsert(Array)
#6 D:\Study\Latihan\ci4\sinjam-master\system\Model.php(620): CodeIgniter\BaseModel->insert(Array, true)
#7 D:\Study\Latihan\ci4\sinjam-master\app\Controllers\Barang.php(41): CodeIgniter\Model->insert(Array)
#8 D:\Study\Latihan\ci4\sinjam-master\system\CodeIgniter.php(824): App\Controllers\Barang->tambah()
#9 D:\Study\Latihan\ci4\sinjam-master\system\CodeIgniter.php(410): CodeIgniter\CodeIgniter->runController(Object(App\Controllers\Barang))
#10 D:\Study\Latihan\ci4\sinjam-master\system\CodeIgniter.php(318): CodeIgniter\CodeIgniter->handleRequest(NULL, Object(Config\Cache), false)
#11 D:\Study\Latihan\ci4\sinjam-master\public\index.php(37): CodeIgniter\CodeIgniter->run()
#12 D:\Study\Latihan\ci4\sinjam-master\system\Commands\Server\rewrite.php(43): require_once('D:\\Study\\Latiha...')
#13 {main}
ERROR - 2022-07-22 01:24:56 --> Duplicate entry '11' for key 'PRIMARY'
CRITICAL - 2022-07-22 01:24:56 --> Duplicate entry '11' for key 'PRIMARY'
#0 D:\Study\Latihan\ci4\sinjam-master\system\Database\MySQLi\Connection.php(292): mysqli->query('INSERT INTO `ba...', 0)
#1 D:\Study\Latihan\ci4\sinjam-master\system\Database\BaseConnection.php(670): CodeIgniter\Database\MySQLi\Connection->execute('INSERT INTO `ba...')
#2 D:\Study\Latihan\ci4\sinjam-master\system\Database\BaseConnection.php(598): CodeIgniter\Database\BaseConnection->simpleQuery('INSERT INTO `ba...')
#3 D:\Study\Latihan\ci4\sinjam-master\system\Database\BaseBuilder.php(1759): CodeIgniter\Database\BaseConnection->query('INSERT INTO `ba...', Array, false)
#4 D:\Study\Latihan\ci4\sinjam-master\system\Model.php(239): CodeIgniter\Database\BaseBuilder->insert()
#5 D:\Study\Latihan\ci4\sinjam-master\system\BaseModel.php(738): CodeIgniter\Model->doInsert(Array)
#6 D:\Study\Latihan\ci4\sinjam-master\system\Model.php(620): CodeIgniter\BaseModel->insert(Array, true)
#7 D:\Study\Latihan\ci4\sinjam-master\app\Controllers\Barang.php(41): CodeIgniter\Model->insert(Array)
#8 D:\Study\Latihan\ci4\sinjam-master\system\CodeIgniter.php(824): App\Controllers\Barang->tambah()
#9 D:\Study\Latihan\ci4\sinjam-master\system\CodeIgniter.php(410): CodeIgniter\CodeIgniter->runController(Object(App\Controllers\Barang))
#10 D:\Study\Latihan\ci4\sinjam-master\system\CodeIgniter.php(318): CodeIgniter\CodeIgniter->handleRequest(NULL, Object(Config\Cache), false)
#11 D:\Study\Latihan\ci4\sinjam-master\public\index.php(37): CodeIgniter\CodeIgniter->run()
#12 D:\Study\Latihan\ci4\sinjam-master\system\Commands\Server\rewrite.php(43): require_once('D:\\Study\\Latiha...')
#13 {main}
ERROR - 2022-07-22 01:24:57 --> Duplicate entry '11' for key 'PRIMARY'
CRITICAL - 2022-07-22 01:24:57 --> Duplicate entry '11' for key 'PRIMARY'
#0 D:\Study\Latihan\ci4\sinjam-master\system\Database\MySQLi\Connection.php(292): mysqli->query('INSERT INTO `ba...', 0)
#1 D:\Study\Latihan\ci4\sinjam-master\system\Database\BaseConnection.php(670): CodeIgniter\Database\MySQLi\Connection->execute('INSERT INTO `ba...')
#2 D:\Study\Latihan\ci4\sinjam-master\system\Database\BaseConnection.php(598): CodeIgniter\Database\BaseConnection->simpleQuery('INSERT INTO `ba...')
#3 D:\Study\Latihan\ci4\sinjam-master\system\Database\BaseBuilder.php(1759): CodeIgniter\Database\BaseConnection->query('INSERT INTO `ba...', Array, false)
#4 D:\Study\Latihan\ci4\sinjam-master\system\Model.php(239): CodeIgniter\Database\BaseBuilder->insert()
#5 D:\Study\Latihan\ci4\sinjam-master\system\BaseModel.php(738): CodeIgniter\Model->doInsert(Array)
#6 D:\Study\Latihan\ci4\sinjam-master\system\Model.php(620): CodeIgniter\BaseModel->insert(Array, true)
#7 D:\Study\Latihan\ci4\sinjam-master\app\Controllers\Barang.php(41): CodeIgniter\Model->insert(Array)
#8 D:\Study\Latihan\ci4\sinjam-master\system\CodeIgniter.php(824): App\Controllers\Barang->tambah()
#9 D:\Study\Latihan\ci4\sinjam-master\system\CodeIgniter.php(410): CodeIgniter\CodeIgniter->runController(Object(App\Controllers\Barang))
#10 D:\Study\Latihan\ci4\sinjam-master\system\CodeIgniter.php(318): CodeIgniter\CodeIgniter->handleRequest(NULL, Object(Config\Cache), false)
#11 D:\Study\Latihan\ci4\sinjam-master\public\index.php(37): CodeIgniter\CodeIgniter->run()
#12 D:\Study\Latihan\ci4\sinjam-master\system\Commands\Server\rewrite.php(43): require_once('D:\\Study\\Latiha...')
#13 {main}
ERROR - 2022-07-22 01:24:57 --> Duplicate entry '11' for key 'PRIMARY'
CRITICAL - 2022-07-22 01:24:57 --> Duplicate entry '11' for key 'PRIMARY'
#0 D:\Study\Latihan\ci4\sinjam-master\system\Database\MySQLi\Connection.php(292): mysqli->query('INSERT INTO `ba...', 0)
#1 D:\Study\Latihan\ci4\sinjam-master\system\Database\BaseConnection.php(670): CodeIgniter\Database\MySQLi\Connection->execute('INSERT INTO `ba...')
#2 D:\Study\Latihan\ci4\sinjam-master\system\Database\BaseConnection.php(598): CodeIgniter\Database\BaseConnection->simpleQuery('INSERT INTO `ba...')
#3 D:\Study\Latihan\ci4\sinjam-master\system\Database\BaseBuilder.php(1759): CodeIgniter\Database\BaseConnection->query('INSERT INTO `ba...', Array, false)
#4 D:\Study\Latihan\ci4\sinjam-master\system\Model.php(239): CodeIgniter\Database\BaseBuilder->insert()
#5 D:\Study\Latihan\ci4\sinjam-master\system\BaseModel.php(738): CodeIgniter\Model->doInsert(Array)
#6 D:\Study\Latihan\ci4\sinjam-master\system\Model.php(620): CodeIgniter\BaseModel->insert(Array, true)
#7 D:\Study\Latihan\ci4\sinjam-master\app\Controllers\Barang.php(41): CodeIgniter\Model->insert(Array)
#8 D:\Study\Latihan\ci4\sinjam-master\system\CodeIgniter.php(824): App\Controllers\Barang->tambah()
#9 D:\Study\Latihan\ci4\sinjam-master\system\CodeIgniter.php(410): CodeIgniter\CodeIgniter->runController(Object(App\Controllers\Barang))
#10 D:\Study\Latihan\ci4\sinjam-master\system\CodeIgniter.php(318): CodeIgniter\CodeIgniter->handleRequest(NULL, Object(Config\Cache), false)
#11 D:\Study\Latihan\ci4\sinjam-master\public\index.php(37): CodeIgniter\CodeIgniter->run()
#12 D:\Study\Latihan\ci4\sinjam-master\system\Commands\Server\rewrite.php(43): require_once('D:\\Study\\Latiha...')
#13 {main}
ERROR - 2022-07-22 01:24:57 --> Duplicate entry '11' for key 'PRIMARY'
CRITICAL - 2022-07-22 01:24:57 --> Duplicate entry '11' for key 'PRIMARY'
#0 D:\Study\Latihan\ci4\sinjam-master\system\Database\MySQLi\Connection.php(292): mysqli->query('INSERT INTO `ba...', 0)
#1 D:\Study\Latihan\ci4\sinjam-master\system\Database\BaseConnection.php(670): CodeIgniter\Database\MySQLi\Connection->execute('INSERT INTO `ba...')
#2 D:\Study\Latihan\ci4\sinjam-master\system\Database\BaseConnection.php(598): CodeIgniter\Database\BaseConnection->simpleQuery('INSERT INTO `ba...')
#3 D:\Study\Latihan\ci4\sinjam-master\system\Database\BaseBuilder.php(1759): CodeIgniter\Database\BaseConnection->query('INSERT INTO `ba...', Array, false)
#4 D:\Study\Latihan\ci4\sinjam-master\system\Model.php(239): CodeIgniter\Database\BaseBuilder->insert()
#5 D:\Study\Latihan\ci4\sinjam-master\system\BaseModel.php(738): CodeIgniter\Model->doInsert(Array)
#6 D:\Study\Latihan\ci4\sinjam-master\system\Model.php(620): CodeIgniter\BaseModel->insert(Array, true)
#7 D:\Study\Latihan\ci4\sinjam-master\app\Controllers\Barang.php(41): CodeIgniter\Model->insert(Array)
#8 D:\Study\Latihan\ci4\sinjam-master\system\CodeIgniter.php(824): App\Controllers\Barang->tambah()
#9 D:\Study\Latihan\ci4\sinjam-master\system\CodeIgniter.php(410): CodeIgniter\CodeIgniter->runController(Object(App\Controllers\Barang))
#10 D:\Study\Latihan\ci4\sinjam-master\system\CodeIgniter.php(318): CodeIgniter\CodeIgniter->handleRequest(NULL, Object(Config\Cache), false)
#11 D:\Study\Latihan\ci4\sinjam-master\public\index.php(37): CodeIgniter\CodeIgniter->run()
#12 D:\Study\Latihan\ci4\sinjam-master\system\Commands\Server\rewrite.php(43): require_once('D:\\Study\\Latiha...')
#13 {main}
ERROR - 2022-07-22 01:24:57 --> Duplicate entry '11' for key 'PRIMARY'
CRITICAL - 2022-07-22 01:24:57 --> Duplicate entry '11' for key 'PRIMARY'
#0 D:\Study\Latihan\ci4\sinjam-master\system\Database\MySQLi\Connection.php(292): mysqli->query('INSERT INTO `ba...', 0)
#1 D:\Study\Latihan\ci4\sinjam-master\system\Database\BaseConnection.php(670): CodeIgniter\Database\MySQLi\Connection->execute('INSERT INTO `ba...')
#2 D:\Study\Latihan\ci4\sinjam-master\system\Database\BaseConnection.php(598): CodeIgniter\Database\BaseConnection->simpleQuery('INSERT INTO `ba...')
#3 D:\Study\Latihan\ci4\sinjam-master\system\Database\BaseBuilder.php(1759): CodeIgniter\Database\BaseConnection->query('INSERT INTO `ba...', Array, false)
#4 D:\Study\Latihan\ci4\sinjam-master\system\Model.php(239): CodeIgniter\Database\BaseBuilder->insert()
#5 D:\Study\Latihan\ci4\sinjam-master\system\BaseModel.php(738): CodeIgniter\Model->doInsert(Array)
#6 D:\Study\Latihan\ci4\sinjam-master\system\Model.php(620): CodeIgniter\BaseModel->insert(Array, true)
#7 D:\Study\Latihan\ci4\sinjam-master\app\Controllers\Barang.php(41): CodeIgniter\Model->insert(Array)
#8 D:\Study\Latihan\ci4\sinjam-master\system\CodeIgniter.php(824): App\Controllers\Barang->tambah()
#9 D:\Study\Latihan\ci4\sinjam-master\system\CodeIgniter.php(410): CodeIgniter\CodeIgniter->runController(Object(App\Controllers\Barang))
#10 D:\Study\Latihan\ci4\sinjam-master\system\CodeIgniter.php(318): CodeIgniter\CodeIgniter->handleRequest(NULL, Object(Config\Cache), false)
#11 D:\Study\Latihan\ci4\sinjam-master\public\index.php(37): CodeIgniter\CodeIgniter->run()
#12 D:\Study\Latihan\ci4\sinjam-master\system\Commands\Server\rewrite.php(43): require_once('D:\\Study\\Latiha...')
#13 {main}
ERROR - 2022-07-22 01:24:57 --> Duplicate entry '11' for key 'PRIMARY'
CRITICAL - 2022-07-22 01:24:57 --> Duplicate entry '11' for key 'PRIMARY'
#0 D:\Study\Latihan\ci4\sinjam-master\system\Database\MySQLi\Connection.php(292): mysqli->query('INSERT INTO `ba...', 0)
#1 D:\Study\Latihan\ci4\sinjam-master\system\Database\BaseConnection.php(670): CodeIgniter\Database\MySQLi\Connection->execute('INSERT INTO `ba...')
#2 D:\Study\Latihan\ci4\sinjam-master\system\Database\BaseConnection.php(598): CodeIgniter\Database\BaseConnection->simpleQuery('INSERT INTO `ba...')
#3 D:\Study\Latihan\ci4\sinjam-master\system\Database\BaseBuilder.php(1759): CodeIgniter\Database\BaseConnection->query('INSERT INTO `ba...', Array, false)
#4 D:\Study\Latihan\ci4\sinjam-master\system\Model.php(239): CodeIgniter\Database\BaseBuilder->insert()
#5 D:\Study\Latihan\ci4\sinjam-master\system\BaseModel.php(738): CodeIgniter\Model->doInsert(Array)
#6 D:\Study\Latihan\ci4\sinjam-master\system\Model.php(620): CodeIgniter\BaseModel->insert(Array, true)
#7 D:\Study\Latihan\ci4\sinjam-master\app\Controllers\Barang.php(41): CodeIgniter\Model->insert(Array)
#8 D:\Study\Latihan\ci4\sinjam-master\system\CodeIgniter.php(824): App\Controllers\Barang->tambah()
#9 D:\Study\Latihan\ci4\sinjam-master\system\CodeIgniter.php(410): CodeIgniter\CodeIgniter->runController(Object(App\Controllers\Barang))
#10 D:\Study\Latihan\ci4\sinjam-master\system\CodeIgniter.php(318): CodeIgniter\CodeIgniter->handleRequest(NULL, Object(Config\Cache), false)
#11 D:\Study\Latihan\ci4\sinjam-master\public\index.php(37): CodeIgniter\CodeIgniter->run()
#12 D:\Study\Latihan\ci4\sinjam-master\system\Commands\Server\rewrite.php(43): require_once('D:\\Study\\Latiha...')
#13 {main}
ERROR - 2022-07-22 01:24:57 --> Duplicate entry '11' for key 'PRIMARY'
CRITICAL - 2022-07-22 01:24:57 --> Duplicate entry '11' for key 'PRIMARY'
#0 D:\Study\Latihan\ci4\sinjam-master\system\Database\MySQLi\Connection.php(292): mysqli->query('INSERT INTO `ba...', 0)
#1 D:\Study\Latihan\ci4\sinjam-master\system\Database\BaseConnection.php(670): CodeIgniter\Database\MySQLi\Connection->execute('INSERT INTO `ba...')
#2 D:\Study\Latihan\ci4\sinjam-master\system\Database\BaseConnection.php(598): CodeIgniter\Database\BaseConnection->simpleQuery('INSERT INTO `ba...')
#3 D:\Study\Latihan\ci4\sinjam-master\system\Database\BaseBuilder.php(1759): CodeIgniter\Database\BaseConnection->query('INSERT INTO `ba...', Array, false)
#4 D:\Study\Latihan\ci4\sinjam-master\system\Model.php(239): CodeIgniter\Database\BaseBuilder->insert()
#5 D:\Study\Latihan\ci4\sinjam-master\system\BaseModel.php(738): CodeIgniter\Model->doInsert(Array)
#6 D:\Study\Latihan\ci4\sinjam-master\system\Model.php(620): CodeIgniter\BaseModel->insert(Array, true)
#7 D:\Study\Latihan\ci4\sinjam-master\app\Controllers\Barang.php(41): CodeIgniter\Model->insert(Array)
#8 D:\Study\Latihan\ci4\sinjam-master\system\CodeIgniter.php(824): App\Controllers\Barang->tambah()
#9 D:\Study\Latihan\ci4\sinjam-master\system\CodeIgniter.php(410): CodeIgniter\CodeIgniter->runController(Object(App\Controllers\Barang))
#10 D:\Study\Latihan\ci4\sinjam-master\system\CodeIgniter.php(318): CodeIgniter\CodeIgniter->handleRequest(NULL, Object(Config\Cache), false)
#11 D:\Study\Latihan\ci4\sinjam-master\public\index.php(37): CodeIgniter\CodeIgniter->run()
#12 D:\Study\Latihan\ci4\sinjam-master\system\Commands\Server\rewrite.php(43): require_once('D:\\Study\\Latiha...')
#13 {main}
CRITICAL - 2022-07-22 01:34:00 --> Undefined property: App\Controllers\Barang::$nasabahModel
#0 D:\Study\Latihan\ci4\sinjam-master\app\Controllers\Barang.php(45): CodeIgniter\Debug\Exceptions->errorHandler(2, 'Undefined prope...', 'D:\\Study\\Latiha...', 45)
#1 D:\Study\Latihan\ci4\sinjam-master\system\CodeIgniter.php(824): App\Controllers\Barang->tambah()
#2 D:\Study\Latihan\ci4\sinjam-master\system\CodeIgniter.php(410): CodeIgniter\CodeIgniter->runController(Object(App\Controllers\Barang))
#3 D:\Study\Latihan\ci4\sinjam-master\system\CodeIgniter.php(318): CodeIgniter\CodeIgniter->handleRequest(NULL, Object(Config\Cache), false)
#4 D:\Study\Latihan\ci4\sinjam-master\public\index.php(37): CodeIgniter\CodeIgniter->run()
#5 D:\Study\Latihan\ci4\sinjam-master\system\Commands\Server\rewrite.php(43): require_once('D:\\Study\\Latiha...')
#6 {main}
CRITICAL - 2022-07-22 01:34:03 --> Undefined property: App\Controllers\Barang::$nasabahModel
#0 D:\Study\Latihan\ci4\sinjam-master\app\Controllers\Barang.php(45): CodeIgniter\Debug\Exceptions->errorHandler(2, 'Undefined prope...', 'D:\\Study\\Latiha...', 45)
#1 D:\Study\Latihan\ci4\sinjam-master\system\CodeIgniter.php(824): App\Controllers\Barang->tambah()
#2 D:\Study\Latihan\ci4\sinjam-master\system\CodeIgniter.php(410): CodeIgniter\CodeIgniter->runController(Object(App\Controllers\Barang))
#3 D:\Study\Latihan\ci4\sinjam-master\system\CodeIgniter.php(318): CodeIgniter\CodeIgniter->handleRequest(NULL, Object(Config\Cache), false)
#4 D:\Study\Latihan\ci4\sinjam-master\public\index.php(37): CodeIgniter\CodeIgniter->run()
#5 D:\Study\Latihan\ci4\sinjam-master\system\Commands\Server\rewrite.php(43): require_once('D:\\Study\\Latiha...')
#6 {main}
CRITICAL - 2022-07-22 01:34:03 --> Undefined property: App\Controllers\Barang::$nasabahModel
#0 D:\Study\Latihan\ci4\sinjam-master\app\Controllers\Barang.php(45): CodeIgniter\Debug\Exceptions->errorHandler(2, 'Undefined prope...', 'D:\\Study\\Latiha...', 45)
#1 D:\Study\Latihan\ci4\sinjam-master\system\CodeIgniter.php(824): App\Controllers\Barang->tambah()
#2 D:\Study\Latihan\ci4\sinjam-master\system\CodeIgniter.php(410): CodeIgniter\CodeIgniter->runController(Object(App\Controllers\Barang))
#3 D:\Study\Latihan\ci4\sinjam-master\system\CodeIgniter.php(318): CodeIgniter\CodeIgniter->handleRequest(NULL, Object(Config\Cache), false)
#4 D:\Study\Latihan\ci4\sinjam-master\public\index.php(37): CodeIgniter\CodeIgniter->run()
#5 D:\Study\Latihan\ci4\sinjam-master\system\Commands\Server\rewrite.php(43): require_once('D:\\Study\\Latiha...')
#6 {main}
CRITICAL - 2022-07-22 01:34:03 --> Undefined property: App\Controllers\Barang::$nasabahModel
#0 D:\Study\Latihan\ci4\sinjam-master\app\Controllers\Barang.php(45): CodeIgniter\Debug\Exceptions->errorHandler(2, 'Undefined prope...', 'D:\\Study\\Latiha...', 45)
#1 D:\Study\Latihan\ci4\sinjam-master\system\CodeIgniter.php(824): App\Controllers\Barang->tambah()
#2 D:\Study\Latihan\ci4\sinjam-master\system\CodeIgniter.php(410): CodeIgniter\CodeIgniter->runController(Object(App\Controllers\Barang))
#3 D:\Study\Latihan\ci4\sinjam-master\system\CodeIgniter.php(318): CodeIgniter\CodeIgniter->handleRequest(NULL, Object(Config\Cache), false)
#4 D:\Study\Latihan\ci4\sinjam-master\public\index.php(37): CodeIgniter\CodeIgniter->run()
#5 D:\Study\Latihan\ci4\sinjam-master\system\Commands\Server\rewrite.php(43): require_once('D:\\Study\\Latiha...')
#6 {main}
CRITICAL - 2022-07-22 01:34:03 --> Undefined property: App\Controllers\Barang::$nasabahModel
#0 D:\Study\Latihan\ci4\sinjam-master\app\Controllers\Barang.php(45): CodeIgniter\Debug\Exceptions->errorHandler(2, 'Undefined prope...', 'D:\\Study\\Latiha...', 45)
#1 D:\Study\Latihan\ci4\sinjam-master\system\CodeIgniter.php(824): App\Controllers\Barang->tambah()
#2 D:\Study\Latihan\ci4\sinjam-master\system\CodeIgniter.php(410): CodeIgniter\CodeIgniter->runController(Object(App\Controllers\Barang))
#3 D:\Study\Latihan\ci4\sinjam-master\system\CodeIgniter.php(318): CodeIgniter\CodeIgniter->handleRequest(NULL, Object(Config\Cache), false)
#4 D:\Study\Latihan\ci4\sinjam-master\public\index.php(37): CodeIgniter\CodeIgniter->run()
#5 D:\Study\Latihan\ci4\sinjam-master\system\Commands\Server\rewrite.php(43): require_once('D:\\Study\\Latiha...')
#6 {main}
CRITICAL - 2022-07-22 01:34:06 --> Undefined property: App\Controllers\Barang::$nasabahModel
#0 D:\Study\Latihan\ci4\sinjam-master\app\Controllers\Barang.php(30): CodeIgniter\Debug\Exceptions->errorHandler(2, 'Undefined prope...', 'D:\\Study\\Latiha...', 30)
#1 D:\Study\Latihan\ci4\sinjam-master\system\CodeIgniter.php(824): App\Controllers\Barang->getData()
#2 D:\Study\Latihan\ci4\sinjam-master\system\CodeIgniter.php(410): CodeIgniter\CodeIgniter->runController(Object(App\Controllers\Barang))
#3 D:\Study\Latihan\ci4\sinjam-master\system\CodeIgniter.php(318): CodeIgniter\CodeIgniter->handleRequest(NULL, Object(Config\Cache), false)
#4 D:\Study\Latihan\ci4\sinjam-master\public\index.php(37): CodeIgniter\CodeIgniter->run()
#5 D:\Study\Latihan\ci4\sinjam-master\system\Commands\Server\rewrite.php(43): require_once('D:\\Study\\Latiha...')
#6 {main}
CRITICAL - 2022-07-22 01:34:07 --> Undefined property: App\Controllers\Barang::$nasabahModel
#0 D:\Study\Latihan\ci4\sinjam-master\app\Controllers\Barang.php(30): CodeIgniter\Debug\Exceptions->errorHandler(2, 'Undefined prope...', 'D:\\Study\\Latiha...', 30)
#1 D:\Study\Latihan\ci4\sinjam-master\system\CodeIgniter.php(824): App\Controllers\Barang->getData()
#2 D:\Study\Latihan\ci4\sinjam-master\system\CodeIgniter.php(410): CodeIgniter\CodeIgniter->runController(Object(App\Controllers\Barang))
#3 D:\Study\Latihan\ci4\sinjam-master\system\CodeIgniter.php(318): CodeIgniter\CodeIgniter->handleRequest(NULL, Object(Config\Cache), false)
#4 D:\Study\Latihan\ci4\sinjam-master\public\index.php(37): CodeIgniter\CodeIgniter->run()
#5 D:\Study\Latihan\ci4\sinjam-master\system\Commands\Server\rewrite.php(43): require_once('D:\\Study\\Latiha...')
#6 {main}
CRITICAL - 2022-07-22 01:34:08 --> Undefined property: App\Controllers\Barang::$nasabahModel
#0 D:\Study\Latihan\ci4\sinjam-master\app\Controllers\Barang.php(30): CodeIgniter\Debug\Exceptions->errorHandler(2, 'Undefined prope...', 'D:\\Study\\Latiha...', 30)
#1 D:\Study\Latihan\ci4\sinjam-master\system\CodeIgniter.php(824): App\Controllers\Barang->getData()
#2 D:\Study\Latihan\ci4\sinjam-master\system\CodeIgniter.php(410): CodeIgniter\CodeIgniter->runController(Object(App\Controllers\Barang))
#3 D:\Study\Latihan\ci4\sinjam-master\system\CodeIgniter.php(318): CodeIgniter\CodeIgniter->handleRequest(NULL, Object(Config\Cache), false)
#4 D:\Study\Latihan\ci4\sinjam-master\public\index.php(37): CodeIgniter\CodeIgniter->run()
#5 D:\Study\Latihan\ci4\sinjam-master\system\Commands\Server\rewrite.php(43): require_once('D:\\Study\\Latiha...')
#6 {main}
CRITICAL - 2022-07-22 01:35:00 --> Undefined property: App\Controllers\Barang::$nasabahModel
#0 D:\Study\Latihan\ci4\sinjam-master\app\Controllers\Barang.php(45): CodeIgniter\Debug\Exceptions->errorHandler(2, 'Undefined prope...', 'D:\\Study\\Latiha...', 45)
#1 D:\Study\Latihan\ci4\sinjam-master\system\CodeIgniter.php(824): App\Controllers\Barang->tambah()
#2 D:\Study\Latihan\ci4\sinjam-master\system\CodeIgniter.php(410): CodeIgniter\CodeIgniter->runController(Object(App\Controllers\Barang))
#3 D:\Study\Latihan\ci4\sinjam-master\system\CodeIgniter.php(318): CodeIgniter\CodeIgniter->handleRequest(NULL, Object(Config\Cache), false)
#4 D:\Study\Latihan\ci4\sinjam-master\public\index.php(37): CodeIgniter\CodeIgniter->run()
#5 D:\Study\Latihan\ci4\sinjam-master\system\Commands\Server\rewrite.php(43): require_once('D:\\Study\\Latiha...')
#6 {main}
CRITICAL - 2022-07-22 01:35:00 --> Undefined property: App\Controllers\Barang::$nasabahModel
#0 D:\Study\Latihan\ci4\sinjam-master\app\Controllers\Barang.php(45): CodeIgniter\Debug\Exceptions->errorHandler(2, 'Undefined prope...', 'D:\\Study\\Latiha...', 45)
#1 D:\Study\Latihan\ci4\sinjam-master\system\CodeIgniter.php(824): App\Controllers\Barang->tambah()
#2 D:\Study\Latihan\ci4\sinjam-master\system\CodeIgniter.php(410): CodeIgniter\CodeIgniter->runController(Object(App\Controllers\Barang))
#3 D:\Study\Latihan\ci4\sinjam-master\system\CodeIgniter.php(318): CodeIgniter\CodeIgniter->handleRequest(NULL, Object(Config\Cache), false)
#4 D:\Study\Latihan\ci4\sinjam-master\public\index.php(37): CodeIgniter\CodeIgniter->run()
#5 D:\Study\Latihan\ci4\sinjam-master\system\Commands\Server\rewrite.php(43): require_once('D:\\Study\\Latiha...')
#6 {main}
CRITICAL - 2022-07-22 01:35:01 --> Undefined property: App\Controllers\Barang::$nasabahModel
#0 D:\Study\Latihan\ci4\sinjam-master\app\Controllers\Barang.php(45): CodeIgniter\Debug\Exceptions->errorHandler(2, 'Undefined prope...', 'D:\\Study\\Latiha...', 45)
#1 D:\Study\Latihan\ci4\sinjam-master\system\CodeIgniter.php(824): App\Controllers\Barang->tambah()
#2 D:\Study\Latihan\ci4\sinjam-master\system\CodeIgniter.php(410): CodeIgniter\CodeIgniter->runController(Object(App\Controllers\Barang))
#3 D:\Study\Latihan\ci4\sinjam-master\system\CodeIgniter.php(318): CodeIgniter\CodeIgniter->handleRequest(NULL, Object(Config\Cache), false)
#4 D:\Study\Latihan\ci4\sinjam-master\public\index.php(37): CodeIgniter\CodeIgniter->run()
#5 D:\Study\Latihan\ci4\sinjam-master\system\Commands\Server\rewrite.php(43): require_once('D:\\Study\\Latiha...')
#6 {main}
CRITICAL - 2022-07-22 01:35:05 --> Undefined property: App\Controllers\Barang::$nasabahModel
#0 D:\Study\Latihan\ci4\sinjam-master\app\Controllers\Barang.php(45): CodeIgniter\Debug\Exceptions->errorHandler(2, 'Undefined prope...', 'D:\\Study\\Latiha...', 45)
#1 D:\Study\Latihan\ci4\sinjam-master\system\CodeIgniter.php(824): App\Controllers\Barang->tambah()
#2 D:\Study\Latihan\ci4\sinjam-master\system\CodeIgniter.php(410): CodeIgniter\CodeIgniter->runController(Object(App\Controllers\Barang))
#3 D:\Study\Latihan\ci4\sinjam-master\system\CodeIgniter.php(318): CodeIgniter\CodeIgniter->handleRequest(NULL, Object(Config\Cache), false)
#4 D:\Study\Latihan\ci4\sinjam-master\public\index.php(37): CodeIgniter\CodeIgniter->run()
#5 D:\Study\Latihan\ci4\sinjam-master\system\Commands\Server\rewrite.php(43): require_once('D:\\Study\\Latiha...')
#6 {main}
CRITICAL - 2022-07-22 01:35:06 --> Undefined property: App\Controllers\Barang::$nasabahModel
#0 D:\Study\Latihan\ci4\sinjam-master\app\Controllers\Barang.php(45): CodeIgniter\Debug\Exceptions->errorHandler(2, 'Undefined prope...', 'D:\\Study\\Latiha...', 45)
#1 D:\Study\Latihan\ci4\sinjam-master\system\CodeIgniter.php(824): App\Controllers\Barang->tambah()
#2 D:\Study\Latihan\ci4\sinjam-master\system\CodeIgniter.php(410): CodeIgniter\CodeIgniter->runController(Object(App\Controllers\Barang))
#3 D:\Study\Latihan\ci4\sinjam-master\system\CodeIgniter.php(318): CodeIgniter\CodeIgniter->handleRequest(NULL, Object(Config\Cache), false)
#4 D:\Study\Latihan\ci4\sinjam-master\public\index.php(37): CodeIgniter\CodeIgniter->run()
#5 D:\Study\Latihan\ci4\sinjam-master\system\Commands\Server\rewrite.php(43): require_once('D:\\Study\\Latiha...')
#6 {main}
CRITICAL - 2022-07-22 01:35:06 --> Undefined property: App\Controllers\Barang::$nasabahModel
#0 D:\Study\Latihan\ci4\sinjam-master\app\Controllers\Barang.php(45): CodeIgniter\Debug\Exceptions->errorHandler(2, 'Undefined prope...', 'D:\\Study\\Latiha...', 45)
#1 D:\Study\Latihan\ci4\sinjam-master\system\CodeIgniter.php(824): App\Controllers\Barang->tambah()
#2 D:\Study\Latihan\ci4\sinjam-master\system\CodeIgniter.php(410): CodeIgniter\CodeIgniter->runController(Object(App\Controllers\Barang))
#3 D:\Study\Latihan\ci4\sinjam-master\system\CodeIgniter.php(318): CodeIgniter\CodeIgniter->handleRequest(NULL, Object(Config\Cache), false)
#4 D:\Study\Latihan\ci4\sinjam-master\public\index.php(37): CodeIgniter\CodeIgniter->run()
#5 D:\Study\Latihan\ci4\sinjam-master\system\Commands\Server\rewrite.php(43): require_once('D:\\Study\\Latiha...')
#6 {main}
CRITICAL - 2022-07-22 01:37:18 --> Undefined property: App\Controllers\Barang::$nasabahModel
#0 D:\Study\Latihan\ci4\sinjam-master\app\Controllers\Barang.php(45): CodeIgniter\Debug\Exceptions->errorHandler(2, 'Undefined prope...', 'D:\\Study\\Latiha...', 45)
#1 D:\Study\Latihan\ci4\sinjam-master\system\CodeIgniter.php(824): App\Controllers\Barang->tambah()
#2 D:\Study\Latihan\ci4\sinjam-master\system\CodeIgniter.php(410): CodeIgniter\CodeIgniter->runController(Object(App\Controllers\Barang))
#3 D:\Study\Latihan\ci4\sinjam-master\system\CodeIgniter.php(318): CodeIgniter\CodeIgniter->handleRequest(NULL, Object(Config\Cache), false)
#4 D:\Study\Latihan\ci4\sinjam-master\public\index.php(37): CodeIgniter\CodeIgniter->run()
#5 D:\Study\Latihan\ci4\sinjam-master\system\Commands\Server\rewrite.php(43): require_once('D:\\Study\\Latiha...')
#6 {main}
CRITICAL - 2022-07-22 01:37:19 --> Undefined property: App\Controllers\Barang::$nasabahModel
#0 D:\Study\Latihan\ci4\sinjam-master\app\Controllers\Barang.php(45): CodeIgniter\Debug\Exceptions->errorHandler(2, 'Undefined prope...', 'D:\\Study\\Latiha...', 45)
#1 D:\Study\Latihan\ci4\sinjam-master\system\CodeIgniter.php(824): App\Controllers\Barang->tambah()
#2 D:\Study\Latihan\ci4\sinjam-master\system\CodeIgniter.php(410): CodeIgniter\CodeIgniter->runController(Object(App\Controllers\Barang))
#3 D:\Study\Latihan\ci4\sinjam-master\system\CodeIgniter.php(318): CodeIgniter\CodeIgniter->handleRequest(NULL, Object(Config\Cache), false)
#4 D:\Study\Latihan\ci4\sinjam-master\public\index.php(37): CodeIgniter\CodeIgniter->run()
#5 D:\Study\Latihan\ci4\sinjam-master\system\Commands\Server\rewrite.php(43): require_once('D:\\Study\\Latiha...')
#6 {main}
CRITICAL - 2022-07-22 01:37:19 --> Undefined property: App\Controllers\Barang::$nasabahModel
#0 D:\Study\Latihan\ci4\sinjam-master\app\Controllers\Barang.php(45): CodeIgniter\Debug\Exceptions->errorHandler(2, 'Undefined prope...', 'D:\\Study\\Latiha...', 45)
#1 D:\Study\Latihan\ci4\sinjam-master\system\CodeIgniter.php(824): App\Controllers\Barang->tambah()
#2 D:\Study\Latihan\ci4\sinjam-master\system\CodeIgniter.php(410): CodeIgniter\CodeIgniter->runController(Object(App\Controllers\Barang))
#3 D:\Study\Latihan\ci4\sinjam-master\system\CodeIgniter.php(318): CodeIgniter\CodeIgniter->handleRequest(NULL, Object(Config\Cache), false)
#4 D:\Study\Latihan\ci4\sinjam-master\public\index.php(37): CodeIgniter\CodeIgniter->run()
#5 D:\Study\Latihan\ci4\sinjam-master\system\Commands\Server\rewrite.php(43): require_once('D:\\Study\\Latiha...')
#6 {main}
CRITICAL - 2022-07-22 01:37:19 --> Undefined property: App\Controllers\Barang::$nasabahModel
#0 D:\Study\Latihan\ci4\sinjam-master\app\Controllers\Barang.php(45): CodeIgniter\Debug\Exceptions->errorHandler(2, 'Undefined prope...', 'D:\\Study\\Latiha...', 45)
#1 D:\Study\Latihan\ci4\sinjam-master\system\CodeIgniter.php(824): App\Controllers\Barang->tambah()
#2 D:\Study\Latihan\ci4\sinjam-master\system\CodeIgniter.php(410): CodeIgniter\CodeIgniter->runController(Object(App\Controllers\Barang))
#3 D:\Study\Latihan\ci4\sinjam-master\system\CodeIgniter.php(318): CodeIgniter\CodeIgniter->handleRequest(NULL, Object(Config\Cache), false)
#4 D:\Study\Latihan\ci4\sinjam-master\public\index.php(37): CodeIgniter\CodeIgniter->run()
#5 D:\Study\Latihan\ci4\sinjam-master\system\Commands\Server\rewrite.php(43): require_once('D:\\Study\\Latiha...')
#6 {main}
CRITICAL - 2022-07-22 01:37:20 --> Undefined property: App\Controllers\Barang::$nasabahModel
#0 D:\Study\Latihan\ci4\sinjam-master\app\Controllers\Barang.php(45): CodeIgniter\Debug\Exceptions->errorHandler(2, 'Undefined prope...', 'D:\\Study\\Latiha...', 45)
#1 D:\Study\Latihan\ci4\sinjam-master\system\CodeIgniter.php(824): App\Controllers\Barang->tambah()
#2 D:\Study\Latihan\ci4\sinjam-master\system\CodeIgniter.php(410): CodeIgniter\CodeIgniter->runController(Object(App\Controllers\Barang))
#3 D:\Study\Latihan\ci4\sinjam-master\system\CodeIgniter.php(318): CodeIgniter\CodeIgniter->handleRequest(NULL, Object(Config\Cache), false)
#4 D:\Study\Latihan\ci4\sinjam-master\public\index.php(37): CodeIgniter\CodeIgniter->run()
#5 D:\Study\Latihan\ci4\sinjam-master\system\Commands\Server\rewrite.php(43): require_once('D:\\Study\\Latiha...')
#6 {main}
CRITICAL - 2022-07-22 01:37:21 --> Undefined property: App\Controllers\Barang::$nasabahModel
#0 D:\Study\Latihan\ci4\sinjam-master\app\Controllers\Barang.php(45): CodeIgniter\Debug\Exceptions->errorHandler(2, 'Undefined prope...', 'D:\\Study\\Latiha...', 45)
#1 D:\Study\Latihan\ci4\sinjam-master\system\CodeIgniter.php(824): App\Controllers\Barang->tambah()
#2 D:\Study\Latihan\ci4\sinjam-master\system\CodeIgniter.php(410): CodeIgniter\CodeIgniter->runController(Object(App\Controllers\Barang))
#3 D:\Study\Latihan\ci4\sinjam-master\system\CodeIgniter.php(318): CodeIgniter\CodeIgniter->handleRequest(NULL, Object(Config\Cache), false)
#4 D:\Study\Latihan\ci4\sinjam-master\public\index.php(37): CodeIgniter\CodeIgniter->run()
#5 D:\Study\Latihan\ci4\sinjam-master\system\Commands\Server\rewrite.php(43): require_once('D:\\Study\\Latiha...')
#6 {main}
CRITICAL - 2022-07-22 01:37:21 --> Undefined property: App\Controllers\Barang::$nasabahModel
#0 D:\Study\Latihan\ci4\sinjam-master\app\Controllers\Barang.php(45): CodeIgniter\Debug\Exceptions->errorHandler(2, 'Undefined prope...', 'D:\\Study\\Latiha...', 45)
#1 D:\Study\Latihan\ci4\sinjam-master\system\CodeIgniter.php(824): App\Controllers\Barang->tambah()
#2 D:\Study\Latihan\ci4\sinjam-master\system\CodeIgniter.php(410): CodeIgniter\CodeIgniter->runController(Object(App\Controllers\Barang))
#3 D:\Study\Latihan\ci4\sinjam-master\system\CodeIgniter.php(318): CodeIgniter\CodeIgniter->handleRequest(NULL, Object(Config\Cache), false)
#4 D:\Study\Latihan\ci4\sinjam-master\public\index.php(37): CodeIgniter\CodeIgniter->run()
#5 D:\Study\Latihan\ci4\sinjam-master\system\Commands\Server\rewrite.php(43): require_once('D:\\Study\\Latiha...')
#6 {main}
CRITICAL - 2022-07-22 01:37:33 --> Undefined property: App\Controllers\Barang::$nasabahModel
#0 D:\Study\Latihan\ci4\sinjam-master\app\Controllers\Barang.php(45): CodeIgniter\Debug\Exceptions->errorHandler(2, 'Undefined prope...', 'D:\\Study\\Latiha...', 45)
#1 D:\Study\Latihan\ci4\sinjam-master\system\CodeIgniter.php(824): App\Controllers\Barang->tambah()
#2 D:\Study\Latihan\ci4\sinjam-master\system\CodeIgniter.php(410): CodeIgniter\CodeIgniter->runController(Object(App\Controllers\Barang))
#3 D:\Study\Latihan\ci4\sinjam-master\system\CodeIgniter.php(318): CodeIgniter\CodeIgniter->handleRequest(NULL, Object(Config\Cache), false)
#4 D:\Study\Latihan\ci4\sinjam-master\public\index.php(37): CodeIgniter\CodeIgniter->run()
#5 D:\Study\Latihan\ci4\sinjam-master\system\Commands\Server\rewrite.php(43): require_once('D:\\Study\\Latiha...')
#6 {main}
CRITICAL - 2022-07-22 01:37:33 --> Undefined property: App\Controllers\Barang::$nasabahModel
#0 D:\Study\Latihan\ci4\sinjam-master\app\Controllers\Barang.php(45): CodeIgniter\Debug\Exceptions->errorHandler(2, 'Undefined prope...', 'D:\\Study\\Latiha...', 45)
#1 D:\Study\Latihan\ci4\sinjam-master\system\CodeIgniter.php(824): App\Controllers\Barang->tambah()
#2 D:\Study\Latihan\ci4\sinjam-master\system\CodeIgniter.php(410): CodeIgniter\CodeIgniter->runController(Object(App\Controllers\Barang))
#3 D:\Study\Latihan\ci4\sinjam-master\system\CodeIgniter.php(318): CodeIgniter\CodeIgniter->handleRequest(NULL, Object(Config\Cache), false)
#4 D:\Study\Latihan\ci4\sinjam-master\public\index.php(37): CodeIgniter\CodeIgniter->run()
#5 D:\Study\Latihan\ci4\sinjam-master\system\Commands\Server\rewrite.php(43): require_once('D:\\Study\\Latiha...')
#6 {main}
CRITICAL - 2022-07-22 01:37:33 --> Undefined property: App\Controllers\Barang::$nasabahModel
#0 D:\Study\Latihan\ci4\sinjam-master\app\Controllers\Barang.php(45): CodeIgniter\Debug\Exceptions->errorHandler(2, 'Undefined prope...', 'D:\\Study\\Latiha...', 45)
#1 D:\Study\Latihan\ci4\sinjam-master\system\CodeIgniter.php(824): App\Controllers\Barang->tambah()
#2 D:\Study\Latihan\ci4\sinjam-master\system\CodeIgniter.php(410): CodeIgniter\CodeIgniter->runController(Object(App\Controllers\Barang))
#3 D:\Study\Latihan\ci4\sinjam-master\system\CodeIgniter.php(318): CodeIgniter\CodeIgniter->handleRequest(NULL, Object(Config\Cache), false)
#4 D:\Study\Latihan\ci4\sinjam-master\public\index.php(37): CodeIgniter\CodeIgniter->run()
#5 D:\Study\Latihan\ci4\sinjam-master\system\Commands\Server\rewrite.php(43): require_once('D:\\Study\\Latiha...')
#6 {main}
CRITICAL - 2022-07-22 01:38:08 --> Undefined property: App\Controllers\Barang::$nasabahModel
#0 D:\Study\Latihan\ci4\sinjam-master\app\Controllers\Barang.php(45): CodeIgniter\Debug\Exceptions->errorHandler(2, 'Undefined prope...', 'D:\\Study\\Latiha...', 45)
#1 D:\Study\Latihan\ci4\sinjam-master\system\CodeIgniter.php(824): App\Controllers\Barang->tambah()
#2 D:\Study\Latihan\ci4\sinjam-master\system\CodeIgniter.php(410): CodeIgniter\CodeIgniter->runController(Object(App\Controllers\Barang))
#3 D:\Study\Latihan\ci4\sinjam-master\system\CodeIgniter.php(318): CodeIgniter\CodeIgniter->handleRequest(NULL, Object(Config\Cache), false)
#4 D:\Study\Latihan\ci4\sinjam-master\public\index.php(37): CodeIgniter\CodeIgniter->run()
#5 D:\Study\Latihan\ci4\sinjam-master\system\Commands\Server\rewrite.php(43): require_once('D:\\Study\\Latiha...')
#6 {main}
CRITICAL - 2022-07-22 01:38:09 --> Undefined property: App\Controllers\Barang::$nasabahModel
#0 D:\Study\Latihan\ci4\sinjam-master\app\Controllers\Barang.php(45): CodeIgniter\Debug\Exceptions->errorHandler(2, 'Undefined prope...', 'D:\\Study\\Latiha...', 45)
#1 D:\Study\Latihan\ci4\sinjam-master\system\CodeIgniter.php(824): App\Controllers\Barang->tambah()
#2 D:\Study\Latihan\ci4\sinjam-master\system\CodeIgniter.php(410): CodeIgniter\CodeIgniter->runController(Object(App\Controllers\Barang))
#3 D:\Study\Latihan\ci4\sinjam-master\system\CodeIgniter.php(318): CodeIgniter\CodeIgniter->handleRequest(NULL, Object(Config\Cache), false)
#4 D:\Study\Latihan\ci4\sinjam-master\public\index.php(37): CodeIgniter\CodeIgniter->run()
#5 D:\Study\Latihan\ci4\sinjam-master\system\Commands\Server\rewrite.php(43): require_once('D:\\Study\\Latiha...')
#6 {main}
CRITICAL - 2022-07-22 01:38:09 --> Undefined property: App\Controllers\Barang::$nasabahModel
#0 D:\Study\Latihan\ci4\sinjam-master\app\Controllers\Barang.php(45): CodeIgniter\Debug\Exceptions->errorHandler(2, 'Undefined prope...', 'D:\\Study\\Latiha...', 45)
#1 D:\Study\Latihan\ci4\sinjam-master\system\CodeIgniter.php(824): App\Controllers\Barang->tambah()
#2 D:\Study\Latihan\ci4\sinjam-master\system\CodeIgniter.php(410): CodeIgniter\CodeIgniter->runController(Object(App\Controllers\Barang))
#3 D:\Study\Latihan\ci4\sinjam-master\system\CodeIgniter.php(318): CodeIgniter\CodeIgniter->handleRequest(NULL, Object(Config\Cache), false)
#4 D:\Study\Latihan\ci4\sinjam-master\public\index.php(37): CodeIgniter\CodeIgniter->run()
#5 D:\Study\Latihan\ci4\sinjam-master\system\Commands\Server\rewrite.php(43): require_once('D:\\Study\\Latiha...')
#6 {main}
CRITICAL - 2022-07-22 01:38:09 --> Undefined property: App\Controllers\Barang::$nasabahModel
#0 D:\Study\Latihan\ci4\sinjam-master\app\Controllers\Barang.php(45): CodeIgniter\Debug\Exceptions->errorHandler(2, 'Undefined prope...', 'D:\\Study\\Latiha...', 45)
#1 D:\Study\Latihan\ci4\sinjam-master\system\CodeIgniter.php(824): App\Controllers\Barang->tambah()
#2 D:\Study\Latihan\ci4\sinjam-master\system\CodeIgniter.php(410): CodeIgniter\CodeIgniter->runController(Object(App\Controllers\Barang))
#3 D:\Study\Latihan\ci4\sinjam-master\system\CodeIgniter.php(318): CodeIgniter\CodeIgniter->handleRequest(NULL, Object(Config\Cache), false)
#4 D:\Study\Latihan\ci4\sinjam-master\public\index.php(37): CodeIgniter\CodeIgniter->run()
#5 D:\Study\Latihan\ci4\sinjam-master\system\Commands\Server\rewrite.php(43): require_once('D:\\Study\\Latiha...')
#6 {main}
CRITICAL - 2022-07-22 01:39:14 --> Undefined property: App\Controllers\Barang::$nasabahModel
#0 D:\Study\Latihan\ci4\sinjam-master\app\Controllers\Barang.php(45): CodeIgniter\Debug\Exceptions->errorHandler(2, 'Undefined prope...', 'D:\\Study\\Latiha...', 45)
#1 D:\Study\Latihan\ci4\sinjam-master\system\CodeIgniter.php(824): App\Controllers\Barang->tambah()
#2 D:\Study\Latihan\ci4\sinjam-master\system\CodeIgniter.php(410): CodeIgniter\CodeIgniter->runController(Object(App\Controllers\Barang))
#3 D:\Study\Latihan\ci4\sinjam-master\system\CodeIgniter.php(318): CodeIgniter\CodeIgniter->handleRequest(NULL, Object(Config\Cache), false)
#4 D:\Study\Latihan\ci4\sinjam-master\public\index.php(37): CodeIgniter\CodeIgniter->run()
#5 D:\Study\Latihan\ci4\sinjam-master\system\Commands\Server\rewrite.php(43): require_once('D:\\Study\\Latiha...')
#6 {main}
CRITICAL - 2022-07-22 01:39:14 --> Undefined property: App\Controllers\Barang::$nasabahModel
#0 D:\Study\Latihan\ci4\sinjam-master\app\Controllers\Barang.php(45): CodeIgniter\Debug\Exceptions->errorHandler(2, 'Undefined prope...', 'D:\\Study\\Latiha...', 45)
#1 D:\Study\Latihan\ci4\sinjam-master\system\CodeIgniter.php(824): App\Controllers\Barang->tambah()
#2 D:\Study\Latihan\ci4\sinjam-master\system\CodeIgniter.php(410): CodeIgniter\CodeIgniter->runController(Object(App\Controllers\Barang))
#3 D:\Study\Latihan\ci4\sinjam-master\system\CodeIgniter.php(318): CodeIgniter\CodeIgniter->handleRequest(NULL, Object(Config\Cache), false)
#4 D:\Study\Latihan\ci4\sinjam-master\public\index.php(37): CodeIgniter\CodeIgniter->run()
#5 D:\Study\Latihan\ci4\sinjam-master\system\Commands\Server\rewrite.php(43): require_once('D:\\Study\\Latiha...')
#6 {main}
CRITICAL - 2022-07-22 01:39:15 --> Undefined property: App\Controllers\Barang::$nasabahModel
#0 D:\Study\Latihan\ci4\sinjam-master\app\Controllers\Barang.php(45): CodeIgniter\Debug\Exceptions->errorHandler(2, 'Undefined prope...', 'D:\\Study\\Latiha...', 45)
#1 D:\Study\Latihan\ci4\sinjam-master\system\CodeIgniter.php(824): App\Controllers\Barang->tambah()
#2 D:\Study\Latihan\ci4\sinjam-master\system\CodeIgniter.php(410): CodeIgniter\CodeIgniter->runController(Object(App\Controllers\Barang))
#3 D:\Study\Latihan\ci4\sinjam-master\system\CodeIgniter.php(318): CodeIgniter\CodeIgniter->handleRequest(NULL, Object(Config\Cache), false)
#4 D:\Study\Latihan\ci4\sinjam-master\public\index.php(37): CodeIgniter\CodeIgniter->run()
#5 D:\Study\Latihan\ci4\sinjam-master\system\Commands\Server\rewrite.php(43): require_once('D:\\Study\\Latiha...')
#6 {main}
CRITICAL - 2022-07-22 01:39:51 --> Undefined property: App\Controllers\Barang::$nasabahModel
#0 D:\Study\Latihan\ci4\sinjam-master\app\Controllers\Barang.php(45): CodeIgniter\Debug\Exceptions->errorHandler(2, 'Undefined prope...', 'D:\\Study\\Latiha...', 45)
#1 D:\Study\Latihan\ci4\sinjam-master\system\CodeIgniter.php(824): App\Controllers\Barang->tambah()
#2 D:\Study\Latihan\ci4\sinjam-master\system\CodeIgniter.php(410): CodeIgniter\CodeIgniter->runController(Object(App\Controllers\Barang))
#3 D:\Study\Latihan\ci4\sinjam-master\system\CodeIgniter.php(318): CodeIgniter\CodeIgniter->handleRequest(NULL, Object(Config\Cache), false)
#4 D:\Study\Latihan\ci4\sinjam-master\public\index.php(37): CodeIgniter\CodeIgniter->run()
#5 D:\Study\Latihan\ci4\sinjam-master\system\Commands\Server\rewrite.php(43): require_once('D:\\Study\\Latiha...')
#6 {main}
CRITICAL - 2022-07-22 01:39:51 --> Undefined property: App\Controllers\Barang::$nasabahModel
#0 D:\Study\Latihan\ci4\sinjam-master\app\Controllers\Barang.php(45): CodeIgniter\Debug\Exceptions->errorHandler(2, 'Undefined prope...', 'D:\\Study\\Latiha...', 45)
#1 D:\Study\Latihan\ci4\sinjam-master\system\CodeIgniter.php(824): App\Controllers\Barang->tambah()
#2 D:\Study\Latihan\ci4\sinjam-master\system\CodeIgniter.php(410): CodeIgniter\CodeIgniter->runController(Object(App\Controllers\Barang))
#3 D:\Study\Latihan\ci4\sinjam-master\system\CodeIgniter.php(318): CodeIgniter\CodeIgniter->handleRequest(NULL, Object(Config\Cache), false)
#4 D:\Study\Latihan\ci4\sinjam-master\public\index.php(37): CodeIgniter\CodeIgniter->run()
#5 D:\Study\Latihan\ci4\sinjam-master\system\Commands\Server\rewrite.php(43): require_once('D:\\Study\\Latiha...')
#6 {main}
CRITICAL - 2022-07-22 01:39:51 --> Undefined property: App\Controllers\Barang::$nasabahModel
#0 D:\Study\Latihan\ci4\sinjam-master\app\Controllers\Barang.php(45): CodeIgniter\Debug\Exceptions->errorHandler(2, 'Undefined prope...', 'D:\\Study\\Latiha...', 45)
#1 D:\Study\Latihan\ci4\sinjam-master\system\CodeIgniter.php(824): App\Controllers\Barang->tambah()
#2 D:\Study\Latihan\ci4\sinjam-master\system\CodeIgniter.php(410): CodeIgniter\CodeIgniter->runController(Object(App\Controllers\Barang))
#3 D:\Study\Latihan\ci4\sinjam-master\system\CodeIgniter.php(318): CodeIgniter\CodeIgniter->handleRequest(NULL, Object(Config\Cache), false)
#4 D:\Study\Latihan\ci4\sinjam-master\public\index.php(37): CodeIgniter\CodeIgniter->run()
#5 D:\Study\Latihan\ci4\sinjam-master\system\Commands\Server\rewrite.php(43): require_once('D:\\Study\\Latiha...')
#6 {main}
ERROR - 2022-07-22 02:20:00 --> Duplicate entry '3522020202020202' for key 'PRIMARY'
CRITICAL - 2022-07-22 02:20:00 --> Duplicate entry '3522020202020202' for key 'PRIMARY'
#0 D:\Study\Latihan\ci4\sinjam-master\system\Database\MySQLi\Connection.php(292): mysqli->query('INSERT INTO `na...', 0)
#1 D:\Study\Latihan\ci4\sinjam-master\system\Database\BaseConnection.php(670): CodeIgniter\Database\MySQLi\Connection->execute('INSERT INTO `na...')
#2 D:\Study\Latihan\ci4\sinjam-master\system\Database\BaseConnection.php(598): CodeIgniter\Database\BaseConnection->simpleQuery('INSERT INTO `na...')
#3 D:\Study\Latihan\ci4\sinjam-master\system\Database\BaseBuilder.php(1759): CodeIgniter\Database\BaseConnection->query('INSERT INTO `na...', Array, false)
#4 D:\Study\Latihan\ci4\sinjam-master\system\Model.php(239): CodeIgniter\Database\BaseBuilder->insert()
#5 D:\Study\Latihan\ci4\sinjam-master\system\BaseModel.php(738): CodeIgniter\Model->doInsert(Array)
#6 D:\Study\Latihan\ci4\sinjam-master\system\Model.php(620): CodeIgniter\BaseModel->insert(Array, true)
#7 D:\Study\Latihan\ci4\sinjam-master\app\Controllers\Nasabah.php(48): CodeIgniter\Model->insert(Array)
#8 D:\Study\Latihan\ci4\sinjam-master\system\CodeIgniter.php(824): App\Controllers\Nasabah->tambah()
#9 D:\Study\Latihan\ci4\sinjam-master\system\CodeIgniter.php(410): CodeIgniter\CodeIgniter->runController(Object(App\Controllers\Nasabah))
#10 D:\Study\Latihan\ci4\sinjam-master\system\CodeIgniter.php(318): CodeIgniter\CodeIgniter->handleRequest(NULL, Object(Config\Cache), false)
#11 D:\Study\Latihan\ci4\sinjam-master\public\index.php(37): CodeIgniter\CodeIgniter->run()
#12 D:\Study\Latihan\ci4\sinjam-master\system\Commands\Server\rewrite.php(43): require_once('D:\\Study\\Latiha...')
#13 {main}
ERROR - 2022-07-22 02:20:00 --> Duplicate entry '3522020202020202' for key 'PRIMARY'
CRITICAL - 2022-07-22 02:20:00 --> Duplicate entry '3522020202020202' for key 'PRIMARY'
#0 D:\Study\Latihan\ci4\sinjam-master\system\Database\MySQLi\Connection.php(292): mysqli->query('INSERT INTO `na...', 0)
#1 D:\Study\Latihan\ci4\sinjam-master\system\Database\BaseConnection.php(670): CodeIgniter\Database\MySQLi\Connection->execute('INSERT INTO `na...')
#2 D:\Study\Latihan\ci4\sinjam-master\system\Database\BaseConnection.php(598): CodeIgniter\Database\BaseConnection->simpleQuery('INSERT INTO `na...')
#3 D:\Study\Latihan\ci4\sinjam-master\system\Database\BaseBuilder.php(1759): CodeIgniter\Database\BaseConnection->query('INSERT INTO `na...', Array, false)
#4 D:\Study\Latihan\ci4\sinjam-master\system\Model.php(239): CodeIgniter\Database\BaseBuilder->insert()
#5 D:\Study\Latihan\ci4\sinjam-master\system\BaseModel.php(738): CodeIgniter\Model->doInsert(Array)
#6 D:\Study\Latihan\ci4\sinjam-master\system\Model.php(620): CodeIgniter\BaseModel->insert(Array, true)
#7 D:\Study\Latihan\ci4\sinjam-master\app\Controllers\Nasabah.php(48): CodeIgniter\Model->insert(Array)
#8 D:\Study\Latihan\ci4\sinjam-master\system\CodeIgniter.php(824): App\Controllers\Nasabah->tambah()
#9 D:\Study\Latihan\ci4\sinjam-master\system\CodeIgniter.php(410): CodeIgniter\CodeIgniter->runController(Object(App\Controllers\Nasabah))
#10 D:\Study\Latihan\ci4\sinjam-master\system\CodeIgniter.php(318): CodeIgniter\CodeIgniter->handleRequest(NULL, Object(Config\Cache), false)
#11 D:\Study\Latihan\ci4\sinjam-master\public\index.php(37): CodeIgniter\CodeIgniter->run()
#12 D:\Study\Latihan\ci4\sinjam-master\system\Commands\Server\rewrite.php(43): require_once('D:\\Study\\Latiha...')
#13 {main}
CRITICAL - 2022-07-22 02:27:38 --> Undefined property: App\Controllers\Barang::$nasabahModel
#0 D:\Study\Latihan\ci4\sinjam-master\app\Controllers\Barang.php(30): CodeIgniter\Debug\Exceptions->errorHandler(2, 'Undefined prope...', 'D:\\Study\\Latiha...', 30)
#1 D:\Study\Latihan\ci4\sinjam-master\system\CodeIgniter.php(824): App\Controllers\Barang->getData()
#2 D:\Study\Latihan\ci4\sinjam-master\system\CodeIgniter.php(410): CodeIgniter\CodeIgniter->runController(Object(App\Controllers\Barang))
#3 D:\Study\Latihan\ci4\sinjam-master\system\CodeIgniter.php(318): CodeIgniter\CodeIgniter->handleRequest(NULL, Object(Config\Cache), false)
#4 D:\Study\Latihan\ci4\sinjam-master\public\index.php(37): CodeIgniter\CodeIgniter->run()
#5 D:\Study\Latihan\ci4\sinjam-master\system\Commands\Server\rewrite.php(43): require_once('D:\\Study\\Latiha...')
#6 {main}
CRITICAL - 2022-07-22 02:27:39 --> Undefined property: App\Controllers\Barang::$nasabahModel
#0 D:\Study\Latihan\ci4\sinjam-master\app\Controllers\Barang.php(30): CodeIgniter\Debug\Exceptions->errorHandler(2, 'Undefined prope...', 'D:\\Study\\Latiha...', 30)
#1 D:\Study\Latihan\ci4\sinjam-master\system\CodeIgniter.php(824): App\Controllers\Barang->getData()
#2 D:\Study\Latihan\ci4\sinjam-master\system\CodeIgniter.php(410): CodeIgniter\CodeIgniter->runController(Object(App\Controllers\Barang))
#3 D:\Study\Latihan\ci4\sinjam-master\system\CodeIgniter.php(318): CodeIgniter\CodeIgniter->handleRequest(NULL, Object(Config\Cache), false)
#4 D:\Study\Latihan\ci4\sinjam-master\public\index.php(37): CodeIgniter\CodeIgniter->run()
#5 D:\Study\Latihan\ci4\sinjam-master\system\Commands\Server\rewrite.php(43): require_once('D:\\Study\\Latiha...')
#6 {main}
CRITICAL - 2022-07-22 02:57:11 --> Request URI segment is out of range: 2
#0 D:\Study\Latihan\ci4\sinjam-master\system\HTTP\URI.php(529): CodeIgniter\HTTP\Exceptions\HTTPException::forURISegmentOutOfRange(2)
#1 D:\Study\Latihan\ci4\sinjam-master\app\Views\template.php(13): CodeIgniter\HTTP\URI->getSegment(2)
#2 D:\Study\Latihan\ci4\sinjam-master\system\View\View.php(214): include('D:\\Study\\Latiha...')
#3 D:\Study\Latihan\ci4\sinjam-master\system\View\View.php(217): CodeIgniter\View\View->CodeIgniter\View\{closure}()
#4 D:\Study\Latihan\ci4\sinjam-master\system\View\View.php(230): CodeIgniter\View\View->render('template', Array, true)
#5 D:\Study\Latihan\ci4\sinjam-master\system\Common.php(1097): CodeIgniter\View\View->render('transaksi', Array, true)
#6 D:\Study\Latihan\ci4\sinjam-master\app\Controllers\Transaksi.php(21): view('transaksi')
#7 D:\Study\Latihan\ci4\sinjam-master\system\CodeIgniter.php(824): App\Controllers\Transaksi->index()
#8 D:\Study\Latihan\ci4\sinjam-master\system\CodeIgniter.php(410): CodeIgniter\CodeIgniter->runController(Object(App\Controllers\Transaksi))
#9 D:\Study\Latihan\ci4\sinjam-master\system\CodeIgniter.php(318): CodeIgniter\CodeIgniter->handleRequest(NULL, Object(Config\Cache), false)
#10 D:\Study\Latihan\ci4\sinjam-master\public\index.php(37): CodeIgniter\CodeIgniter->run()
#11 D:\Study\Latihan\ci4\sinjam-master\system\Commands\Server\rewrite.php(43): require_once('D:\\Study\\Latiha...')
#12 {main}
CRITICAL - 2022-07-22 02:57:25 --> Request URI segment is out of range: 2
#0 D:\Study\Latihan\ci4\sinjam-master\system\HTTP\URI.php(529): CodeIgniter\HTTP\Exceptions\HTTPException::forURISegmentOutOfRange(2)
#1 D:\Study\Latihan\ci4\sinjam-master\app\Views\template.php(13): CodeIgniter\HTTP\URI->getSegment(2)
#2 D:\Study\Latihan\ci4\sinjam-master\system\View\View.php(214): include('D:\\Study\\Latiha...')
#3 D:\Study\Latihan\ci4\sinjam-master\system\View\View.php(217): CodeIgniter\View\View->CodeIgniter\View\{closure}()
#4 D:\Study\Latihan\ci4\sinjam-master\system\View\View.php(230): CodeIgniter\View\View->render('template', Array, true)
#5 D:\Study\Latihan\ci4\sinjam-master\system\Common.php(1097): CodeIgniter\View\View->render('transaksi', Array, true)
#6 D:\Study\Latihan\ci4\sinjam-master\app\Controllers\Transaksi.php(21): view('transaksi')
#7 D:\Study\Latihan\ci4\sinjam-master\system\CodeIgniter.php(824): App\Controllers\Transaksi->index()
#8 D:\Study\Latihan\ci4\sinjam-master\system\CodeIgniter.php(410): CodeIgniter\CodeIgniter->runController(Object(App\Controllers\Transaksi))
#9 D:\Study\Latihan\ci4\sinjam-master\system\CodeIgniter.php(318): CodeIgniter\CodeIgniter->handleRequest(NULL, Object(Config\Cache), false)
#10 D:\Study\Latihan\ci4\sinjam-master\public\index.php(37): CodeIgniter\CodeIgniter->run()
#11 D:\Study\Latihan\ci4\sinjam-master\system\Commands\Server\rewrite.php(43): require_once('D:\\Study\\Latiha...')
#12 {main}
CRITICAL - 2022-07-22 08:28:04 --> Undefined variable $tampildata
#0 D:\Study\Latihan\ci4\sinjam-master\app\Views\barang.php(28): CodeIgniter\Debug\Exceptions->errorHandler(2, 'Undefined varia...', 'D:\\Study\\Latiha...', 28)
#1 D:\Study\Latihan\ci4\sinjam-master\system\View\View.php(214): include('D:\\Study\\Latiha...')
#2 D:\Study\Latihan\ci4\sinjam-master\system\View\View.php(217): CodeIgniter\View\View->CodeIgniter\View\{closure}()
#3 D:\Study\Latihan\ci4\sinjam-master\system\Common.php(1097): CodeIgniter\View\View->render('barang', Array, true)
#4 D:\Study\Latihan\ci4\sinjam-master\app\Controllers\Barang.php(25): view('barang')
#5 D:\Study\Latihan\ci4\sinjam-master\system\CodeIgniter.php(824): App\Controllers\Barang->index()
#6 D:\Study\Latihan\ci4\sinjam-master\system\CodeIgniter.php(410): CodeIgniter\CodeIgniter->runController(Object(App\Controllers\Barang))
#7 D:\Study\Latihan\ci4\sinjam-master\system\CodeIgniter.php(318): CodeIgniter\CodeIgniter->handleRequest(NULL, Object(Config\Cache), false)
#8 D:\Study\Latihan\ci4\sinjam-master\public\index.php(37): CodeIgniter\CodeIgniter->run()
#9 D:\Study\Latihan\ci4\sinjam-master\system\Commands\Server\rewrite.php(43): require_once('D:\\Study\\Latiha...')
#10 {main}
CRITICAL - 2022-07-22 08:30:34 --> Undefined variable $tampildata
#0 D:\Study\Latihan\ci4\sinjam-master\app\Views\barang.php(28): CodeIgniter\Debug\Exceptions->errorHandler(2, 'Undefined varia...', 'D:\\Study\\Latiha...', 28)
#1 D:\Study\Latihan\ci4\sinjam-master\system\View\View.php(214): include('D:\\Study\\Latiha...')
#2 D:\Study\Latihan\ci4\sinjam-master\system\View\View.php(217): CodeIgniter\View\View->CodeIgniter\View\{closure}()
#3 D:\Study\Latihan\ci4\sinjam-master\system\Common.php(1097): CodeIgniter\View\View->render('barang', Array, true)
#4 D:\Study\Latihan\ci4\sinjam-master\app\Controllers\Barang.php(21): view('barang')
#5 D:\Study\Latihan\ci4\sinjam-master\system\CodeIgniter.php(824): App\Controllers\Barang->index()
#6 D:\Study\Latihan\ci4\sinjam-master\system\CodeIgniter.php(410): CodeIgniter\CodeIgniter->runController(Object(App\Controllers\Barang))
#7 D:\Study\Latihan\ci4\sinjam-master\system\CodeIgniter.php(318): CodeIgniter\CodeIgniter->handleRequest(NULL, Object(Config\Cache), false)
#8 D:\Study\Latihan\ci4\sinjam-master\public\index.php(37): CodeIgniter\CodeIgniter->run()
#9 D:\Study\Latihan\ci4\sinjam-master\system\Commands\Server\rewrite.php(43): require_once('D:\\Study\\Latiha...')
#10 {main}
CRITICAL - 2022-07-22 08:38:09 --> Undefined variable $tampildata
#0 D:\Study\Latihan\ci4\sinjam-master\app\Views\barang.php(28): CodeIgniter\Debug\Exceptions->errorHandler(2, 'Undefined varia...', 'D:\\Study\\Latiha...', 28)
#1 D:\Study\Latihan\ci4\sinjam-master\system\View\View.php(214): include('D:\\Study\\Latiha...')
#2 D:\Study\Latihan\ci4\sinjam-master\system\View\View.php(217): CodeIgniter\View\View->CodeIgniter\View\{closure}()
#3 D:\Study\Latihan\ci4\sinjam-master\system\Common.php(1097): CodeIgniter\View\View->render('barang', Array, true)
#4 D:\Study\Latihan\ci4\sinjam-master\app\Controllers\Barang.php(25): view('barang')
#5 D:\Study\Latihan\ci4\sinjam-master\system\CodeIgniter.php(824): App\Controllers\Barang->index()
#6 D:\Study\Latihan\ci4\sinjam-master\system\CodeIgniter.php(410): CodeIgniter\CodeIgniter->runController(Object(App\Controllers\Barang))
#7 D:\Study\Latihan\ci4\sinjam-master\system\CodeIgniter.php(318): CodeIgniter\CodeIgniter->handleRequest(NULL, Object(Config\Cache), false)
#8 D:\Study\Latihan\ci4\sinjam-master\public\index.php(37): CodeIgniter\CodeIgniter->run()
#9 D:\Study\Latihan\ci4\sinjam-master\system\Commands\Server\rewrite.php(43): require_once('D:\\Study\\Latiha...')
#10 {main}
CRITICAL - 2022-07-22 08:39:03 --> Undefined variable $tampildata
#0 D:\Study\Latihan\ci4\sinjam-master\app\Views\barang.php(28): CodeIgniter\Debug\Exceptions->errorHandler(2, 'Undefined varia...', 'D:\\Study\\Latiha...', 28)
#1 D:\Study\Latihan\ci4\sinjam-master\system\View\View.php(214): include('D:\\Study\\Latiha...')
#2 D:\Study\Latihan\ci4\sinjam-master\system\View\View.php(217): CodeIgniter\View\View->CodeIgniter\View\{closure}()
#3 D:\Study\Latihan\ci4\sinjam-master\system\Common.php(1097): CodeIgniter\View\View->render('barang', Array, true)
#4 D:\Study\Latihan\ci4\sinjam-master\app\Controllers\Barang.php(25): view('barang')
#5 D:\Study\Latihan\ci4\sinjam-master\system\CodeIgniter.php(824): App\Controllers\Barang->index()
#6 D:\Study\Latihan\ci4\sinjam-master\system\CodeIgniter.php(410): CodeIgniter\CodeIgniter->runController(Object(App\Controllers\Barang))
#7 D:\Study\Latihan\ci4\sinjam-master\system\CodeIgniter.php(318): CodeIgniter\CodeIgniter->handleRequest(NULL, Object(Config\Cache), false)
#8 D:\Study\Latihan\ci4\sinjam-master\public\index.php(37): CodeIgniter\CodeIgniter->run()
#9 D:\Study\Latihan\ci4\sinjam-master\system\Commands\Server\rewrite.php(43): require_once('D:\\Study\\Latiha...')
#10 {main}
CRITICAL - 2022-07-22 08:39:07 --> Undefined variable $tampildata
#0 D:\Study\Latihan\ci4\sinjam-master\app\Views\barang.php(28): CodeIgniter\Debug\Exceptions->errorHandler(2, 'Undefined varia...', 'D:\\Study\\Latiha...', 28)
#1 D:\Study\Latihan\ci4\sinjam-master\system\View\View.php(214): include('D:\\Study\\Latiha...')
#2 D:\Study\Latihan\ci4\sinjam-master\system\View\View.php(217): CodeIgniter\View\View->CodeIgniter\View\{closure}()
#3 D:\Study\Latihan\ci4\sinjam-master\system\Common.php(1097): CodeIgniter\View\View->render('barang', Array, true)
#4 D:\Study\Latihan\ci4\sinjam-master\app\Controllers\Barang.php(25): view('barang')
#5 D:\Study\Latihan\ci4\sinjam-master\system\CodeIgniter.php(824): App\Controllers\Barang->index()
#6 D:\Study\Latihan\ci4\sinjam-master\system\CodeIgniter.php(410): CodeIgniter\CodeIgniter->runController(Object(App\Controllers\Barang))
#7 D:\Study\Latihan\ci4\sinjam-master\system\CodeIgniter.php(318): CodeIgniter\CodeIgniter->handleRequest(NULL, Object(Config\Cache), false)
#8 D:\Study\Latihan\ci4\sinjam-master\public\index.php(37): CodeIgniter\CodeIgniter->run()
#9 D:\Study\Latihan\ci4\sinjam-master\system\Commands\Server\rewrite.php(43): require_once('D:\\Study\\Latiha...')
#10 {main}
CRITICAL - 2022-07-22 08:40:38 --> Undefined array key "kdbrg"
#0 D:\Study\Latihan\ci4\sinjam-master\app\Views\barang.php(34): CodeIgniter\Debug\Exceptions->errorHandler(2, 'Undefined array...', 'D:\\Study\\Latiha...', 34)
#1 D:\Study\Latihan\ci4\sinjam-master\system\View\View.php(214): include('D:\\Study\\Latiha...')
#2 D:\Study\Latihan\ci4\sinjam-master\system\View\View.php(217): CodeIgniter\View\View->CodeIgniter\View\{closure}()
#3 D:\Study\Latihan\ci4\sinjam-master\system\Common.php(1097): CodeIgniter\View\View->render('barang', Array, true)
#4 D:\Study\Latihan\ci4\sinjam-master\app\Controllers\Barang.php(25): view('barang', Array)
#5 D:\Study\Latihan\ci4\sinjam-master\system\CodeIgniter.php(824): App\Controllers\Barang->index()
#6 D:\Study\Latihan\ci4\sinjam-master\system\CodeIgniter.php(410): CodeIgniter\CodeIgniter->runController(Object(App\Controllers\Barang))
#7 D:\Study\Latihan\ci4\sinjam-master\system\CodeIgniter.php(318): CodeIgniter\CodeIgniter->handleRequest(NULL, Object(Config\Cache), false)
#8 D:\Study\Latihan\ci4\sinjam-master\public\index.php(37): CodeIgniter\CodeIgniter->run()
#9 D:\Study\Latihan\ci4\sinjam-master\system\Commands\Server\rewrite.php(43): require_once('D:\\Study\\Latiha...')
#10 {main}
CRITICAL - 2022-07-22 08:40:45 --> Undefined array key "kdbrg"
#0 D:\Study\Latihan\ci4\sinjam-master\app\Views\barang.php(34): CodeIgniter\Debug\Exceptions->errorHandler(2, 'Undefined array...', 'D:\\Study\\Latiha...', 34)
#1 D:\Study\Latihan\ci4\sinjam-master\system\View\View.php(214): include('D:\\Study\\Latiha...')
#2 D:\Study\Latihan\ci4\sinjam-master\system\View\View.php(217): CodeIgniter\View\View->CodeIgniter\View\{closure}()
#3 D:\Study\Latihan\ci4\sinjam-master\system\Common.php(1097): CodeIgniter\View\View->render('barang', Array, true)
#4 D:\Study\Latihan\ci4\sinjam-master\app\Controllers\Barang.php(25): view('barang', Array)
#5 D:\Study\Latihan\ci4\sinjam-master\system\CodeIgniter.php(824): App\Controllers\Barang->index()
#6 D:\Study\Latihan\ci4\sinjam-master\system\CodeIgniter.php(410): CodeIgniter\CodeIgniter->runController(Object(App\Controllers\Barang))
#7 D:\Study\Latihan\ci4\sinjam-master\system\CodeIgniter.php(318): CodeIgniter\CodeIgniter->handleRequest(NULL, Object(Config\Cache), false)
#8 D:\Study\Latihan\ci4\sinjam-master\public\index.php(37): CodeIgniter\CodeIgniter->run()
#9 D:\Study\Latihan\ci4\sinjam-master\system\Commands\Server\rewrite.php(43): require_once('D:\\Study\\Latiha...')
#10 {main}
CRITICAL - 2022-07-22 08:44:58 --> Request URI segment is out of range: 2
#0 D:\Study\Latihan\ci4\sinjam-master\system\HTTP\URI.php(529): CodeIgniter\HTTP\Exceptions\HTTPException::forURISegmentOutOfRange(2)
#1 D:\Study\Latihan\ci4\sinjam-master\app\Views\template.php(13): CodeIgniter\HTTP\URI->getSegment(2)
#2 D:\Study\Latihan\ci4\sinjam-master\system\View\View.php(214): include('D:\\Study\\Latiha...')
#3 D:\Study\Latihan\ci4\sinjam-master\system\View\View.php(217): CodeIgniter\View\View->CodeIgniter\View\{closure}()
#4 D:\Study\Latihan\ci4\sinjam-master\system\View\View.php(230): CodeIgniter\View\View->render('template', Array, true)
#5 D:\Study\Latihan\ci4\sinjam-master\system\Common.php(1097): CodeIgniter\View\View->render('transaksi', Array, true)
#6 D:\Study\Latihan\ci4\sinjam-master\app\Controllers\Transaksi.php(21): view('transaksi')
#7 D:\Study\Latihan\ci4\sinjam-master\system\CodeIgniter.php(824): App\Controllers\Transaksi->index()
#8 D:\Study\Latihan\ci4\sinjam-master\system\CodeIgniter.php(410): CodeIgniter\CodeIgniter->runController(Object(App\Controllers\Transaksi))
#9 D:\Study\Latihan\ci4\sinjam-master\system\CodeIgniter.php(318): CodeIgniter\CodeIgniter->handleRequest(NULL, Object(Config\Cache), false)
#10 D:\Study\Latihan\ci4\sinjam-master\public\index.php(37): CodeIgniter\CodeIgniter->run()
#11 D:\Study\Latihan\ci4\sinjam-master\system\Commands\Server\rewrite.php(43): require_once('D:\\Study\\Latiha...')
#12 {main}
ERROR - 2022-07-22 08:52:50 --> Duplicate entry '3522020202020202' for key 'PRIMARY'
CRITICAL - 2022-07-22 08:52:50 --> Duplicate entry '3522020202020202' for key 'PRIMARY'
#0 D:\Study\Latihan\ci4\sinjam-master\system\Database\MySQLi\Connection.php(292): mysqli->query('INSERT INTO `na...', 0)
#1 D:\Study\Latihan\ci4\sinjam-master\system\Database\BaseConnection.php(670): CodeIgniter\Database\MySQLi\Connection->execute('INSERT INTO `na...')
#2 D:\Study\Latihan\ci4\sinjam-master\system\Database\BaseConnection.php(598): CodeIgniter\Database\BaseConnection->simpleQuery('INSERT INTO `na...')
#3 D:\Study\Latihan\ci4\sinjam-master\system\Database\BaseBuilder.php(1759): CodeIgniter\Database\BaseConnection->query('INSERT INTO `na...', Array, false)
#4 D:\Study\Latihan\ci4\sinjam-master\system\Model.php(239): CodeIgniter\Database\BaseBuilder->insert()
#5 D:\Study\Latihan\ci4\sinjam-master\system\BaseModel.php(738): CodeIgniter\Model->doInsert(Array)
#6 D:\Study\Latihan\ci4\sinjam-master\system\Model.php(620): CodeIgniter\BaseModel->insert(Array, true)
#7 D:\Study\Latihan\ci4\sinjam-master\app\Controllers\Nasabah.php(48): CodeIgniter\Model->insert(Array)
#8 D:\Study\Latihan\ci4\sinjam-master\system\CodeIgniter.php(824): App\Controllers\Nasabah->tambah()
#9 D:\Study\Latihan\ci4\sinjam-master\system\CodeIgniter.php(410): CodeIgniter\CodeIgniter->runController(Object(App\Controllers\Nasabah))
#10 D:\Study\Latihan\ci4\sinjam-master\system\CodeIgniter.php(318): CodeIgniter\CodeIgniter->handleRequest(NULL, Object(Config\Cache), false)
#11 D:\Study\Latihan\ci4\sinjam-master\public\index.php(37): CodeIgniter\CodeIgniter->run()
#12 D:\Study\Latihan\ci4\sinjam-master\system\Commands\Server\rewrite.php(43): require_once('D:\\Study\\Latiha...')
#13 {main}
ERROR - 2022-07-22 08:52:51 --> Duplicate entry '3522020202020202' for key 'PRIMARY'
CRITICAL - 2022-07-22 08:52:51 --> Duplicate entry '3522020202020202' for key 'PRIMARY'
#0 D:\Study\Latihan\ci4\sinjam-master\system\Database\MySQLi\Connection.php(292): mysqli->query('INSERT INTO `na...', 0)
#1 D:\Study\Latihan\ci4\sinjam-master\system\Database\BaseConnection.php(670): CodeIgniter\Database\MySQLi\Connection->execute('INSERT INTO `na...')
#2 D:\Study\Latihan\ci4\sinjam-master\system\Database\BaseConnection.php(598): CodeIgniter\Database\BaseConnection->simpleQuery('INSERT INTO `na...')
#3 D:\Study\Latihan\ci4\sinjam-master\system\Database\BaseBuilder.php(1759): CodeIgniter\Database\BaseConnection->query('INSERT INTO `na...', Array, false)
#4 D:\Study\Latihan\ci4\sinjam-master\system\Model.php(239): CodeIgniter\Database\BaseBuilder->insert()
#5 D:\Study\Latihan\ci4\sinjam-master\system\BaseModel.php(738): CodeIgniter\Model->doInsert(Array)
#6 D:\Study\Latihan\ci4\sinjam-master\system\Model.php(620): CodeIgniter\BaseModel->insert(Array, true)
#7 D:\Study\Latihan\ci4\sinjam-master\app\Controllers\Nasabah.php(48): CodeIgniter\Model->insert(Array)
#8 D:\Study\Latihan\ci4\sinjam-master\system\CodeIgniter.php(824): App\Controllers\Nasabah->tambah()
#9 D:\Study\Latihan\ci4\sinjam-master\system\CodeIgniter.php(410): CodeIgniter\CodeIgniter->runController(Object(App\Controllers\Nasabah))
#10 D:\Study\Latihan\ci4\sinjam-master\system\CodeIgniter.php(318): CodeIgniter\CodeIgniter->handleRequest(NULL, Object(Config\Cache), false)
#11 D:\Study\Latihan\ci4\sinjam-master\public\index.php(37): CodeIgniter\CodeIgniter->run()
#12 D:\Study\Latihan\ci4\sinjam-master\system\Commands\Server\rewrite.php(43): require_once('D:\\Study\\Latiha...')
#13 {main}
ERROR - 2022-07-22 08:53:03 --> Duplicate entry '2019503035' for key 'PRIMARY'
CRITICAL - 2022-07-22 08:53:03 --> Duplicate entry '2019503035' for key 'PRIMARY'
#0 D:\Study\Latihan\ci4\sinjam-master\system\Database\MySQLi\Connection.php(292): mysqli->query('INSERT INTO `na...', 0)
#1 D:\Study\Latihan\ci4\sinjam-master\system\Database\BaseConnection.php(670): CodeIgniter\Database\MySQLi\Connection->execute('INSERT INTO `na...')
#2 D:\Study\Latihan\ci4\sinjam-master\system\Database\BaseConnection.php(598): CodeIgniter\Database\BaseConnection->simpleQuery('INSERT INTO `na...')
#3 D:\Study\Latihan\ci4\sinjam-master\system\Database\BaseBuilder.php(1759): CodeIgniter\Database\BaseConnection->query('INSERT INTO `na...', Array, false)
#4 D:\Study\Latihan\ci4\sinjam-master\system\Model.php(239): CodeIgniter\Database\BaseBuilder->insert()
#5 D:\Study\Latihan\ci4\sinjam-master\system\BaseModel.php(738): CodeIgniter\Model->doInsert(Array)
#6 D:\Study\Latihan\ci4\sinjam-master\system\Model.php(620): CodeIgniter\BaseModel->insert(Array, true)
#7 D:\Study\Latihan\ci4\sinjam-master\app\Controllers\Nasabah.php(48): CodeIgniter\Model->insert(Array)
#8 D:\Study\Latihan\ci4\sinjam-master\system\CodeIgniter.php(824): App\Controllers\Nasabah->tambah()
#9 D:\Study\Latihan\ci4\sinjam-master\system\CodeIgniter.php(410): CodeIgniter\CodeIgniter->runController(Object(App\Controllers\Nasabah))
#10 D:\Study\Latihan\ci4\sinjam-master\system\CodeIgniter.php(318): CodeIgniter\CodeIgniter->handleRequest(NULL, Object(Config\Cache), false)
#11 D:\Study\Latihan\ci4\sinjam-master\public\index.php(37): CodeIgniter\CodeIgniter->run()
#12 D:\Study\Latihan\ci4\sinjam-master\system\Commands\Server\rewrite.php(43): require_once('D:\\Study\\Latiha...')
#13 {main}
ERROR - 2022-07-22 08:53:04 --> Duplicate entry '2019503035' for key 'PRIMARY'
CRITICAL - 2022-07-22 08:53:04 --> Duplicate entry '2019503035' for key 'PRIMARY'
#0 D:\Study\Latihan\ci4\sinjam-master\system\Database\MySQLi\Connection.php(292): mysqli->query('INSERT INTO `na...', 0)
#1 D:\Study\Latihan\ci4\sinjam-master\system\Database\BaseConnection.php(670): CodeIgniter\Database\MySQLi\Connection->execute('INSERT INTO `na...')
#2 D:\Study\Latihan\ci4\sinjam-master\system\Database\BaseConnection.php(598): CodeIgniter\Database\BaseConnection->simpleQuery('INSERT INTO `na...')
#3 D:\Study\Latihan\ci4\sinjam-master\system\Database\BaseBuilder.php(1759): CodeIgniter\Database\BaseConnection->query('INSERT INTO `na...', Array, false)
#4 D:\Study\Latihan\ci4\sinjam-master\system\Model.php(239): CodeIgniter\Database\BaseBuilder->insert()
#5 D:\Study\Latihan\ci4\sinjam-master\system\BaseModel.php(738): CodeIgniter\Model->doInsert(Array)
#6 D:\Study\Latihan\ci4\sinjam-master\system\Model.php(620): CodeIgniter\BaseModel->insert(Array, true)
#7 D:\Study\Latihan\ci4\sinjam-master\app\Controllers\Nasabah.php(48): CodeIgniter\Model->insert(Array)
#8 D:\Study\Latihan\ci4\sinjam-master\system\CodeIgniter.php(824): App\Controllers\Nasabah->tambah()
#9 D:\Study\Latihan\ci4\sinjam-master\system\CodeIgniter.php(410): CodeIgniter\CodeIgniter->runController(Object(App\Controllers\Nasabah))
#10 D:\Study\Latihan\ci4\sinjam-master\system\CodeIgniter.php(318): CodeIgniter\CodeIgniter->handleRequest(NULL, Object(Config\Cache), false)
#11 D:\Study\Latihan\ci4\sinjam-master\public\index.php(37): CodeIgniter\CodeIgniter->run()
#12 D:\Study\Latihan\ci4\sinjam-master\system\Commands\Server\rewrite.php(43): require_once('D:\\Study\\Latiha...')
#13 {main}
ERROR - 2022-07-22 08:53:04 --> Duplicate entry '2019503035' for key 'PRIMARY'
CRITICAL - 2022-07-22 08:53:04 --> Duplicate entry '2019503035' for key 'PRIMARY'
#0 D:\Study\Latihan\ci4\sinjam-master\system\Database\MySQLi\Connection.php(292): mysqli->query('INSERT INTO `na...', 0)
#1 D:\Study\Latihan\ci4\sinjam-master\system\Database\BaseConnection.php(670): CodeIgniter\Database\MySQLi\Connection->execute('INSERT INTO `na...')
#2 D:\Study\Latihan\ci4\sinjam-master\system\Database\BaseConnection.php(598): CodeIgniter\Database\BaseConnection->simpleQuery('INSERT INTO `na...')
#3 D:\Study\Latihan\ci4\sinjam-master\system\Database\BaseBuilder.php(1759): CodeIgniter\Database\BaseConnection->query('INSERT INTO `na...', Array, false)
#4 D:\Study\Latihan\ci4\sinjam-master\system\Model.php(239): CodeIgniter\Database\BaseBuilder->insert()
#5 D:\Study\Latihan\ci4\sinjam-master\system\BaseModel.php(738): CodeIgniter\Model->doInsert(Array)
#6 D:\Study\Latihan\ci4\sinjam-master\system\Model.php(620): CodeIgniter\BaseModel->insert(Array, true)
#7 D:\Study\Latihan\ci4\sinjam-master\app\Controllers\Nasabah.php(48): CodeIgniter\Model->insert(Array)
#8 D:\Study\Latihan\ci4\sinjam-master\system\CodeIgniter.php(824): App\Controllers\Nasabah->tambah()
#9 D:\Study\Latihan\ci4\sinjam-master\system\CodeIgniter.php(410): CodeIgniter\CodeIgniter->runController(Object(App\Controllers\Nasabah))
#10 D:\Study\Latihan\ci4\sinjam-master\system\CodeIgniter.php(318): CodeIgniter\CodeIgniter->handleRequest(NULL, Object(Config\Cache), false)
#11 D:\Study\Latihan\ci4\sinjam-master\public\index.php(37): CodeIgniter\CodeIgniter->run()
#12 D:\Study\Latihan\ci4\sinjam-master\system\Commands\Server\rewrite.php(43): require_once('D:\\Study\\Latiha...')
#13 {main}
ERROR - 2022-07-22 08:53:04 --> Duplicate entry '2019503035' for key 'PRIMARY'
CRITICAL - 2022-07-22 08:53:04 --> Duplicate entry '2019503035' for key 'PRIMARY'
#0 D:\Study\Latihan\ci4\sinjam-master\system\Database\MySQLi\Connection.php(292): mysqli->query('INSERT INTO `na...', 0)
#1 D:\Study\Latihan\ci4\sinjam-master\system\Database\BaseConnection.php(670): CodeIgniter\Database\MySQLi\Connection->execute('INSERT INTO `na...')
#2 D:\Study\Latihan\ci4\sinjam-master\system\Database\BaseConnection.php(598): CodeIgniter\Database\BaseConnection->simpleQuery('INSERT INTO `na...')
#3 D:\Study\Latihan\ci4\sinjam-master\system\Database\BaseBuilder.php(1759): CodeIgniter\Database\BaseConnection->query('INSERT INTO `na...', Array, false)
#4 D:\Study\Latihan\ci4\sinjam-master\system\Model.php(239): CodeIgniter\Database\BaseBuilder->insert()
#5 D:\Study\Latihan\ci4\sinjam-master\system\BaseModel.php(738): CodeIgniter\Model->doInsert(Array)
#6 D:\Study\Latihan\ci4\sinjam-master\system\Model.php(620): CodeIgniter\BaseModel->insert(Array, true)
#7 D:\Study\Latihan\ci4\sinjam-master\app\Controllers\Nasabah.php(48): CodeIgniter\Model->insert(Array)
#8 D:\Study\Latihan\ci4\sinjam-master\system\CodeIgniter.php(824): App\Controllers\Nasabah->tambah()
#9 D:\Study\Latihan\ci4\sinjam-master\system\CodeIgniter.php(410): CodeIgniter\CodeIgniter->runController(Object(App\Controllers\Nasabah))
#10 D:\Study\Latihan\ci4\sinjam-master\system\CodeIgniter.php(318): CodeIgniter\CodeIgniter->handleRequest(NULL, Object(Config\Cache), false)
#11 D:\Study\Latihan\ci4\sinjam-master\public\index.php(37): CodeIgniter\CodeIgniter->run()
#12 D:\Study\Latihan\ci4\sinjam-master\system\Commands\Server\rewrite.php(43): require_once('D:\\Study\\Latiha...')
#13 {main}
CRITICAL - 2022-07-22 09:43:48 --> Undefined variable $tampildata
#0 D:\Study\Latihan\ci4\sinjam-master\app\Views\barang.php(42): CodeIgniter\Debug\Exceptions->errorHandler(2, 'Undefined varia...', 'D:\\Study\\Latiha...', 42)
#1 D:\Study\Latihan\ci4\sinjam-master\system\View\View.php(214): include('D:\\Study\\Latiha...')
#2 D:\Study\Latihan\ci4\sinjam-master\system\View\View.php(217): CodeIgniter\View\View->CodeIgniter\View\{closure}()
#3 D:\Study\Latihan\ci4\sinjam-master\system\Common.php(1097): CodeIgniter\View\View->render('barang', Array, true)
#4 D:\Study\Latihan\ci4\sinjam-master\app\Controllers\Barang.php(22): view('barang')
#5 D:\Study\Latihan\ci4\sinjam-master\system\CodeIgniter.php(824): App\Controllers\Barang->index()
#6 D:\Study\Latihan\ci4\sinjam-master\system\CodeIgniter.php(410): CodeIgniter\CodeIgniter->runController(Object(App\Controllers\Barang))
#7 D:\Study\Latihan\ci4\sinjam-master\system\CodeIgniter.php(318): CodeIgniter\CodeIgniter->handleRequest(NULL, Object(Config\Cache), false)
#8 D:\Study\Latihan\ci4\sinjam-master\public\index.php(37): CodeIgniter\CodeIgniter->run()
#9 D:\Study\Latihan\ci4\sinjam-master\system\Commands\Server\rewrite.php(43): require_once('D:\\Study\\Latiha...')
#10 {main}
CRITICAL - 2022-07-22 09:43:49 --> Undefined variable $tampildata
#0 D:\Study\Latihan\ci4\sinjam-master\app\Views\barang.php(42): CodeIgniter\Debug\Exceptions->errorHandler(2, 'Undefined varia...', 'D:\\Study\\Latiha...', 42)
#1 D:\Study\Latihan\ci4\sinjam-master\system\View\View.php(214): include('D:\\Study\\Latiha...')
#2 D:\Study\Latihan\ci4\sinjam-master\system\View\View.php(217): CodeIgniter\View\View->CodeIgniter\View\{closure}()
#3 D:\Study\Latihan\ci4\sinjam-master\system\Common.php(1097): CodeIgniter\View\View->render('barang', Array, true)
#4 D:\Study\Latihan\ci4\sinjam-master\app\Controllers\Barang.php(22): view('barang')
#5 D:\Study\Latihan\ci4\sinjam-master\system\CodeIgniter.php(824): App\Controllers\Barang->index()
#6 D:\Study\Latihan\ci4\sinjam-master\system\CodeIgniter.php(410): CodeIgniter\CodeIgniter->runController(Object(App\Controllers\Barang))
#7 D:\Study\Latihan\ci4\sinjam-master\system\CodeIgniter.php(318): CodeIgniter\CodeIgniter->handleRequest(NULL, Object(Config\Cache), false)
#8 D:\Study\Latihan\ci4\sinjam-master\public\index.php(37): CodeIgniter\CodeIgniter->run()
#9 D:\Study\Latihan\ci4\sinjam-master\system\Commands\Server\rewrite.php(43): require_once('D:\\Study\\Latiha...')
#10 {main}
CRITICAL - 2022-07-22 09:43:51 --> Undefined variable $tampildata
#0 D:\Study\Latihan\ci4\sinjam-master\app\Views\barang.php(42): CodeIgniter\Debug\Exceptions->errorHandler(2, 'Undefined varia...', 'D:\\Study\\Latiha...', 42)
#1 D:\Study\Latihan\ci4\sinjam-master\system\View\View.php(214): include('D:\\Study\\Latiha...')
#2 D:\Study\Latihan\ci4\sinjam-master\system\View\View.php(217): CodeIgniter\View\View->CodeIgniter\View\{closure}()
#3 D:\Study\Latihan\ci4\sinjam-master\system\Common.php(1097): CodeIgniter\View\View->render('barang', Array, true)
#4 D:\Study\Latihan\ci4\sinjam-master\app\Controllers\Barang.php(22): view('barang')
#5 D:\Study\Latihan\ci4\sinjam-master\system\CodeIgniter.php(824): App\Controllers\Barang->index()
#6 D:\Study\Latihan\ci4\sinjam-master\system\CodeIgniter.php(410): CodeIgniter\CodeIgniter->runController(Object(App\Controllers\Barang))
#7 D:\Study\Latihan\ci4\sinjam-master\system\CodeIgniter.php(318): CodeIgniter\CodeIgniter->handleRequest(NULL, Object(Config\Cache), false)
#8 D:\Study\Latihan\ci4\sinjam-master\public\index.php(37): CodeIgniter\CodeIgniter->run()
#9 D:\Study\Latihan\ci4\sinjam-master\system\Commands\Server\rewrite.php(43): require_once('D:\\Study\\Latiha...')
#10 {main}
CRITICAL - 2022-07-22 09:43:56 --> Undefined variable $tampildata
#0 D:\Study\Latihan\ci4\sinjam-master\app\Views\barang.php(42): CodeIgniter\Debug\Exceptions->errorHandler(2, 'Undefined varia...', 'D:\\Study\\Latiha...', 42)
#1 D:\Study\Latihan\ci4\sinjam-master\system\View\View.php(214): include('D:\\Study\\Latiha...')
#2 D:\Study\Latihan\ci4\sinjam-master\system\View\View.php(217): CodeIgniter\View\View->CodeIgniter\View\{closure}()
#3 D:\Study\Latihan\ci4\sinjam-master\system\Common.php(1097): CodeIgniter\View\View->render('barang', Array, true)
#4 D:\Study\Latihan\ci4\sinjam-master\app\Controllers\Barang.php(22): view('barang')
#5 D:\Study\Latihan\ci4\sinjam-master\system\CodeIgniter.php(824): App\Controllers\Barang->index()
#6 D:\Study\Latihan\ci4\sinjam-master\system\CodeIgniter.php(410): CodeIgniter\CodeIgniter->runController(Object(App\Controllers\Barang))
#7 D:\Study\Latihan\ci4\sinjam-master\system\CodeIgniter.php(318): CodeIgniter\CodeIgniter->handleRequest(NULL, Object(Config\Cache), false)
#8 D:\Study\Latihan\ci4\sinjam-master\public\index.php(37): CodeIgniter\CodeIgniter->run()
#9 D:\Study\Latihan\ci4\sinjam-master\system\Commands\Server\rewrite.php(43): require_once('D:\\Study\\Latiha...')
#10 {main}
CRITICAL - 2022-07-22 09:45:03 --> Undefined variable $tampildata
#0 D:\Study\Latihan\ci4\sinjam-master\app\Views\barang.php(42): CodeIgniter\Debug\Exceptions->errorHandler(2, 'Undefined varia...', 'D:\\Study\\Latiha...', 42)
#1 D:\Study\Latihan\ci4\sinjam-master\system\View\View.php(214): include('D:\\Study\\Latiha...')
#2 D:\Study\Latihan\ci4\sinjam-master\system\View\View.php(217): CodeIgniter\View\View->CodeIgniter\View\{closure}()
#3 D:\Study\Latihan\ci4\sinjam-master\system\Common.php(1097): CodeIgniter\View\View->render('barang', Array, true)
#4 D:\Study\Latihan\ci4\sinjam-master\app\Controllers\Barang.php(22): view('barang')
#5 D:\Study\Latihan\ci4\sinjam-master\system\CodeIgniter.php(824): App\Controllers\Barang->index()
#6 D:\Study\Latihan\ci4\sinjam-master\system\CodeIgniter.php(410): CodeIgniter\CodeIgniter->runController(Object(App\Controllers\Barang))
#7 D:\Study\Latihan\ci4\sinjam-master\system\CodeIgniter.php(318): CodeIgniter\CodeIgniter->handleRequest(NULL, Object(Config\Cache), false)
#8 D:\Study\Latihan\ci4\sinjam-master\public\index.php(37): CodeIgniter\CodeIgniter->run()
#9 D:\Study\Latihan\ci4\sinjam-master\system\Commands\Server\rewrite.php(43): require_once('D:\\Study\\Latiha...')
#10 {main}
CRITICAL - 2022-07-22 09:45:05 --> Undefined variable $tampildata
#0 D:\Study\Latihan\ci4\sinjam-master\app\Views\barang.php(42): CodeIgniter\Debug\Exceptions->errorHandler(2, 'Undefined varia...', 'D:\\Study\\Latiha...', 42)
#1 D:\Study\Latihan\ci4\sinjam-master\system\View\View.php(214): include('D:\\Study\\Latiha...')
#2 D:\Study\Latihan\ci4\sinjam-master\system\View\View.php(217): CodeIgniter\View\View->CodeIgniter\View\{closure}()
#3 D:\Study\Latihan\ci4\sinjam-master\system\Common.php(1097): CodeIgniter\View\View->render('barang', Array, true)
#4 D:\Study\Latihan\ci4\sinjam-master\app\Controllers\Barang.php(22): view('barang')
#5 D:\Study\Latihan\ci4\sinjam-master\system\CodeIgniter.php(824): App\Controllers\Barang->index()
#6 D:\Study\Latihan\ci4\sinjam-master\system\CodeIgniter.php(410): CodeIgniter\CodeIgniter->runController(Object(App\Controllers\Barang))
#7 D:\Study\Latihan\ci4\sinjam-master\system\CodeIgniter.php(318): CodeIgniter\CodeIgniter->handleRequest(NULL, Object(Config\Cache), false)
#8 D:\Study\Latihan\ci4\sinjam-master\public\index.php(37): CodeIgniter\CodeIgniter->run()
#9 D:\Study\Latihan\ci4\sinjam-master\system\Commands\Server\rewrite.php(43): require_once('D:\\Study\\Latiha...')
#10 {main}
CRITICAL - 2022-07-22 09:46:50 --> Undefined variable $tampildata
#0 D:\Study\Latihan\ci4\sinjam-master\app\Views\barang.php(42): CodeIgniter\Debug\Exceptions->errorHandler(2, 'Undefined varia...', 'D:\\Study\\Latiha...', 42)
#1 D:\Study\Latihan\ci4\sinjam-master\system\View\View.php(214): include('D:\\Study\\Latiha...')
#2 D:\Study\Latihan\ci4\sinjam-master\system\View\View.php(217): CodeIgniter\View\View->CodeIgniter\View\{closure}()
#3 D:\Study\Latihan\ci4\sinjam-master\system\Common.php(1097): CodeIgniter\View\View->render('barang', Array, true)
#4 D:\Study\Latihan\ci4\sinjam-master\app\Controllers\Barang.php(25): view('barang')
#5 D:\Study\Latihan\ci4\sinjam-master\system\CodeIgniter.php(824): App\Controllers\Barang->index()
#6 D:\Study\Latihan\ci4\sinjam-master\system\CodeIgniter.php(410): CodeIgniter\CodeIgniter->runController(Object(App\Controllers\Barang))
#7 D:\Study\Latihan\ci4\sinjam-master\system\CodeIgniter.php(318): CodeIgniter\CodeIgniter->handleRequest(NULL, Object(Config\Cache), false)
#8 D:\Study\Latihan\ci4\sinjam-master\public\index.php(37): CodeIgniter\CodeIgniter->run()
#9 D:\Study\Latihan\ci4\sinjam-master\system\Commands\Server\rewrite.php(43): require_once('D:\\Study\\Latiha...')
#10 {main}
