CRITICAL - 2022-07-26 01:37:25 --> Request URI segment is out of range: 2
#0 D:\Study\Latihan\ci4\sinjamlaporan\system\HTTP\URI.php(529): CodeIgniter\HTTP\Exceptions\HTTPException::forURISegmentOutOfRange(2)
#1 D:\Study\Latihan\ci4\sinjamlaporan\app\Views\template.php(13): CodeIgniter\HTTP\URI->getSegment(2)
#2 D:\Study\Latihan\ci4\sinjamlaporan\system\View\View.php(214): include('D:\\Study\\Latiha...')
#3 D:\Study\Latihan\ci4\sinjamlaporan\system\View\View.php(217): CodeIgniter\View\View->CodeIgniter\View\{closure}()
#4 D:\Study\Latihan\ci4\sinjamlaporan\system\View\View.php(230): CodeIgniter\View\View->render('template', Array, true)
#5 D:\Study\Latihan\ci4\sinjamlaporan\system\Common.php(1097): CodeIgniter\View\View->render('transaksi', Array, true)
#6 D:\Study\Latihan\ci4\sinjamlaporan\app\Controllers\Transaksi.php(21): view('transaksi')
#7 D:\Study\Latihan\ci4\sinjamlaporan\system\CodeIgniter.php(824): App\Controllers\Transaksi->index()
#8 D:\Study\Latihan\ci4\sinjamlaporan\system\CodeIgniter.php(410): CodeIgniter\CodeIgniter->runController(Object(App\Controllers\Transaksi))
#9 D:\Study\Latihan\ci4\sinjamlaporan\system\CodeIgniter.php(318): CodeIgniter\CodeIgniter->handleRequest(NULL, Object(Config\Cache), false)
#10 D:\Study\Latihan\ci4\sinjamlaporan\public\index.php(37): CodeIgniter\CodeIgniter->run()
#11 D:\Study\Latihan\ci4\sinjamlaporan\system\Commands\Server\rewrite.php(43): require_once('D:\\Study\\Latiha...')
#12 {main}
CRITICAL - 2022-07-26 09:23:28 --> Unsupported operand types: string + string
#0 D:\Study\Latihan\ci4\sinjamlaporan\system\CodeIgniter.php(824): App\Controllers\Pinjaman->tambahCicilan()
#1 D:\Study\Latihan\ci4\sinjamlaporan\system\CodeIgniter.php(410): CodeIgniter\CodeIgniter->runController(Object(App\Controllers\Pinjaman))
#2 D:\Study\Latihan\ci4\sinjamlaporan\system\CodeIgniter.php(318): CodeIgniter\CodeIgniter->handleRequest(NULL, Object(Config\Cache), false)
#3 D:\Study\Latihan\ci4\sinjamlaporan\public\index.php(37): CodeIgniter\CodeIgniter->run()
#4 D:\Study\Latihan\ci4\sinjamlaporan\system\Commands\Server\rewrite.php(43): require_once('D:\\Study\\Latiha...')
#5 {main}
CRITICAL - 2022-07-26 09:27:16 --> Unsupported operand types: string + string
#0 D:\Study\Latihan\ci4\sinjamlaporan\system\CodeIgniter.php(824): App\Controllers\Pinjaman->tambahCicilan()
#1 D:\Study\Latihan\ci4\sinjamlaporan\system\CodeIgniter.php(410): CodeIgniter\CodeIgniter->runController(Object(App\Controllers\Pinjaman))
#2 D:\Study\Latihan\ci4\sinjamlaporan\system\CodeIgniter.php(318): CodeIgniter\CodeIgniter->handleRequest(NULL, Object(Config\Cache), false)
#3 D:\Study\Latihan\ci4\sinjamlaporan\public\index.php(37): CodeIgniter\CodeIgniter->run()
#4 D:\Study\Latihan\ci4\sinjamlaporan\system\Commands\Server\rewrite.php(43): require_once('D:\\Study\\Latiha...')
#5 {main}
CRITICAL - 2022-07-26 09:46:49 --> Request URI segment is out of range: 2
#0 D:\Study\Latihan\ci4\sinjamlaporan\system\HTTP\URI.php(529): CodeIgniter\HTTP\Exceptions\HTTPException::forURISegmentOutOfRange(2)
#1 D:\Study\Latihan\ci4\sinjamlaporan\app\Views\template.php(13): CodeIgniter\HTTP\URI->getSegment(2)
#2 D:\Study\Latihan\ci4\sinjamlaporan\system\View\View.php(214): include('D:\\Study\\Latiha...')
#3 D:\Study\Latihan\ci4\sinjamlaporan\system\View\View.php(217): CodeIgniter\View\View->CodeIgniter\View\{closure}()
#4 D:\Study\Latihan\ci4\sinjamlaporan\system\View\View.php(230): CodeIgniter\View\View->render('template', Array, true)
#5 D:\Study\Latihan\ci4\sinjamlaporan\system\Common.php(1097): CodeIgniter\View\View->render('transaksi', Array, true)
#6 D:\Study\Latihan\ci4\sinjamlaporan\app\Controllers\Transaksi.php(21): view('transaksi')
#7 D:\Study\Latihan\ci4\sinjamlaporan\system\CodeIgniter.php(824): App\Controllers\Transaksi->index()
#8 D:\Study\Latihan\ci4\sinjamlaporan\system\CodeIgniter.php(410): CodeIgniter\CodeIgniter->runController(Object(App\Controllers\Transaksi))
#9 D:\Study\Latihan\ci4\sinjamlaporan\system\CodeIgniter.php(318): CodeIgniter\CodeIgniter->handleRequest(NULL, Object(Config\Cache), false)
#10 D:\Study\Latihan\ci4\sinjamlaporan\public\index.php(37): CodeIgniter\CodeIgniter->run()
#11 D:\Study\Latihan\ci4\sinjamlaporan\system\Commands\Server\rewrite.php(43): require_once('D:\\Study\\Latiha...')
#12 {main}
CRITICAL - 2022-07-26 22:47:55 --> Trying to access array offset on value of type null
#0 D:\Study\Latihan\ci4\sinjamlaporan\app\Controllers\Transaksi.php(36): CodeIgniter\Debug\Exceptions->errorHandler(2, 'Trying to acces...', 'D:\\Study\\Latiha...', 36)
#1 D:\Study\Latihan\ci4\sinjamlaporan\system\CodeIgniter.php(824): App\Controllers\Transaksi->tambah()
#2 D:\Study\Latihan\ci4\sinjamlaporan\system\CodeIgniter.php(410): CodeIgniter\CodeIgniter->runController(Object(App\Controllers\Transaksi))
#3 D:\Study\Latihan\ci4\sinjamlaporan\system\CodeIgniter.php(318): CodeIgniter\CodeIgniter->handleRequest(NULL, Object(Config\Cache), false)
#4 D:\Study\Latihan\ci4\sinjamlaporan\public\index.php(37): CodeIgniter\CodeIgniter->run()
#5 D:\Study\Latihan\ci4\sinjamlaporan\system\Commands\Server\rewrite.php(43): require_once('D:\\Study\\Latiha...')
#6 {main}
CRITICAL - 2022-07-26 22:47:57 --> Trying to access array offset on value of type null
#0 D:\Study\Latihan\ci4\sinjamlaporan\app\Controllers\Transaksi.php(36): CodeIgniter\Debug\Exceptions->errorHandler(2, 'Trying to acces...', 'D:\\Study\\Latiha...', 36)
#1 D:\Study\Latihan\ci4\sinjamlaporan\system\CodeIgniter.php(824): App\Controllers\Transaksi->tambah()
#2 D:\Study\Latihan\ci4\sinjamlaporan\system\CodeIgniter.php(410): CodeIgniter\CodeIgniter->runController(Object(App\Controllers\Transaksi))
#3 D:\Study\Latihan\ci4\sinjamlaporan\system\CodeIgniter.php(318): CodeIgniter\CodeIgniter->handleRequest(NULL, Object(Config\Cache), false)
#4 D:\Study\Latihan\ci4\sinjamlaporan\public\index.php(37): CodeIgniter\CodeIgniter->run()
#5 D:\Study\Latihan\ci4\sinjamlaporan\system\Commands\Server\rewrite.php(43): require_once('D:\\Study\\Latiha...')
#6 {main}
CRITICAL - 2022-07-26 22:49:42 --> Trying to access array offset on value of type null
#0 D:\Study\Latihan\ci4\sinjamlaporan\app\Controllers\Pinjaman.php(30): CodeIgniter\Debug\Exceptions->errorHandler(2, 'Trying to acces...', 'D:\\Study\\Latiha...', 30)
#1 D:\Study\Latihan\ci4\sinjamlaporan\system\CodeIgniter.php(824): App\Controllers\Pinjaman->data()
#2 D:\Study\Latihan\ci4\sinjamlaporan\system\CodeIgniter.php(410): CodeIgniter\CodeIgniter->runController(Object(App\Controllers\Pinjaman))
#3 D:\Study\Latihan\ci4\sinjamlaporan\system\CodeIgniter.php(318): CodeIgniter\CodeIgniter->handleRequest(NULL, Object(Config\Cache), false)
#4 D:\Study\Latihan\ci4\sinjamlaporan\public\index.php(37): CodeIgniter\CodeIgniter->run()
#5 D:\Study\Latihan\ci4\sinjamlaporan\system\Commands\Server\rewrite.php(43): require_once('D:\\Study\\Latiha...')
#6 {main}
CRITICAL - 2022-07-26 22:54:49 --> Trying to access array offset on value of type null
#0 D:\Study\Latihan\ci4\sinjamlaporan\app\Controllers\Pinjaman.php(30): CodeIgniter\Debug\Exceptions->errorHandler(2, 'Trying to acces...', 'D:\\Study\\Latiha...', 30)
#1 D:\Study\Latihan\ci4\sinjamlaporan\system\CodeIgniter.php(824): App\Controllers\Pinjaman->data()
#2 D:\Study\Latihan\ci4\sinjamlaporan\system\CodeIgniter.php(410): CodeIgniter\CodeIgniter->runController(Object(App\Controllers\Pinjaman))
#3 D:\Study\Latihan\ci4\sinjamlaporan\system\CodeIgniter.php(318): CodeIgniter\CodeIgniter->handleRequest(NULL, Object(Config\Cache), false)
#4 D:\Study\Latihan\ci4\sinjamlaporan\public\index.php(37): CodeIgniter\CodeIgniter->run()
#5 D:\Study\Latihan\ci4\sinjamlaporan\system\Commands\Server\rewrite.php(43): require_once('D:\\Study\\Latiha...')
#6 {main}
CRITICAL - 2022-07-26 22:54:54 --> Trying to access array offset on value of type null
#0 D:\Study\Latihan\ci4\sinjamlaporan\app\Controllers\Pinjaman.php(30): CodeIgniter\Debug\Exceptions->errorHandler(2, 'Trying to acces...', 'D:\\Study\\Latiha...', 30)
#1 D:\Study\Latihan\ci4\sinjamlaporan\system\CodeIgniter.php(824): App\Controllers\Pinjaman->data()
#2 D:\Study\Latihan\ci4\sinjamlaporan\system\CodeIgniter.php(410): CodeIgniter\CodeIgniter->runController(Object(App\Controllers\Pinjaman))
#3 D:\Study\Latihan\ci4\sinjamlaporan\system\CodeIgniter.php(318): CodeIgniter\CodeIgniter->handleRequest(NULL, Object(Config\Cache), false)
#4 D:\Study\Latihan\ci4\sinjamlaporan\public\index.php(37): CodeIgniter\CodeIgniter->run()
#5 D:\Study\Latihan\ci4\sinjamlaporan\system\Commands\Server\rewrite.php(43): require_once('D:\\Study\\Latiha...')
#6 {main}
CRITICAL - 2022-07-26 22:54:55 --> Trying to access array offset on value of type null
#0 D:\Study\Latihan\ci4\sinjamlaporan\app\Controllers\Pinjaman.php(30): CodeIgniter\Debug\Exceptions->errorHandler(2, 'Trying to acces...', 'D:\\Study\\Latiha...', 30)
#1 D:\Study\Latihan\ci4\sinjamlaporan\system\CodeIgniter.php(824): App\Controllers\Pinjaman->data()
#2 D:\Study\Latihan\ci4\sinjamlaporan\system\CodeIgniter.php(410): CodeIgniter\CodeIgniter->runController(Object(App\Controllers\Pinjaman))
#3 D:\Study\Latihan\ci4\sinjamlaporan\system\CodeIgniter.php(318): CodeIgniter\CodeIgniter->handleRequest(NULL, Object(Config\Cache), false)
#4 D:\Study\Latihan\ci4\sinjamlaporan\public\index.php(37): CodeIgniter\CodeIgniter->run()
#5 D:\Study\Latihan\ci4\sinjamlaporan\system\Commands\Server\rewrite.php(43): require_once('D:\\Study\\Latiha...')
#6 {main}
CRITICAL - 2022-07-26 22:55:03 --> Trying to access array offset on value of type null
#0 D:\Study\Latihan\ci4\sinjamlaporan\app\Controllers\Pinjaman.php(30): CodeIgniter\Debug\Exceptions->errorHandler(2, 'Trying to acces...', 'D:\\Study\\Latiha...', 30)
#1 D:\Study\Latihan\ci4\sinjamlaporan\system\CodeIgniter.php(824): App\Controllers\Pinjaman->data()
#2 D:\Study\Latihan\ci4\sinjamlaporan\system\CodeIgniter.php(410): CodeIgniter\CodeIgniter->runController(Object(App\Controllers\Pinjaman))
#3 D:\Study\Latihan\ci4\sinjamlaporan\system\CodeIgniter.php(318): CodeIgniter\CodeIgniter->handleRequest(NULL, Object(Config\Cache), false)
#4 D:\Study\Latihan\ci4\sinjamlaporan\public\index.php(37): CodeIgniter\CodeIgniter->run()
#5 D:\Study\Latihan\ci4\sinjamlaporan\system\Commands\Server\rewrite.php(43): require_once('D:\\Study\\Latiha...')
#6 {main}
CRITICAL - 2022-07-26 22:55:05 --> Trying to access array offset on value of type null
#0 D:\Study\Latihan\ci4\sinjamlaporan\app\Controllers\Pinjaman.php(30): CodeIgniter\Debug\Exceptions->errorHandler(2, 'Trying to acces...', 'D:\\Study\\Latiha...', 30)
#1 D:\Study\Latihan\ci4\sinjamlaporan\system\CodeIgniter.php(824): App\Controllers\Pinjaman->data()
#2 D:\Study\Latihan\ci4\sinjamlaporan\system\CodeIgniter.php(410): CodeIgniter\CodeIgniter->runController(Object(App\Controllers\Pinjaman))
#3 D:\Study\Latihan\ci4\sinjamlaporan\system\CodeIgniter.php(318): CodeIgniter\CodeIgniter->handleRequest(NULL, Object(Config\Cache), false)
#4 D:\Study\Latihan\ci4\sinjamlaporan\public\index.php(37): CodeIgniter\CodeIgniter->run()
#5 D:\Study\Latihan\ci4\sinjamlaporan\system\Commands\Server\rewrite.php(43): require_once('D:\\Study\\Latiha...')
#6 {main}
CRITICAL - 2022-07-26 22:55:06 --> Trying to access array offset on value of type null
#0 D:\Study\Latihan\ci4\sinjamlaporan\app\Controllers\Pinjaman.php(30): CodeIgniter\Debug\Exceptions->errorHandler(2, 'Trying to acces...', 'D:\\Study\\Latiha...', 30)
#1 D:\Study\Latihan\ci4\sinjamlaporan\system\CodeIgniter.php(824): App\Controllers\Pinjaman->data()
#2 D:\Study\Latihan\ci4\sinjamlaporan\system\CodeIgniter.php(410): CodeIgniter\CodeIgniter->runController(Object(App\Controllers\Pinjaman))
#3 D:\Study\Latihan\ci4\sinjamlaporan\system\CodeIgniter.php(318): CodeIgniter\CodeIgniter->handleRequest(NULL, Object(Config\Cache), false)
#4 D:\Study\Latihan\ci4\sinjamlaporan\public\index.php(37): CodeIgniter\CodeIgniter->run()
#5 D:\Study\Latihan\ci4\sinjamlaporan\system\Commands\Server\rewrite.php(43): require_once('D:\\Study\\Latiha...')
#6 {main}
CRITICAL - 2022-07-26 22:55:08 --> Trying to access array offset on value of type null
#0 D:\Study\Latihan\ci4\sinjamlaporan\app\Controllers\Pinjaman.php(30): CodeIgniter\Debug\Exceptions->errorHandler(2, 'Trying to acces...', 'D:\\Study\\Latiha...', 30)
#1 D:\Study\Latihan\ci4\sinjamlaporan\system\CodeIgniter.php(824): App\Controllers\Pinjaman->data()
#2 D:\Study\Latihan\ci4\sinjamlaporan\system\CodeIgniter.php(410): CodeIgniter\CodeIgniter->runController(Object(App\Controllers\Pinjaman))
#3 D:\Study\Latihan\ci4\sinjamlaporan\system\CodeIgniter.php(318): CodeIgniter\CodeIgniter->handleRequest(NULL, Object(Config\Cache), false)
#4 D:\Study\Latihan\ci4\sinjamlaporan\public\index.php(37): CodeIgniter\CodeIgniter->run()
#5 D:\Study\Latihan\ci4\sinjamlaporan\system\Commands\Server\rewrite.php(43): require_once('D:\\Study\\Latiha...')
#6 {main}
CRITICAL - 2022-07-26 22:55:11 --> Trying to access array offset on value of type null
#0 D:\Study\Latihan\ci4\sinjamlaporan\app\Controllers\Pinjaman.php(30): CodeIgniter\Debug\Exceptions->errorHandler(2, 'Trying to acces...', 'D:\\Study\\Latiha...', 30)
#1 D:\Study\Latihan\ci4\sinjamlaporan\system\CodeIgniter.php(824): App\Controllers\Pinjaman->data()
#2 D:\Study\Latihan\ci4\sinjamlaporan\system\CodeIgniter.php(410): CodeIgniter\CodeIgniter->runController(Object(App\Controllers\Pinjaman))
#3 D:\Study\Latihan\ci4\sinjamlaporan\system\CodeIgniter.php(318): CodeIgniter\CodeIgniter->handleRequest(NULL, Object(Config\Cache), false)
#4 D:\Study\Latihan\ci4\sinjamlaporan\public\index.php(37): CodeIgniter\CodeIgniter->run()
#5 D:\Study\Latihan\ci4\sinjamlaporan\system\Commands\Server\rewrite.php(43): require_once('D:\\Study\\Latiha...')
#6 {main}
CRITICAL - 2022-07-26 22:55:18 --> Trying to access array offset on value of type null
#0 D:\Study\Latihan\ci4\sinjamlaporan\app\Controllers\Pinjaman.php(30): CodeIgniter\Debug\Exceptions->errorHandler(2, 'Trying to acces...', 'D:\\Study\\Latiha...', 30)
#1 D:\Study\Latihan\ci4\sinjamlaporan\system\CodeIgniter.php(824): App\Controllers\Pinjaman->data()
#2 D:\Study\Latihan\ci4\sinjamlaporan\system\CodeIgniter.php(410): CodeIgniter\CodeIgniter->runController(Object(App\Controllers\Pinjaman))
#3 D:\Study\Latihan\ci4\sinjamlaporan\system\CodeIgniter.php(318): CodeIgniter\CodeIgniter->handleRequest(NULL, Object(Config\Cache), false)
#4 D:\Study\Latihan\ci4\sinjamlaporan\public\index.php(37): CodeIgniter\CodeIgniter->run()
#5 D:\Study\Latihan\ci4\sinjamlaporan\system\Commands\Server\rewrite.php(43): require_once('D:\\Study\\Latiha...')
#6 {main}
CRITICAL - 2022-07-26 22:55:27 --> Trying to access array offset on value of type null
#0 D:\Study\Latihan\ci4\sinjamlaporan\app\Controllers\Pinjaman.php(30): CodeIgniter\Debug\Exceptions->errorHandler(2, 'Trying to acces...', 'D:\\Study\\Latiha...', 30)
#1 D:\Study\Latihan\ci4\sinjamlaporan\system\CodeIgniter.php(824): App\Controllers\Pinjaman->data()
#2 D:\Study\Latihan\ci4\sinjamlaporan\system\CodeIgniter.php(410): CodeIgniter\CodeIgniter->runController(Object(App\Controllers\Pinjaman))
#3 D:\Study\Latihan\ci4\sinjamlaporan\system\CodeIgniter.php(318): CodeIgniter\CodeIgniter->handleRequest(NULL, Object(Config\Cache), false)
#4 D:\Study\Latihan\ci4\sinjamlaporan\public\index.php(37): CodeIgniter\CodeIgniter->run()
#5 D:\Study\Latihan\ci4\sinjamlaporan\system\Commands\Server\rewrite.php(43): require_once('D:\\Study\\Latiha...')
#6 {main}
CRITICAL - 2022-07-26 22:55:29 --> Trying to access array offset on value of type null
#0 D:\Study\Latihan\ci4\sinjamlaporan\app\Controllers\Pinjaman.php(30): CodeIgniter\Debug\Exceptions->errorHandler(2, 'Trying to acces...', 'D:\\Study\\Latiha...', 30)
#1 D:\Study\Latihan\ci4\sinjamlaporan\system\CodeIgniter.php(824): App\Controllers\Pinjaman->data()
#2 D:\Study\Latihan\ci4\sinjamlaporan\system\CodeIgniter.php(410): CodeIgniter\CodeIgniter->runController(Object(App\Controllers\Pinjaman))
#3 D:\Study\Latihan\ci4\sinjamlaporan\system\CodeIgniter.php(318): CodeIgniter\CodeIgniter->handleRequest(NULL, Object(Config\Cache), false)
#4 D:\Study\Latihan\ci4\sinjamlaporan\public\index.php(37): CodeIgniter\CodeIgniter->run()
#5 D:\Study\Latihan\ci4\sinjamlaporan\system\Commands\Server\rewrite.php(43): require_once('D:\\Study\\Latiha...')
#6 {main}
CRITICAL - 2022-07-26 22:55:37 --> Trying to access array offset on value of type null
#0 D:\Study\Latihan\ci4\sinjamlaporan\app\Controllers\Pinjaman.php(30): CodeIgniter\Debug\Exceptions->errorHandler(2, 'Trying to acces...', 'D:\\Study\\Latiha...', 30)
#1 D:\Study\Latihan\ci4\sinjamlaporan\system\CodeIgniter.php(824): App\Controllers\Pinjaman->data()
#2 D:\Study\Latihan\ci4\sinjamlaporan\system\CodeIgniter.php(410): CodeIgniter\CodeIgniter->runController(Object(App\Controllers\Pinjaman))
#3 D:\Study\Latihan\ci4\sinjamlaporan\system\CodeIgniter.php(318): CodeIgniter\CodeIgniter->handleRequest(NULL, Object(Config\Cache), false)
#4 D:\Study\Latihan\ci4\sinjamlaporan\public\index.php(37): CodeIgniter\CodeIgniter->run()
#5 D:\Study\Latihan\ci4\sinjamlaporan\system\Commands\Server\rewrite.php(43): require_once('D:\\Study\\Latiha...')
#6 {main}
CRITICAL - 2022-07-26 22:55:46 --> Trying to access array offset on value of type null
#0 D:\Study\Latihan\ci4\sinjamlaporan\app\Controllers\Pinjaman.php(30): CodeIgniter\Debug\Exceptions->errorHandler(2, 'Trying to acces...', 'D:\\Study\\Latiha...', 30)
#1 D:\Study\Latihan\ci4\sinjamlaporan\system\CodeIgniter.php(824): App\Controllers\Pinjaman->data()
#2 D:\Study\Latihan\ci4\sinjamlaporan\system\CodeIgniter.php(410): CodeIgniter\CodeIgniter->runController(Object(App\Controllers\Pinjaman))
#3 D:\Study\Latihan\ci4\sinjamlaporan\system\CodeIgniter.php(318): CodeIgniter\CodeIgniter->handleRequest(NULL, Object(Config\Cache), false)
#4 D:\Study\Latihan\ci4\sinjamlaporan\public\index.php(37): CodeIgniter\CodeIgniter->run()
#5 D:\Study\Latihan\ci4\sinjamlaporan\system\Commands\Server\rewrite.php(43): require_once('D:\\Study\\Latiha...')
#6 {main}
CRITICAL - 2022-07-26 22:55:55 --> Trying to access array offset on value of type null
#0 D:\Study\Latihan\ci4\sinjamlaporan\app\Controllers\Pinjaman.php(30): CodeIgniter\Debug\Exceptions->errorHandler(2, 'Trying to acces...', 'D:\\Study\\Latiha...', 30)
#1 D:\Study\Latihan\ci4\sinjamlaporan\system\CodeIgniter.php(824): App\Controllers\Pinjaman->data()
#2 D:\Study\Latihan\ci4\sinjamlaporan\system\CodeIgniter.php(410): CodeIgniter\CodeIgniter->runController(Object(App\Controllers\Pinjaman))
#3 D:\Study\Latihan\ci4\sinjamlaporan\system\CodeIgniter.php(318): CodeIgniter\CodeIgniter->handleRequest(NULL, Object(Config\Cache), false)
#4 D:\Study\Latihan\ci4\sinjamlaporan\public\index.php(37): CodeIgniter\CodeIgniter->run()
#5 D:\Study\Latihan\ci4\sinjamlaporan\system\Commands\Server\rewrite.php(43): require_once('D:\\Study\\Latiha...')
#6 {main}
CRITICAL - 2022-07-26 22:56:03 --> Trying to access array offset on value of type null
#0 D:\Study\Latihan\ci4\sinjamlaporan\app\Controllers\Pinjaman.php(30): CodeIgniter\Debug\Exceptions->errorHandler(2, 'Trying to acces...', 'D:\\Study\\Latiha...', 30)
#1 D:\Study\Latihan\ci4\sinjamlaporan\system\CodeIgniter.php(824): App\Controllers\Pinjaman->data()
#2 D:\Study\Latihan\ci4\sinjamlaporan\system\CodeIgniter.php(410): CodeIgniter\CodeIgniter->runController(Object(App\Controllers\Pinjaman))
#3 D:\Study\Latihan\ci4\sinjamlaporan\system\CodeIgniter.php(318): CodeIgniter\CodeIgniter->handleRequest(NULL, Object(Config\Cache), false)
#4 D:\Study\Latihan\ci4\sinjamlaporan\public\index.php(37): CodeIgniter\CodeIgniter->run()
#5 D:\Study\Latihan\ci4\sinjamlaporan\system\Commands\Server\rewrite.php(43): require_once('D:\\Study\\Latiha...')
#6 {main}
