CRITICAL - 2022-08-08 00:37:32 --> Undefined variable $conn
#0 D:\Study\Latihan\ci4\sinjamlaporan\app\Views\lapor\lapor.php(28): CodeIgniter\Debug\Exceptions->errorHandler(2, 'Undefined varia...', 'D:\\Study\\Latiha...', 28)
#1 D:\Study\Latihan\ci4\sinjamlaporan\system\View\View.php(214): include('D:\\Study\\Latiha...')
#2 D:\Study\Latihan\ci4\sinjamlaporan\system\View\View.php(217): CodeIgniter\View\View->CodeIgniter\View\{closure}()
#3 D:\Study\Latihan\ci4\sinjamlaporan\system\Common.php(1097): CodeIgniter\View\View->render('lapor/lapor', Array, true)
#4 D:\Study\Latihan\ci4\sinjamlaporan\app\Controllers\Lapor.php(26): view('lapor/lapor')
#5 D:\Study\Latihan\ci4\sinjamlaporan\system\CodeIgniter.php(824): App\Controllers\Lapor->index()
#6 D:\Study\Latihan\ci4\sinjamlaporan\system\CodeIgniter.php(410): CodeIgniter\CodeIgniter->runController(Object(App\Controllers\Lapor))
#7 D:\Study\Latihan\ci4\sinjamlaporan\system\CodeIgniter.php(318): CodeIgniter\CodeIgniter->handleRequest(NULL, Object(Config\Cache), false)
#8 D:\Study\Latihan\ci4\sinjamlaporan\public\index.php(37): CodeIgniter\CodeIgniter->run()
#9 D:\Study\Latihan\ci4\sinjamlaporan\system\Commands\Server\rewrite.php(43): require_once('D:\\Study\\Latiha...')
#10 {main}
CRITICAL - 2022-08-08 09:40:06 --> Request URI segment is out of range: 2
#0 D:\Study\Latihan\ci4\sinjamlaporan\system\HTTP\URI.php(529): CodeIgniter\HTTP\Exceptions\HTTPException::forURISegmentOutOfRange(2)
#1 D:\Study\Latihan\ci4\sinjamlaporan\app\Views\template.php(13): CodeIgniter\HTTP\URI->getSegment(2)
#2 D:\Study\Latihan\ci4\sinjamlaporan\system\View\View.php(214): include('D:\\Study\\Latiha...')
#3 D:\Study\Latihan\ci4\sinjamlaporan\system\View\View.php(217): CodeIgniter\View\View->CodeIgniter\View\{closure}()
#4 D:\Study\Latihan\ci4\sinjamlaporan\system\View\View.php(230): CodeIgniter\View\View->render('template', Array, true)
#5 D:\Study\Latihan\ci4\sinjamlaporan\system\Common.php(1097): CodeIgniter\View\View->render('transaksi', Array, true)
#6 D:\Study\Latihan\ci4\sinjamlaporan\app\Controllers\Transaksi.php(21): view('transaksi')
#7 D:\Study\Latihan\ci4\sinjamlaporan\system\CodeIgniter.php(824): App\Controllers\Transaksi->index()
#8 D:\Study\Latihan\ci4\sinjamlaporan\system\CodeIgniter.php(410): CodeIgniter\CodeIgniter->runController(Object(App\Controllers\Transaksi))
#9 D:\Study\Latihan\ci4\sinjamlaporan\system\CodeIgniter.php(318): CodeIgniter\CodeIgniter->handleRequest(NULL, Object(Config\Cache), false)
#10 D:\Study\Latihan\ci4\sinjamlaporan\public\index.php(37): CodeIgniter\CodeIgniter->run()
#11 D:\Study\Latihan\ci4\sinjamlaporan\system\Commands\Server\rewrite.php(43): require_once('D:\\Study\\Latiha...')
#12 {main}
