ERROR - 2022-08-04 01:37:03 --> Column 'barang' cannot be null
CRITICAL - 2022-08-04 01:37:03 --> Column 'barang' cannot be null
#0 D:\Study\Latihan\ci4\sinjamlaporan\system\Database\MySQLi\Connection.php(292): mysqli->query('INSERT INTO `tr...', 0)
#1 D:\Study\Latihan\ci4\sinjamlaporan\system\Database\BaseConnection.php(670): CodeIgniter\Database\MySQLi\Connection->execute('INSERT INTO `tr...')
#2 D:\Study\Latihan\ci4\sinjamlaporan\system\Database\BaseConnection.php(598): CodeIgniter\Database\BaseConnection->simpleQuery('INSERT INTO `tr...')
#3 D:\Study\Latihan\ci4\sinjamlaporan\system\Database\BaseBuilder.php(1759): CodeIgniter\Database\BaseConnection->query('INSERT INTO `tr...', Array, false)
#4 D:\Study\Latihan\ci4\sinjamlaporan\system\Model.php(239): CodeIgniter\Database\BaseBuilder->insert()
#5 D:\Study\Latihan\ci4\sinjamlaporan\system\BaseModel.php(738): CodeIgniter\Model->doInsert(Array)
#6 D:\Study\Latihan\ci4\sinjamlaporan\system\Model.php(620): CodeIgniter\BaseModel->insert(Array, true)
#7 D:\Study\Latihan\ci4\sinjamlaporan\app\Controllers\Transaksi.php(48): CodeIgniter\Model->insert(Array)
#8 D:\Study\Latihan\ci4\sinjamlaporan\system\CodeIgniter.php(824): App\Controllers\Transaksi->tambah()
#9 D:\Study\Latihan\ci4\sinjamlaporan\system\CodeIgniter.php(410): CodeIgniter\CodeIgniter->runController(Object(App\Controllers\Transaksi))
#10 D:\Study\Latihan\ci4\sinjamlaporan\system\CodeIgniter.php(318): CodeIgniter\CodeIgniter->handleRequest(NULL, Object(Config\Cache), false)
#11 D:\Study\Latihan\ci4\sinjamlaporan\public\index.php(37): CodeIgniter\CodeIgniter->run()
#12 D:\Study\Latihan\ci4\sinjamlaporan\system\Commands\Server\rewrite.php(43): require_once('D:\\Study\\Latiha...')
#13 {main}
ERROR - 2022-08-04 01:37:04 --> Column 'barang' cannot be null
CRITICAL - 2022-08-04 01:37:04 --> Column 'barang' cannot be null
#0 D:\Study\Latihan\ci4\sinjamlaporan\system\Database\MySQLi\Connection.php(292): mysqli->query('INSERT INTO `tr...', 0)
#1 D:\Study\Latihan\ci4\sinjamlaporan\system\Database\BaseConnection.php(670): CodeIgniter\Database\MySQLi\Connection->execute('INSERT INTO `tr...')
#2 D:\Study\Latihan\ci4\sinjamlaporan\system\Database\BaseConnection.php(598): CodeIgniter\Database\BaseConnection->simpleQuery('INSERT INTO `tr...')
#3 D:\Study\Latihan\ci4\sinjamlaporan\system\Database\BaseBuilder.php(1759): CodeIgniter\Database\BaseConnection->query('INSERT INTO `tr...', Array, false)
#4 D:\Study\Latihan\ci4\sinjamlaporan\system\Model.php(239): CodeIgniter\Database\BaseBuilder->insert()
#5 D:\Study\Latihan\ci4\sinjamlaporan\system\BaseModel.php(738): CodeIgniter\Model->doInsert(Array)
#6 D:\Study\Latihan\ci4\sinjamlaporan\system\Model.php(620): CodeIgniter\BaseModel->insert(Array, true)
#7 D:\Study\Latihan\ci4\sinjamlaporan\app\Controllers\Transaksi.php(48): CodeIgniter\Model->insert(Array)
#8 D:\Study\Latihan\ci4\sinjamlaporan\system\CodeIgniter.php(824): App\Controllers\Transaksi->tambah()
#9 D:\Study\Latihan\ci4\sinjamlaporan\system\CodeIgniter.php(410): CodeIgniter\CodeIgniter->runController(Object(App\Controllers\Transaksi))
#10 D:\Study\Latihan\ci4\sinjamlaporan\system\CodeIgniter.php(318): CodeIgniter\CodeIgniter->handleRequest(NULL, Object(Config\Cache), false)
#11 D:\Study\Latihan\ci4\sinjamlaporan\public\index.php(37): CodeIgniter\CodeIgniter->run()
#12 D:\Study\Latihan\ci4\sinjamlaporan\system\Commands\Server\rewrite.php(43): require_once('D:\\Study\\Latiha...')
#13 {main}
ERROR - 2022-08-04 01:37:04 --> Column 'barang' cannot be null
CRITICAL - 2022-08-04 01:37:04 --> Column 'barang' cannot be null
#0 D:\Study\Latihan\ci4\sinjamlaporan\system\Database\MySQLi\Connection.php(292): mysqli->query('INSERT INTO `tr...', 0)
#1 D:\Study\Latihan\ci4\sinjamlaporan\system\Database\BaseConnection.php(670): CodeIgniter\Database\MySQLi\Connection->execute('INSERT INTO `tr...')
#2 D:\Study\Latihan\ci4\sinjamlaporan\system\Database\BaseConnection.php(598): CodeIgniter\Database\BaseConnection->simpleQuery('INSERT INTO `tr...')
#3 D:\Study\Latihan\ci4\sinjamlaporan\system\Database\BaseBuilder.php(1759): CodeIgniter\Database\BaseConnection->query('INSERT INTO `tr...', Array, false)
#4 D:\Study\Latihan\ci4\sinjamlaporan\system\Model.php(239): CodeIgniter\Database\BaseBuilder->insert()
#5 D:\Study\Latihan\ci4\sinjamlaporan\system\BaseModel.php(738): CodeIgniter\Model->doInsert(Array)
#6 D:\Study\Latihan\ci4\sinjamlaporan\system\Model.php(620): CodeIgniter\BaseModel->insert(Array, true)
#7 D:\Study\Latihan\ci4\sinjamlaporan\app\Controllers\Transaksi.php(48): CodeIgniter\Model->insert(Array)
#8 D:\Study\Latihan\ci4\sinjamlaporan\system\CodeIgniter.php(824): App\Controllers\Transaksi->tambah()
#9 D:\Study\Latihan\ci4\sinjamlaporan\system\CodeIgniter.php(410): CodeIgniter\CodeIgniter->runController(Object(App\Controllers\Transaksi))
#10 D:\Study\Latihan\ci4\sinjamlaporan\system\CodeIgniter.php(318): CodeIgniter\CodeIgniter->handleRequest(NULL, Object(Config\Cache), false)
#11 D:\Study\Latihan\ci4\sinjamlaporan\public\index.php(37): CodeIgniter\CodeIgniter->run()
#12 D:\Study\Latihan\ci4\sinjamlaporan\system\Commands\Server\rewrite.php(43): require_once('D:\\Study\\Latiha...')
#13 {main}
ERROR - 2022-08-04 01:37:04 --> Column 'barang' cannot be null
CRITICAL - 2022-08-04 01:37:04 --> Column 'barang' cannot be null
#0 D:\Study\Latihan\ci4\sinjamlaporan\system\Database\MySQLi\Connection.php(292): mysqli->query('INSERT INTO `tr...', 0)
#1 D:\Study\Latihan\ci4\sinjamlaporan\system\Database\BaseConnection.php(670): CodeIgniter\Database\MySQLi\Connection->execute('INSERT INTO `tr...')
#2 D:\Study\Latihan\ci4\sinjamlaporan\system\Database\BaseConnection.php(598): CodeIgniter\Database\BaseConnection->simpleQuery('INSERT INTO `tr...')
#3 D:\Study\Latihan\ci4\sinjamlaporan\system\Database\BaseBuilder.php(1759): CodeIgniter\Database\BaseConnection->query('INSERT INTO `tr...', Array, false)
#4 D:\Study\Latihan\ci4\sinjamlaporan\system\Model.php(239): CodeIgniter\Database\BaseBuilder->insert()
#5 D:\Study\Latihan\ci4\sinjamlaporan\system\BaseModel.php(738): CodeIgniter\Model->doInsert(Array)
#6 D:\Study\Latihan\ci4\sinjamlaporan\system\Model.php(620): CodeIgniter\BaseModel->insert(Array, true)
#7 D:\Study\Latihan\ci4\sinjamlaporan\app\Controllers\Transaksi.php(48): CodeIgniter\Model->insert(Array)
#8 D:\Study\Latihan\ci4\sinjamlaporan\system\CodeIgniter.php(824): App\Controllers\Transaksi->tambah()
#9 D:\Study\Latihan\ci4\sinjamlaporan\system\CodeIgniter.php(410): CodeIgniter\CodeIgniter->runController(Object(App\Controllers\Transaksi))
#10 D:\Study\Latihan\ci4\sinjamlaporan\system\CodeIgniter.php(318): CodeIgniter\CodeIgniter->handleRequest(NULL, Object(Config\Cache), false)
#11 D:\Study\Latihan\ci4\sinjamlaporan\public\index.php(37): CodeIgniter\CodeIgniter->run()
#12 D:\Study\Latihan\ci4\sinjamlaporan\system\Commands\Server\rewrite.php(43): require_once('D:\\Study\\Latiha...')
#13 {main}
ERROR - 2022-08-04 01:37:10 --> Column 'barang' cannot be null
CRITICAL - 2022-08-04 01:37:10 --> Column 'barang' cannot be null
#0 D:\Study\Latihan\ci4\sinjamlaporan\system\Database\MySQLi\Connection.php(292): mysqli->query('INSERT INTO `tr...', 0)
#1 D:\Study\Latihan\ci4\sinjamlaporan\system\Database\BaseConnection.php(670): CodeIgniter\Database\MySQLi\Connection->execute('INSERT INTO `tr...')
#2 D:\Study\Latihan\ci4\sinjamlaporan\system\Database\BaseConnection.php(598): CodeIgniter\Database\BaseConnection->simpleQuery('INSERT INTO `tr...')
#3 D:\Study\Latihan\ci4\sinjamlaporan\system\Database\BaseBuilder.php(1759): CodeIgniter\Database\BaseConnection->query('INSERT INTO `tr...', Array, false)
#4 D:\Study\Latihan\ci4\sinjamlaporan\system\Model.php(239): CodeIgniter\Database\BaseBuilder->insert()
#5 D:\Study\Latihan\ci4\sinjamlaporan\system\BaseModel.php(738): CodeIgniter\Model->doInsert(Array)
#6 D:\Study\Latihan\ci4\sinjamlaporan\system\Model.php(620): CodeIgniter\BaseModel->insert(Array, true)
#7 D:\Study\Latihan\ci4\sinjamlaporan\app\Controllers\Transaksi.php(48): CodeIgniter\Model->insert(Array)
#8 D:\Study\Latihan\ci4\sinjamlaporan\system\CodeIgniter.php(824): App\Controllers\Transaksi->tambah()
#9 D:\Study\Latihan\ci4\sinjamlaporan\system\CodeIgniter.php(410): CodeIgniter\CodeIgniter->runController(Object(App\Controllers\Transaksi))
#10 D:\Study\Latihan\ci4\sinjamlaporan\system\CodeIgniter.php(318): CodeIgniter\CodeIgniter->handleRequest(NULL, Object(Config\Cache), false)
#11 D:\Study\Latihan\ci4\sinjamlaporan\public\index.php(37): CodeIgniter\CodeIgniter->run()
#12 D:\Study\Latihan\ci4\sinjamlaporan\system\Commands\Server\rewrite.php(43): require_once('D:\\Study\\Latiha...')
#13 {main}
ERROR - 2022-08-04 01:37:10 --> Column 'barang' cannot be null
CRITICAL - 2022-08-04 01:37:10 --> Column 'barang' cannot be null
#0 D:\Study\Latihan\ci4\sinjamlaporan\system\Database\MySQLi\Connection.php(292): mysqli->query('INSERT INTO `tr...', 0)
#1 D:\Study\Latihan\ci4\sinjamlaporan\system\Database\BaseConnection.php(670): CodeIgniter\Database\MySQLi\Connection->execute('INSERT INTO `tr...')
#2 D:\Study\Latihan\ci4\sinjamlaporan\system\Database\BaseConnection.php(598): CodeIgniter\Database\BaseConnection->simpleQuery('INSERT INTO `tr...')
#3 D:\Study\Latihan\ci4\sinjamlaporan\system\Database\BaseBuilder.php(1759): CodeIgniter\Database\BaseConnection->query('INSERT INTO `tr...', Array, false)
#4 D:\Study\Latihan\ci4\sinjamlaporan\system\Model.php(239): CodeIgniter\Database\BaseBuilder->insert()
#5 D:\Study\Latihan\ci4\sinjamlaporan\system\BaseModel.php(738): CodeIgniter\Model->doInsert(Array)
#6 D:\Study\Latihan\ci4\sinjamlaporan\system\Model.php(620): CodeIgniter\BaseModel->insert(Array, true)
#7 D:\Study\Latihan\ci4\sinjamlaporan\app\Controllers\Transaksi.php(48): CodeIgniter\Model->insert(Array)
#8 D:\Study\Latihan\ci4\sinjamlaporan\system\CodeIgniter.php(824): App\Controllers\Transaksi->tambah()
#9 D:\Study\Latihan\ci4\sinjamlaporan\system\CodeIgniter.php(410): CodeIgniter\CodeIgniter->runController(Object(App\Controllers\Transaksi))
#10 D:\Study\Latihan\ci4\sinjamlaporan\system\CodeIgniter.php(318): CodeIgniter\CodeIgniter->handleRequest(NULL, Object(Config\Cache), false)
#11 D:\Study\Latihan\ci4\sinjamlaporan\public\index.php(37): CodeIgniter\CodeIgniter->run()
#12 D:\Study\Latihan\ci4\sinjamlaporan\system\Commands\Server\rewrite.php(43): require_once('D:\\Study\\Latiha...')
#13 {main}
ERROR - 2022-08-04 01:37:10 --> Column 'barang' cannot be null
CRITICAL - 2022-08-04 01:37:10 --> Column 'barang' cannot be null
#0 D:\Study\Latihan\ci4\sinjamlaporan\system\Database\MySQLi\Connection.php(292): mysqli->query('INSERT INTO `tr...', 0)
#1 D:\Study\Latihan\ci4\sinjamlaporan\system\Database\BaseConnection.php(670): CodeIgniter\Database\MySQLi\Connection->execute('INSERT INTO `tr...')
#2 D:\Study\Latihan\ci4\sinjamlaporan\system\Database\BaseConnection.php(598): CodeIgniter\Database\BaseConnection->simpleQuery('INSERT INTO `tr...')
#3 D:\Study\Latihan\ci4\sinjamlaporan\system\Database\BaseBuilder.php(1759): CodeIgniter\Database\BaseConnection->query('INSERT INTO `tr...', Array, false)
#4 D:\Study\Latihan\ci4\sinjamlaporan\system\Model.php(239): CodeIgniter\Database\BaseBuilder->insert()
#5 D:\Study\Latihan\ci4\sinjamlaporan\system\BaseModel.php(738): CodeIgniter\Model->doInsert(Array)
#6 D:\Study\Latihan\ci4\sinjamlaporan\system\Model.php(620): CodeIgniter\BaseModel->insert(Array, true)
#7 D:\Study\Latihan\ci4\sinjamlaporan\app\Controllers\Transaksi.php(48): CodeIgniter\Model->insert(Array)
#8 D:\Study\Latihan\ci4\sinjamlaporan\system\CodeIgniter.php(824): App\Controllers\Transaksi->tambah()
#9 D:\Study\Latihan\ci4\sinjamlaporan\system\CodeIgniter.php(410): CodeIgniter\CodeIgniter->runController(Object(App\Controllers\Transaksi))
#10 D:\Study\Latihan\ci4\sinjamlaporan\system\CodeIgniter.php(318): CodeIgniter\CodeIgniter->handleRequest(NULL, Object(Config\Cache), false)
#11 D:\Study\Latihan\ci4\sinjamlaporan\public\index.php(37): CodeIgniter\CodeIgniter->run()
#12 D:\Study\Latihan\ci4\sinjamlaporan\system\Commands\Server\rewrite.php(43): require_once('D:\\Study\\Latiha...')
#13 {main}
ERROR - 2022-08-04 01:37:10 --> Column 'barang' cannot be null
CRITICAL - 2022-08-04 01:37:10 --> Column 'barang' cannot be null
#0 D:\Study\Latihan\ci4\sinjamlaporan\system\Database\MySQLi\Connection.php(292): mysqli->query('INSERT INTO `tr...', 0)
#1 D:\Study\Latihan\ci4\sinjamlaporan\system\Database\BaseConnection.php(670): CodeIgniter\Database\MySQLi\Connection->execute('INSERT INTO `tr...')
#2 D:\Study\Latihan\ci4\sinjamlaporan\system\Database\BaseConnection.php(598): CodeIgniter\Database\BaseConnection->simpleQuery('INSERT INTO `tr...')
#3 D:\Study\Latihan\ci4\sinjamlaporan\system\Database\BaseBuilder.php(1759): CodeIgniter\Database\BaseConnection->query('INSERT INTO `tr...', Array, false)
#4 D:\Study\Latihan\ci4\sinjamlaporan\system\Model.php(239): CodeIgniter\Database\BaseBuilder->insert()
#5 D:\Study\Latihan\ci4\sinjamlaporan\system\BaseModel.php(738): CodeIgniter\Model->doInsert(Array)
#6 D:\Study\Latihan\ci4\sinjamlaporan\system\Model.php(620): CodeIgniter\BaseModel->insert(Array, true)
#7 D:\Study\Latihan\ci4\sinjamlaporan\app\Controllers\Transaksi.php(48): CodeIgniter\Model->insert(Array)
#8 D:\Study\Latihan\ci4\sinjamlaporan\system\CodeIgniter.php(824): App\Controllers\Transaksi->tambah()
#9 D:\Study\Latihan\ci4\sinjamlaporan\system\CodeIgniter.php(410): CodeIgniter\CodeIgniter->runController(Object(App\Controllers\Transaksi))
#10 D:\Study\Latihan\ci4\sinjamlaporan\system\CodeIgniter.php(318): CodeIgniter\CodeIgniter->handleRequest(NULL, Object(Config\Cache), false)
#11 D:\Study\Latihan\ci4\sinjamlaporan\public\index.php(37): CodeIgniter\CodeIgniter->run()
#12 D:\Study\Latihan\ci4\sinjamlaporan\system\Commands\Server\rewrite.php(43): require_once('D:\\Study\\Latiha...')
#13 {main}
ERROR - 2022-08-04 01:37:11 --> Column 'barang' cannot be null
CRITICAL - 2022-08-04 01:37:11 --> Column 'barang' cannot be null
#0 D:\Study\Latihan\ci4\sinjamlaporan\system\Database\MySQLi\Connection.php(292): mysqli->query('INSERT INTO `tr...', 0)
#1 D:\Study\Latihan\ci4\sinjamlaporan\system\Database\BaseConnection.php(670): CodeIgniter\Database\MySQLi\Connection->execute('INSERT INTO `tr...')
#2 D:\Study\Latihan\ci4\sinjamlaporan\system\Database\BaseConnection.php(598): CodeIgniter\Database\BaseConnection->simpleQuery('INSERT INTO `tr...')
#3 D:\Study\Latihan\ci4\sinjamlaporan\system\Database\BaseBuilder.php(1759): CodeIgniter\Database\BaseConnection->query('INSERT INTO `tr...', Array, false)
#4 D:\Study\Latihan\ci4\sinjamlaporan\system\Model.php(239): CodeIgniter\Database\BaseBuilder->insert()
#5 D:\Study\Latihan\ci4\sinjamlaporan\system\BaseModel.php(738): CodeIgniter\Model->doInsert(Array)
#6 D:\Study\Latihan\ci4\sinjamlaporan\system\Model.php(620): CodeIgniter\BaseModel->insert(Array, true)
#7 D:\Study\Latihan\ci4\sinjamlaporan\app\Controllers\Transaksi.php(48): CodeIgniter\Model->insert(Array)
#8 D:\Study\Latihan\ci4\sinjamlaporan\system\CodeIgniter.php(824): App\Controllers\Transaksi->tambah()
#9 D:\Study\Latihan\ci4\sinjamlaporan\system\CodeIgniter.php(410): CodeIgniter\CodeIgniter->runController(Object(App\Controllers\Transaksi))
#10 D:\Study\Latihan\ci4\sinjamlaporan\system\CodeIgniter.php(318): CodeIgniter\CodeIgniter->handleRequest(NULL, Object(Config\Cache), false)
#11 D:\Study\Latihan\ci4\sinjamlaporan\public\index.php(37): CodeIgniter\CodeIgniter->run()
#12 D:\Study\Latihan\ci4\sinjamlaporan\system\Commands\Server\rewrite.php(43): require_once('D:\\Study\\Latiha...')
#13 {main}
CRITICAL - 2022-08-04 01:39:19 --> Request URI segment is out of range: 2
#0 D:\Study\Latihan\ci4\sinjamlaporan\system\HTTP\URI.php(529): CodeIgniter\HTTP\Exceptions\HTTPException::forURISegmentOutOfRange(2)
#1 D:\Study\Latihan\ci4\sinjamlaporan\app\Views\template.php(13): CodeIgniter\HTTP\URI->getSegment(2)
#2 D:\Study\Latihan\ci4\sinjamlaporan\system\View\View.php(214): include('D:\\Study\\Latiha...')
#3 D:\Study\Latihan\ci4\sinjamlaporan\system\View\View.php(217): CodeIgniter\View\View->CodeIgniter\View\{closure}()
#4 D:\Study\Latihan\ci4\sinjamlaporan\system\View\View.php(230): CodeIgniter\View\View->render('template', Array, true)
#5 D:\Study\Latihan\ci4\sinjamlaporan\system\Common.php(1097): CodeIgniter\View\View->render('transaksi', Array, true)
#6 D:\Study\Latihan\ci4\sinjamlaporan\app\Controllers\Transaksi.php(21): view('transaksi')
#7 D:\Study\Latihan\ci4\sinjamlaporan\system\CodeIgniter.php(824): App\Controllers\Transaksi->index()
#8 D:\Study\Latihan\ci4\sinjamlaporan\system\CodeIgniter.php(410): CodeIgniter\CodeIgniter->runController(Object(App\Controllers\Transaksi))
#9 D:\Study\Latihan\ci4\sinjamlaporan\system\CodeIgniter.php(318): CodeIgniter\CodeIgniter->handleRequest(NULL, Object(Config\Cache), false)
#10 D:\Study\Latihan\ci4\sinjamlaporan\public\index.php(37): CodeIgniter\CodeIgniter->run()
#11 D:\Study\Latihan\ci4\sinjamlaporan\system\Commands\Server\rewrite.php(43): require_once('D:\\Study\\Latiha...')
#12 {main}
CRITICAL - 2022-08-04 01:44:07 --> There is no data to update.
#0 D:\Study\Latihan\ci4\sinjamlaporan\system\BaseModel.php(846): CodeIgniter\Database\Exceptions\DataException::forEmptyDataset('update')
#1 D:\Study\Latihan\ci4\sinjamlaporan\system\Model.php(646): CodeIgniter\BaseModel->update(Array, Array)
#2 D:\Study\Latihan\ci4\sinjamlaporan\app\Controllers\Transaksi.php(51): CodeIgniter\Model->update('20195030355', Array)
#3 D:\Study\Latihan\ci4\sinjamlaporan\system\CodeIgniter.php(824): App\Controllers\Transaksi->tambah()
#4 D:\Study\Latihan\ci4\sinjamlaporan\system\CodeIgniter.php(410): CodeIgniter\CodeIgniter->runController(Object(App\Controllers\Transaksi))
#5 D:\Study\Latihan\ci4\sinjamlaporan\system\CodeIgniter.php(318): CodeIgniter\CodeIgniter->handleRequest(NULL, Object(Config\Cache), false)
#6 D:\Study\Latihan\ci4\sinjamlaporan\public\index.php(37): CodeIgniter\CodeIgniter->run()
#7 D:\Study\Latihan\ci4\sinjamlaporan\system\Commands\Server\rewrite.php(43): require_once('D:\\Study\\Latiha...')
#8 {main}
CRITICAL - 2022-08-04 01:44:09 --> There is no data to update.
#0 D:\Study\Latihan\ci4\sinjamlaporan\system\BaseModel.php(846): CodeIgniter\Database\Exceptions\DataException::forEmptyDataset('update')
#1 D:\Study\Latihan\ci4\sinjamlaporan\system\Model.php(646): CodeIgniter\BaseModel->update(Array, Array)
#2 D:\Study\Latihan\ci4\sinjamlaporan\app\Controllers\Transaksi.php(51): CodeIgniter\Model->update('20195030355', Array)
#3 D:\Study\Latihan\ci4\sinjamlaporan\system\CodeIgniter.php(824): App\Controllers\Transaksi->tambah()
#4 D:\Study\Latihan\ci4\sinjamlaporan\system\CodeIgniter.php(410): CodeIgniter\CodeIgniter->runController(Object(App\Controllers\Transaksi))
#5 D:\Study\Latihan\ci4\sinjamlaporan\system\CodeIgniter.php(318): CodeIgniter\CodeIgniter->handleRequest(NULL, Object(Config\Cache), false)
#6 D:\Study\Latihan\ci4\sinjamlaporan\public\index.php(37): CodeIgniter\CodeIgniter->run()
#7 D:\Study\Latihan\ci4\sinjamlaporan\system\Commands\Server\rewrite.php(43): require_once('D:\\Study\\Latiha...')
#8 {main}
CRITICAL - 2022-08-04 01:44:13 --> There is no data to update.
#0 D:\Study\Latihan\ci4\sinjamlaporan\system\BaseModel.php(846): CodeIgniter\Database\Exceptions\DataException::forEmptyDataset('update')
#1 D:\Study\Latihan\ci4\sinjamlaporan\system\Model.php(646): CodeIgniter\BaseModel->update(Array, Array)
#2 D:\Study\Latihan\ci4\sinjamlaporan\app\Controllers\Transaksi.php(51): CodeIgniter\Model->update('20195030355', Array)
#3 D:\Study\Latihan\ci4\sinjamlaporan\system\CodeIgniter.php(824): App\Controllers\Transaksi->tambah()
#4 D:\Study\Latihan\ci4\sinjamlaporan\system\CodeIgniter.php(410): CodeIgniter\CodeIgniter->runController(Object(App\Controllers\Transaksi))
#5 D:\Study\Latihan\ci4\sinjamlaporan\system\CodeIgniter.php(318): CodeIgniter\CodeIgniter->handleRequest(NULL, Object(Config\Cache), false)
#6 D:\Study\Latihan\ci4\sinjamlaporan\public\index.php(37): CodeIgniter\CodeIgniter->run()
#7 D:\Study\Latihan\ci4\sinjamlaporan\system\Commands\Server\rewrite.php(43): require_once('D:\\Study\\Latiha...')
#8 {main}
CRITICAL - 2022-08-04 01:50:32 --> There is no data to update.
#0 D:\Study\Latihan\ci4\sinjamlaporan\system\BaseModel.php(846): CodeIgniter\Database\Exceptions\DataException::forEmptyDataset('update')
#1 D:\Study\Latihan\ci4\sinjamlaporan\system\Model.php(646): CodeIgniter\BaseModel->update(Array, Array)
#2 D:\Study\Latihan\ci4\sinjamlaporan\app\Controllers\Transaksi.php(51): CodeIgniter\Model->update('2019503034', Array)
#3 D:\Study\Latihan\ci4\sinjamlaporan\system\CodeIgniter.php(824): App\Controllers\Transaksi->tambah()
#4 D:\Study\Latihan\ci4\sinjamlaporan\system\CodeIgniter.php(410): CodeIgniter\CodeIgniter->runController(Object(App\Controllers\Transaksi))
#5 D:\Study\Latihan\ci4\sinjamlaporan\system\CodeIgniter.php(318): CodeIgniter\CodeIgniter->handleRequest(NULL, Object(Config\Cache), false)
#6 D:\Study\Latihan\ci4\sinjamlaporan\public\index.php(37): CodeIgniter\CodeIgniter->run()
#7 D:\Study\Latihan\ci4\sinjamlaporan\system\Commands\Server\rewrite.php(43): require_once('D:\\Study\\Latiha...')
#8 {main}
CRITICAL - 2022-08-04 01:52:31 --> There is no data to update.
#0 D:\Study\Latihan\ci4\sinjamlaporan\system\BaseModel.php(846): CodeIgniter\Database\Exceptions\DataException::forEmptyDataset('update')
#1 D:\Study\Latihan\ci4\sinjamlaporan\system\Model.php(646): CodeIgniter\BaseModel->update(Array, Array)
#2 D:\Study\Latihan\ci4\sinjamlaporan\app\Controllers\Transaksi.php(51): CodeIgniter\Model->update('2019503034', Array)
#3 D:\Study\Latihan\ci4\sinjamlaporan\system\CodeIgniter.php(824): App\Controllers\Transaksi->tambah()
#4 D:\Study\Latihan\ci4\sinjamlaporan\system\CodeIgniter.php(410): CodeIgniter\CodeIgniter->runController(Object(App\Controllers\Transaksi))
#5 D:\Study\Latihan\ci4\sinjamlaporan\system\CodeIgniter.php(318): CodeIgniter\CodeIgniter->handleRequest(NULL, Object(Config\Cache), false)
#6 D:\Study\Latihan\ci4\sinjamlaporan\public\index.php(37): CodeIgniter\CodeIgniter->run()
#7 D:\Study\Latihan\ci4\sinjamlaporan\system\Commands\Server\rewrite.php(43): require_once('D:\\Study\\Latiha...')
#8 {main}
CRITICAL - 2022-08-04 01:52:32 --> There is no data to update.
#0 D:\Study\Latihan\ci4\sinjamlaporan\system\BaseModel.php(846): CodeIgniter\Database\Exceptions\DataException::forEmptyDataset('update')
#1 D:\Study\Latihan\ci4\sinjamlaporan\system\Model.php(646): CodeIgniter\BaseModel->update(Array, Array)
#2 D:\Study\Latihan\ci4\sinjamlaporan\app\Controllers\Transaksi.php(51): CodeIgniter\Model->update('2019503034', Array)
#3 D:\Study\Latihan\ci4\sinjamlaporan\system\CodeIgniter.php(824): App\Controllers\Transaksi->tambah()
#4 D:\Study\Latihan\ci4\sinjamlaporan\system\CodeIgniter.php(410): CodeIgniter\CodeIgniter->runController(Object(App\Controllers\Transaksi))
#5 D:\Study\Latihan\ci4\sinjamlaporan\system\CodeIgniter.php(318): CodeIgniter\CodeIgniter->handleRequest(NULL, Object(Config\Cache), false)
#6 D:\Study\Latihan\ci4\sinjamlaporan\public\index.php(37): CodeIgniter\CodeIgniter->run()
#7 D:\Study\Latihan\ci4\sinjamlaporan\system\Commands\Server\rewrite.php(43): require_once('D:\\Study\\Latiha...')
#8 {main}
CRITICAL - 2022-08-04 01:52:32 --> There is no data to update.
#0 D:\Study\Latihan\ci4\sinjamlaporan\system\BaseModel.php(846): CodeIgniter\Database\Exceptions\DataException::forEmptyDataset('update')
#1 D:\Study\Latihan\ci4\sinjamlaporan\system\Model.php(646): CodeIgniter\BaseModel->update(Array, Array)
#2 D:\Study\Latihan\ci4\sinjamlaporan\app\Controllers\Transaksi.php(51): CodeIgniter\Model->update('2019503034', Array)
#3 D:\Study\Latihan\ci4\sinjamlaporan\system\CodeIgniter.php(824): App\Controllers\Transaksi->tambah()
#4 D:\Study\Latihan\ci4\sinjamlaporan\system\CodeIgniter.php(410): CodeIgniter\CodeIgniter->runController(Object(App\Controllers\Transaksi))
#5 D:\Study\Latihan\ci4\sinjamlaporan\system\CodeIgniter.php(318): CodeIgniter\CodeIgniter->handleRequest(NULL, Object(Config\Cache), false)
#6 D:\Study\Latihan\ci4\sinjamlaporan\public\index.php(37): CodeIgniter\CodeIgniter->run()
#7 D:\Study\Latihan\ci4\sinjamlaporan\system\Commands\Server\rewrite.php(43): require_once('D:\\Study\\Latiha...')
#8 {main}
CRITICAL - 2022-08-04 01:56:38 --> There is no data to update.
#0 D:\Study\Latihan\ci4\sinjamlaporan\system\BaseModel.php(846): CodeIgniter\Database\Exceptions\DataException::forEmptyDataset('update')
#1 D:\Study\Latihan\ci4\sinjamlaporan\system\Model.php(646): CodeIgniter\BaseModel->update(Array, Array)
#2 D:\Study\Latihan\ci4\sinjamlaporan\app\Controllers\Transaksi.php(51): CodeIgniter\Model->update('2019503034', Array)
#3 D:\Study\Latihan\ci4\sinjamlaporan\system\CodeIgniter.php(824): App\Controllers\Transaksi->tambah()
#4 D:\Study\Latihan\ci4\sinjamlaporan\system\CodeIgniter.php(410): CodeIgniter\CodeIgniter->runController(Object(App\Controllers\Transaksi))
#5 D:\Study\Latihan\ci4\sinjamlaporan\system\CodeIgniter.php(318): CodeIgniter\CodeIgniter->handleRequest(NULL, Object(Config\Cache), false)
#6 D:\Study\Latihan\ci4\sinjamlaporan\public\index.php(37): CodeIgniter\CodeIgniter->run()
#7 D:\Study\Latihan\ci4\sinjamlaporan\system\Commands\Server\rewrite.php(43): require_once('D:\\Study\\Latiha...')
#8 {main}
CRITICAL - 2022-08-04 02:00:12 --> There is no data to update.
#0 D:\Study\Latihan\ci4\sinjamlaporan\system\BaseModel.php(846): CodeIgniter\Database\Exceptions\DataException::forEmptyDataset('update')
#1 D:\Study\Latihan\ci4\sinjamlaporan\system\Model.php(646): CodeIgniter\BaseModel->update(Array, Array)
#2 D:\Study\Latihan\ci4\sinjamlaporan\app\Controllers\Transaksi.php(51): CodeIgniter\Model->update('2019503034', Array)
#3 D:\Study\Latihan\ci4\sinjamlaporan\system\CodeIgniter.php(824): App\Controllers\Transaksi->tambah()
#4 D:\Study\Latihan\ci4\sinjamlaporan\system\CodeIgniter.php(410): CodeIgniter\CodeIgniter->runController(Object(App\Controllers\Transaksi))
#5 D:\Study\Latihan\ci4\sinjamlaporan\system\CodeIgniter.php(318): CodeIgniter\CodeIgniter->handleRequest(NULL, Object(Config\Cache), false)
#6 D:\Study\Latihan\ci4\sinjamlaporan\public\index.php(37): CodeIgniter\CodeIgniter->run()
#7 D:\Study\Latihan\ci4\sinjamlaporan\system\Commands\Server\rewrite.php(43): require_once('D:\\Study\\Latiha...')
#8 {main}
CRITICAL - 2022-08-04 02:00:13 --> There is no data to update.
#0 D:\Study\Latihan\ci4\sinjamlaporan\system\BaseModel.php(846): CodeIgniter\Database\Exceptions\DataException::forEmptyDataset('update')
#1 D:\Study\Latihan\ci4\sinjamlaporan\system\Model.php(646): CodeIgniter\BaseModel->update(Array, Array)
#2 D:\Study\Latihan\ci4\sinjamlaporan\app\Controllers\Transaksi.php(51): CodeIgniter\Model->update('2019503034', Array)
#3 D:\Study\Latihan\ci4\sinjamlaporan\system\CodeIgniter.php(824): App\Controllers\Transaksi->tambah()
#4 D:\Study\Latihan\ci4\sinjamlaporan\system\CodeIgniter.php(410): CodeIgniter\CodeIgniter->runController(Object(App\Controllers\Transaksi))
#5 D:\Study\Latihan\ci4\sinjamlaporan\system\CodeIgniter.php(318): CodeIgniter\CodeIgniter->handleRequest(NULL, Object(Config\Cache), false)
#6 D:\Study\Latihan\ci4\sinjamlaporan\public\index.php(37): CodeIgniter\CodeIgniter->run()
#7 D:\Study\Latihan\ci4\sinjamlaporan\system\Commands\Server\rewrite.php(43): require_once('D:\\Study\\Latiha...')
#8 {main}
CRITICAL - 2022-08-04 02:02:49 --> There is no data to update.
#0 D:\Study\Latihan\ci4\sinjamlaporan\system\BaseModel.php(846): CodeIgniter\Database\Exceptions\DataException::forEmptyDataset('update')
#1 D:\Study\Latihan\ci4\sinjamlaporan\system\Model.php(646): CodeIgniter\BaseModel->update(Array, Array)
#2 D:\Study\Latihan\ci4\sinjamlaporan\app\Controllers\Transaksi.php(51): CodeIgniter\Model->update('20195030345', Array)
#3 D:\Study\Latihan\ci4\sinjamlaporan\system\CodeIgniter.php(824): App\Controllers\Transaksi->tambah()
#4 D:\Study\Latihan\ci4\sinjamlaporan\system\CodeIgniter.php(410): CodeIgniter\CodeIgniter->runController(Object(App\Controllers\Transaksi))
#5 D:\Study\Latihan\ci4\sinjamlaporan\system\CodeIgniter.php(318): CodeIgniter\CodeIgniter->handleRequest(NULL, Object(Config\Cache), false)
#6 D:\Study\Latihan\ci4\sinjamlaporan\public\index.php(37): CodeIgniter\CodeIgniter->run()
#7 D:\Study\Latihan\ci4\sinjamlaporan\system\Commands\Server\rewrite.php(43): require_once('D:\\Study\\Latiha...')
#8 {main}
CRITICAL - 2022-08-04 04:00:32 --> Request URI segment is out of range: 2
#0 D:\Study\Latihan\ci4\sinjamlaporan\system\HTTP\URI.php(529): CodeIgniter\HTTP\Exceptions\HTTPException::forURISegmentOutOfRange(2)
#1 D:\Study\Latihan\ci4\sinjamlaporan\app\Views\template.php(13): CodeIgniter\HTTP\URI->getSegment(2)
#2 D:\Study\Latihan\ci4\sinjamlaporan\system\View\View.php(214): include('D:\\Study\\Latiha...')
#3 D:\Study\Latihan\ci4\sinjamlaporan\system\View\View.php(217): CodeIgniter\View\View->CodeIgniter\View\{closure}()
#4 D:\Study\Latihan\ci4\sinjamlaporan\system\View\View.php(230): CodeIgniter\View\View->render('template', Array, true)
#5 D:\Study\Latihan\ci4\sinjamlaporan\system\Common.php(1097): CodeIgniter\View\View->render('transaksi', Array, true)
#6 D:\Study\Latihan\ci4\sinjamlaporan\app\Controllers\Transaksi.php(21): view('transaksi')
#7 D:\Study\Latihan\ci4\sinjamlaporan\system\CodeIgniter.php(824): App\Controllers\Transaksi->index()
#8 D:\Study\Latihan\ci4\sinjamlaporan\system\CodeIgniter.php(410): CodeIgniter\CodeIgniter->runController(Object(App\Controllers\Transaksi))
#9 D:\Study\Latihan\ci4\sinjamlaporan\system\CodeIgniter.php(318): CodeIgniter\CodeIgniter->handleRequest(NULL, Object(Config\Cache), false)
#10 D:\Study\Latihan\ci4\sinjamlaporan\public\index.php(37): CodeIgniter\CodeIgniter->run()
#11 D:\Study\Latihan\ci4\sinjamlaporan\system\Commands\Server\rewrite.php(43): require_once('D:\\Study\\Latiha...')
#12 {main}
