CRITICAL - 2022-07-21 00:27:23 --> paging_data is not a valid Pager template.
#0 D:\Study\Latihan\ci4\sinjam-master\system\Pager\Pager.php(120): CodeIgniter\Pager\Exceptions\PagerException::forInvalidTemplate('paging_data')
#1 D:\Study\Latihan\ci4\sinjam-master\system\Pager\Pager.php(83): CodeIgniter\Pager\Pager->displayLinks('barang', 'paging_data')
#2 D:\Study\Latihan\ci4\sinjam-master\app\Views\barang.php(62): CodeIgniter\Pager\Pager->links('barang', 'paging_data')
#3 D:\Study\Latihan\ci4\sinjam-master\system\View\View.php(214): include('D:\\Study\\Latiha...')
#4 D:\Study\Latihan\ci4\sinjam-master\system\View\View.php(217): CodeIgniter\View\View->CodeIgniter\View\{closure}()
#5 D:\Study\Latihan\ci4\sinjam-master\system\Common.php(1097): CodeIgniter\View\View->render('barang', Array, true)
#6 D:\Study\Latihan\ci4\sinjam-master\app\Controllers\Barang.php(39): view('barang', Array)
#7 D:\Study\Latihan\ci4\sinjam-master\system\CodeIgniter.php(824): App\Controllers\Barang->index()
#8 D:\Study\Latihan\ci4\sinjam-master\system\CodeIgniter.php(410): CodeIgniter\CodeIgniter->runController(Object(App\Controllers\Barang))
#9 D:\Study\Latihan\ci4\sinjam-master\system\CodeIgniter.php(318): CodeIgniter\CodeIgniter->handleRequest(NULL, Object(Config\Cache), false)
#10 D:\Study\Latihan\ci4\sinjam-master\public\index.php(37): CodeIgniter\CodeIgniter->run()
#11 D:\Study\Latihan\ci4\sinjam-master\system\Commands\Server\rewrite.php(43): require_once('D:\\Study\\Latiha...')
#12 {main}
CRITICAL - 2022-07-21 00:47:21 --> Request URI segment is out of range: 2
#0 D:\Study\Latihan\ci4\sinjam-master\system\HTTP\URI.php(529): CodeIgniter\HTTP\Exceptions\HTTPException::forURISegmentOutOfRange(2)
#1 D:\Study\Latihan\ci4\sinjam-master\app\Views\template.php(13): CodeIgniter\HTTP\URI->getSegment(2)
#2 D:\Study\Latihan\ci4\sinjam-master\system\View\View.php(214): include('D:\\Study\\Latiha...')
#3 D:\Study\Latihan\ci4\sinjam-master\system\View\View.php(217): CodeIgniter\View\View->CodeIgniter\View\{closure}()
#4 D:\Study\Latihan\ci4\sinjam-master\system\View\View.php(230): CodeIgniter\View\View->render('template', Array, true)
#5 D:\Study\Latihan\ci4\sinjam-master\system\Common.php(1097): CodeIgniter\View\View->render('transaksi', Array, true)
#6 D:\Study\Latihan\ci4\sinjam-master\app\Controllers\Transaksi.php(21): view('transaksi')
#7 D:\Study\Latihan\ci4\sinjam-master\system\CodeIgniter.php(824): App\Controllers\Transaksi->index()
#8 D:\Study\Latihan\ci4\sinjam-master\system\CodeIgniter.php(410): CodeIgniter\CodeIgniter->runController(Object(App\Controllers\Transaksi))
#9 D:\Study\Latihan\ci4\sinjam-master\system\CodeIgniter.php(318): CodeIgniter\CodeIgniter->handleRequest(NULL, Object(Config\Cache), false)
#10 D:\Study\Latihan\ci4\sinjam-master\public\index.php(37): CodeIgniter\CodeIgniter->run()
#11 D:\Study\Latihan\ci4\sinjam-master\system\Commands\Server\rewrite.php(43): require_once('D:\\Study\\Latiha...')
#12 {main}
CRITICAL - 2022-07-21 00:47:55 --> Request URI segment is out of range: 2
#0 D:\Study\Latihan\ci4\sinjam-master\system\HTTP\URI.php(529): CodeIgniter\HTTP\Exceptions\HTTPException::forURISegmentOutOfRange(2)
#1 D:\Study\Latihan\ci4\sinjam-master\app\Views\template.php(13): CodeIgniter\HTTP\URI->getSegment(2)
#2 D:\Study\Latihan\ci4\sinjam-master\system\View\View.php(214): include('D:\\Study\\Latiha...')
#3 D:\Study\Latihan\ci4\sinjam-master\system\View\View.php(217): CodeIgniter\View\View->CodeIgniter\View\{closure}()
#4 D:\Study\Latihan\ci4\sinjam-master\system\View\View.php(230): CodeIgniter\View\View->render('template', Array, true)
#5 D:\Study\Latihan\ci4\sinjam-master\system\Common.php(1097): CodeIgniter\View\View->render('transaksi', Array, true)
#6 D:\Study\Latihan\ci4\sinjam-master\app\Controllers\Transaksi.php(21): view('transaksi')
#7 D:\Study\Latihan\ci4\sinjam-master\system\CodeIgniter.php(824): App\Controllers\Transaksi->index()
#8 D:\Study\Latihan\ci4\sinjam-master\system\CodeIgniter.php(410): CodeIgniter\CodeIgniter->runController(Object(App\Controllers\Transaksi))
#9 D:\Study\Latihan\ci4\sinjam-master\system\CodeIgniter.php(318): CodeIgniter\CodeIgniter->handleRequest(NULL, Object(Config\Cache), false)
#10 D:\Study\Latihan\ci4\sinjam-master\public\index.php(37): CodeIgniter\CodeIgniter->run()
#11 D:\Study\Latihan\ci4\sinjam-master\system\Commands\Server\rewrite.php(43): require_once('D:\\Study\\Latiha...')
#12 {main}
CRITICAL - 2022-07-21 00:48:08 --> Request URI segment is out of range: 2
#0 D:\Study\Latihan\ci4\sinjam-master\system\HTTP\URI.php(529): CodeIgniter\HTTP\Exceptions\HTTPException::forURISegmentOutOfRange(2)
#1 D:\Study\Latihan\ci4\sinjam-master\app\Views\template.php(13): CodeIgniter\HTTP\URI->getSegment(2)
#2 D:\Study\Latihan\ci4\sinjam-master\system\View\View.php(214): include('D:\\Study\\Latiha...')
#3 D:\Study\Latihan\ci4\sinjam-master\system\View\View.php(217): CodeIgniter\View\View->CodeIgniter\View\{closure}()
#4 D:\Study\Latihan\ci4\sinjam-master\system\View\View.php(230): CodeIgniter\View\View->render('template', Array, true)
#5 D:\Study\Latihan\ci4\sinjam-master\system\Common.php(1097): CodeIgniter\View\View->render('transaksi', Array, true)
#6 D:\Study\Latihan\ci4\sinjam-master\app\Controllers\Transaksi.php(21): view('transaksi')
#7 D:\Study\Latihan\ci4\sinjam-master\system\CodeIgniter.php(824): App\Controllers\Transaksi->index()
#8 D:\Study\Latihan\ci4\sinjam-master\system\CodeIgniter.php(410): CodeIgniter\CodeIgniter->runController(Object(App\Controllers\Transaksi))
#9 D:\Study\Latihan\ci4\sinjam-master\system\CodeIgniter.php(318): CodeIgniter\CodeIgniter->handleRequest(NULL, Object(Config\Cache), false)
#10 D:\Study\Latihan\ci4\sinjam-master\public\index.php(37): CodeIgniter\CodeIgniter->run()
#11 D:\Study\Latihan\ci4\sinjam-master\system\Commands\Server\rewrite.php(43): require_once('D:\\Study\\Latiha...')
#12 {main}
CRITICAL - 2022-07-21 01:02:02 --> Request URI segment is out of range: 2
#0 D:\Study\Latihan\ci4\sinjam-master\system\HTTP\URI.php(529): CodeIgniter\HTTP\Exceptions\HTTPException::forURISegmentOutOfRange(2)
#1 D:\Study\Latihan\ci4\sinjam-master\app\Views\template.php(13): CodeIgniter\HTTP\URI->getSegment(2)
#2 D:\Study\Latihan\ci4\sinjam-master\system\View\View.php(214): include('D:\\Study\\Latiha...')
#3 D:\Study\Latihan\ci4\sinjam-master\system\View\View.php(217): CodeIgniter\View\View->CodeIgniter\View\{closure}()
#4 D:\Study\Latihan\ci4\sinjam-master\system\View\View.php(230): CodeIgniter\View\View->render('template', Array, true)
#5 D:\Study\Latihan\ci4\sinjam-master\system\Common.php(1097): CodeIgniter\View\View->render('transaksi', Array, true)
#6 D:\Study\Latihan\ci4\sinjam-master\app\Controllers\Transaksi.php(21): view('transaksi')
#7 D:\Study\Latihan\ci4\sinjam-master\system\CodeIgniter.php(824): App\Controllers\Transaksi->index()
#8 D:\Study\Latihan\ci4\sinjam-master\system\CodeIgniter.php(410): CodeIgniter\CodeIgniter->runController(Object(App\Controllers\Transaksi))
#9 D:\Study\Latihan\ci4\sinjam-master\system\CodeIgniter.php(318): CodeIgniter\CodeIgniter->handleRequest(NULL, Object(Config\Cache), false)
#10 D:\Study\Latihan\ci4\sinjam-master\public\index.php(37): CodeIgniter\CodeIgniter->run()
#11 D:\Study\Latihan\ci4\sinjam-master\system\Commands\Server\rewrite.php(43): require_once('D:\\Study\\Latiha...')
#12 {main}
CRITICAL - 2022-07-21 01:02:14 --> Request URI segment is out of range: 2
#0 D:\Study\Latihan\ci4\sinjam-master\system\HTTP\URI.php(529): CodeIgniter\HTTP\Exceptions\HTTPException::forURISegmentOutOfRange(2)
#1 D:\Study\Latihan\ci4\sinjam-master\app\Views\template.php(13): CodeIgniter\HTTP\URI->getSegment(2)
#2 D:\Study\Latihan\ci4\sinjam-master\system\View\View.php(214): include('D:\\Study\\Latiha...')
#3 D:\Study\Latihan\ci4\sinjam-master\system\View\View.php(217): CodeIgniter\View\View->CodeIgniter\View\{closure}()
#4 D:\Study\Latihan\ci4\sinjam-master\system\View\View.php(230): CodeIgniter\View\View->render('template', Array, true)
#5 D:\Study\Latihan\ci4\sinjam-master\system\Common.php(1097): CodeIgniter\View\View->render('transaksi', Array, true)
#6 D:\Study\Latihan\ci4\sinjam-master\app\Controllers\Transaksi.php(21): view('transaksi')
#7 D:\Study\Latihan\ci4\sinjam-master\system\CodeIgniter.php(824): App\Controllers\Transaksi->index()
#8 D:\Study\Latihan\ci4\sinjam-master\system\CodeIgniter.php(410): CodeIgniter\CodeIgniter->runController(Object(App\Controllers\Transaksi))
#9 D:\Study\Latihan\ci4\sinjam-master\system\CodeIgniter.php(318): CodeIgniter\CodeIgniter->handleRequest(NULL, Object(Config\Cache), false)
#10 D:\Study\Latihan\ci4\sinjam-master\public\index.php(37): CodeIgniter\CodeIgniter->run()
#11 D:\Study\Latihan\ci4\sinjam-master\system\Commands\Server\rewrite.php(43): require_once('D:\\Study\\Latiha...')
#12 {main}
CRITICAL - 2022-07-21 01:02:27 --> Request URI segment is out of range: 2
#0 D:\Study\Latihan\ci4\sinjam-master\system\HTTP\URI.php(529): CodeIgniter\HTTP\Exceptions\HTTPException::forURISegmentOutOfRange(2)
#1 D:\Study\Latihan\ci4\sinjam-master\app\Views\template.php(13): CodeIgniter\HTTP\URI->getSegment(2)
#2 D:\Study\Latihan\ci4\sinjam-master\system\View\View.php(214): include('D:\\Study\\Latiha...')
#3 D:\Study\Latihan\ci4\sinjam-master\system\View\View.php(217): CodeIgniter\View\View->CodeIgniter\View\{closure}()
#4 D:\Study\Latihan\ci4\sinjam-master\system\View\View.php(230): CodeIgniter\View\View->render('template', Array, true)
#5 D:\Study\Latihan\ci4\sinjam-master\system\Common.php(1097): CodeIgniter\View\View->render('transaksi', Array, true)
#6 D:\Study\Latihan\ci4\sinjam-master\app\Controllers\Transaksi.php(21): view('transaksi')
#7 D:\Study\Latihan\ci4\sinjam-master\system\CodeIgniter.php(824): App\Controllers\Transaksi->index()
#8 D:\Study\Latihan\ci4\sinjam-master\system\CodeIgniter.php(410): CodeIgniter\CodeIgniter->runController(Object(App\Controllers\Transaksi))
#9 D:\Study\Latihan\ci4\sinjam-master\system\CodeIgniter.php(318): CodeIgniter\CodeIgniter->handleRequest(NULL, Object(Config\Cache), false)
#10 D:\Study\Latihan\ci4\sinjam-master\public\index.php(37): CodeIgniter\CodeIgniter->run()
#11 D:\Study\Latihan\ci4\sinjam-master\system\Commands\Server\rewrite.php(43): require_once('D:\\Study\\Latiha...')
#12 {main}
CRITICAL - 2022-07-21 01:26:47 --> Undefined variable $aksi
#0 D:\Study\Latihan\ci4\sinjam-master\app\Views\barang.php(71): CodeIgniter\Debug\Exceptions->errorHandler(2, 'Undefined varia...', 'D:\\Study\\Latiha...', 71)
#1 D:\Study\Latihan\ci4\sinjam-master\system\View\View.php(214): include('D:\\Study\\Latiha...')
#2 D:\Study\Latihan\ci4\sinjam-master\system\View\View.php(217): CodeIgniter\View\View->CodeIgniter\View\{closure}()
#3 D:\Study\Latihan\ci4\sinjam-master\system\Common.php(1097): CodeIgniter\View\View->render('barang', Array, true)
#4 D:\Study\Latihan\ci4\sinjam-master\app\Controllers\Barang.php(39): view('barang', Array)
#5 D:\Study\Latihan\ci4\sinjam-master\system\CodeIgniter.php(824): App\Controllers\Barang->index()
#6 D:\Study\Latihan\ci4\sinjam-master\system\CodeIgniter.php(410): CodeIgniter\CodeIgniter->runController(Object(App\Controllers\Barang))
#7 D:\Study\Latihan\ci4\sinjam-master\system\CodeIgniter.php(318): CodeIgniter\CodeIgniter->handleRequest(NULL, Object(Config\Cache), false)
#8 D:\Study\Latihan\ci4\sinjam-master\public\index.php(37): CodeIgniter\CodeIgniter->run()
#9 D:\Study\Latihan\ci4\sinjam-master\system\Commands\Server\rewrite.php(43): require_once('D:\\Study\\Latiha...')
#10 {main}
CRITICAL - 2022-07-21 01:27:59 --> Undefined variable $aksi
#0 D:\Study\Latihan\ci4\sinjam-master\app\Views\barang.php(71): CodeIgniter\Debug\Exceptions->errorHandler(2, 'Undefined varia...', 'D:\\Study\\Latiha...', 71)
#1 D:\Study\Latihan\ci4\sinjam-master\system\View\View.php(214): include('D:\\Study\\Latiha...')
#2 D:\Study\Latihan\ci4\sinjam-master\system\View\View.php(217): CodeIgniter\View\View->CodeIgniter\View\{closure}()
#3 D:\Study\Latihan\ci4\sinjam-master\system\Common.php(1097): CodeIgniter\View\View->render('barang', Array, true)
#4 D:\Study\Latihan\ci4\sinjam-master\app\Controllers\Barang.php(39): view('barang', Array)
#5 D:\Study\Latihan\ci4\sinjam-master\system\CodeIgniter.php(824): App\Controllers\Barang->index()
#6 D:\Study\Latihan\ci4\sinjam-master\system\CodeIgniter.php(410): CodeIgniter\CodeIgniter->runController(Object(App\Controllers\Barang))
#7 D:\Study\Latihan\ci4\sinjam-master\system\CodeIgniter.php(318): CodeIgniter\CodeIgniter->handleRequest(NULL, Object(Config\Cache), false)
#8 D:\Study\Latihan\ci4\sinjam-master\public\index.php(37): CodeIgniter\CodeIgniter->run()
#9 D:\Study\Latihan\ci4\sinjam-master\system\Commands\Server\rewrite.php(43): require_once('D:\\Study\\Latiha...')
#10 {main}
CRITICAL - 2022-07-21 01:41:10 --> Undefined variable $aksi
#0 D:\Study\Latihan\ci4\sinjam-master\app\Views\barang.php(71): CodeIgniter\Debug\Exceptions->errorHandler(2, 'Undefined varia...', 'D:\\Study\\Latiha...', 71)
#1 D:\Study\Latihan\ci4\sinjam-master\system\View\View.php(214): include('D:\\Study\\Latiha...')
#2 D:\Study\Latihan\ci4\sinjam-master\system\View\View.php(217): CodeIgniter\View\View->CodeIgniter\View\{closure}()
#3 D:\Study\Latihan\ci4\sinjam-master\system\Common.php(1097): CodeIgniter\View\View->render('barang', Array, true)
#4 D:\Study\Latihan\ci4\sinjam-master\app\Controllers\Barang.php(39): view('barang', Array)
#5 D:\Study\Latihan\ci4\sinjam-master\system\CodeIgniter.php(824): App\Controllers\Barang->index()
#6 D:\Study\Latihan\ci4\sinjam-master\system\CodeIgniter.php(410): CodeIgniter\CodeIgniter->runController(Object(App\Controllers\Barang))
#7 D:\Study\Latihan\ci4\sinjam-master\system\CodeIgniter.php(318): CodeIgniter\CodeIgniter->handleRequest(NULL, Object(Config\Cache), false)
#8 D:\Study\Latihan\ci4\sinjam-master\public\index.php(37): CodeIgniter\CodeIgniter->run()
#9 D:\Study\Latihan\ci4\sinjam-master\system\Commands\Server\rewrite.php(43): require_once('D:\\Study\\Latiha...')
#10 {main}
CRITICAL - 2022-07-21 01:41:12 --> Undefined variable $aksi
#0 D:\Study\Latihan\ci4\sinjam-master\app\Views\barang.php(71): CodeIgniter\Debug\Exceptions->errorHandler(2, 'Undefined varia...', 'D:\\Study\\Latiha...', 71)
#1 D:\Study\Latihan\ci4\sinjam-master\system\View\View.php(214): include('D:\\Study\\Latiha...')
#2 D:\Study\Latihan\ci4\sinjam-master\system\View\View.php(217): CodeIgniter\View\View->CodeIgniter\View\{closure}()
#3 D:\Study\Latihan\ci4\sinjam-master\system\Common.php(1097): CodeIgniter\View\View->render('barang', Array, true)
#4 D:\Study\Latihan\ci4\sinjam-master\app\Controllers\Barang.php(39): view('barang', Array)
#5 D:\Study\Latihan\ci4\sinjam-master\system\CodeIgniter.php(824): App\Controllers\Barang->index()
#6 D:\Study\Latihan\ci4\sinjam-master\system\CodeIgniter.php(410): CodeIgniter\CodeIgniter->runController(Object(App\Controllers\Barang))
#7 D:\Study\Latihan\ci4\sinjam-master\system\CodeIgniter.php(318): CodeIgniter\CodeIgniter->handleRequest(NULL, Object(Config\Cache), false)
#8 D:\Study\Latihan\ci4\sinjam-master\public\index.php(37): CodeIgniter\CodeIgniter->run()
#9 D:\Study\Latihan\ci4\sinjam-master\system\Commands\Server\rewrite.php(43): require_once('D:\\Study\\Latiha...')
#10 {main}
CRITICAL - 2022-07-21 01:41:17 --> Undefined variable $aksi
#0 D:\Study\Latihan\ci4\sinjam-master\app\Views\barang.php(71): CodeIgniter\Debug\Exceptions->errorHandler(2, 'Undefined varia...', 'D:\\Study\\Latiha...', 71)
#1 D:\Study\Latihan\ci4\sinjam-master\system\View\View.php(214): include('D:\\Study\\Latiha...')
#2 D:\Study\Latihan\ci4\sinjam-master\system\View\View.php(217): CodeIgniter\View\View->CodeIgniter\View\{closure}()
#3 D:\Study\Latihan\ci4\sinjam-master\system\Common.php(1097): CodeIgniter\View\View->render('barang', Array, true)
#4 D:\Study\Latihan\ci4\sinjam-master\app\Controllers\Barang.php(39): view('barang', Array)
#5 D:\Study\Latihan\ci4\sinjam-master\system\CodeIgniter.php(824): App\Controllers\Barang->index()
#6 D:\Study\Latihan\ci4\sinjam-master\system\CodeIgniter.php(410): CodeIgniter\CodeIgniter->runController(Object(App\Controllers\Barang))
#7 D:\Study\Latihan\ci4\sinjam-master\system\CodeIgniter.php(318): CodeIgniter\CodeIgniter->handleRequest(NULL, Object(Config\Cache), false)
#8 D:\Study\Latihan\ci4\sinjam-master\public\index.php(37): CodeIgniter\CodeIgniter->run()
#9 D:\Study\Latihan\ci4\sinjam-master\system\Commands\Server\rewrite.php(43): require_once('D:\\Study\\Latiha...')
#10 {main}
CRITICAL - 2022-07-21 01:44:19 --> Undefined variable $aksi
#0 D:\Study\Latihan\ci4\sinjam-master\app\Views\barang.php(71): CodeIgniter\Debug\Exceptions->errorHandler(2, 'Undefined varia...', 'D:\\Study\\Latiha...', 71)
#1 D:\Study\Latihan\ci4\sinjam-master\system\View\View.php(214): include('D:\\Study\\Latiha...')
#2 D:\Study\Latihan\ci4\sinjam-master\system\View\View.php(217): CodeIgniter\View\View->CodeIgniter\View\{closure}()
#3 D:\Study\Latihan\ci4\sinjam-master\system\Common.php(1097): CodeIgniter\View\View->render('barang', Array, true)
#4 D:\Study\Latihan\ci4\sinjam-master\app\Controllers\Barang.php(39): view('barang', Array)
#5 D:\Study\Latihan\ci4\sinjam-master\system\CodeIgniter.php(824): App\Controllers\Barang->index()
#6 D:\Study\Latihan\ci4\sinjam-master\system\CodeIgniter.php(410): CodeIgniter\CodeIgniter->runController(Object(App\Controllers\Barang))
#7 D:\Study\Latihan\ci4\sinjam-master\system\CodeIgniter.php(318): CodeIgniter\CodeIgniter->handleRequest(NULL, Object(Config\Cache), false)
#8 D:\Study\Latihan\ci4\sinjam-master\public\index.php(37): CodeIgniter\CodeIgniter->run()
#9 D:\Study\Latihan\ci4\sinjam-master\system\Commands\Server\rewrite.php(43): require_once('D:\\Study\\Latiha...')
#10 {main}
CRITICAL - 2022-07-21 01:46:17 --> Undefined variable $aksi
#0 D:\Study\Latihan\ci4\sinjam-master\app\Views\barang.php(71): CodeIgniter\Debug\Exceptions->errorHandler(2, 'Undefined varia...', 'D:\\Study\\Latiha...', 71)
#1 D:\Study\Latihan\ci4\sinjam-master\system\View\View.php(214): include('D:\\Study\\Latiha...')
#2 D:\Study\Latihan\ci4\sinjam-master\system\View\View.php(217): CodeIgniter\View\View->CodeIgniter\View\{closure}()
#3 D:\Study\Latihan\ci4\sinjam-master\system\Common.php(1097): CodeIgniter\View\View->render('barang', Array, true)
#4 D:\Study\Latihan\ci4\sinjam-master\app\Controllers\Barang.php(39): view('barang', Array)
#5 D:\Study\Latihan\ci4\sinjam-master\system\CodeIgniter.php(824): App\Controllers\Barang->index()
#6 D:\Study\Latihan\ci4\sinjam-master\system\CodeIgniter.php(410): CodeIgniter\CodeIgniter->runController(Object(App\Controllers\Barang))
#7 D:\Study\Latihan\ci4\sinjam-master\system\CodeIgniter.php(318): CodeIgniter\CodeIgniter->handleRequest(NULL, Object(Config\Cache), false)
#8 D:\Study\Latihan\ci4\sinjam-master\public\index.php(37): CodeIgniter\CodeIgniter->run()
#9 D:\Study\Latihan\ci4\sinjam-master\system\Commands\Server\rewrite.php(43): require_once('D:\\Study\\Latiha...')
#10 {main}
CRITICAL - 2022-07-21 01:55:12 --> Undefined variable $aksi
#0 D:\Study\Latihan\ci4\sinjam-master\app\Views\barang.php(71): CodeIgniter\Debug\Exceptions->errorHandler(2, 'Undefined varia...', 'D:\\Study\\Latiha...', 71)
#1 D:\Study\Latihan\ci4\sinjam-master\system\View\View.php(214): include('D:\\Study\\Latiha...')
#2 D:\Study\Latihan\ci4\sinjam-master\system\View\View.php(217): CodeIgniter\View\View->CodeIgniter\View\{closure}()
#3 D:\Study\Latihan\ci4\sinjam-master\system\Common.php(1097): CodeIgniter\View\View->render('barang', Array, true)
#4 D:\Study\Latihan\ci4\sinjam-master\app\Controllers\Barang.php(39): view('barang', Array)
#5 D:\Study\Latihan\ci4\sinjam-master\system\CodeIgniter.php(824): App\Controllers\Barang->index()
#6 D:\Study\Latihan\ci4\sinjam-master\system\CodeIgniter.php(410): CodeIgniter\CodeIgniter->runController(Object(App\Controllers\Barang))
#7 D:\Study\Latihan\ci4\sinjam-master\system\CodeIgniter.php(318): CodeIgniter\CodeIgniter->handleRequest(NULL, Object(Config\Cache), false)
#8 D:\Study\Latihan\ci4\sinjam-master\public\index.php(37): CodeIgniter\CodeIgniter->run()
#9 D:\Study\Latihan\ci4\sinjam-master\system\Commands\Server\rewrite.php(43): require_once('D:\\Study\\Latiha...')
#10 {main}
CRITICAL - 2022-07-21 02:20:09 --> Undefined property: App\Controllers\Barang::$baranf
#0 D:\Study\Latihan\ci4\sinjam-master\app\Controllers\Barang.php(74): CodeIgniter\Debug\Exceptions->errorHandler(2, 'Undefined prope...', 'D:\\Study\\Latiha...', 74)
#1 D:\Study\Latihan\ci4\sinjam-master\system\CodeIgniter.php(824): App\Controllers\Barang->hapus()
#2 D:\Study\Latihan\ci4\sinjam-master\system\CodeIgniter.php(410): CodeIgniter\CodeIgniter->runController(Object(App\Controllers\Barang))
#3 D:\Study\Latihan\ci4\sinjam-master\system\CodeIgniter.php(318): CodeIgniter\CodeIgniter->handleRequest(NULL, Object(Config\Cache), false)
#4 D:\Study\Latihan\ci4\sinjam-master\public\index.php(37): CodeIgniter\CodeIgniter->run()
#5 D:\Study\Latihan\ci4\sinjam-master\system\Commands\Server\rewrite.php(43): require_once('D:\\Study\\Latiha...')
#6 {main}
CRITICAL - 2022-07-21 02:20:49 --> Undefined property: App\Controllers\Barang::$baranf
#0 D:\Study\Latihan\ci4\sinjam-master\app\Controllers\Barang.php(74): CodeIgniter\Debug\Exceptions->errorHandler(2, 'Undefined prope...', 'D:\\Study\\Latiha...', 74)
#1 D:\Study\Latihan\ci4\sinjam-master\system\CodeIgniter.php(824): App\Controllers\Barang->hapus()
#2 D:\Study\Latihan\ci4\sinjam-master\system\CodeIgniter.php(410): CodeIgniter\CodeIgniter->runController(Object(App\Controllers\Barang))
#3 D:\Study\Latihan\ci4\sinjam-master\system\CodeIgniter.php(318): CodeIgniter\CodeIgniter->handleRequest(NULL, Object(Config\Cache), false)
#4 D:\Study\Latihan\ci4\sinjam-master\public\index.php(37): CodeIgniter\CodeIgniter->run()
#5 D:\Study\Latihan\ci4\sinjam-master\system\Commands\Server\rewrite.php(43): require_once('D:\\Study\\Latiha...')
#6 {main}
CRITICAL - 2022-07-21 02:51:45 --> Undefined variable $aksi
#0 D:\Study\Latihan\ci4\sinjam-master\app\Views\barang.php(84): CodeIgniter\Debug\Exceptions->errorHandler(2, 'Undefined varia...', 'D:\\Study\\Latiha...', 84)
#1 D:\Study\Latihan\ci4\sinjam-master\system\View\View.php(214): include('D:\\Study\\Latiha...')
#2 D:\Study\Latihan\ci4\sinjam-master\system\View\View.php(217): CodeIgniter\View\View->CodeIgniter\View\{closure}()
#3 D:\Study\Latihan\ci4\sinjam-master\system\Common.php(1097): CodeIgniter\View\View->render('barang', Array, true)
#4 D:\Study\Latihan\ci4\sinjam-master\app\Controllers\Barang.php(39): view('barang', Array)
#5 D:\Study\Latihan\ci4\sinjam-master\system\CodeIgniter.php(824): App\Controllers\Barang->index()
#6 D:\Study\Latihan\ci4\sinjam-master\system\CodeIgniter.php(410): CodeIgniter\CodeIgniter->runController(Object(App\Controllers\Barang))
#7 D:\Study\Latihan\ci4\sinjam-master\system\CodeIgniter.php(318): CodeIgniter\CodeIgniter->handleRequest(NULL, Object(Config\Cache), false)
#8 D:\Study\Latihan\ci4\sinjam-master\public\index.php(37): CodeIgniter\CodeIgniter->run()
#9 D:\Study\Latihan\ci4\sinjam-master\system\Commands\Server\rewrite.php(43): require_once('D:\\Study\\Latiha...')
#10 {main}
CRITICAL - 2022-07-21 02:52:36 --> Undefined variable $aksi
#0 D:\Study\Latihan\ci4\sinjam-master\app\Views\barang.php(84): CodeIgniter\Debug\Exceptions->errorHandler(2, 'Undefined varia...', 'D:\\Study\\Latiha...', 84)
#1 D:\Study\Latihan\ci4\sinjam-master\system\View\View.php(214): include('D:\\Study\\Latiha...')
#2 D:\Study\Latihan\ci4\sinjam-master\system\View\View.php(217): CodeIgniter\View\View->CodeIgniter\View\{closure}()
#3 D:\Study\Latihan\ci4\sinjam-master\system\Common.php(1097): CodeIgniter\View\View->render('barang', Array, true)
#4 D:\Study\Latihan\ci4\sinjam-master\app\Controllers\Barang.php(39): view('barang', Array)
#5 D:\Study\Latihan\ci4\sinjam-master\system\CodeIgniter.php(824): App\Controllers\Barang->index()
#6 D:\Study\Latihan\ci4\sinjam-master\system\CodeIgniter.php(410): CodeIgniter\CodeIgniter->runController(Object(App\Controllers\Barang))
#7 D:\Study\Latihan\ci4\sinjam-master\system\CodeIgniter.php(318): CodeIgniter\CodeIgniter->handleRequest(NULL, Object(Config\Cache), false)
#8 D:\Study\Latihan\ci4\sinjam-master\public\index.php(37): CodeIgniter\CodeIgniter->run()
#9 D:\Study\Latihan\ci4\sinjam-master\system\Commands\Server\rewrite.php(43): require_once('D:\\Study\\Latiha...')
#10 {main}
CRITICAL - 2022-07-21 02:52:38 --> Undefined variable $aksi
#0 D:\Study\Latihan\ci4\sinjam-master\app\Views\barang.php(84): CodeIgniter\Debug\Exceptions->errorHandler(2, 'Undefined varia...', 'D:\\Study\\Latiha...', 84)
#1 D:\Study\Latihan\ci4\sinjam-master\system\View\View.php(214): include('D:\\Study\\Latiha...')
#2 D:\Study\Latihan\ci4\sinjam-master\system\View\View.php(217): CodeIgniter\View\View->CodeIgniter\View\{closure}()
#3 D:\Study\Latihan\ci4\sinjam-master\system\Common.php(1097): CodeIgniter\View\View->render('barang', Array, true)
#4 D:\Study\Latihan\ci4\sinjam-master\app\Controllers\Barang.php(39): view('barang', Array)
#5 D:\Study\Latihan\ci4\sinjam-master\system\CodeIgniter.php(824): App\Controllers\Barang->index()
#6 D:\Study\Latihan\ci4\sinjam-master\system\CodeIgniter.php(410): CodeIgniter\CodeIgniter->runController(Object(App\Controllers\Barang))
#7 D:\Study\Latihan\ci4\sinjam-master\system\CodeIgniter.php(318): CodeIgniter\CodeIgniter->handleRequest(NULL, Object(Config\Cache), false)
#8 D:\Study\Latihan\ci4\sinjam-master\public\index.php(37): CodeIgniter\CodeIgniter->run()
#9 D:\Study\Latihan\ci4\sinjam-master\system\Commands\Server\rewrite.php(43): require_once('D:\\Study\\Latiha...')
#10 {main}
CRITICAL - 2022-07-21 02:54:57 --> Undefined variable $aksi
#0 D:\Study\Latihan\ci4\sinjam-master\app\Views\barang.php(84): CodeIgniter\Debug\Exceptions->errorHandler(2, 'Undefined varia...', 'D:\\Study\\Latiha...', 84)
#1 D:\Study\Latihan\ci4\sinjam-master\system\View\View.php(214): include('D:\\Study\\Latiha...')
#2 D:\Study\Latihan\ci4\sinjam-master\system\View\View.php(217): CodeIgniter\View\View->CodeIgniter\View\{closure}()
#3 D:\Study\Latihan\ci4\sinjam-master\system\Common.php(1097): CodeIgniter\View\View->render('barang', Array, true)
#4 D:\Study\Latihan\ci4\sinjam-master\app\Controllers\Barang.php(39): view('barang', Array)
#5 D:\Study\Latihan\ci4\sinjam-master\system\CodeIgniter.php(824): App\Controllers\Barang->index()
#6 D:\Study\Latihan\ci4\sinjam-master\system\CodeIgniter.php(410): CodeIgniter\CodeIgniter->runController(Object(App\Controllers\Barang))
#7 D:\Study\Latihan\ci4\sinjam-master\system\CodeIgniter.php(318): CodeIgniter\CodeIgniter->handleRequest(NULL, Object(Config\Cache), false)
#8 D:\Study\Latihan\ci4\sinjam-master\public\index.php(37): CodeIgniter\CodeIgniter->run()
#9 D:\Study\Latihan\ci4\sinjam-master\system\Commands\Server\rewrite.php(43): require_once('D:\\Study\\Latiha...')
#10 {main}
CRITICAL - 2022-07-21 02:55:44 --> Undefined variable $aksi
#0 D:\Study\Latihan\ci4\sinjam-master\app\Views\barang.php(84): CodeIgniter\Debug\Exceptions->errorHandler(2, 'Undefined varia...', 'D:\\Study\\Latiha...', 84)
#1 D:\Study\Latihan\ci4\sinjam-master\system\View\View.php(214): include('D:\\Study\\Latiha...')
#2 D:\Study\Latihan\ci4\sinjam-master\system\View\View.php(217): CodeIgniter\View\View->CodeIgniter\View\{closure}()
#3 D:\Study\Latihan\ci4\sinjam-master\system\Common.php(1097): CodeIgniter\View\View->render('barang', Array, true)
#4 D:\Study\Latihan\ci4\sinjam-master\app\Controllers\Barang.php(39): view('barang', Array)
#5 D:\Study\Latihan\ci4\sinjam-master\system\CodeIgniter.php(824): App\Controllers\Barang->index()
#6 D:\Study\Latihan\ci4\sinjam-master\system\CodeIgniter.php(410): CodeIgniter\CodeIgniter->runController(Object(App\Controllers\Barang))
#7 D:\Study\Latihan\ci4\sinjam-master\system\CodeIgniter.php(318): CodeIgniter\CodeIgniter->handleRequest(NULL, Object(Config\Cache), false)
#8 D:\Study\Latihan\ci4\sinjam-master\public\index.php(37): CodeIgniter\CodeIgniter->run()
#9 D:\Study\Latihan\ci4\sinjam-master\system\Commands\Server\rewrite.php(43): require_once('D:\\Study\\Latiha...')
#10 {main}
CRITICAL - 2022-07-21 02:55:48 --> Undefined variable $aksi
#0 D:\Study\Latihan\ci4\sinjam-master\app\Views\barang.php(84): CodeIgniter\Debug\Exceptions->errorHandler(2, 'Undefined varia...', 'D:\\Study\\Latiha...', 84)
#1 D:\Study\Latihan\ci4\sinjam-master\system\View\View.php(214): include('D:\\Study\\Latiha...')
#2 D:\Study\Latihan\ci4\sinjam-master\system\View\View.php(217): CodeIgniter\View\View->CodeIgniter\View\{closure}()
#3 D:\Study\Latihan\ci4\sinjam-master\system\Common.php(1097): CodeIgniter\View\View->render('barang', Array, true)
#4 D:\Study\Latihan\ci4\sinjam-master\app\Controllers\Barang.php(39): view('barang', Array)
#5 D:\Study\Latihan\ci4\sinjam-master\system\CodeIgniter.php(824): App\Controllers\Barang->index()
#6 D:\Study\Latihan\ci4\sinjam-master\system\CodeIgniter.php(410): CodeIgniter\CodeIgniter->runController(Object(App\Controllers\Barang))
#7 D:\Study\Latihan\ci4\sinjam-master\system\CodeIgniter.php(318): CodeIgniter\CodeIgniter->handleRequest(NULL, Object(Config\Cache), false)
#8 D:\Study\Latihan\ci4\sinjam-master\public\index.php(37): CodeIgniter\CodeIgniter->run()
#9 D:\Study\Latihan\ci4\sinjam-master\system\Commands\Server\rewrite.php(43): require_once('D:\\Study\\Latiha...')
#10 {main}
CRITICAL - 2022-07-21 02:55:59 --> Undefined variable $aksi
#0 D:\Study\Latihan\ci4\sinjam-master\app\Views\barang.php(84): CodeIgniter\Debug\Exceptions->errorHandler(2, 'Undefined varia...', 'D:\\Study\\Latiha...', 84)
#1 D:\Study\Latihan\ci4\sinjam-master\system\View\View.php(214): include('D:\\Study\\Latiha...')
#2 D:\Study\Latihan\ci4\sinjam-master\system\View\View.php(217): CodeIgniter\View\View->CodeIgniter\View\{closure}()
#3 D:\Study\Latihan\ci4\sinjam-master\system\Common.php(1097): CodeIgniter\View\View->render('barang', Array, true)
#4 D:\Study\Latihan\ci4\sinjam-master\app\Controllers\Barang.php(39): view('barang', Array)
#5 D:\Study\Latihan\ci4\sinjam-master\system\CodeIgniter.php(824): App\Controllers\Barang->index()
#6 D:\Study\Latihan\ci4\sinjam-master\system\CodeIgniter.php(410): CodeIgniter\CodeIgniter->runController(Object(App\Controllers\Barang))
#7 D:\Study\Latihan\ci4\sinjam-master\system\CodeIgniter.php(318): CodeIgniter\CodeIgniter->handleRequest(NULL, Object(Config\Cache), false)
#8 D:\Study\Latihan\ci4\sinjam-master\public\index.php(37): CodeIgniter\CodeIgniter->run()
#9 D:\Study\Latihan\ci4\sinjam-master\system\Commands\Server\rewrite.php(43): require_once('D:\\Study\\Latiha...')
#10 {main}
CRITICAL - 2022-07-21 02:56:14 --> Request URI segment is out of range: 2
#0 D:\Study\Latihan\ci4\sinjam-master\system\HTTP\URI.php(529): CodeIgniter\HTTP\Exceptions\HTTPException::forURISegmentOutOfRange(2)
#1 D:\Study\Latihan\ci4\sinjam-master\app\Views\template.php(13): CodeIgniter\HTTP\URI->getSegment(2)
#2 D:\Study\Latihan\ci4\sinjam-master\system\View\View.php(214): include('D:\\Study\\Latiha...')
#3 D:\Study\Latihan\ci4\sinjam-master\system\View\View.php(217): CodeIgniter\View\View->CodeIgniter\View\{closure}()
#4 D:\Study\Latihan\ci4\sinjam-master\system\View\View.php(230): CodeIgniter\View\View->render('template', Array, true)
#5 D:\Study\Latihan\ci4\sinjam-master\system\Common.php(1097): CodeIgniter\View\View->render('transaksi', Array, true)
#6 D:\Study\Latihan\ci4\sinjam-master\app\Controllers\Transaksi.php(21): view('transaksi')
#7 D:\Study\Latihan\ci4\sinjam-master\system\CodeIgniter.php(824): App\Controllers\Transaksi->index()
#8 D:\Study\Latihan\ci4\sinjam-master\system\CodeIgniter.php(410): CodeIgniter\CodeIgniter->runController(Object(App\Controllers\Transaksi))
#9 D:\Study\Latihan\ci4\sinjam-master\system\CodeIgniter.php(318): CodeIgniter\CodeIgniter->handleRequest(NULL, Object(Config\Cache), false)
#10 D:\Study\Latihan\ci4\sinjam-master\public\index.php(37): CodeIgniter\CodeIgniter->run()
#11 D:\Study\Latihan\ci4\sinjam-master\system\Commands\Server\rewrite.php(43): require_once('D:\\Study\\Latiha...')
#12 {main}
CRITICAL - 2022-07-21 03:38:19 --> Undefined variable $aksi
#0 D:\Study\Latihan\ci4\sinjam-master\app\Views\barang.php(85): CodeIgniter\Debug\Exceptions->errorHandler(2, 'Undefined varia...', 'D:\\Study\\Latiha...', 85)
#1 D:\Study\Latihan\ci4\sinjam-master\system\View\View.php(214): include('D:\\Study\\Latiha...')
#2 D:\Study\Latihan\ci4\sinjam-master\system\View\View.php(217): CodeIgniter\View\View->CodeIgniter\View\{closure}()
#3 D:\Study\Latihan\ci4\sinjam-master\system\Common.php(1097): CodeIgniter\View\View->render('barang', Array, true)
#4 D:\Study\Latihan\ci4\sinjam-master\app\Controllers\Barang.php(39): view('barang', Array)
#5 D:\Study\Latihan\ci4\sinjam-master\system\CodeIgniter.php(824): App\Controllers\Barang->index()
#6 D:\Study\Latihan\ci4\sinjam-master\system\CodeIgniter.php(410): CodeIgniter\CodeIgniter->runController(Object(App\Controllers\Barang))
#7 D:\Study\Latihan\ci4\sinjam-master\system\CodeIgniter.php(318): CodeIgniter\CodeIgniter->handleRequest(NULL, Object(Config\Cache), false)
#8 D:\Study\Latihan\ci4\sinjam-master\public\index.php(37): CodeIgniter\CodeIgniter->run()
#9 D:\Study\Latihan\ci4\sinjam-master\system\Commands\Server\rewrite.php(43): require_once('D:\\Study\\Latiha...')
#10 {main}
CRITICAL - 2022-07-21 03:42:43 --> Request URI segment is out of range: 2
#0 D:\Study\Latihan\ci4\sinjam-master\system\HTTP\URI.php(529): CodeIgniter\HTTP\Exceptions\HTTPException::forURISegmentOutOfRange(2)
#1 D:\Study\Latihan\ci4\sinjam-master\app\Views\template.php(13): CodeIgniter\HTTP\URI->getSegment(2)
#2 D:\Study\Latihan\ci4\sinjam-master\system\View\View.php(214): include('D:\\Study\\Latiha...')
#3 D:\Study\Latihan\ci4\sinjam-master\system\View\View.php(217): CodeIgniter\View\View->CodeIgniter\View\{closure}()
#4 D:\Study\Latihan\ci4\sinjam-master\system\View\View.php(230): CodeIgniter\View\View->render('template', Array, true)
#5 D:\Study\Latihan\ci4\sinjam-master\system\Common.php(1097): CodeIgniter\View\View->render('transaksi', Array, true)
#6 D:\Study\Latihan\ci4\sinjam-master\app\Controllers\Transaksi.php(21): view('transaksi')
#7 D:\Study\Latihan\ci4\sinjam-master\system\CodeIgniter.php(824): App\Controllers\Transaksi->index()
#8 D:\Study\Latihan\ci4\sinjam-master\system\CodeIgniter.php(410): CodeIgniter\CodeIgniter->runController(Object(App\Controllers\Transaksi))
#9 D:\Study\Latihan\ci4\sinjam-master\system\CodeIgniter.php(318): CodeIgniter\CodeIgniter->handleRequest(NULL, Object(Config\Cache), false)
#10 D:\Study\Latihan\ci4\sinjam-master\public\index.php(37): CodeIgniter\CodeIgniter->run()
#11 D:\Study\Latihan\ci4\sinjam-master\system\Commands\Server\rewrite.php(43): require_once('D:\\Study\\Latiha...')
#12 {main}
CRITICAL - 2022-07-21 03:50:20 --> Request URI segment is out of range: 2
#0 D:\Study\Latihan\ci4\sinjam-master\system\HTTP\URI.php(529): CodeIgniter\HTTP\Exceptions\HTTPException::forURISegmentOutOfRange(2)
#1 D:\Study\Latihan\ci4\sinjam-master\app\Views\template.php(13): CodeIgniter\HTTP\URI->getSegment(2)
#2 D:\Study\Latihan\ci4\sinjam-master\system\View\View.php(214): include('D:\\Study\\Latiha...')
#3 D:\Study\Latihan\ci4\sinjam-master\system\View\View.php(217): CodeIgniter\View\View->CodeIgniter\View\{closure}()
#4 D:\Study\Latihan\ci4\sinjam-master\system\View\View.php(230): CodeIgniter\View\View->render('template', Array, true)
#5 D:\Study\Latihan\ci4\sinjam-master\system\Common.php(1097): CodeIgniter\View\View->render('transaksi', Array, true)
#6 D:\Study\Latihan\ci4\sinjam-master\app\Controllers\Transaksi.php(21): view('transaksi')
#7 D:\Study\Latihan\ci4\sinjam-master\system\CodeIgniter.php(824): App\Controllers\Transaksi->index()
#8 D:\Study\Latihan\ci4\sinjam-master\system\CodeIgniter.php(410): CodeIgniter\CodeIgniter->runController(Object(App\Controllers\Transaksi))
#9 D:\Study\Latihan\ci4\sinjam-master\system\CodeIgniter.php(318): CodeIgniter\CodeIgniter->handleRequest(NULL, Object(Config\Cache), false)
#10 D:\Study\Latihan\ci4\sinjam-master\public\index.php(37): CodeIgniter\CodeIgniter->run()
#11 D:\Study\Latihan\ci4\sinjam-master\system\Commands\Server\rewrite.php(43): require_once('D:\\Study\\Latiha...')
#12 {main}
CRITICAL - 2022-07-21 03:50:22 --> Request URI segment is out of range: 2
#0 D:\Study\Latihan\ci4\sinjam-master\system\HTTP\URI.php(529): CodeIgniter\HTTP\Exceptions\HTTPException::forURISegmentOutOfRange(2)
#1 D:\Study\Latihan\ci4\sinjam-master\app\Views\template.php(13): CodeIgniter\HTTP\URI->getSegment(2)
#2 D:\Study\Latihan\ci4\sinjam-master\system\View\View.php(214): include('D:\\Study\\Latiha...')
#3 D:\Study\Latihan\ci4\sinjam-master\system\View\View.php(217): CodeIgniter\View\View->CodeIgniter\View\{closure}()
#4 D:\Study\Latihan\ci4\sinjam-master\system\View\View.php(230): CodeIgniter\View\View->render('template', Array, true)
#5 D:\Study\Latihan\ci4\sinjam-master\system\Common.php(1097): CodeIgniter\View\View->render('transaksi', Array, true)
#6 D:\Study\Latihan\ci4\sinjam-master\app\Controllers\Transaksi.php(21): view('transaksi')
#7 D:\Study\Latihan\ci4\sinjam-master\system\CodeIgniter.php(824): App\Controllers\Transaksi->index()
#8 D:\Study\Latihan\ci4\sinjam-master\system\CodeIgniter.php(410): CodeIgniter\CodeIgniter->runController(Object(App\Controllers\Transaksi))
#9 D:\Study\Latihan\ci4\sinjam-master\system\CodeIgniter.php(318): CodeIgniter\CodeIgniter->handleRequest(NULL, Object(Config\Cache), false)
#10 D:\Study\Latihan\ci4\sinjam-master\public\index.php(37): CodeIgniter\CodeIgniter->run()
#11 D:\Study\Latihan\ci4\sinjam-master\system\Commands\Server\rewrite.php(43): require_once('D:\\Study\\Latiha...')
#12 {main}
CRITICAL - 2022-07-21 03:53:06 --> Undefined variable $aksi
#0 D:\Study\Latihan\ci4\sinjam-master\app\Views\barang.php(85): CodeIgniter\Debug\Exceptions->errorHandler(2, 'Undefined varia...', 'D:\\Study\\Latiha...', 85)
#1 D:\Study\Latihan\ci4\sinjam-master\system\View\View.php(214): include('D:\\Study\\Latiha...')
#2 D:\Study\Latihan\ci4\sinjam-master\system\View\View.php(217): CodeIgniter\View\View->CodeIgniter\View\{closure}()
#3 D:\Study\Latihan\ci4\sinjam-master\system\Common.php(1097): CodeIgniter\View\View->render('barang', Array, true)
#4 D:\Study\Latihan\ci4\sinjam-master\app\Controllers\Barang.php(39): view('barang', Array)
#5 D:\Study\Latihan\ci4\sinjam-master\system\CodeIgniter.php(824): App\Controllers\Barang->index()
#6 D:\Study\Latihan\ci4\sinjam-master\system\CodeIgniter.php(410): CodeIgniter\CodeIgniter->runController(Object(App\Controllers\Barang))
#7 D:\Study\Latihan\ci4\sinjam-master\system\CodeIgniter.php(318): CodeIgniter\CodeIgniter->handleRequest(NULL, Object(Config\Cache), false)
#8 D:\Study\Latihan\ci4\sinjam-master\public\index.php(37): CodeIgniter\CodeIgniter->run()
#9 D:\Study\Latihan\ci4\sinjam-master\system\Commands\Server\rewrite.php(43): require_once('D:\\Study\\Latiha...')
#10 {main}
CRITICAL - 2022-07-21 03:54:28 --> Undefined variable $aksi
#0 D:\Study\Latihan\ci4\sinjam-master\app\Views\barang.php(85): CodeIgniter\Debug\Exceptions->errorHandler(2, 'Undefined varia...', 'D:\\Study\\Latiha...', 85)
#1 D:\Study\Latihan\ci4\sinjam-master\system\View\View.php(214): include('D:\\Study\\Latiha...')
#2 D:\Study\Latihan\ci4\sinjam-master\system\View\View.php(217): CodeIgniter\View\View->CodeIgniter\View\{closure}()
#3 D:\Study\Latihan\ci4\sinjam-master\system\Common.php(1097): CodeIgniter\View\View->render('barang', Array, true)
#4 D:\Study\Latihan\ci4\sinjam-master\app\Controllers\Barang.php(39): view('barang', Array)
#5 D:\Study\Latihan\ci4\sinjam-master\system\CodeIgniter.php(824): App\Controllers\Barang->index()
#6 D:\Study\Latihan\ci4\sinjam-master\system\CodeIgniter.php(410): CodeIgniter\CodeIgniter->runController(Object(App\Controllers\Barang))
#7 D:\Study\Latihan\ci4\sinjam-master\system\CodeIgniter.php(318): CodeIgniter\CodeIgniter->handleRequest(NULL, Object(Config\Cache), false)
#8 D:\Study\Latihan\ci4\sinjam-master\public\index.php(37): CodeIgniter\CodeIgniter->run()
#9 D:\Study\Latihan\ci4\sinjam-master\system\Commands\Server\rewrite.php(43): require_once('D:\\Study\\Latiha...')
#10 {main}
CRITICAL - 2022-07-21 03:55:07 --> Undefined variable $aksi
#0 D:\Study\Latihan\ci4\sinjam-master\app\Views\barang.php(85): CodeIgniter\Debug\Exceptions->errorHandler(2, 'Undefined varia...', 'D:\\Study\\Latiha...', 85)
#1 D:\Study\Latihan\ci4\sinjam-master\system\View\View.php(214): include('D:\\Study\\Latiha...')
#2 D:\Study\Latihan\ci4\sinjam-master\system\View\View.php(217): CodeIgniter\View\View->CodeIgniter\View\{closure}()
#3 D:\Study\Latihan\ci4\sinjam-master\system\Common.php(1097): CodeIgniter\View\View->render('barang', Array, true)
#4 D:\Study\Latihan\ci4\sinjam-master\app\Controllers\Barang.php(39): view('barang', Array)
#5 D:\Study\Latihan\ci4\sinjam-master\system\CodeIgniter.php(824): App\Controllers\Barang->index()
#6 D:\Study\Latihan\ci4\sinjam-master\system\CodeIgniter.php(410): CodeIgniter\CodeIgniter->runController(Object(App\Controllers\Barang))
#7 D:\Study\Latihan\ci4\sinjam-master\system\CodeIgniter.php(318): CodeIgniter\CodeIgniter->handleRequest(NULL, Object(Config\Cache), false)
#8 D:\Study\Latihan\ci4\sinjam-master\public\index.php(37): CodeIgniter\CodeIgniter->run()
#9 D:\Study\Latihan\ci4\sinjam-master\system\Commands\Server\rewrite.php(43): require_once('D:\\Study\\Latiha...')
#10 {main}
CRITICAL - 2022-07-21 04:50:03 --> Undefined variable $aksi
#0 D:\Study\Latihan\ci4\sinjam-master\app\Views\barang.php(85): CodeIgniter\Debug\Exceptions->errorHandler(2, 'Undefined varia...', 'D:\\Study\\Latiha...', 85)
#1 D:\Study\Latihan\ci4\sinjam-master\system\View\View.php(214): include('D:\\Study\\Latiha...')
#2 D:\Study\Latihan\ci4\sinjam-master\system\View\View.php(217): CodeIgniter\View\View->CodeIgniter\View\{closure}()
#3 D:\Study\Latihan\ci4\sinjam-master\system\Common.php(1097): CodeIgniter\View\View->render('barang', Array, true)
#4 D:\Study\Latihan\ci4\sinjam-master\app\Controllers\Barang.php(39): view('barang', Array)
#5 D:\Study\Latihan\ci4\sinjam-master\system\CodeIgniter.php(824): App\Controllers\Barang->index()
#6 D:\Study\Latihan\ci4\sinjam-master\system\CodeIgniter.php(410): CodeIgniter\CodeIgniter->runController(Object(App\Controllers\Barang))
#7 D:\Study\Latihan\ci4\sinjam-master\system\CodeIgniter.php(318): CodeIgniter\CodeIgniter->handleRequest(NULL, Object(Config\Cache), false)
#8 D:\Study\Latihan\ci4\sinjam-master\public\index.php(37): CodeIgniter\CodeIgniter->run()
#9 D:\Study\Latihan\ci4\sinjam-master\system\Commands\Server\rewrite.php(43): require_once('D:\\Study\\Latiha...')
#10 {main}
CRITICAL - 2022-07-21 04:50:05 --> Undefined variable $aksi
#0 D:\Study\Latihan\ci4\sinjam-master\app\Views\barang.php(85): CodeIgniter\Debug\Exceptions->errorHandler(2, 'Undefined varia...', 'D:\\Study\\Latiha...', 85)
#1 D:\Study\Latihan\ci4\sinjam-master\system\View\View.php(214): include('D:\\Study\\Latiha...')
#2 D:\Study\Latihan\ci4\sinjam-master\system\View\View.php(217): CodeIgniter\View\View->CodeIgniter\View\{closure}()
#3 D:\Study\Latihan\ci4\sinjam-master\system\Common.php(1097): CodeIgniter\View\View->render('barang', Array, true)
#4 D:\Study\Latihan\ci4\sinjam-master\app\Controllers\Barang.php(39): view('barang', Array)
#5 D:\Study\Latihan\ci4\sinjam-master\system\CodeIgniter.php(824): App\Controllers\Barang->index()
#6 D:\Study\Latihan\ci4\sinjam-master\system\CodeIgniter.php(410): CodeIgniter\CodeIgniter->runController(Object(App\Controllers\Barang))
#7 D:\Study\Latihan\ci4\sinjam-master\system\CodeIgniter.php(318): CodeIgniter\CodeIgniter->handleRequest(NULL, Object(Config\Cache), false)
#8 D:\Study\Latihan\ci4\sinjam-master\public\index.php(37): CodeIgniter\CodeIgniter->run()
#9 D:\Study\Latihan\ci4\sinjam-master\system\Commands\Server\rewrite.php(43): require_once('D:\\Study\\Latiha...')
#10 {main}
CRITICAL - 2022-07-21 19:57:11 --> Request URI segment is out of range: 2
#0 D:\Study\Latihan\ci4\sinjam-master\system\HTTP\URI.php(529): CodeIgniter\HTTP\Exceptions\HTTPException::forURISegmentOutOfRange(2)
#1 D:\Study\Latihan\ci4\sinjam-master\app\Views\template.php(13): CodeIgniter\HTTP\URI->getSegment(2)
#2 D:\Study\Latihan\ci4\sinjam-master\system\View\View.php(214): include('D:\\Study\\Latiha...')
#3 D:\Study\Latihan\ci4\sinjam-master\system\View\View.php(217): CodeIgniter\View\View->CodeIgniter\View\{closure}()
#4 D:\Study\Latihan\ci4\sinjam-master\system\View\View.php(230): CodeIgniter\View\View->render('template', Array, true)
#5 D:\Study\Latihan\ci4\sinjam-master\system\Common.php(1097): CodeIgniter\View\View->render('transaksi', Array, true)
#6 D:\Study\Latihan\ci4\sinjam-master\app\Controllers\Transaksi.php(21): view('transaksi')
#7 D:\Study\Latihan\ci4\sinjam-master\system\CodeIgniter.php(824): App\Controllers\Transaksi->index()
#8 D:\Study\Latihan\ci4\sinjam-master\system\CodeIgniter.php(410): CodeIgniter\CodeIgniter->runController(Object(App\Controllers\Transaksi))
#9 D:\Study\Latihan\ci4\sinjam-master\system\CodeIgniter.php(318): CodeIgniter\CodeIgniter->handleRequest(NULL, Object(Config\Cache), false)
#10 D:\Study\Latihan\ci4\sinjam-master\public\index.php(37): CodeIgniter\CodeIgniter->run()
#11 D:\Study\Latihan\ci4\sinjam-master\system\Commands\Server\rewrite.php(43): require_once('D:\\Study\\Latiha...')
#12 {main}
