CRITICAL - 2022-08-11 00:49:12 --> Request URI segment is out of range: 2
#0 D:\Study\Latihan\ci4\sinjamlaporan\system\HTTP\URI.php(529): CodeIgniter\HTTP\Exceptions\HTTPException::forURISegmentOutOfRange(2)
#1 D:\Study\Latihan\ci4\sinjamlaporan\app\Views\template.php(13): CodeIgniter\HTTP\URI->getSegment(2)
#2 D:\Study\Latihan\ci4\sinjamlaporan\system\View\View.php(214): include('D:\\Study\\Latiha...')
#3 D:\Study\Latihan\ci4\sinjamlaporan\system\View\View.php(217): CodeIgniter\View\View->CodeIgniter\View\{closure}()
#4 D:\Study\Latihan\ci4\sinjamlaporan\system\View\View.php(230): CodeIgniter\View\View->render('template', Array, true)
#5 D:\Study\Latihan\ci4\sinjamlaporan\system\Common.php(1097): CodeIgniter\View\View->render('landing', Array, true)
#6 D:\Study\Latihan\ci4\sinjamlaporan\app\Controllers\Landing.php(23): view('landing')
#7 D:\Study\Latihan\ci4\sinjamlaporan\system\CodeIgniter.php(824): App\Controllers\Landing->index()
#8 D:\Study\Latihan\ci4\sinjamlaporan\system\CodeIgniter.php(410): CodeIgniter\CodeIgniter->runController(Object(App\Controllers\Landing))
#9 D:\Study\Latihan\ci4\sinjamlaporan\system\CodeIgniter.php(318): CodeIgniter\CodeIgniter->handleRequest(NULL, Object(Config\Cache), false)
#10 D:\Study\Latihan\ci4\sinjamlaporan\public\index.php(37): CodeIgniter\CodeIgniter->run()
#11 D:\Study\Latihan\ci4\sinjamlaporan\system\Commands\Server\rewrite.php(43): require_once('D:\\Study\\Latiha...')
#12 {main}
CRITICAL - 2022-08-11 00:50:30 --> Request URI segment is out of range: 2
#0 D:\Study\Latihan\ci4\sinjamlaporan\system\HTTP\URI.php(529): CodeIgniter\HTTP\Exceptions\HTTPException::forURISegmentOutOfRange(2)
#1 D:\Study\Latihan\ci4\sinjamlaporan\app\Views\template.php(13): CodeIgniter\HTTP\URI->getSegment(2)
#2 D:\Study\Latihan\ci4\sinjamlaporan\system\View\View.php(214): include('D:\\Study\\Latiha...')
#3 D:\Study\Latihan\ci4\sinjamlaporan\system\View\View.php(217): CodeIgniter\View\View->CodeIgniter\View\{closure}()
#4 D:\Study\Latihan\ci4\sinjamlaporan\system\View\View.php(230): CodeIgniter\View\View->render('template', Array, true)
#5 D:\Study\Latihan\ci4\sinjamlaporan\system\Common.php(1097): CodeIgniter\View\View->render('landing', Array, true)
#6 D:\Study\Latihan\ci4\sinjamlaporan\app\Controllers\Landing.php(23): view('landing')
#7 D:\Study\Latihan\ci4\sinjamlaporan\system\CodeIgniter.php(824): App\Controllers\Landing->index()
#8 D:\Study\Latihan\ci4\sinjamlaporan\system\CodeIgniter.php(410): CodeIgniter\CodeIgniter->runController(Object(App\Controllers\Landing))
#9 D:\Study\Latihan\ci4\sinjamlaporan\system\CodeIgniter.php(318): CodeIgniter\CodeIgniter->handleRequest(NULL, Object(Config\Cache), false)
#10 D:\Study\Latihan\ci4\sinjamlaporan\public\index.php(37): CodeIgniter\CodeIgniter->run()
#11 D:\Study\Latihan\ci4\sinjamlaporan\system\Commands\Server\rewrite.php(43): require_once('D:\\Study\\Latiha...')
#12 {main}
CRITICAL - 2022-08-11 00:51:02 --> Request URI segment is out of range: 2
#0 D:\Study\Latihan\ci4\sinjamlaporan\system\HTTP\URI.php(529): CodeIgniter\HTTP\Exceptions\HTTPException::forURISegmentOutOfRange(2)
#1 D:\Study\Latihan\ci4\sinjamlaporan\app\Views\template.php(13): CodeIgniter\HTTP\URI->getSegment(2)
#2 D:\Study\Latihan\ci4\sinjamlaporan\system\View\View.php(214): include('D:\\Study\\Latiha...')
#3 D:\Study\Latihan\ci4\sinjamlaporan\system\View\View.php(217): CodeIgniter\View\View->CodeIgniter\View\{closure}()
#4 D:\Study\Latihan\ci4\sinjamlaporan\system\View\View.php(230): CodeIgniter\View\View->render('template', Array, true)
#5 D:\Study\Latihan\ci4\sinjamlaporan\system\Common.php(1097): CodeIgniter\View\View->render('landing', Array, true)
#6 D:\Study\Latihan\ci4\sinjamlaporan\app\Controllers\Landing.php(23): view('landing')
#7 D:\Study\Latihan\ci4\sinjamlaporan\system\CodeIgniter.php(824): App\Controllers\Landing->index()
#8 D:\Study\Latihan\ci4\sinjamlaporan\system\CodeIgniter.php(410): CodeIgniter\CodeIgniter->runController(Object(App\Controllers\Landing))
#9 D:\Study\Latihan\ci4\sinjamlaporan\system\CodeIgniter.php(318): CodeIgniter\CodeIgniter->handleRequest(NULL, Object(Config\Cache), false)
#10 D:\Study\Latihan\ci4\sinjamlaporan\public\index.php(37): CodeIgniter\CodeIgniter->run()
#11 D:\Study\Latihan\ci4\sinjamlaporan\system\Commands\Server\rewrite.php(43): require_once('D:\\Study\\Latiha...')
#12 {main}
CRITICAL - 2022-08-11 00:51:10 --> Request URI segment is out of range: 2
#0 D:\Study\Latihan\ci4\sinjamlaporan\system\HTTP\URI.php(529): CodeIgniter\HTTP\Exceptions\HTTPException::forURISegmentOutOfRange(2)
#1 D:\Study\Latihan\ci4\sinjamlaporan\app\Views\template.php(13): CodeIgniter\HTTP\URI->getSegment(2)
#2 D:\Study\Latihan\ci4\sinjamlaporan\system\View\View.php(214): include('D:\\Study\\Latiha...')
#3 D:\Study\Latihan\ci4\sinjamlaporan\system\View\View.php(217): CodeIgniter\View\View->CodeIgniter\View\{closure}()
#4 D:\Study\Latihan\ci4\sinjamlaporan\system\View\View.php(230): CodeIgniter\View\View->render('template', Array, true)
#5 D:\Study\Latihan\ci4\sinjamlaporan\system\Common.php(1097): CodeIgniter\View\View->render('landing', Array, true)
#6 D:\Study\Latihan\ci4\sinjamlaporan\app\Controllers\Landing.php(23): view('landing')
#7 D:\Study\Latihan\ci4\sinjamlaporan\system\CodeIgniter.php(824): App\Controllers\Landing->index()
#8 D:\Study\Latihan\ci4\sinjamlaporan\system\CodeIgniter.php(410): CodeIgniter\CodeIgniter->runController(Object(App\Controllers\Landing))
#9 D:\Study\Latihan\ci4\sinjamlaporan\system\CodeIgniter.php(318): CodeIgniter\CodeIgniter->handleRequest(NULL, Object(Config\Cache), false)
#10 D:\Study\Latihan\ci4\sinjamlaporan\public\index.php(37): CodeIgniter\CodeIgniter->run()
#11 D:\Study\Latihan\ci4\sinjamlaporan\system\Commands\Server\rewrite.php(43): require_once('D:\\Study\\Latiha...')
#12 {main}
CRITICAL - 2022-08-11 00:51:26 --> Request URI segment is out of range: 2
#0 D:\Study\Latihan\ci4\sinjamlaporan\system\HTTP\URI.php(529): CodeIgniter\HTTP\Exceptions\HTTPException::forURISegmentOutOfRange(2)
#1 D:\Study\Latihan\ci4\sinjamlaporan\app\Views\template.php(13): CodeIgniter\HTTP\URI->getSegment(2)
#2 D:\Study\Latihan\ci4\sinjamlaporan\system\View\View.php(214): include('D:\\Study\\Latiha...')
#3 D:\Study\Latihan\ci4\sinjamlaporan\system\View\View.php(217): CodeIgniter\View\View->CodeIgniter\View\{closure}()
#4 D:\Study\Latihan\ci4\sinjamlaporan\system\View\View.php(230): CodeIgniter\View\View->render('template', Array, true)
#5 D:\Study\Latihan\ci4\sinjamlaporan\system\Common.php(1097): CodeIgniter\View\View->render('landing', Array, true)
#6 D:\Study\Latihan\ci4\sinjamlaporan\app\Controllers\Landing.php(23): view('landing')
#7 D:\Study\Latihan\ci4\sinjamlaporan\system\CodeIgniter.php(824): App\Controllers\Landing->index()
#8 D:\Study\Latihan\ci4\sinjamlaporan\system\CodeIgniter.php(410): CodeIgniter\CodeIgniter->runController(Object(App\Controllers\Landing))
#9 D:\Study\Latihan\ci4\sinjamlaporan\system\CodeIgniter.php(318): CodeIgniter\CodeIgniter->handleRequest(NULL, Object(Config\Cache), false)
#10 D:\Study\Latihan\ci4\sinjamlaporan\public\index.php(37): CodeIgniter\CodeIgniter->run()
#11 D:\Study\Latihan\ci4\sinjamlaporan\system\Commands\Server\rewrite.php(43): require_once('D:\\Study\\Latiha...')
#12 {main}
CRITICAL - 2022-08-11 00:51:29 --> Request URI segment is out of range: 2
#0 D:\Study\Latihan\ci4\sinjamlaporan\system\HTTP\URI.php(529): CodeIgniter\HTTP\Exceptions\HTTPException::forURISegmentOutOfRange(2)
#1 D:\Study\Latihan\ci4\sinjamlaporan\app\Views\template.php(13): CodeIgniter\HTTP\URI->getSegment(2)
#2 D:\Study\Latihan\ci4\sinjamlaporan\system\View\View.php(214): include('D:\\Study\\Latiha...')
#3 D:\Study\Latihan\ci4\sinjamlaporan\system\View\View.php(217): CodeIgniter\View\View->CodeIgniter\View\{closure}()
#4 D:\Study\Latihan\ci4\sinjamlaporan\system\View\View.php(230): CodeIgniter\View\View->render('template', Array, true)
#5 D:\Study\Latihan\ci4\sinjamlaporan\system\Common.php(1097): CodeIgniter\View\View->render('landing', Array, true)
#6 D:\Study\Latihan\ci4\sinjamlaporan\app\Controllers\Landing.php(23): view('landing')
#7 D:\Study\Latihan\ci4\sinjamlaporan\system\CodeIgniter.php(824): App\Controllers\Landing->index()
#8 D:\Study\Latihan\ci4\sinjamlaporan\system\CodeIgniter.php(410): CodeIgniter\CodeIgniter->runController(Object(App\Controllers\Landing))
#9 D:\Study\Latihan\ci4\sinjamlaporan\system\CodeIgniter.php(318): CodeIgniter\CodeIgniter->handleRequest(NULL, Object(Config\Cache), false)
#10 D:\Study\Latihan\ci4\sinjamlaporan\public\index.php(37): CodeIgniter\CodeIgniter->run()
#11 D:\Study\Latihan\ci4\sinjamlaporan\system\Commands\Server\rewrite.php(43): require_once('D:\\Study\\Latiha...')
#12 {main}
CRITICAL - 2022-08-11 01:00:23 --> Undefined variable $tampildata
#0 D:\Study\Latihan\ci4\sinjamlaporan\app\Views\landing.php(112): CodeIgniter\Debug\Exceptions->errorHandler(2, 'Undefined varia...', 'D:\\Study\\Latiha...', 112)
#1 D:\Study\Latihan\ci4\sinjamlaporan\system\View\View.php(214): include('D:\\Study\\Latiha...')
#2 D:\Study\Latihan\ci4\sinjamlaporan\system\View\View.php(217): CodeIgniter\View\View->CodeIgniter\View\{closure}()
#3 D:\Study\Latihan\ci4\sinjamlaporan\system\Common.php(1097): CodeIgniter\View\View->render('landing', Array, true)
#4 D:\Study\Latihan\ci4\sinjamlaporan\app\Controllers\Landing.php(23): view('landing')
#5 D:\Study\Latihan\ci4\sinjamlaporan\system\CodeIgniter.php(824): App\Controllers\Landing->index()
#6 D:\Study\Latihan\ci4\sinjamlaporan\system\CodeIgniter.php(410): CodeIgniter\CodeIgniter->runController(Object(App\Controllers\Landing))
#7 D:\Study\Latihan\ci4\sinjamlaporan\system\CodeIgniter.php(318): CodeIgniter\CodeIgniter->handleRequest(NULL, Object(Config\Cache), false)
#8 D:\Study\Latihan\ci4\sinjamlaporan\public\index.php(37): CodeIgniter\CodeIgniter->run()
#9 D:\Study\Latihan\ci4\sinjamlaporan\system\Commands\Server\rewrite.php(43): require_once('D:\\Study\\Latiha...')
#10 {main}
CRITICAL - 2022-08-11 01:05:29 --> Request URI segment is out of range: 2
#0 D:\Study\Latihan\ci4\sinjamlaporan\system\HTTP\URI.php(529): CodeIgniter\HTTP\Exceptions\HTTPException::forURISegmentOutOfRange(2)
#1 D:\Study\Latihan\ci4\sinjamlaporan\app\Views\template.php(13): CodeIgniter\HTTP\URI->getSegment(2)
#2 D:\Study\Latihan\ci4\sinjamlaporan\system\View\View.php(214): include('D:\\Study\\Latiha...')
#3 D:\Study\Latihan\ci4\sinjamlaporan\system\View\View.php(217): CodeIgniter\View\View->CodeIgniter\View\{closure}()
#4 D:\Study\Latihan\ci4\sinjamlaporan\system\View\View.php(230): CodeIgniter\View\View->render('template', Array, true)
#5 D:\Study\Latihan\ci4\sinjamlaporan\system\Common.php(1097): CodeIgniter\View\View->render('barang/barang', Array, true)
#6 D:\Study\Latihan\ci4\sinjamlaporan\app\Controllers\Landing.php(29): view('barang/barang')
#7 D:\Study\Latihan\ci4\sinjamlaporan\system\CodeIgniter.php(824): App\Controllers\Landing->index()
#8 D:\Study\Latihan\ci4\sinjamlaporan\system\CodeIgniter.php(410): CodeIgniter\CodeIgniter->runController(Object(App\Controllers\Landing))
#9 D:\Study\Latihan\ci4\sinjamlaporan\system\CodeIgniter.php(318): CodeIgniter\CodeIgniter->handleRequest(NULL, Object(Config\Cache), false)
#10 D:\Study\Latihan\ci4\sinjamlaporan\public\index.php(37): CodeIgniter\CodeIgniter->run()
#11 D:\Study\Latihan\ci4\sinjamlaporan\system\Commands\Server\rewrite.php(43): require_once('D:\\Study\\Latiha...')
#12 {main}
CRITICAL - 2022-08-11 01:06:20 --> Request URI segment is out of range: 2
#0 D:\Study\Latihan\ci4\sinjamlaporan\system\HTTP\URI.php(529): CodeIgniter\HTTP\Exceptions\HTTPException::forURISegmentOutOfRange(2)
#1 D:\Study\Latihan\ci4\sinjamlaporan\app\Views\template.php(13): CodeIgniter\HTTP\URI->getSegment(2)
#2 D:\Study\Latihan\ci4\sinjamlaporan\system\View\View.php(214): include('D:\\Study\\Latiha...')
#3 D:\Study\Latihan\ci4\sinjamlaporan\system\View\View.php(217): CodeIgniter\View\View->CodeIgniter\View\{closure}()
#4 D:\Study\Latihan\ci4\sinjamlaporan\system\View\View.php(230): CodeIgniter\View\View->render('template', Array, true)
#5 D:\Study\Latihan\ci4\sinjamlaporan\system\Common.php(1097): CodeIgniter\View\View->render('barang/barang', Array, true)
#6 D:\Study\Latihan\ci4\sinjamlaporan\app\Controllers\Landing.php(29): view('barang/barang')
#7 D:\Study\Latihan\ci4\sinjamlaporan\system\CodeIgniter.php(824): App\Controllers\Landing->index()
#8 D:\Study\Latihan\ci4\sinjamlaporan\system\CodeIgniter.php(410): CodeIgniter\CodeIgniter->runController(Object(App\Controllers\Landing))
#9 D:\Study\Latihan\ci4\sinjamlaporan\system\CodeIgniter.php(318): CodeIgniter\CodeIgniter->handleRequest(NULL, Object(Config\Cache), false)
#10 D:\Study\Latihan\ci4\sinjamlaporan\public\index.php(37): CodeIgniter\CodeIgniter->run()
#11 D:\Study\Latihan\ci4\sinjamlaporan\system\Commands\Server\rewrite.php(43): require_once('D:\\Study\\Latiha...')
#12 {main}
CRITICAL - 2022-08-11 01:10:25 --> Request URI segment is out of range: 2
#0 D:\Study\Latihan\ci4\sinjamlaporan\system\HTTP\URI.php(529): CodeIgniter\HTTP\Exceptions\HTTPException::forURISegmentOutOfRange(2)
#1 D:\Study\Latihan\ci4\sinjamlaporan\app\Views\template.php(13): CodeIgniter\HTTP\URI->getSegment(2)
#2 D:\Study\Latihan\ci4\sinjamlaporan\system\View\View.php(214): include('D:\\Study\\Latiha...')
#3 D:\Study\Latihan\ci4\sinjamlaporan\system\View\View.php(217): CodeIgniter\View\View->CodeIgniter\View\{closure}()
#4 D:\Study\Latihan\ci4\sinjamlaporan\system\View\View.php(230): CodeIgniter\View\View->render('template', Array, true)
#5 D:\Study\Latihan\ci4\sinjamlaporan\system\Common.php(1097): CodeIgniter\View\View->render('barang/barang', Array, true)
#6 D:\Study\Latihan\ci4\sinjamlaporan\app\Controllers\Landing.php(29): view('barang/barang')
#7 D:\Study\Latihan\ci4\sinjamlaporan\system\CodeIgniter.php(824): App\Controllers\Landing->index()
#8 D:\Study\Latihan\ci4\sinjamlaporan\system\CodeIgniter.php(410): CodeIgniter\CodeIgniter->runController(Object(App\Controllers\Landing))
#9 D:\Study\Latihan\ci4\sinjamlaporan\system\CodeIgniter.php(318): CodeIgniter\CodeIgniter->handleRequest(NULL, Object(Config\Cache), false)
#10 D:\Study\Latihan\ci4\sinjamlaporan\public\index.php(37): CodeIgniter\CodeIgniter->run()
#11 D:\Study\Latihan\ci4\sinjamlaporan\system\Commands\Server\rewrite.php(43): require_once('D:\\Study\\Latiha...')
#12 {main}
CRITICAL - 2022-08-11 01:10:28 --> Request URI segment is out of range: 2
#0 D:\Study\Latihan\ci4\sinjamlaporan\system\HTTP\URI.php(529): CodeIgniter\HTTP\Exceptions\HTTPException::forURISegmentOutOfRange(2)
#1 D:\Study\Latihan\ci4\sinjamlaporan\app\Views\template.php(13): CodeIgniter\HTTP\URI->getSegment(2)
#2 D:\Study\Latihan\ci4\sinjamlaporan\system\View\View.php(214): include('D:\\Study\\Latiha...')
#3 D:\Study\Latihan\ci4\sinjamlaporan\system\View\View.php(217): CodeIgniter\View\View->CodeIgniter\View\{closure}()
#4 D:\Study\Latihan\ci4\sinjamlaporan\system\View\View.php(230): CodeIgniter\View\View->render('template', Array, true)
#5 D:\Study\Latihan\ci4\sinjamlaporan\system\Common.php(1097): CodeIgniter\View\View->render('barang/barang', Array, true)
#6 D:\Study\Latihan\ci4\sinjamlaporan\app\Controllers\Landing.php(29): view('barang/barang')
#7 D:\Study\Latihan\ci4\sinjamlaporan\system\CodeIgniter.php(824): App\Controllers\Landing->index()
#8 D:\Study\Latihan\ci4\sinjamlaporan\system\CodeIgniter.php(410): CodeIgniter\CodeIgniter->runController(Object(App\Controllers\Landing))
#9 D:\Study\Latihan\ci4\sinjamlaporan\system\CodeIgniter.php(318): CodeIgniter\CodeIgniter->handleRequest(NULL, Object(Config\Cache), false)
#10 D:\Study\Latihan\ci4\sinjamlaporan\public\index.php(37): CodeIgniter\CodeIgniter->run()
#11 D:\Study\Latihan\ci4\sinjamlaporan\system\Commands\Server\rewrite.php(43): require_once('D:\\Study\\Latiha...')
#12 {main}
CRITICAL - 2022-08-11 01:12:56 --> Request URI segment is out of range: 2
#0 D:\Study\Latihan\ci4\sinjamlaporan\system\HTTP\URI.php(529): CodeIgniter\HTTP\Exceptions\HTTPException::forURISegmentOutOfRange(2)
#1 D:\Study\Latihan\ci4\sinjamlaporan\app\Views\template.php(13): CodeIgniter\HTTP\URI->getSegment(2)
#2 D:\Study\Latihan\ci4\sinjamlaporan\system\View\View.php(214): include('D:\\Study\\Latiha...')
#3 D:\Study\Latihan\ci4\sinjamlaporan\system\View\View.php(217): CodeIgniter\View\View->CodeIgniter\View\{closure}()
#4 D:\Study\Latihan\ci4\sinjamlaporan\system\View\View.php(230): CodeIgniter\View\View->render('template', Array, true)
#5 D:\Study\Latihan\ci4\sinjamlaporan\system\Common.php(1097): CodeIgniter\View\View->render('barang/barang', Array, true)
#6 D:\Study\Latihan\ci4\sinjamlaporan\app\Controllers\Landing.php(29): view('barang/barang')
#7 D:\Study\Latihan\ci4\sinjamlaporan\system\CodeIgniter.php(824): App\Controllers\Landing->index()
#8 D:\Study\Latihan\ci4\sinjamlaporan\system\CodeIgniter.php(410): CodeIgniter\CodeIgniter->runController(Object(App\Controllers\Landing))
#9 D:\Study\Latihan\ci4\sinjamlaporan\system\CodeIgniter.php(318): CodeIgniter\CodeIgniter->handleRequest(NULL, Object(Config\Cache), false)
#10 D:\Study\Latihan\ci4\sinjamlaporan\public\index.php(37): CodeIgniter\CodeIgniter->run()
#11 D:\Study\Latihan\ci4\sinjamlaporan\system\Commands\Server\rewrite.php(43): require_once('D:\\Study\\Latiha...')
#12 {main}
CRITICAL - 2022-08-11 01:13:16 --> Request URI segment is out of range: 2
#0 D:\Study\Latihan\ci4\sinjamlaporan\system\HTTP\URI.php(529): CodeIgniter\HTTP\Exceptions\HTTPException::forURISegmentOutOfRange(2)
#1 D:\Study\Latihan\ci4\sinjamlaporan\app\Views\template.php(13): CodeIgniter\HTTP\URI->getSegment(2)
#2 D:\Study\Latihan\ci4\sinjamlaporan\system\View\View.php(214): include('D:\\Study\\Latiha...')
#3 D:\Study\Latihan\ci4\sinjamlaporan\system\View\View.php(217): CodeIgniter\View\View->CodeIgniter\View\{closure}()
#4 D:\Study\Latihan\ci4\sinjamlaporan\system\View\View.php(230): CodeIgniter\View\View->render('template', Array, true)
#5 D:\Study\Latihan\ci4\sinjamlaporan\system\Common.php(1097): CodeIgniter\View\View->render('barang/barang', Array, true)
#6 D:\Study\Latihan\ci4\sinjamlaporan\app\Controllers\Landing.php(29): view('barang/barang')
#7 D:\Study\Latihan\ci4\sinjamlaporan\system\CodeIgniter.php(824): App\Controllers\Landing->index()
#8 D:\Study\Latihan\ci4\sinjamlaporan\system\CodeIgniter.php(410): CodeIgniter\CodeIgniter->runController(Object(App\Controllers\Landing))
#9 D:\Study\Latihan\ci4\sinjamlaporan\system\CodeIgniter.php(318): CodeIgniter\CodeIgniter->handleRequest(NULL, Object(Config\Cache), false)
#10 D:\Study\Latihan\ci4\sinjamlaporan\public\index.php(37): CodeIgniter\CodeIgniter->run()
#11 D:\Study\Latihan\ci4\sinjamlaporan\system\Commands\Server\rewrite.php(43): require_once('D:\\Study\\Latiha...')
#12 {main}
CRITICAL - 2022-08-11 01:13:25 --> Request URI segment is out of range: 2
#0 D:\Study\Latihan\ci4\sinjamlaporan\system\HTTP\URI.php(529): CodeIgniter\HTTP\Exceptions\HTTPException::forURISegmentOutOfRange(2)
#1 D:\Study\Latihan\ci4\sinjamlaporan\app\Views\template.php(13): CodeIgniter\HTTP\URI->getSegment(2)
#2 D:\Study\Latihan\ci4\sinjamlaporan\system\View\View.php(214): include('D:\\Study\\Latiha...')
#3 D:\Study\Latihan\ci4\sinjamlaporan\system\View\View.php(217): CodeIgniter\View\View->CodeIgniter\View\{closure}()
#4 D:\Study\Latihan\ci4\sinjamlaporan\system\View\View.php(230): CodeIgniter\View\View->render('template', Array, true)
#5 D:\Study\Latihan\ci4\sinjamlaporan\system\Common.php(1097): CodeIgniter\View\View->render('barang/barang', Array, true)
#6 D:\Study\Latihan\ci4\sinjamlaporan\app\Controllers\Landing.php(29): view('barang/barang')
#7 D:\Study\Latihan\ci4\sinjamlaporan\system\CodeIgniter.php(824): App\Controllers\Landing->index()
#8 D:\Study\Latihan\ci4\sinjamlaporan\system\CodeIgniter.php(410): CodeIgniter\CodeIgniter->runController(Object(App\Controllers\Landing))
#9 D:\Study\Latihan\ci4\sinjamlaporan\system\CodeIgniter.php(318): CodeIgniter\CodeIgniter->handleRequest(NULL, Object(Config\Cache), false)
#10 D:\Study\Latihan\ci4\sinjamlaporan\public\index.php(37): CodeIgniter\CodeIgniter->run()
#11 D:\Study\Latihan\ci4\sinjamlaporan\system\Commands\Server\rewrite.php(43): require_once('D:\\Study\\Latiha...')
#12 {main}
CRITICAL - 2022-08-11 01:14:04 --> Request URI segment is out of range: 2
#0 D:\Study\Latihan\ci4\sinjamlaporan\system\HTTP\URI.php(529): CodeIgniter\HTTP\Exceptions\HTTPException::forURISegmentOutOfRange(2)
#1 D:\Study\Latihan\ci4\sinjamlaporan\app\Views\template.php(13): CodeIgniter\HTTP\URI->getSegment(2)
#2 D:\Study\Latihan\ci4\sinjamlaporan\system\View\View.php(214): include('D:\\Study\\Latiha...')
#3 D:\Study\Latihan\ci4\sinjamlaporan\system\View\View.php(217): CodeIgniter\View\View->CodeIgniter\View\{closure}()
#4 D:\Study\Latihan\ci4\sinjamlaporan\system\View\View.php(230): CodeIgniter\View\View->render('template', Array, true)
#5 D:\Study\Latihan\ci4\sinjamlaporan\system\Common.php(1097): CodeIgniter\View\View->render('barang/barang', Array, true)
#6 D:\Study\Latihan\ci4\sinjamlaporan\app\Controllers\Landing.php(29): view('barang/barang')
#7 D:\Study\Latihan\ci4\sinjamlaporan\system\CodeIgniter.php(824): App\Controllers\Landing->index()
#8 D:\Study\Latihan\ci4\sinjamlaporan\system\CodeIgniter.php(410): CodeIgniter\CodeIgniter->runController(Object(App\Controllers\Landing))
#9 D:\Study\Latihan\ci4\sinjamlaporan\system\CodeIgniter.php(318): CodeIgniter\CodeIgniter->handleRequest(NULL, Object(Config\Cache), false)
#10 D:\Study\Latihan\ci4\sinjamlaporan\public\index.php(37): CodeIgniter\CodeIgniter->run()
#11 D:\Study\Latihan\ci4\sinjamlaporan\system\Commands\Server\rewrite.php(43): require_once('D:\\Study\\Latiha...')
#12 {main}
CRITICAL - 2022-08-11 01:14:26 --> Request URI segment is out of range: 2
#0 D:\Study\Latihan\ci4\sinjamlaporan\system\HTTP\URI.php(529): CodeIgniter\HTTP\Exceptions\HTTPException::forURISegmentOutOfRange(2)
#1 D:\Study\Latihan\ci4\sinjamlaporan\app\Views\template.php(13): CodeIgniter\HTTP\URI->getSegment(2)
#2 D:\Study\Latihan\ci4\sinjamlaporan\system\View\View.php(214): include('D:\\Study\\Latiha...')
#3 D:\Study\Latihan\ci4\sinjamlaporan\system\View\View.php(217): CodeIgniter\View\View->CodeIgniter\View\{closure}()
#4 D:\Study\Latihan\ci4\sinjamlaporan\system\View\View.php(230): CodeIgniter\View\View->render('template', Array, true)
#5 D:\Study\Latihan\ci4\sinjamlaporan\system\Common.php(1097): CodeIgniter\View\View->render('barang/barang', Array, true)
#6 D:\Study\Latihan\ci4\sinjamlaporan\app\Controllers\Landing.php(29): view('barang/barang')
#7 D:\Study\Latihan\ci4\sinjamlaporan\system\CodeIgniter.php(824): App\Controllers\Landing->index()
#8 D:\Study\Latihan\ci4\sinjamlaporan\system\CodeIgniter.php(410): CodeIgniter\CodeIgniter->runController(Object(App\Controllers\Landing))
#9 D:\Study\Latihan\ci4\sinjamlaporan\system\CodeIgniter.php(318): CodeIgniter\CodeIgniter->handleRequest(NULL, Object(Config\Cache), false)
#10 D:\Study\Latihan\ci4\sinjamlaporan\public\index.php(37): CodeIgniter\CodeIgniter->run()
#11 D:\Study\Latihan\ci4\sinjamlaporan\system\Commands\Server\rewrite.php(43): require_once('D:\\Study\\Latiha...')
#12 {main}
CRITICAL - 2022-08-11 01:14:58 --> Request URI segment is out of range: 2
#0 D:\Study\Latihan\ci4\sinjamlaporan\system\HTTP\URI.php(529): CodeIgniter\HTTP\Exceptions\HTTPException::forURISegmentOutOfRange(2)
#1 D:\Study\Latihan\ci4\sinjamlaporan\app\Views\template.php(13): CodeIgniter\HTTP\URI->getSegment(2)
#2 D:\Study\Latihan\ci4\sinjamlaporan\system\View\View.php(214): include('D:\\Study\\Latiha...')
#3 D:\Study\Latihan\ci4\sinjamlaporan\system\View\View.php(217): CodeIgniter\View\View->CodeIgniter\View\{closure}()
#4 D:\Study\Latihan\ci4\sinjamlaporan\system\View\View.php(230): CodeIgniter\View\View->render('template', Array, true)
#5 D:\Study\Latihan\ci4\sinjamlaporan\system\Common.php(1097): CodeIgniter\View\View->render('barang/barang', Array, true)
#6 D:\Study\Latihan\ci4\sinjamlaporan\app\Controllers\Landing.php(29): view('barang/barang')
#7 D:\Study\Latihan\ci4\sinjamlaporan\system\CodeIgniter.php(824): App\Controllers\Landing->index()
#8 D:\Study\Latihan\ci4\sinjamlaporan\system\CodeIgniter.php(410): CodeIgniter\CodeIgniter->runController(Object(App\Controllers\Landing))
#9 D:\Study\Latihan\ci4\sinjamlaporan\system\CodeIgniter.php(318): CodeIgniter\CodeIgniter->handleRequest(NULL, Object(Config\Cache), false)
#10 D:\Study\Latihan\ci4\sinjamlaporan\public\index.php(37): CodeIgniter\CodeIgniter->run()
#11 D:\Study\Latihan\ci4\sinjamlaporan\system\Commands\Server\rewrite.php(43): require_once('D:\\Study\\Latiha...')
#12 {main}
CRITICAL - 2022-08-11 01:15:00 --> Request URI segment is out of range: 2
#0 D:\Study\Latihan\ci4\sinjamlaporan\system\HTTP\URI.php(529): CodeIgniter\HTTP\Exceptions\HTTPException::forURISegmentOutOfRange(2)
#1 D:\Study\Latihan\ci4\sinjamlaporan\app\Views\template.php(13): CodeIgniter\HTTP\URI->getSegment(2)
#2 D:\Study\Latihan\ci4\sinjamlaporan\system\View\View.php(214): include('D:\\Study\\Latiha...')
#3 D:\Study\Latihan\ci4\sinjamlaporan\system\View\View.php(217): CodeIgniter\View\View->CodeIgniter\View\{closure}()
#4 D:\Study\Latihan\ci4\sinjamlaporan\system\View\View.php(230): CodeIgniter\View\View->render('template', Array, true)
#5 D:\Study\Latihan\ci4\sinjamlaporan\system\Common.php(1097): CodeIgniter\View\View->render('barang/barang', Array, true)
#6 D:\Study\Latihan\ci4\sinjamlaporan\app\Controllers\Landing.php(29): view('barang/barang')
#7 D:\Study\Latihan\ci4\sinjamlaporan\system\CodeIgniter.php(824): App\Controllers\Landing->index()
#8 D:\Study\Latihan\ci4\sinjamlaporan\system\CodeIgniter.php(410): CodeIgniter\CodeIgniter->runController(Object(App\Controllers\Landing))
#9 D:\Study\Latihan\ci4\sinjamlaporan\system\CodeIgniter.php(318): CodeIgniter\CodeIgniter->handleRequest(NULL, Object(Config\Cache), false)
#10 D:\Study\Latihan\ci4\sinjamlaporan\public\index.php(37): CodeIgniter\CodeIgniter->run()
#11 D:\Study\Latihan\ci4\sinjamlaporan\system\Commands\Server\rewrite.php(43): require_once('D:\\Study\\Latiha...')
#12 {main}
CRITICAL - 2022-08-11 01:15:17 --> Request URI segment is out of range: 2
#0 D:\Study\Latihan\ci4\sinjamlaporan\system\HTTP\URI.php(529): CodeIgniter\HTTP\Exceptions\HTTPException::forURISegmentOutOfRange(2)
#1 D:\Study\Latihan\ci4\sinjamlaporan\app\Views\template.php(13): CodeIgniter\HTTP\URI->getSegment(2)
#2 D:\Study\Latihan\ci4\sinjamlaporan\system\View\View.php(214): include('D:\\Study\\Latiha...')
#3 D:\Study\Latihan\ci4\sinjamlaporan\system\View\View.php(217): CodeIgniter\View\View->CodeIgniter\View\{closure}()
#4 D:\Study\Latihan\ci4\sinjamlaporan\system\View\View.php(230): CodeIgniter\View\View->render('template', Array, true)
#5 D:\Study\Latihan\ci4\sinjamlaporan\system\Common.php(1097): CodeIgniter\View\View->render('barang/barang', Array, true)
#6 D:\Study\Latihan\ci4\sinjamlaporan\app\Controllers\Landing.php(29): view('barang/barang')
#7 D:\Study\Latihan\ci4\sinjamlaporan\system\CodeIgniter.php(824): App\Controllers\Landing->index()
#8 D:\Study\Latihan\ci4\sinjamlaporan\system\CodeIgniter.php(410): CodeIgniter\CodeIgniter->runController(Object(App\Controllers\Landing))
#9 D:\Study\Latihan\ci4\sinjamlaporan\system\CodeIgniter.php(318): CodeIgniter\CodeIgniter->handleRequest(NULL, Object(Config\Cache), false)
#10 D:\Study\Latihan\ci4\sinjamlaporan\public\index.php(37): CodeIgniter\CodeIgniter->run()
#11 D:\Study\Latihan\ci4\sinjamlaporan\system\Commands\Server\rewrite.php(43): require_once('D:\\Study\\Latiha...')
#12 {main}
CRITICAL - 2022-08-11 01:15:33 --> Request URI segment is out of range: 2
#0 D:\Study\Latihan\ci4\sinjamlaporan\system\HTTP\URI.php(529): CodeIgniter\HTTP\Exceptions\HTTPException::forURISegmentOutOfRange(2)
#1 D:\Study\Latihan\ci4\sinjamlaporan\app\Views\template.php(13): CodeIgniter\HTTP\URI->getSegment(2)
#2 D:\Study\Latihan\ci4\sinjamlaporan\system\View\View.php(214): include('D:\\Study\\Latiha...')
#3 D:\Study\Latihan\ci4\sinjamlaporan\system\View\View.php(217): CodeIgniter\View\View->CodeIgniter\View\{closure}()
#4 D:\Study\Latihan\ci4\sinjamlaporan\system\View\View.php(230): CodeIgniter\View\View->render('template', Array, true)
#5 D:\Study\Latihan\ci4\sinjamlaporan\system\Common.php(1097): CodeIgniter\View\View->render('barang/barang', Array, true)
#6 D:\Study\Latihan\ci4\sinjamlaporan\app\Controllers\Landing.php(29): view('barang/barang')
#7 D:\Study\Latihan\ci4\sinjamlaporan\system\CodeIgniter.php(824): App\Controllers\Landing->index()
#8 D:\Study\Latihan\ci4\sinjamlaporan\system\CodeIgniter.php(410): CodeIgniter\CodeIgniter->runController(Object(App\Controllers\Landing))
#9 D:\Study\Latihan\ci4\sinjamlaporan\system\CodeIgniter.php(318): CodeIgniter\CodeIgniter->handleRequest(NULL, Object(Config\Cache), false)
#10 D:\Study\Latihan\ci4\sinjamlaporan\public\index.php(37): CodeIgniter\CodeIgniter->run()
#11 D:\Study\Latihan\ci4\sinjamlaporan\system\Commands\Server\rewrite.php(43): require_once('D:\\Study\\Latiha...')
#12 {main}
CRITICAL - 2022-08-11 01:15:35 --> Request URI segment is out of range: 2
#0 D:\Study\Latihan\ci4\sinjamlaporan\system\HTTP\URI.php(529): CodeIgniter\HTTP\Exceptions\HTTPException::forURISegmentOutOfRange(2)
#1 D:\Study\Latihan\ci4\sinjamlaporan\app\Views\template.php(13): CodeIgniter\HTTP\URI->getSegment(2)
#2 D:\Study\Latihan\ci4\sinjamlaporan\system\View\View.php(214): include('D:\\Study\\Latiha...')
#3 D:\Study\Latihan\ci4\sinjamlaporan\system\View\View.php(217): CodeIgniter\View\View->CodeIgniter\View\{closure}()
#4 D:\Study\Latihan\ci4\sinjamlaporan\system\View\View.php(230): CodeIgniter\View\View->render('template', Array, true)
#5 D:\Study\Latihan\ci4\sinjamlaporan\system\Common.php(1097): CodeIgniter\View\View->render('barang/barang', Array, true)
#6 D:\Study\Latihan\ci4\sinjamlaporan\app\Controllers\Landing.php(29): view('barang/barang')
#7 D:\Study\Latihan\ci4\sinjamlaporan\system\CodeIgniter.php(824): App\Controllers\Landing->index()
#8 D:\Study\Latihan\ci4\sinjamlaporan\system\CodeIgniter.php(410): CodeIgniter\CodeIgniter->runController(Object(App\Controllers\Landing))
#9 D:\Study\Latihan\ci4\sinjamlaporan\system\CodeIgniter.php(318): CodeIgniter\CodeIgniter->handleRequest(NULL, Object(Config\Cache), false)
#10 D:\Study\Latihan\ci4\sinjamlaporan\public\index.php(37): CodeIgniter\CodeIgniter->run()
#11 D:\Study\Latihan\ci4\sinjamlaporan\system\Commands\Server\rewrite.php(43): require_once('D:\\Study\\Latiha...')
#12 {main}
CRITICAL - 2022-08-11 01:15:36 --> Request URI segment is out of range: 2
#0 D:\Study\Latihan\ci4\sinjamlaporan\system\HTTP\URI.php(529): CodeIgniter\HTTP\Exceptions\HTTPException::forURISegmentOutOfRange(2)
#1 D:\Study\Latihan\ci4\sinjamlaporan\app\Views\template.php(13): CodeIgniter\HTTP\URI->getSegment(2)
#2 D:\Study\Latihan\ci4\sinjamlaporan\system\View\View.php(214): include('D:\\Study\\Latiha...')
#3 D:\Study\Latihan\ci4\sinjamlaporan\system\View\View.php(217): CodeIgniter\View\View->CodeIgniter\View\{closure}()
#4 D:\Study\Latihan\ci4\sinjamlaporan\system\View\View.php(230): CodeIgniter\View\View->render('template', Array, true)
#5 D:\Study\Latihan\ci4\sinjamlaporan\system\Common.php(1097): CodeIgniter\View\View->render('barang/barang', Array, true)
#6 D:\Study\Latihan\ci4\sinjamlaporan\app\Controllers\Landing.php(29): view('barang/barang')
#7 D:\Study\Latihan\ci4\sinjamlaporan\system\CodeIgniter.php(824): App\Controllers\Landing->index()
#8 D:\Study\Latihan\ci4\sinjamlaporan\system\CodeIgniter.php(410): CodeIgniter\CodeIgniter->runController(Object(App\Controllers\Landing))
#9 D:\Study\Latihan\ci4\sinjamlaporan\system\CodeIgniter.php(318): CodeIgniter\CodeIgniter->handleRequest(NULL, Object(Config\Cache), false)
#10 D:\Study\Latihan\ci4\sinjamlaporan\public\index.php(37): CodeIgniter\CodeIgniter->run()
#11 D:\Study\Latihan\ci4\sinjamlaporan\system\Commands\Server\rewrite.php(43): require_once('D:\\Study\\Latiha...')
#12 {main}
CRITICAL - 2022-08-11 01:15:49 --> Request URI segment is out of range: 2
#0 D:\Study\Latihan\ci4\sinjamlaporan\system\HTTP\URI.php(529): CodeIgniter\HTTP\Exceptions\HTTPException::forURISegmentOutOfRange(2)
#1 D:\Study\Latihan\ci4\sinjamlaporan\app\Views\template.php(13): CodeIgniter\HTTP\URI->getSegment(2)
#2 D:\Study\Latihan\ci4\sinjamlaporan\system\View\View.php(214): include('D:\\Study\\Latiha...')
#3 D:\Study\Latihan\ci4\sinjamlaporan\system\View\View.php(217): CodeIgniter\View\View->CodeIgniter\View\{closure}()
#4 D:\Study\Latihan\ci4\sinjamlaporan\system\View\View.php(230): CodeIgniter\View\View->render('template', Array, true)
#5 D:\Study\Latihan\ci4\sinjamlaporan\system\Common.php(1097): CodeIgniter\View\View->render('barang/barang', Array, true)
#6 D:\Study\Latihan\ci4\sinjamlaporan\app\Controllers\Landing.php(29): view('barang/barang')
#7 D:\Study\Latihan\ci4\sinjamlaporan\system\CodeIgniter.php(824): App\Controllers\Landing->index()
#8 D:\Study\Latihan\ci4\sinjamlaporan\system\CodeIgniter.php(410): CodeIgniter\CodeIgniter->runController(Object(App\Controllers\Landing))
#9 D:\Study\Latihan\ci4\sinjamlaporan\system\CodeIgniter.php(318): CodeIgniter\CodeIgniter->handleRequest(NULL, Object(Config\Cache), false)
#10 D:\Study\Latihan\ci4\sinjamlaporan\public\index.php(37): CodeIgniter\CodeIgniter->run()
#11 D:\Study\Latihan\ci4\sinjamlaporan\system\Commands\Server\rewrite.php(43): require_once('D:\\Study\\Latiha...')
#12 {main}
CRITICAL - 2022-08-11 01:15:54 --> Request URI segment is out of range: 2
#0 D:\Study\Latihan\ci4\sinjamlaporan\system\HTTP\URI.php(529): CodeIgniter\HTTP\Exceptions\HTTPException::forURISegmentOutOfRange(2)
#1 D:\Study\Latihan\ci4\sinjamlaporan\app\Views\template.php(13): CodeIgniter\HTTP\URI->getSegment(2)
#2 D:\Study\Latihan\ci4\sinjamlaporan\system\View\View.php(214): include('D:\\Study\\Latiha...')
#3 D:\Study\Latihan\ci4\sinjamlaporan\system\View\View.php(217): CodeIgniter\View\View->CodeIgniter\View\{closure}()
#4 D:\Study\Latihan\ci4\sinjamlaporan\system\View\View.php(230): CodeIgniter\View\View->render('template', Array, true)
#5 D:\Study\Latihan\ci4\sinjamlaporan\system\Common.php(1097): CodeIgniter\View\View->render('barang/barang', Array, true)
#6 D:\Study\Latihan\ci4\sinjamlaporan\app\Controllers\Landing.php(29): view('barang/barang')
#7 D:\Study\Latihan\ci4\sinjamlaporan\system\CodeIgniter.php(824): App\Controllers\Landing->index()
#8 D:\Study\Latihan\ci4\sinjamlaporan\system\CodeIgniter.php(410): CodeIgniter\CodeIgniter->runController(Object(App\Controllers\Landing))
#9 D:\Study\Latihan\ci4\sinjamlaporan\system\CodeIgniter.php(318): CodeIgniter\CodeIgniter->handleRequest(NULL, Object(Config\Cache), false)
#10 D:\Study\Latihan\ci4\sinjamlaporan\public\index.php(37): CodeIgniter\CodeIgniter->run()
#11 D:\Study\Latihan\ci4\sinjamlaporan\system\Commands\Server\rewrite.php(43): require_once('D:\\Study\\Latiha...')
#12 {main}
CRITICAL - 2022-08-11 01:15:55 --> Request URI segment is out of range: 2
#0 D:\Study\Latihan\ci4\sinjamlaporan\system\HTTP\URI.php(529): CodeIgniter\HTTP\Exceptions\HTTPException::forURISegmentOutOfRange(2)
#1 D:\Study\Latihan\ci4\sinjamlaporan\app\Views\template.php(13): CodeIgniter\HTTP\URI->getSegment(2)
#2 D:\Study\Latihan\ci4\sinjamlaporan\system\View\View.php(214): include('D:\\Study\\Latiha...')
#3 D:\Study\Latihan\ci4\sinjamlaporan\system\View\View.php(217): CodeIgniter\View\View->CodeIgniter\View\{closure}()
#4 D:\Study\Latihan\ci4\sinjamlaporan\system\View\View.php(230): CodeIgniter\View\View->render('template', Array, true)
#5 D:\Study\Latihan\ci4\sinjamlaporan\system\Common.php(1097): CodeIgniter\View\View->render('barang/barang', Array, true)
#6 D:\Study\Latihan\ci4\sinjamlaporan\app\Controllers\Landing.php(29): view('barang/barang')
#7 D:\Study\Latihan\ci4\sinjamlaporan\system\CodeIgniter.php(824): App\Controllers\Landing->index()
#8 D:\Study\Latihan\ci4\sinjamlaporan\system\CodeIgniter.php(410): CodeIgniter\CodeIgniter->runController(Object(App\Controllers\Landing))
#9 D:\Study\Latihan\ci4\sinjamlaporan\system\CodeIgniter.php(318): CodeIgniter\CodeIgniter->handleRequest(NULL, Object(Config\Cache), false)
#10 D:\Study\Latihan\ci4\sinjamlaporan\public\index.php(37): CodeIgniter\CodeIgniter->run()
#11 D:\Study\Latihan\ci4\sinjamlaporan\system\Commands\Server\rewrite.php(43): require_once('D:\\Study\\Latiha...')
#12 {main}
CRITICAL - 2022-08-11 01:15:57 --> Request URI segment is out of range: 2
#0 D:\Study\Latihan\ci4\sinjamlaporan\system\HTTP\URI.php(529): CodeIgniter\HTTP\Exceptions\HTTPException::forURISegmentOutOfRange(2)
#1 D:\Study\Latihan\ci4\sinjamlaporan\app\Views\template.php(13): CodeIgniter\HTTP\URI->getSegment(2)
#2 D:\Study\Latihan\ci4\sinjamlaporan\system\View\View.php(214): include('D:\\Study\\Latiha...')
#3 D:\Study\Latihan\ci4\sinjamlaporan\system\View\View.php(217): CodeIgniter\View\View->CodeIgniter\View\{closure}()
#4 D:\Study\Latihan\ci4\sinjamlaporan\system\View\View.php(230): CodeIgniter\View\View->render('template', Array, true)
#5 D:\Study\Latihan\ci4\sinjamlaporan\system\Common.php(1097): CodeIgniter\View\View->render('barang/barang', Array, true)
#6 D:\Study\Latihan\ci4\sinjamlaporan\app\Controllers\Landing.php(29): view('barang/barang')
#7 D:\Study\Latihan\ci4\sinjamlaporan\system\CodeIgniter.php(824): App\Controllers\Landing->index()
#8 D:\Study\Latihan\ci4\sinjamlaporan\system\CodeIgniter.php(410): CodeIgniter\CodeIgniter->runController(Object(App\Controllers\Landing))
#9 D:\Study\Latihan\ci4\sinjamlaporan\system\CodeIgniter.php(318): CodeIgniter\CodeIgniter->handleRequest(NULL, Object(Config\Cache), false)
#10 D:\Study\Latihan\ci4\sinjamlaporan\public\index.php(37): CodeIgniter\CodeIgniter->run()
#11 D:\Study\Latihan\ci4\sinjamlaporan\system\Commands\Server\rewrite.php(43): require_once('D:\\Study\\Latiha...')
#12 {main}
CRITICAL - 2022-08-11 01:16:47 --> Request URI segment is out of range: 2
#0 D:\Study\Latihan\ci4\sinjamlaporan\system\HTTP\URI.php(529): CodeIgniter\HTTP\Exceptions\HTTPException::forURISegmentOutOfRange(2)
#1 D:\Study\Latihan\ci4\sinjamlaporan\app\Views\template.php(13): CodeIgniter\HTTP\URI->getSegment(2)
#2 D:\Study\Latihan\ci4\sinjamlaporan\system\View\View.php(214): include('D:\\Study\\Latiha...')
#3 D:\Study\Latihan\ci4\sinjamlaporan\system\View\View.php(217): CodeIgniter\View\View->CodeIgniter\View\{closure}()
#4 D:\Study\Latihan\ci4\sinjamlaporan\system\View\View.php(230): CodeIgniter\View\View->render('template', Array, true)
#5 D:\Study\Latihan\ci4\sinjamlaporan\system\Common.php(1097): CodeIgniter\View\View->render('barang/barang', Array, true)
#6 D:\Study\Latihan\ci4\sinjamlaporan\app\Controllers\Landing.php(29): view('barang/barang')
#7 D:\Study\Latihan\ci4\sinjamlaporan\system\CodeIgniter.php(824): App\Controllers\Landing->index()
#8 D:\Study\Latihan\ci4\sinjamlaporan\system\CodeIgniter.php(410): CodeIgniter\CodeIgniter->runController(Object(App\Controllers\Landing))
#9 D:\Study\Latihan\ci4\sinjamlaporan\system\CodeIgniter.php(318): CodeIgniter\CodeIgniter->handleRequest(NULL, Object(Config\Cache), false)
#10 D:\Study\Latihan\ci4\sinjamlaporan\public\index.php(37): CodeIgniter\CodeIgniter->run()
#11 D:\Study\Latihan\ci4\sinjamlaporan\system\Commands\Server\rewrite.php(43): require_once('D:\\Study\\Latiha...')
#12 {main}
CRITICAL - 2022-08-11 02:13:52 --> Undefined variable $kode
#0 D:\Study\Latihan\ci4\sinjamlaporan\app\Views\lapor\modaledit.php(16): CodeIgniter\Debug\Exceptions->errorHandler(2, 'Undefined varia...', 'D:\\Study\\Latiha...', 16)
#1 D:\Study\Latihan\ci4\sinjamlaporan\system\View\View.php(214): include('D:\\Study\\Latiha...')
#2 D:\Study\Latihan\ci4\sinjamlaporan\system\View\View.php(217): CodeIgniter\View\View->CodeIgniter\View\{closure}()
#3 D:\Study\Latihan\ci4\sinjamlaporan\system\Common.php(1097): CodeIgniter\View\View->render('lapor/modaledit', Array, true)
#4 D:\Study\Latihan\ci4\sinjamlaporan\app\Controllers\Lapor.php(67): view('lapor/modaledit', Array)
#5 D:\Study\Latihan\ci4\sinjamlaporan\system\CodeIgniter.php(824): App\Controllers\Lapor->formedit()
#6 D:\Study\Latihan\ci4\sinjamlaporan\system\CodeIgniter.php(410): CodeIgniter\CodeIgniter->runController(Object(App\Controllers\Lapor))
#7 D:\Study\Latihan\ci4\sinjamlaporan\system\CodeIgniter.php(318): CodeIgniter\CodeIgniter->handleRequest(NULL, Object(Config\Cache), false)
#8 D:\Study\Latihan\ci4\sinjamlaporan\public\index.php(37): CodeIgniter\CodeIgniter->run()
#9 D:\Study\Latihan\ci4\sinjamlaporan\system\Commands\Server\rewrite.php(43): require_once('D:\\Study\\Latiha...')
#10 {main}
CRITICAL - 2022-08-11 02:13:56 --> Undefined variable $kode
#0 D:\Study\Latihan\ci4\sinjamlaporan\app\Views\lapor\modaledit.php(16): CodeIgniter\Debug\Exceptions->errorHandler(2, 'Undefined varia...', 'D:\\Study\\Latiha...', 16)
#1 D:\Study\Latihan\ci4\sinjamlaporan\system\View\View.php(214): include('D:\\Study\\Latiha...')
#2 D:\Study\Latihan\ci4\sinjamlaporan\system\View\View.php(217): CodeIgniter\View\View->CodeIgniter\View\{closure}()
#3 D:\Study\Latihan\ci4\sinjamlaporan\system\Common.php(1097): CodeIgniter\View\View->render('lapor/modaledit', Array, true)
#4 D:\Study\Latihan\ci4\sinjamlaporan\app\Controllers\Lapor.php(67): view('lapor/modaledit', Array)
#5 D:\Study\Latihan\ci4\sinjamlaporan\system\CodeIgniter.php(824): App\Controllers\Lapor->formedit()
#6 D:\Study\Latihan\ci4\sinjamlaporan\system\CodeIgniter.php(410): CodeIgniter\CodeIgniter->runController(Object(App\Controllers\Lapor))
#7 D:\Study\Latihan\ci4\sinjamlaporan\system\CodeIgniter.php(318): CodeIgniter\CodeIgniter->handleRequest(NULL, Object(Config\Cache), false)
#8 D:\Study\Latihan\ci4\sinjamlaporan\public\index.php(37): CodeIgniter\CodeIgniter->run()
#9 D:\Study\Latihan\ci4\sinjamlaporan\system\Commands\Server\rewrite.php(43): require_once('D:\\Study\\Latiha...')
#10 {main}
