ERROR - 2022-07-25 09:20:06 --> Duplicate entry '2019503035' for key 'PRIMARY'
CRITICAL - 2022-07-25 09:20:06 --> Duplicate entry '2019503035' for key 'PRIMARY'
#0 D:\Study\Latihan\ci4\sinjam-master\system\Database\MySQLi\Connection.php(292): mysqli->query('INSERT INTO `na...', 0)
#1 D:\Study\Latihan\ci4\sinjam-master\system\Database\BaseConnection.php(670): CodeIgniter\Database\MySQLi\Connection->execute('INSERT INTO `na...')
#2 D:\Study\Latihan\ci4\sinjam-master\system\Database\BaseConnection.php(598): CodeIgniter\Database\BaseConnection->simpleQuery('INSERT INTO `na...')
#3 D:\Study\Latihan\ci4\sinjam-master\system\Database\BaseBuilder.php(1759): CodeIgniter\Database\BaseConnection->query('INSERT INTO `na...', Array, false)
#4 D:\Study\Latihan\ci4\sinjam-master\system\Model.php(239): CodeIgniter\Database\BaseBuilder->insert()
#5 D:\Study\Latihan\ci4\sinjam-master\system\BaseModel.php(738): CodeIgniter\Model->doInsert(Array)
#6 D:\Study\Latihan\ci4\sinjam-master\system\Model.php(620): CodeIgniter\BaseModel->insert(Array, true)
#7 D:\Study\Latihan\ci4\sinjam-master\app\Controllers\Nasabah.php(48): CodeIgniter\Model->insert(Array)
#8 D:\Study\Latihan\ci4\sinjam-master\system\CodeIgniter.php(824): App\Controllers\Nasabah->tambah()
#9 D:\Study\Latihan\ci4\sinjam-master\system\CodeIgniter.php(410): CodeIgniter\CodeIgniter->runController(Object(App\Controllers\Nasabah))
#10 D:\Study\Latihan\ci4\sinjam-master\system\CodeIgniter.php(318): CodeIgniter\CodeIgniter->handleRequest(NULL, Object(Config\Cache), false)
#11 D:\Study\Latihan\ci4\sinjam-master\public\index.php(37): CodeIgniter\CodeIgniter->run()
#12 D:\Study\Latihan\ci4\sinjam-master\system\Commands\Server\rewrite.php(43): require_once('D:\\Study\\Latiha...')
#13 {main}
ERROR - 2022-07-25 09:20:10 --> Duplicate entry '2019503035' for key 'PRIMARY'
CRITICAL - 2022-07-25 09:20:10 --> Duplicate entry '2019503035' for key 'PRIMARY'
#0 D:\Study\Latihan\ci4\sinjam-master\system\Database\MySQLi\Connection.php(292): mysqli->query('INSERT INTO `na...', 0)
#1 D:\Study\Latihan\ci4\sinjam-master\system\Database\BaseConnection.php(670): CodeIgniter\Database\MySQLi\Connection->execute('INSERT INTO `na...')
#2 D:\Study\Latihan\ci4\sinjam-master\system\Database\BaseConnection.php(598): CodeIgniter\Database\BaseConnection->simpleQuery('INSERT INTO `na...')
#3 D:\Study\Latihan\ci4\sinjam-master\system\Database\BaseBuilder.php(1759): CodeIgniter\Database\BaseConnection->query('INSERT INTO `na...', Array, false)
#4 D:\Study\Latihan\ci4\sinjam-master\system\Model.php(239): CodeIgniter\Database\BaseBuilder->insert()
#5 D:\Study\Latihan\ci4\sinjam-master\system\BaseModel.php(738): CodeIgniter\Model->doInsert(Array)
#6 D:\Study\Latihan\ci4\sinjam-master\system\Model.php(620): CodeIgniter\BaseModel->insert(Array, true)
#7 D:\Study\Latihan\ci4\sinjam-master\app\Controllers\Nasabah.php(48): CodeIgniter\Model->insert(Array)
#8 D:\Study\Latihan\ci4\sinjam-master\system\CodeIgniter.php(824): App\Controllers\Nasabah->tambah()
#9 D:\Study\Latihan\ci4\sinjam-master\system\CodeIgniter.php(410): CodeIgniter\CodeIgniter->runController(Object(App\Controllers\Nasabah))
#10 D:\Study\Latihan\ci4\sinjam-master\system\CodeIgniter.php(318): CodeIgniter\CodeIgniter->handleRequest(NULL, Object(Config\Cache), false)
#11 D:\Study\Latihan\ci4\sinjam-master\public\index.php(37): CodeIgniter\CodeIgniter->run()
#12 D:\Study\Latihan\ci4\sinjam-master\system\Commands\Server\rewrite.php(43): require_once('D:\\Study\\Latiha...')
#13 {main}
ERROR - 2022-07-25 09:20:10 --> Duplicate entry '2019503035' for key 'PRIMARY'
CRITICAL - 2022-07-25 09:20:10 --> Duplicate entry '2019503035' for key 'PRIMARY'
#0 D:\Study\Latihan\ci4\sinjam-master\system\Database\MySQLi\Connection.php(292): mysqli->query('INSERT INTO `na...', 0)
#1 D:\Study\Latihan\ci4\sinjam-master\system\Database\BaseConnection.php(670): CodeIgniter\Database\MySQLi\Connection->execute('INSERT INTO `na...')
#2 D:\Study\Latihan\ci4\sinjam-master\system\Database\BaseConnection.php(598): CodeIgniter\Database\BaseConnection->simpleQuery('INSERT INTO `na...')
#3 D:\Study\Latihan\ci4\sinjam-master\system\Database\BaseBuilder.php(1759): CodeIgniter\Database\BaseConnection->query('INSERT INTO `na...', Array, false)
#4 D:\Study\Latihan\ci4\sinjam-master\system\Model.php(239): CodeIgniter\Database\BaseBuilder->insert()
#5 D:\Study\Latihan\ci4\sinjam-master\system\BaseModel.php(738): CodeIgniter\Model->doInsert(Array)
#6 D:\Study\Latihan\ci4\sinjam-master\system\Model.php(620): CodeIgniter\BaseModel->insert(Array, true)
#7 D:\Study\Latihan\ci4\sinjam-master\app\Controllers\Nasabah.php(48): CodeIgniter\Model->insert(Array)
#8 D:\Study\Latihan\ci4\sinjam-master\system\CodeIgniter.php(824): App\Controllers\Nasabah->tambah()
#9 D:\Study\Latihan\ci4\sinjam-master\system\CodeIgniter.php(410): CodeIgniter\CodeIgniter->runController(Object(App\Controllers\Nasabah))
#10 D:\Study\Latihan\ci4\sinjam-master\system\CodeIgniter.php(318): CodeIgniter\CodeIgniter->handleRequest(NULL, Object(Config\Cache), false)
#11 D:\Study\Latihan\ci4\sinjam-master\public\index.php(37): CodeIgniter\CodeIgniter->run()
#12 D:\Study\Latihan\ci4\sinjam-master\system\Commands\Server\rewrite.php(43): require_once('D:\\Study\\Latiha...')
#13 {main}
ERROR - 2022-07-25 09:20:10 --> Duplicate entry '2019503035' for key 'PRIMARY'
CRITICAL - 2022-07-25 09:20:10 --> Duplicate entry '2019503035' for key 'PRIMARY'
#0 D:\Study\Latihan\ci4\sinjam-master\system\Database\MySQLi\Connection.php(292): mysqli->query('INSERT INTO `na...', 0)
#1 D:\Study\Latihan\ci4\sinjam-master\system\Database\BaseConnection.php(670): CodeIgniter\Database\MySQLi\Connection->execute('INSERT INTO `na...')
#2 D:\Study\Latihan\ci4\sinjam-master\system\Database\BaseConnection.php(598): CodeIgniter\Database\BaseConnection->simpleQuery('INSERT INTO `na...')
#3 D:\Study\Latihan\ci4\sinjam-master\system\Database\BaseBuilder.php(1759): CodeIgniter\Database\BaseConnection->query('INSERT INTO `na...', Array, false)
#4 D:\Study\Latihan\ci4\sinjam-master\system\Model.php(239): CodeIgniter\Database\BaseBuilder->insert()
#5 D:\Study\Latihan\ci4\sinjam-master\system\BaseModel.php(738): CodeIgniter\Model->doInsert(Array)
#6 D:\Study\Latihan\ci4\sinjam-master\system\Model.php(620): CodeIgniter\BaseModel->insert(Array, true)
#7 D:\Study\Latihan\ci4\sinjam-master\app\Controllers\Nasabah.php(48): CodeIgniter\Model->insert(Array)
#8 D:\Study\Latihan\ci4\sinjam-master\system\CodeIgniter.php(824): App\Controllers\Nasabah->tambah()
#9 D:\Study\Latihan\ci4\sinjam-master\system\CodeIgniter.php(410): CodeIgniter\CodeIgniter->runController(Object(App\Controllers\Nasabah))
#10 D:\Study\Latihan\ci4\sinjam-master\system\CodeIgniter.php(318): CodeIgniter\CodeIgniter->handleRequest(NULL, Object(Config\Cache), false)
#11 D:\Study\Latihan\ci4\sinjam-master\public\index.php(37): CodeIgniter\CodeIgniter->run()
#12 D:\Study\Latihan\ci4\sinjam-master\system\Commands\Server\rewrite.php(43): require_once('D:\\Study\\Latiha...')
#13 {main}
ERROR - 2022-07-25 09:20:10 --> Duplicate entry '2019503035' for key 'PRIMARY'
CRITICAL - 2022-07-25 09:20:10 --> Duplicate entry '2019503035' for key 'PRIMARY'
#0 D:\Study\Latihan\ci4\sinjam-master\system\Database\MySQLi\Connection.php(292): mysqli->query('INSERT INTO `na...', 0)
#1 D:\Study\Latihan\ci4\sinjam-master\system\Database\BaseConnection.php(670): CodeIgniter\Database\MySQLi\Connection->execute('INSERT INTO `na...')
#2 D:\Study\Latihan\ci4\sinjam-master\system\Database\BaseConnection.php(598): CodeIgniter\Database\BaseConnection->simpleQuery('INSERT INTO `na...')
#3 D:\Study\Latihan\ci4\sinjam-master\system\Database\BaseBuilder.php(1759): CodeIgniter\Database\BaseConnection->query('INSERT INTO `na...', Array, false)
#4 D:\Study\Latihan\ci4\sinjam-master\system\Model.php(239): CodeIgniter\Database\BaseBuilder->insert()
#5 D:\Study\Latihan\ci4\sinjam-master\system\BaseModel.php(738): CodeIgniter\Model->doInsert(Array)
#6 D:\Study\Latihan\ci4\sinjam-master\system\Model.php(620): CodeIgniter\BaseModel->insert(Array, true)
#7 D:\Study\Latihan\ci4\sinjam-master\app\Controllers\Nasabah.php(48): CodeIgniter\Model->insert(Array)
#8 D:\Study\Latihan\ci4\sinjam-master\system\CodeIgniter.php(824): App\Controllers\Nasabah->tambah()
#9 D:\Study\Latihan\ci4\sinjam-master\system\CodeIgniter.php(410): CodeIgniter\CodeIgniter->runController(Object(App\Controllers\Nasabah))
#10 D:\Study\Latihan\ci4\sinjam-master\system\CodeIgniter.php(318): CodeIgniter\CodeIgniter->handleRequest(NULL, Object(Config\Cache), false)
#11 D:\Study\Latihan\ci4\sinjam-master\public\index.php(37): CodeIgniter\CodeIgniter->run()
#12 D:\Study\Latihan\ci4\sinjam-master\system\Commands\Server\rewrite.php(43): require_once('D:\\Study\\Latiha...')
#13 {main}
ERROR - 2022-07-25 09:20:27 --> Duplicate entry '3522020202020202' for key 'PRIMARY'
CRITICAL - 2022-07-25 09:20:27 --> Duplicate entry '3522020202020202' for key 'PRIMARY'
#0 D:\Study\Latihan\ci4\sinjam-master\system\Database\MySQLi\Connection.php(292): mysqli->query('INSERT INTO `na...', 0)
#1 D:\Study\Latihan\ci4\sinjam-master\system\Database\BaseConnection.php(670): CodeIgniter\Database\MySQLi\Connection->execute('INSERT INTO `na...')
#2 D:\Study\Latihan\ci4\sinjam-master\system\Database\BaseConnection.php(598): CodeIgniter\Database\BaseConnection->simpleQuery('INSERT INTO `na...')
#3 D:\Study\Latihan\ci4\sinjam-master\system\Database\BaseBuilder.php(1759): CodeIgniter\Database\BaseConnection->query('INSERT INTO `na...', Array, false)
#4 D:\Study\Latihan\ci4\sinjam-master\system\Model.php(239): CodeIgniter\Database\BaseBuilder->insert()
#5 D:\Study\Latihan\ci4\sinjam-master\system\BaseModel.php(738): CodeIgniter\Model->doInsert(Array)
#6 D:\Study\Latihan\ci4\sinjam-master\system\Model.php(620): CodeIgniter\BaseModel->insert(Array, true)
#7 D:\Study\Latihan\ci4\sinjam-master\app\Controllers\Nasabah.php(48): CodeIgniter\Model->insert(Array)
#8 D:\Study\Latihan\ci4\sinjam-master\system\CodeIgniter.php(824): App\Controllers\Nasabah->tambah()
#9 D:\Study\Latihan\ci4\sinjam-master\system\CodeIgniter.php(410): CodeIgniter\CodeIgniter->runController(Object(App\Controllers\Nasabah))
#10 D:\Study\Latihan\ci4\sinjam-master\system\CodeIgniter.php(318): CodeIgniter\CodeIgniter->handleRequest(NULL, Object(Config\Cache), false)
#11 D:\Study\Latihan\ci4\sinjam-master\public\index.php(37): CodeIgniter\CodeIgniter->run()
#12 D:\Study\Latihan\ci4\sinjam-master\system\Commands\Server\rewrite.php(43): require_once('D:\\Study\\Latiha...')
#13 {main}
ERROR - 2022-07-25 09:20:28 --> Duplicate entry '3522020202020202' for key 'PRIMARY'
CRITICAL - 2022-07-25 09:20:28 --> Duplicate entry '3522020202020202' for key 'PRIMARY'
#0 D:\Study\Latihan\ci4\sinjam-master\system\Database\MySQLi\Connection.php(292): mysqli->query('INSERT INTO `na...', 0)
#1 D:\Study\Latihan\ci4\sinjam-master\system\Database\BaseConnection.php(670): CodeIgniter\Database\MySQLi\Connection->execute('INSERT INTO `na...')
#2 D:\Study\Latihan\ci4\sinjam-master\system\Database\BaseConnection.php(598): CodeIgniter\Database\BaseConnection->simpleQuery('INSERT INTO `na...')
#3 D:\Study\Latihan\ci4\sinjam-master\system\Database\BaseBuilder.php(1759): CodeIgniter\Database\BaseConnection->query('INSERT INTO `na...', Array, false)
#4 D:\Study\Latihan\ci4\sinjam-master\system\Model.php(239): CodeIgniter\Database\BaseBuilder->insert()
#5 D:\Study\Latihan\ci4\sinjam-master\system\BaseModel.php(738): CodeIgniter\Model->doInsert(Array)
#6 D:\Study\Latihan\ci4\sinjam-master\system\Model.php(620): CodeIgniter\BaseModel->insert(Array, true)
#7 D:\Study\Latihan\ci4\sinjam-master\app\Controllers\Nasabah.php(48): CodeIgniter\Model->insert(Array)
#8 D:\Study\Latihan\ci4\sinjam-master\system\CodeIgniter.php(824): App\Controllers\Nasabah->tambah()
#9 D:\Study\Latihan\ci4\sinjam-master\system\CodeIgniter.php(410): CodeIgniter\CodeIgniter->runController(Object(App\Controllers\Nasabah))
#10 D:\Study\Latihan\ci4\sinjam-master\system\CodeIgniter.php(318): CodeIgniter\CodeIgniter->handleRequest(NULL, Object(Config\Cache), false)
#11 D:\Study\Latihan\ci4\sinjam-master\public\index.php(37): CodeIgniter\CodeIgniter->run()
#12 D:\Study\Latihan\ci4\sinjam-master\system\Commands\Server\rewrite.php(43): require_once('D:\\Study\\Latiha...')
#13 {main}
ERROR - 2022-07-25 09:20:28 --> Duplicate entry '3522020202020202' for key 'PRIMARY'
CRITICAL - 2022-07-25 09:20:28 --> Duplicate entry '3522020202020202' for key 'PRIMARY'
#0 D:\Study\Latihan\ci4\sinjam-master\system\Database\MySQLi\Connection.php(292): mysqli->query('INSERT INTO `na...', 0)
#1 D:\Study\Latihan\ci4\sinjam-master\system\Database\BaseConnection.php(670): CodeIgniter\Database\MySQLi\Connection->execute('INSERT INTO `na...')
#2 D:\Study\Latihan\ci4\sinjam-master\system\Database\BaseConnection.php(598): CodeIgniter\Database\BaseConnection->simpleQuery('INSERT INTO `na...')
#3 D:\Study\Latihan\ci4\sinjam-master\system\Database\BaseBuilder.php(1759): CodeIgniter\Database\BaseConnection->query('INSERT INTO `na...', Array, false)
#4 D:\Study\Latihan\ci4\sinjam-master\system\Model.php(239): CodeIgniter\Database\BaseBuilder->insert()
#5 D:\Study\Latihan\ci4\sinjam-master\system\BaseModel.php(738): CodeIgniter\Model->doInsert(Array)
#6 D:\Study\Latihan\ci4\sinjam-master\system\Model.php(620): CodeIgniter\BaseModel->insert(Array, true)
#7 D:\Study\Latihan\ci4\sinjam-master\app\Controllers\Nasabah.php(48): CodeIgniter\Model->insert(Array)
#8 D:\Study\Latihan\ci4\sinjam-master\system\CodeIgniter.php(824): App\Controllers\Nasabah->tambah()
#9 D:\Study\Latihan\ci4\sinjam-master\system\CodeIgniter.php(410): CodeIgniter\CodeIgniter->runController(Object(App\Controllers\Nasabah))
#10 D:\Study\Latihan\ci4\sinjam-master\system\CodeIgniter.php(318): CodeIgniter\CodeIgniter->handleRequest(NULL, Object(Config\Cache), false)
#11 D:\Study\Latihan\ci4\sinjam-master\public\index.php(37): CodeIgniter\CodeIgniter->run()
#12 D:\Study\Latihan\ci4\sinjam-master\system\Commands\Server\rewrite.php(43): require_once('D:\\Study\\Latiha...')
#13 {main}
ERROR - 2022-07-25 09:20:28 --> Duplicate entry '3522020202020202' for key 'PRIMARY'
CRITICAL - 2022-07-25 09:20:28 --> Duplicate entry '3522020202020202' for key 'PRIMARY'
#0 D:\Study\Latihan\ci4\sinjam-master\system\Database\MySQLi\Connection.php(292): mysqli->query('INSERT INTO `na...', 0)
#1 D:\Study\Latihan\ci4\sinjam-master\system\Database\BaseConnection.php(670): CodeIgniter\Database\MySQLi\Connection->execute('INSERT INTO `na...')
#2 D:\Study\Latihan\ci4\sinjam-master\system\Database\BaseConnection.php(598): CodeIgniter\Database\BaseConnection->simpleQuery('INSERT INTO `na...')
#3 D:\Study\Latihan\ci4\sinjam-master\system\Database\BaseBuilder.php(1759): CodeIgniter\Database\BaseConnection->query('INSERT INTO `na...', Array, false)
#4 D:\Study\Latihan\ci4\sinjam-master\system\Model.php(239): CodeIgniter\Database\BaseBuilder->insert()
#5 D:\Study\Latihan\ci4\sinjam-master\system\BaseModel.php(738): CodeIgniter\Model->doInsert(Array)
#6 D:\Study\Latihan\ci4\sinjam-master\system\Model.php(620): CodeIgniter\BaseModel->insert(Array, true)
#7 D:\Study\Latihan\ci4\sinjam-master\app\Controllers\Nasabah.php(48): CodeIgniter\Model->insert(Array)
#8 D:\Study\Latihan\ci4\sinjam-master\system\CodeIgniter.php(824): App\Controllers\Nasabah->tambah()
#9 D:\Study\Latihan\ci4\sinjam-master\system\CodeIgniter.php(410): CodeIgniter\CodeIgniter->runController(Object(App\Controllers\Nasabah))
#10 D:\Study\Latihan\ci4\sinjam-master\system\CodeIgniter.php(318): CodeIgniter\CodeIgniter->handleRequest(NULL, Object(Config\Cache), false)
#11 D:\Study\Latihan\ci4\sinjam-master\public\index.php(37): CodeIgniter\CodeIgniter->run()
#12 D:\Study\Latihan\ci4\sinjam-master\system\Commands\Server\rewrite.php(43): require_once('D:\\Study\\Latiha...')
#13 {main}
ERROR - 2022-07-25 09:20:45 --> Duplicate entry '3522020202020202' for key 'PRIMARY'
CRITICAL - 2022-07-25 09:20:45 --> Duplicate entry '3522020202020202' for key 'PRIMARY'
#0 D:\Study\Latihan\ci4\sinjam-master\system\Database\MySQLi\Connection.php(292): mysqli->query('INSERT INTO `na...', 0)
#1 D:\Study\Latihan\ci4\sinjam-master\system\Database\BaseConnection.php(670): CodeIgniter\Database\MySQLi\Connection->execute('INSERT INTO `na...')
#2 D:\Study\Latihan\ci4\sinjam-master\system\Database\BaseConnection.php(598): CodeIgniter\Database\BaseConnection->simpleQuery('INSERT INTO `na...')
#3 D:\Study\Latihan\ci4\sinjam-master\system\Database\BaseBuilder.php(1759): CodeIgniter\Database\BaseConnection->query('INSERT INTO `na...', Array, false)
#4 D:\Study\Latihan\ci4\sinjam-master\system\Model.php(239): CodeIgniter\Database\BaseBuilder->insert()
#5 D:\Study\Latihan\ci4\sinjam-master\system\BaseModel.php(738): CodeIgniter\Model->doInsert(Array)
#6 D:\Study\Latihan\ci4\sinjam-master\system\Model.php(620): CodeIgniter\BaseModel->insert(Array, true)
#7 D:\Study\Latihan\ci4\sinjam-master\app\Controllers\Nasabah.php(48): CodeIgniter\Model->insert(Array)
#8 D:\Study\Latihan\ci4\sinjam-master\system\CodeIgniter.php(824): App\Controllers\Nasabah->tambah()
#9 D:\Study\Latihan\ci4\sinjam-master\system\CodeIgniter.php(410): CodeIgniter\CodeIgniter->runController(Object(App\Controllers\Nasabah))
#10 D:\Study\Latihan\ci4\sinjam-master\system\CodeIgniter.php(318): CodeIgniter\CodeIgniter->handleRequest(NULL, Object(Config\Cache), false)
#11 D:\Study\Latihan\ci4\sinjam-master\public\index.php(37): CodeIgniter\CodeIgniter->run()
#12 D:\Study\Latihan\ci4\sinjam-master\system\Commands\Server\rewrite.php(43): require_once('D:\\Study\\Latiha...')
#13 {main}
ERROR - 2022-07-25 09:20:47 --> Duplicate entry '3522020202020202' for key 'PRIMARY'
CRITICAL - 2022-07-25 09:20:47 --> Duplicate entry '3522020202020202' for key 'PRIMARY'
#0 D:\Study\Latihan\ci4\sinjam-master\system\Database\MySQLi\Connection.php(292): mysqli->query('INSERT INTO `na...', 0)
#1 D:\Study\Latihan\ci4\sinjam-master\system\Database\BaseConnection.php(670): CodeIgniter\Database\MySQLi\Connection->execute('INSERT INTO `na...')
#2 D:\Study\Latihan\ci4\sinjam-master\system\Database\BaseConnection.php(598): CodeIgniter\Database\BaseConnection->simpleQuery('INSERT INTO `na...')
#3 D:\Study\Latihan\ci4\sinjam-master\system\Database\BaseBuilder.php(1759): CodeIgniter\Database\BaseConnection->query('INSERT INTO `na...', Array, false)
#4 D:\Study\Latihan\ci4\sinjam-master\system\Model.php(239): CodeIgniter\Database\BaseBuilder->insert()
#5 D:\Study\Latihan\ci4\sinjam-master\system\BaseModel.php(738): CodeIgniter\Model->doInsert(Array)
#6 D:\Study\Latihan\ci4\sinjam-master\system\Model.php(620): CodeIgniter\BaseModel->insert(Array, true)
#7 D:\Study\Latihan\ci4\sinjam-master\app\Controllers\Nasabah.php(48): CodeIgniter\Model->insert(Array)
#8 D:\Study\Latihan\ci4\sinjam-master\system\CodeIgniter.php(824): App\Controllers\Nasabah->tambah()
#9 D:\Study\Latihan\ci4\sinjam-master\system\CodeIgniter.php(410): CodeIgniter\CodeIgniter->runController(Object(App\Controllers\Nasabah))
#10 D:\Study\Latihan\ci4\sinjam-master\system\CodeIgniter.php(318): CodeIgniter\CodeIgniter->handleRequest(NULL, Object(Config\Cache), false)
#11 D:\Study\Latihan\ci4\sinjam-master\public\index.php(37): CodeIgniter\CodeIgniter->run()
#12 D:\Study\Latihan\ci4\sinjam-master\system\Commands\Server\rewrite.php(43): require_once('D:\\Study\\Latiha...')
#13 {main}
ERROR - 2022-07-25 09:32:56 --> Unknown column 'telp' in 'field list'
CRITICAL - 2022-07-25 09:32:56 --> Unknown column 'telp' in 'field list'
#0 D:\Study\Latihan\ci4\sinjamlaporan\system\Database\MySQLi\Connection.php(292): mysqli->query('INSERT INTO `na...', 0)
#1 D:\Study\Latihan\ci4\sinjamlaporan\system\Database\BaseConnection.php(670): CodeIgniter\Database\MySQLi\Connection->execute('INSERT INTO `na...')
#2 D:\Study\Latihan\ci4\sinjamlaporan\system\Database\BaseConnection.php(598): CodeIgniter\Database\BaseConnection->simpleQuery('INSERT INTO `na...')
#3 D:\Study\Latihan\ci4\sinjamlaporan\system\Database\BaseBuilder.php(1759): CodeIgniter\Database\BaseConnection->query('INSERT INTO `na...', Array, false)
#4 D:\Study\Latihan\ci4\sinjamlaporan\system\Model.php(239): CodeIgniter\Database\BaseBuilder->insert()
#5 D:\Study\Latihan\ci4\sinjamlaporan\system\BaseModel.php(738): CodeIgniter\Model->doInsert(Array)
#6 D:\Study\Latihan\ci4\sinjamlaporan\system\Model.php(620): CodeIgniter\BaseModel->insert(Array, true)
#7 D:\Study\Latihan\ci4\sinjamlaporan\app\Controllers\Nasabah.php(49): CodeIgniter\Model->insert(Array)
#8 D:\Study\Latihan\ci4\sinjamlaporan\system\CodeIgniter.php(824): App\Controllers\Nasabah->tambah()
#9 D:\Study\Latihan\ci4\sinjamlaporan\system\CodeIgniter.php(410): CodeIgniter\CodeIgniter->runController(Object(App\Controllers\Nasabah))
#10 D:\Study\Latihan\ci4\sinjamlaporan\system\CodeIgniter.php(318): CodeIgniter\CodeIgniter->handleRequest(NULL, Object(Config\Cache), false)
#11 D:\Study\Latihan\ci4\sinjamlaporan\public\index.php(37): CodeIgniter\CodeIgniter->run()
#12 D:\Study\Latihan\ci4\sinjamlaporan\system\Commands\Server\rewrite.php(43): require_once('D:\\Study\\Latiha...')
#13 {main}
ERROR - 2022-07-25 09:32:56 --> Unknown column 'telp' in 'field list'
CRITICAL - 2022-07-25 09:32:56 --> Unknown column 'telp' in 'field list'
#0 D:\Study\Latihan\ci4\sinjamlaporan\system\Database\MySQLi\Connection.php(292): mysqli->query('INSERT INTO `na...', 0)
#1 D:\Study\Latihan\ci4\sinjamlaporan\system\Database\BaseConnection.php(670): CodeIgniter\Database\MySQLi\Connection->execute('INSERT INTO `na...')
#2 D:\Study\Latihan\ci4\sinjamlaporan\system\Database\BaseConnection.php(598): CodeIgniter\Database\BaseConnection->simpleQuery('INSERT INTO `na...')
#3 D:\Study\Latihan\ci4\sinjamlaporan\system\Database\BaseBuilder.php(1759): CodeIgniter\Database\BaseConnection->query('INSERT INTO `na...', Array, false)
#4 D:\Study\Latihan\ci4\sinjamlaporan\system\Model.php(239): CodeIgniter\Database\BaseBuilder->insert()
#5 D:\Study\Latihan\ci4\sinjamlaporan\system\BaseModel.php(738): CodeIgniter\Model->doInsert(Array)
#6 D:\Study\Latihan\ci4\sinjamlaporan\system\Model.php(620): CodeIgniter\BaseModel->insert(Array, true)
#7 D:\Study\Latihan\ci4\sinjamlaporan\app\Controllers\Nasabah.php(49): CodeIgniter\Model->insert(Array)
#8 D:\Study\Latihan\ci4\sinjamlaporan\system\CodeIgniter.php(824): App\Controllers\Nasabah->tambah()
#9 D:\Study\Latihan\ci4\sinjamlaporan\system\CodeIgniter.php(410): CodeIgniter\CodeIgniter->runController(Object(App\Controllers\Nasabah))
#10 D:\Study\Latihan\ci4\sinjamlaporan\system\CodeIgniter.php(318): CodeIgniter\CodeIgniter->handleRequest(NULL, Object(Config\Cache), false)
#11 D:\Study\Latihan\ci4\sinjamlaporan\public\index.php(37): CodeIgniter\CodeIgniter->run()
#12 D:\Study\Latihan\ci4\sinjamlaporan\system\Commands\Server\rewrite.php(43): require_once('D:\\Study\\Latiha...')
#13 {main}
ERROR - 2022-07-25 09:32:57 --> Unknown column 'telp' in 'field list'
CRITICAL - 2022-07-25 09:32:57 --> Unknown column 'telp' in 'field list'
#0 D:\Study\Latihan\ci4\sinjamlaporan\system\Database\MySQLi\Connection.php(292): mysqli->query('INSERT INTO `na...', 0)
#1 D:\Study\Latihan\ci4\sinjamlaporan\system\Database\BaseConnection.php(670): CodeIgniter\Database\MySQLi\Connection->execute('INSERT INTO `na...')
#2 D:\Study\Latihan\ci4\sinjamlaporan\system\Database\BaseConnection.php(598): CodeIgniter\Database\BaseConnection->simpleQuery('INSERT INTO `na...')
#3 D:\Study\Latihan\ci4\sinjamlaporan\system\Database\BaseBuilder.php(1759): CodeIgniter\Database\BaseConnection->query('INSERT INTO `na...', Array, false)
#4 D:\Study\Latihan\ci4\sinjamlaporan\system\Model.php(239): CodeIgniter\Database\BaseBuilder->insert()
#5 D:\Study\Latihan\ci4\sinjamlaporan\system\BaseModel.php(738): CodeIgniter\Model->doInsert(Array)
#6 D:\Study\Latihan\ci4\sinjamlaporan\system\Model.php(620): CodeIgniter\BaseModel->insert(Array, true)
#7 D:\Study\Latihan\ci4\sinjamlaporan\app\Controllers\Nasabah.php(49): CodeIgniter\Model->insert(Array)
#8 D:\Study\Latihan\ci4\sinjamlaporan\system\CodeIgniter.php(824): App\Controllers\Nasabah->tambah()
#9 D:\Study\Latihan\ci4\sinjamlaporan\system\CodeIgniter.php(410): CodeIgniter\CodeIgniter->runController(Object(App\Controllers\Nasabah))
#10 D:\Study\Latihan\ci4\sinjamlaporan\system\CodeIgniter.php(318): CodeIgniter\CodeIgniter->handleRequest(NULL, Object(Config\Cache), false)
#11 D:\Study\Latihan\ci4\sinjamlaporan\public\index.php(37): CodeIgniter\CodeIgniter->run()
#12 D:\Study\Latihan\ci4\sinjamlaporan\system\Commands\Server\rewrite.php(43): require_once('D:\\Study\\Latiha...')
#13 {main}
ERROR - 2022-07-25 09:32:57 --> Unknown column 'telp' in 'field list'
CRITICAL - 2022-07-25 09:32:57 --> Unknown column 'telp' in 'field list'
#0 D:\Study\Latihan\ci4\sinjamlaporan\system\Database\MySQLi\Connection.php(292): mysqli->query('INSERT INTO `na...', 0)
#1 D:\Study\Latihan\ci4\sinjamlaporan\system\Database\BaseConnection.php(670): CodeIgniter\Database\MySQLi\Connection->execute('INSERT INTO `na...')
#2 D:\Study\Latihan\ci4\sinjamlaporan\system\Database\BaseConnection.php(598): CodeIgniter\Database\BaseConnection->simpleQuery('INSERT INTO `na...')
#3 D:\Study\Latihan\ci4\sinjamlaporan\system\Database\BaseBuilder.php(1759): CodeIgniter\Database\BaseConnection->query('INSERT INTO `na...', Array, false)
#4 D:\Study\Latihan\ci4\sinjamlaporan\system\Model.php(239): CodeIgniter\Database\BaseBuilder->insert()
#5 D:\Study\Latihan\ci4\sinjamlaporan\system\BaseModel.php(738): CodeIgniter\Model->doInsert(Array)
#6 D:\Study\Latihan\ci4\sinjamlaporan\system\Model.php(620): CodeIgniter\BaseModel->insert(Array, true)
#7 D:\Study\Latihan\ci4\sinjamlaporan\app\Controllers\Nasabah.php(49): CodeIgniter\Model->insert(Array)
#8 D:\Study\Latihan\ci4\sinjamlaporan\system\CodeIgniter.php(824): App\Controllers\Nasabah->tambah()
#9 D:\Study\Latihan\ci4\sinjamlaporan\system\CodeIgniter.php(410): CodeIgniter\CodeIgniter->runController(Object(App\Controllers\Nasabah))
#10 D:\Study\Latihan\ci4\sinjamlaporan\system\CodeIgniter.php(318): CodeIgniter\CodeIgniter->handleRequest(NULL, Object(Config\Cache), false)
#11 D:\Study\Latihan\ci4\sinjamlaporan\public\index.php(37): CodeIgniter\CodeIgniter->run()
#12 D:\Study\Latihan\ci4\sinjamlaporan\system\Commands\Server\rewrite.php(43): require_once('D:\\Study\\Latiha...')
#13 {main}
ERROR - 2022-07-25 09:33:18 --> Unknown column 'telp' in 'field list'
CRITICAL - 2022-07-25 09:33:18 --> Unknown column 'telp' in 'field list'
#0 D:\Study\Latihan\ci4\sinjamlaporan\system\Database\MySQLi\Connection.php(292): mysqli->query('UPDATE `nasabah...', 0)
#1 D:\Study\Latihan\ci4\sinjamlaporan\system\Database\BaseConnection.php(670): CodeIgniter\Database\MySQLi\Connection->execute('UPDATE `nasabah...')
#2 D:\Study\Latihan\ci4\sinjamlaporan\system\Database\BaseConnection.php(598): CodeIgniter\Database\BaseConnection->simpleQuery('UPDATE `nasabah...')
#3 D:\Study\Latihan\ci4\sinjamlaporan\system\Database\BaseBuilder.php(1901): CodeIgniter\Database\BaseConnection->query('UPDATE `nasabah...', Array, false)
#4 D:\Study\Latihan\ci4\sinjamlaporan\system\Model.php(298): CodeIgniter\Database\BaseBuilder->update()
#5 D:\Study\Latihan\ci4\sinjamlaporan\system\BaseModel.php(865): CodeIgniter\Model->doUpdate(Array, Array)
#6 D:\Study\Latihan\ci4\sinjamlaporan\system\Model.php(646): CodeIgniter\BaseModel->update(Array, Array)
#7 D:\Study\Latihan\ci4\sinjamlaporan\app\Controllers\Nasabah.php(52): CodeIgniter\Model->update('45345', Array)
#8 D:\Study\Latihan\ci4\sinjamlaporan\system\CodeIgniter.php(824): App\Controllers\Nasabah->tambah()
#9 D:\Study\Latihan\ci4\sinjamlaporan\system\CodeIgniter.php(410): CodeIgniter\CodeIgniter->runController(Object(App\Controllers\Nasabah))
#10 D:\Study\Latihan\ci4\sinjamlaporan\system\CodeIgniter.php(318): CodeIgniter\CodeIgniter->handleRequest(NULL, Object(Config\Cache), false)
#11 D:\Study\Latihan\ci4\sinjamlaporan\public\index.php(37): CodeIgniter\CodeIgniter->run()
#12 D:\Study\Latihan\ci4\sinjamlaporan\system\Commands\Server\rewrite.php(43): require_once('D:\\Study\\Latiha...')
#13 {main}
ERROR - 2022-07-25 09:33:48 --> Unknown column 'telp' in 'field list'
CRITICAL - 2022-07-25 09:33:48 --> Unknown column 'telp' in 'field list'
#0 D:\Study\Latihan\ci4\sinjamlaporan\system\Database\MySQLi\Connection.php(292): mysqli->query('INSERT INTO `na...', 0)
#1 D:\Study\Latihan\ci4\sinjamlaporan\system\Database\BaseConnection.php(670): CodeIgniter\Database\MySQLi\Connection->execute('INSERT INTO `na...')
#2 D:\Study\Latihan\ci4\sinjamlaporan\system\Database\BaseConnection.php(598): CodeIgniter\Database\BaseConnection->simpleQuery('INSERT INTO `na...')
#3 D:\Study\Latihan\ci4\sinjamlaporan\system\Database\BaseBuilder.php(1759): CodeIgniter\Database\BaseConnection->query('INSERT INTO `na...', Array, false)
#4 D:\Study\Latihan\ci4\sinjamlaporan\system\Model.php(239): CodeIgniter\Database\BaseBuilder->insert()
#5 D:\Study\Latihan\ci4\sinjamlaporan\system\BaseModel.php(738): CodeIgniter\Model->doInsert(Array)
#6 D:\Study\Latihan\ci4\sinjamlaporan\system\Model.php(620): CodeIgniter\BaseModel->insert(Array, true)
#7 D:\Study\Latihan\ci4\sinjamlaporan\app\Controllers\Nasabah.php(49): CodeIgniter\Model->insert(Array)
#8 D:\Study\Latihan\ci4\sinjamlaporan\system\CodeIgniter.php(824): App\Controllers\Nasabah->tambah()
#9 D:\Study\Latihan\ci4\sinjamlaporan\system\CodeIgniter.php(410): CodeIgniter\CodeIgniter->runController(Object(App\Controllers\Nasabah))
#10 D:\Study\Latihan\ci4\sinjamlaporan\system\CodeIgniter.php(318): CodeIgniter\CodeIgniter->handleRequest(NULL, Object(Config\Cache), false)
#11 D:\Study\Latihan\ci4\sinjamlaporan\public\index.php(37): CodeIgniter\CodeIgniter->run()
#12 D:\Study\Latihan\ci4\sinjamlaporan\system\Commands\Server\rewrite.php(43): require_once('D:\\Study\\Latiha...')
#13 {main}
ERROR - 2022-07-25 09:33:49 --> Unknown column 'telp' in 'field list'
CRITICAL - 2022-07-25 09:33:49 --> Unknown column 'telp' in 'field list'
#0 D:\Study\Latihan\ci4\sinjamlaporan\system\Database\MySQLi\Connection.php(292): mysqli->query('INSERT INTO `na...', 0)
#1 D:\Study\Latihan\ci4\sinjamlaporan\system\Database\BaseConnection.php(670): CodeIgniter\Database\MySQLi\Connection->execute('INSERT INTO `na...')
#2 D:\Study\Latihan\ci4\sinjamlaporan\system\Database\BaseConnection.php(598): CodeIgniter\Database\BaseConnection->simpleQuery('INSERT INTO `na...')
#3 D:\Study\Latihan\ci4\sinjamlaporan\system\Database\BaseBuilder.php(1759): CodeIgniter\Database\BaseConnection->query('INSERT INTO `na...', Array, false)
#4 D:\Study\Latihan\ci4\sinjamlaporan\system\Model.php(239): CodeIgniter\Database\BaseBuilder->insert()
#5 D:\Study\Latihan\ci4\sinjamlaporan\system\BaseModel.php(738): CodeIgniter\Model->doInsert(Array)
#6 D:\Study\Latihan\ci4\sinjamlaporan\system\Model.php(620): CodeIgniter\BaseModel->insert(Array, true)
#7 D:\Study\Latihan\ci4\sinjamlaporan\app\Controllers\Nasabah.php(49): CodeIgniter\Model->insert(Array)
#8 D:\Study\Latihan\ci4\sinjamlaporan\system\CodeIgniter.php(824): App\Controllers\Nasabah->tambah()
#9 D:\Study\Latihan\ci4\sinjamlaporan\system\CodeIgniter.php(410): CodeIgniter\CodeIgniter->runController(Object(App\Controllers\Nasabah))
#10 D:\Study\Latihan\ci4\sinjamlaporan\system\CodeIgniter.php(318): CodeIgniter\CodeIgniter->handleRequest(NULL, Object(Config\Cache), false)
#11 D:\Study\Latihan\ci4\sinjamlaporan\public\index.php(37): CodeIgniter\CodeIgniter->run()
#12 D:\Study\Latihan\ci4\sinjamlaporan\system\Commands\Server\rewrite.php(43): require_once('D:\\Study\\Latiha...')
#13 {main}
ERROR - 2022-07-25 09:33:49 --> Unknown column 'telp' in 'field list'
CRITICAL - 2022-07-25 09:33:49 --> Unknown column 'telp' in 'field list'
#0 D:\Study\Latihan\ci4\sinjamlaporan\system\Database\MySQLi\Connection.php(292): mysqli->query('INSERT INTO `na...', 0)
#1 D:\Study\Latihan\ci4\sinjamlaporan\system\Database\BaseConnection.php(670): CodeIgniter\Database\MySQLi\Connection->execute('INSERT INTO `na...')
#2 D:\Study\Latihan\ci4\sinjamlaporan\system\Database\BaseConnection.php(598): CodeIgniter\Database\BaseConnection->simpleQuery('INSERT INTO `na...')
#3 D:\Study\Latihan\ci4\sinjamlaporan\system\Database\BaseBuilder.php(1759): CodeIgniter\Database\BaseConnection->query('INSERT INTO `na...', Array, false)
#4 D:\Study\Latihan\ci4\sinjamlaporan\system\Model.php(239): CodeIgniter\Database\BaseBuilder->insert()
#5 D:\Study\Latihan\ci4\sinjamlaporan\system\BaseModel.php(738): CodeIgniter\Model->doInsert(Array)
#6 D:\Study\Latihan\ci4\sinjamlaporan\system\Model.php(620): CodeIgniter\BaseModel->insert(Array, true)
#7 D:\Study\Latihan\ci4\sinjamlaporan\app\Controllers\Nasabah.php(49): CodeIgniter\Model->insert(Array)
#8 D:\Study\Latihan\ci4\sinjamlaporan\system\CodeIgniter.php(824): App\Controllers\Nasabah->tambah()
#9 D:\Study\Latihan\ci4\sinjamlaporan\system\CodeIgniter.php(410): CodeIgniter\CodeIgniter->runController(Object(App\Controllers\Nasabah))
#10 D:\Study\Latihan\ci4\sinjamlaporan\system\CodeIgniter.php(318): CodeIgniter\CodeIgniter->handleRequest(NULL, Object(Config\Cache), false)
#11 D:\Study\Latihan\ci4\sinjamlaporan\public\index.php(37): CodeIgniter\CodeIgniter->run()
#12 D:\Study\Latihan\ci4\sinjamlaporan\system\Commands\Server\rewrite.php(43): require_once('D:\\Study\\Latiha...')
#13 {main}
ERROR - 2022-07-25 09:33:49 --> Unknown column 'telp' in 'field list'
CRITICAL - 2022-07-25 09:33:49 --> Unknown column 'telp' in 'field list'
#0 D:\Study\Latihan\ci4\sinjamlaporan\system\Database\MySQLi\Connection.php(292): mysqli->query('INSERT INTO `na...', 0)
#1 D:\Study\Latihan\ci4\sinjamlaporan\system\Database\BaseConnection.php(670): CodeIgniter\Database\MySQLi\Connection->execute('INSERT INTO `na...')
#2 D:\Study\Latihan\ci4\sinjamlaporan\system\Database\BaseConnection.php(598): CodeIgniter\Database\BaseConnection->simpleQuery('INSERT INTO `na...')
#3 D:\Study\Latihan\ci4\sinjamlaporan\system\Database\BaseBuilder.php(1759): CodeIgniter\Database\BaseConnection->query('INSERT INTO `na...', Array, false)
#4 D:\Study\Latihan\ci4\sinjamlaporan\system\Model.php(239): CodeIgniter\Database\BaseBuilder->insert()
#5 D:\Study\Latihan\ci4\sinjamlaporan\system\BaseModel.php(738): CodeIgniter\Model->doInsert(Array)
#6 D:\Study\Latihan\ci4\sinjamlaporan\system\Model.php(620): CodeIgniter\BaseModel->insert(Array, true)
#7 D:\Study\Latihan\ci4\sinjamlaporan\app\Controllers\Nasabah.php(49): CodeIgniter\Model->insert(Array)
#8 D:\Study\Latihan\ci4\sinjamlaporan\system\CodeIgniter.php(824): App\Controllers\Nasabah->tambah()
#9 D:\Study\Latihan\ci4\sinjamlaporan\system\CodeIgniter.php(410): CodeIgniter\CodeIgniter->runController(Object(App\Controllers\Nasabah))
#10 D:\Study\Latihan\ci4\sinjamlaporan\system\CodeIgniter.php(318): CodeIgniter\CodeIgniter->handleRequest(NULL, Object(Config\Cache), false)
#11 D:\Study\Latihan\ci4\sinjamlaporan\public\index.php(37): CodeIgniter\CodeIgniter->run()
#12 D:\Study\Latihan\ci4\sinjamlaporan\system\Commands\Server\rewrite.php(43): require_once('D:\\Study\\Latiha...')
#13 {main}
ERROR - 2022-07-25 09:33:49 --> Unknown column 'telp' in 'field list'
CRITICAL - 2022-07-25 09:33:49 --> Unknown column 'telp' in 'field list'
#0 D:\Study\Latihan\ci4\sinjamlaporan\system\Database\MySQLi\Connection.php(292): mysqli->query('INSERT INTO `na...', 0)
#1 D:\Study\Latihan\ci4\sinjamlaporan\system\Database\BaseConnection.php(670): CodeIgniter\Database\MySQLi\Connection->execute('INSERT INTO `na...')
#2 D:\Study\Latihan\ci4\sinjamlaporan\system\Database\BaseConnection.php(598): CodeIgniter\Database\BaseConnection->simpleQuery('INSERT INTO `na...')
#3 D:\Study\Latihan\ci4\sinjamlaporan\system\Database\BaseBuilder.php(1759): CodeIgniter\Database\BaseConnection->query('INSERT INTO `na...', Array, false)
#4 D:\Study\Latihan\ci4\sinjamlaporan\system\Model.php(239): CodeIgniter\Database\BaseBuilder->insert()
#5 D:\Study\Latihan\ci4\sinjamlaporan\system\BaseModel.php(738): CodeIgniter\Model->doInsert(Array)
#6 D:\Study\Latihan\ci4\sinjamlaporan\system\Model.php(620): CodeIgniter\BaseModel->insert(Array, true)
#7 D:\Study\Latihan\ci4\sinjamlaporan\app\Controllers\Nasabah.php(49): CodeIgniter\Model->insert(Array)
#8 D:\Study\Latihan\ci4\sinjamlaporan\system\CodeIgniter.php(824): App\Controllers\Nasabah->tambah()
#9 D:\Study\Latihan\ci4\sinjamlaporan\system\CodeIgniter.php(410): CodeIgniter\CodeIgniter->runController(Object(App\Controllers\Nasabah))
#10 D:\Study\Latihan\ci4\sinjamlaporan\system\CodeIgniter.php(318): CodeIgniter\CodeIgniter->handleRequest(NULL, Object(Config\Cache), false)
#11 D:\Study\Latihan\ci4\sinjamlaporan\public\index.php(37): CodeIgniter\CodeIgniter->run()
#12 D:\Study\Latihan\ci4\sinjamlaporan\system\Commands\Server\rewrite.php(43): require_once('D:\\Study\\Latiha...')
#13 {main}
ERROR - 2022-07-25 09:33:51 --> Unknown column 'telp' in 'field list'
CRITICAL - 2022-07-25 09:33:51 --> Unknown column 'telp' in 'field list'
#0 D:\Study\Latihan\ci4\sinjamlaporan\system\Database\MySQLi\Connection.php(292): mysqli->query('INSERT INTO `na...', 0)
#1 D:\Study\Latihan\ci4\sinjamlaporan\system\Database\BaseConnection.php(670): CodeIgniter\Database\MySQLi\Connection->execute('INSERT INTO `na...')
#2 D:\Study\Latihan\ci4\sinjamlaporan\system\Database\BaseConnection.php(598): CodeIgniter\Database\BaseConnection->simpleQuery('INSERT INTO `na...')
#3 D:\Study\Latihan\ci4\sinjamlaporan\system\Database\BaseBuilder.php(1759): CodeIgniter\Database\BaseConnection->query('INSERT INTO `na...', Array, false)
#4 D:\Study\Latihan\ci4\sinjamlaporan\system\Model.php(239): CodeIgniter\Database\BaseBuilder->insert()
#5 D:\Study\Latihan\ci4\sinjamlaporan\system\BaseModel.php(738): CodeIgniter\Model->doInsert(Array)
#6 D:\Study\Latihan\ci4\sinjamlaporan\system\Model.php(620): CodeIgniter\BaseModel->insert(Array, true)
#7 D:\Study\Latihan\ci4\sinjamlaporan\app\Controllers\Nasabah.php(49): CodeIgniter\Model->insert(Array)
#8 D:\Study\Latihan\ci4\sinjamlaporan\system\CodeIgniter.php(824): App\Controllers\Nasabah->tambah()
#9 D:\Study\Latihan\ci4\sinjamlaporan\system\CodeIgniter.php(410): CodeIgniter\CodeIgniter->runController(Object(App\Controllers\Nasabah))
#10 D:\Study\Latihan\ci4\sinjamlaporan\system\CodeIgniter.php(318): CodeIgniter\CodeIgniter->handleRequest(NULL, Object(Config\Cache), false)
#11 D:\Study\Latihan\ci4\sinjamlaporan\public\index.php(37): CodeIgniter\CodeIgniter->run()
#12 D:\Study\Latihan\ci4\sinjamlaporan\system\Commands\Server\rewrite.php(43): require_once('D:\\Study\\Latiha...')
#13 {main}
ERROR - 2022-07-25 09:33:58 --> Unknown column 'telp' in 'field list'
CRITICAL - 2022-07-25 09:33:58 --> Unknown column 'telp' in 'field list'
#0 D:\Study\Latihan\ci4\sinjamlaporan\system\Database\MySQLi\Connection.php(292): mysqli->query('INSERT INTO `na...', 0)
#1 D:\Study\Latihan\ci4\sinjamlaporan\system\Database\BaseConnection.php(670): CodeIgniter\Database\MySQLi\Connection->execute('INSERT INTO `na...')
#2 D:\Study\Latihan\ci4\sinjamlaporan\system\Database\BaseConnection.php(598): CodeIgniter\Database\BaseConnection->simpleQuery('INSERT INTO `na...')
#3 D:\Study\Latihan\ci4\sinjamlaporan\system\Database\BaseBuilder.php(1759): CodeIgniter\Database\BaseConnection->query('INSERT INTO `na...', Array, false)
#4 D:\Study\Latihan\ci4\sinjamlaporan\system\Model.php(239): CodeIgniter\Database\BaseBuilder->insert()
#5 D:\Study\Latihan\ci4\sinjamlaporan\system\BaseModel.php(738): CodeIgniter\Model->doInsert(Array)
#6 D:\Study\Latihan\ci4\sinjamlaporan\system\Model.php(620): CodeIgniter\BaseModel->insert(Array, true)
#7 D:\Study\Latihan\ci4\sinjamlaporan\app\Controllers\Nasabah.php(49): CodeIgniter\Model->insert(Array)
#8 D:\Study\Latihan\ci4\sinjamlaporan\system\CodeIgniter.php(824): App\Controllers\Nasabah->tambah()
#9 D:\Study\Latihan\ci4\sinjamlaporan\system\CodeIgniter.php(410): CodeIgniter\CodeIgniter->runController(Object(App\Controllers\Nasabah))
#10 D:\Study\Latihan\ci4\sinjamlaporan\system\CodeIgniter.php(318): CodeIgniter\CodeIgniter->handleRequest(NULL, Object(Config\Cache), false)
#11 D:\Study\Latihan\ci4\sinjamlaporan\public\index.php(37): CodeIgniter\CodeIgniter->run()
#12 D:\Study\Latihan\ci4\sinjamlaporan\system\Commands\Server\rewrite.php(43): require_once('D:\\Study\\Latiha...')
#13 {main}
ERROR - 2022-07-25 09:33:59 --> Unknown column 'telp' in 'field list'
CRITICAL - 2022-07-25 09:33:59 --> Unknown column 'telp' in 'field list'
#0 D:\Study\Latihan\ci4\sinjamlaporan\system\Database\MySQLi\Connection.php(292): mysqli->query('INSERT INTO `na...', 0)
#1 D:\Study\Latihan\ci4\sinjamlaporan\system\Database\BaseConnection.php(670): CodeIgniter\Database\MySQLi\Connection->execute('INSERT INTO `na...')
#2 D:\Study\Latihan\ci4\sinjamlaporan\system\Database\BaseConnection.php(598): CodeIgniter\Database\BaseConnection->simpleQuery('INSERT INTO `na...')
#3 D:\Study\Latihan\ci4\sinjamlaporan\system\Database\BaseBuilder.php(1759): CodeIgniter\Database\BaseConnection->query('INSERT INTO `na...', Array, false)
#4 D:\Study\Latihan\ci4\sinjamlaporan\system\Model.php(239): CodeIgniter\Database\BaseBuilder->insert()
#5 D:\Study\Latihan\ci4\sinjamlaporan\system\BaseModel.php(738): CodeIgniter\Model->doInsert(Array)
#6 D:\Study\Latihan\ci4\sinjamlaporan\system\Model.php(620): CodeIgniter\BaseModel->insert(Array, true)
#7 D:\Study\Latihan\ci4\sinjamlaporan\app\Controllers\Nasabah.php(49): CodeIgniter\Model->insert(Array)
#8 D:\Study\Latihan\ci4\sinjamlaporan\system\CodeIgniter.php(824): App\Controllers\Nasabah->tambah()
#9 D:\Study\Latihan\ci4\sinjamlaporan\system\CodeIgniter.php(410): CodeIgniter\CodeIgniter->runController(Object(App\Controllers\Nasabah))
#10 D:\Study\Latihan\ci4\sinjamlaporan\system\CodeIgniter.php(318): CodeIgniter\CodeIgniter->handleRequest(NULL, Object(Config\Cache), false)
#11 D:\Study\Latihan\ci4\sinjamlaporan\public\index.php(37): CodeIgniter\CodeIgniter->run()
#12 D:\Study\Latihan\ci4\sinjamlaporan\system\Commands\Server\rewrite.php(43): require_once('D:\\Study\\Latiha...')
#13 {main}
ERROR - 2022-07-25 09:34:05 --> Unknown column 'telp' in 'field list'
CRITICAL - 2022-07-25 09:34:05 --> Unknown column 'telp' in 'field list'
#0 D:\Study\Latihan\ci4\sinjamlaporan\system\Database\MySQLi\Connection.php(292): mysqli->query('INSERT INTO `na...', 0)
#1 D:\Study\Latihan\ci4\sinjamlaporan\system\Database\BaseConnection.php(670): CodeIgniter\Database\MySQLi\Connection->execute('INSERT INTO `na...')
#2 D:\Study\Latihan\ci4\sinjamlaporan\system\Database\BaseConnection.php(598): CodeIgniter\Database\BaseConnection->simpleQuery('INSERT INTO `na...')
#3 D:\Study\Latihan\ci4\sinjamlaporan\system\Database\BaseBuilder.php(1759): CodeIgniter\Database\BaseConnection->query('INSERT INTO `na...', Array, false)
#4 D:\Study\Latihan\ci4\sinjamlaporan\system\Model.php(239): CodeIgniter\Database\BaseBuilder->insert()
#5 D:\Study\Latihan\ci4\sinjamlaporan\system\BaseModel.php(738): CodeIgniter\Model->doInsert(Array)
#6 D:\Study\Latihan\ci4\sinjamlaporan\system\Model.php(620): CodeIgniter\BaseModel->insert(Array, true)
#7 D:\Study\Latihan\ci4\sinjamlaporan\app\Controllers\Nasabah.php(49): CodeIgniter\Model->insert(Array)
#8 D:\Study\Latihan\ci4\sinjamlaporan\system\CodeIgniter.php(824): App\Controllers\Nasabah->tambah()
#9 D:\Study\Latihan\ci4\sinjamlaporan\system\CodeIgniter.php(410): CodeIgniter\CodeIgniter->runController(Object(App\Controllers\Nasabah))
#10 D:\Study\Latihan\ci4\sinjamlaporan\system\CodeIgniter.php(318): CodeIgniter\CodeIgniter->handleRequest(NULL, Object(Config\Cache), false)
#11 D:\Study\Latihan\ci4\sinjamlaporan\public\index.php(37): CodeIgniter\CodeIgniter->run()
#12 D:\Study\Latihan\ci4\sinjamlaporan\system\Commands\Server\rewrite.php(43): require_once('D:\\Study\\Latiha...')
#13 {main}
ERROR - 2022-07-25 09:34:06 --> Unknown column 'telp' in 'field list'
CRITICAL - 2022-07-25 09:34:06 --> Unknown column 'telp' in 'field list'
#0 D:\Study\Latihan\ci4\sinjamlaporan\system\Database\MySQLi\Connection.php(292): mysqli->query('INSERT INTO `na...', 0)
#1 D:\Study\Latihan\ci4\sinjamlaporan\system\Database\BaseConnection.php(670): CodeIgniter\Database\MySQLi\Connection->execute('INSERT INTO `na...')
#2 D:\Study\Latihan\ci4\sinjamlaporan\system\Database\BaseConnection.php(598): CodeIgniter\Database\BaseConnection->simpleQuery('INSERT INTO `na...')
#3 D:\Study\Latihan\ci4\sinjamlaporan\system\Database\BaseBuilder.php(1759): CodeIgniter\Database\BaseConnection->query('INSERT INTO `na...', Array, false)
#4 D:\Study\Latihan\ci4\sinjamlaporan\system\Model.php(239): CodeIgniter\Database\BaseBuilder->insert()
#5 D:\Study\Latihan\ci4\sinjamlaporan\system\BaseModel.php(738): CodeIgniter\Model->doInsert(Array)
#6 D:\Study\Latihan\ci4\sinjamlaporan\system\Model.php(620): CodeIgniter\BaseModel->insert(Array, true)
#7 D:\Study\Latihan\ci4\sinjamlaporan\app\Controllers\Nasabah.php(49): CodeIgniter\Model->insert(Array)
#8 D:\Study\Latihan\ci4\sinjamlaporan\system\CodeIgniter.php(824): App\Controllers\Nasabah->tambah()
#9 D:\Study\Latihan\ci4\sinjamlaporan\system\CodeIgniter.php(410): CodeIgniter\CodeIgniter->runController(Object(App\Controllers\Nasabah))
#10 D:\Study\Latihan\ci4\sinjamlaporan\system\CodeIgniter.php(318): CodeIgniter\CodeIgniter->handleRequest(NULL, Object(Config\Cache), false)
#11 D:\Study\Latihan\ci4\sinjamlaporan\public\index.php(37): CodeIgniter\CodeIgniter->run()
#12 D:\Study\Latihan\ci4\sinjamlaporan\system\Commands\Server\rewrite.php(43): require_once('D:\\Study\\Latiha...')
#13 {main}
ERROR - 2022-07-25 09:34:46 --> Unknown column 'telp' in 'field list'
CRITICAL - 2022-07-25 09:34:46 --> Unknown column 'telp' in 'field list'
#0 D:\Study\Latihan\ci4\sinjamlaporan\system\Database\MySQLi\Connection.php(292): mysqli->query('INSERT INTO `na...', 0)
#1 D:\Study\Latihan\ci4\sinjamlaporan\system\Database\BaseConnection.php(670): CodeIgniter\Database\MySQLi\Connection->execute('INSERT INTO `na...')
#2 D:\Study\Latihan\ci4\sinjamlaporan\system\Database\BaseConnection.php(598): CodeIgniter\Database\BaseConnection->simpleQuery('INSERT INTO `na...')
#3 D:\Study\Latihan\ci4\sinjamlaporan\system\Database\BaseBuilder.php(1759): CodeIgniter\Database\BaseConnection->query('INSERT INTO `na...', Array, false)
#4 D:\Study\Latihan\ci4\sinjamlaporan\system\Model.php(239): CodeIgniter\Database\BaseBuilder->insert()
#5 D:\Study\Latihan\ci4\sinjamlaporan\system\BaseModel.php(738): CodeIgniter\Model->doInsert(Array)
#6 D:\Study\Latihan\ci4\sinjamlaporan\system\Model.php(620): CodeIgniter\BaseModel->insert(Array, true)
#7 D:\Study\Latihan\ci4\sinjamlaporan\app\Controllers\Nasabah.php(49): CodeIgniter\Model->insert(Array)
#8 D:\Study\Latihan\ci4\sinjamlaporan\system\CodeIgniter.php(824): App\Controllers\Nasabah->tambah()
#9 D:\Study\Latihan\ci4\sinjamlaporan\system\CodeIgniter.php(410): CodeIgniter\CodeIgniter->runController(Object(App\Controllers\Nasabah))
#10 D:\Study\Latihan\ci4\sinjamlaporan\system\CodeIgniter.php(318): CodeIgniter\CodeIgniter->handleRequest(NULL, Object(Config\Cache), false)
#11 D:\Study\Latihan\ci4\sinjamlaporan\public\index.php(37): CodeIgniter\CodeIgniter->run()
#12 D:\Study\Latihan\ci4\sinjamlaporan\system\Commands\Server\rewrite.php(43): require_once('D:\\Study\\Latiha...')
#13 {main}
ERROR - 2022-07-25 09:34:47 --> Unknown column 'telp' in 'field list'
CRITICAL - 2022-07-25 09:34:47 --> Unknown column 'telp' in 'field list'
#0 D:\Study\Latihan\ci4\sinjamlaporan\system\Database\MySQLi\Connection.php(292): mysqli->query('INSERT INTO `na...', 0)
#1 D:\Study\Latihan\ci4\sinjamlaporan\system\Database\BaseConnection.php(670): CodeIgniter\Database\MySQLi\Connection->execute('INSERT INTO `na...')
#2 D:\Study\Latihan\ci4\sinjamlaporan\system\Database\BaseConnection.php(598): CodeIgniter\Database\BaseConnection->simpleQuery('INSERT INTO `na...')
#3 D:\Study\Latihan\ci4\sinjamlaporan\system\Database\BaseBuilder.php(1759): CodeIgniter\Database\BaseConnection->query('INSERT INTO `na...', Array, false)
#4 D:\Study\Latihan\ci4\sinjamlaporan\system\Model.php(239): CodeIgniter\Database\BaseBuilder->insert()
#5 D:\Study\Latihan\ci4\sinjamlaporan\system\BaseModel.php(738): CodeIgniter\Model->doInsert(Array)
#6 D:\Study\Latihan\ci4\sinjamlaporan\system\Model.php(620): CodeIgniter\BaseModel->insert(Array, true)
#7 D:\Study\Latihan\ci4\sinjamlaporan\app\Controllers\Nasabah.php(49): CodeIgniter\Model->insert(Array)
#8 D:\Study\Latihan\ci4\sinjamlaporan\system\CodeIgniter.php(824): App\Controllers\Nasabah->tambah()
#9 D:\Study\Latihan\ci4\sinjamlaporan\system\CodeIgniter.php(410): CodeIgniter\CodeIgniter->runController(Object(App\Controllers\Nasabah))
#10 D:\Study\Latihan\ci4\sinjamlaporan\system\CodeIgniter.php(318): CodeIgniter\CodeIgniter->handleRequest(NULL, Object(Config\Cache), false)
#11 D:\Study\Latihan\ci4\sinjamlaporan\public\index.php(37): CodeIgniter\CodeIgniter->run()
#12 D:\Study\Latihan\ci4\sinjamlaporan\system\Commands\Server\rewrite.php(43): require_once('D:\\Study\\Latiha...')
#13 {main}
ERROR - 2022-07-25 09:34:47 --> Unknown column 'telp' in 'field list'
CRITICAL - 2022-07-25 09:34:47 --> Unknown column 'telp' in 'field list'
#0 D:\Study\Latihan\ci4\sinjamlaporan\system\Database\MySQLi\Connection.php(292): mysqli->query('INSERT INTO `na...', 0)
#1 D:\Study\Latihan\ci4\sinjamlaporan\system\Database\BaseConnection.php(670): CodeIgniter\Database\MySQLi\Connection->execute('INSERT INTO `na...')
#2 D:\Study\Latihan\ci4\sinjamlaporan\system\Database\BaseConnection.php(598): CodeIgniter\Database\BaseConnection->simpleQuery('INSERT INTO `na...')
#3 D:\Study\Latihan\ci4\sinjamlaporan\system\Database\BaseBuilder.php(1759): CodeIgniter\Database\BaseConnection->query('INSERT INTO `na...', Array, false)
#4 D:\Study\Latihan\ci4\sinjamlaporan\system\Model.php(239): CodeIgniter\Database\BaseBuilder->insert()
#5 D:\Study\Latihan\ci4\sinjamlaporan\system\BaseModel.php(738): CodeIgniter\Model->doInsert(Array)
#6 D:\Study\Latihan\ci4\sinjamlaporan\system\Model.php(620): CodeIgniter\BaseModel->insert(Array, true)
#7 D:\Study\Latihan\ci4\sinjamlaporan\app\Controllers\Nasabah.php(49): CodeIgniter\Model->insert(Array)
#8 D:\Study\Latihan\ci4\sinjamlaporan\system\CodeIgniter.php(824): App\Controllers\Nasabah->tambah()
#9 D:\Study\Latihan\ci4\sinjamlaporan\system\CodeIgniter.php(410): CodeIgniter\CodeIgniter->runController(Object(App\Controllers\Nasabah))
#10 D:\Study\Latihan\ci4\sinjamlaporan\system\CodeIgniter.php(318): CodeIgniter\CodeIgniter->handleRequest(NULL, Object(Config\Cache), false)
#11 D:\Study\Latihan\ci4\sinjamlaporan\public\index.php(37): CodeIgniter\CodeIgniter->run()
#12 D:\Study\Latihan\ci4\sinjamlaporan\system\Commands\Server\rewrite.php(43): require_once('D:\\Study\\Latiha...')
#13 {main}
ERROR - 2022-07-25 09:34:47 --> Unknown column 'telp' in 'field list'
CRITICAL - 2022-07-25 09:34:47 --> Unknown column 'telp' in 'field list'
#0 D:\Study\Latihan\ci4\sinjamlaporan\system\Database\MySQLi\Connection.php(292): mysqli->query('INSERT INTO `na...', 0)
#1 D:\Study\Latihan\ci4\sinjamlaporan\system\Database\BaseConnection.php(670): CodeIgniter\Database\MySQLi\Connection->execute('INSERT INTO `na...')
#2 D:\Study\Latihan\ci4\sinjamlaporan\system\Database\BaseConnection.php(598): CodeIgniter\Database\BaseConnection->simpleQuery('INSERT INTO `na...')
#3 D:\Study\Latihan\ci4\sinjamlaporan\system\Database\BaseBuilder.php(1759): CodeIgniter\Database\BaseConnection->query('INSERT INTO `na...', Array, false)
#4 D:\Study\Latihan\ci4\sinjamlaporan\system\Model.php(239): CodeIgniter\Database\BaseBuilder->insert()
#5 D:\Study\Latihan\ci4\sinjamlaporan\system\BaseModel.php(738): CodeIgniter\Model->doInsert(Array)
#6 D:\Study\Latihan\ci4\sinjamlaporan\system\Model.php(620): CodeIgniter\BaseModel->insert(Array, true)
#7 D:\Study\Latihan\ci4\sinjamlaporan\app\Controllers\Nasabah.php(49): CodeIgniter\Model->insert(Array)
#8 D:\Study\Latihan\ci4\sinjamlaporan\system\CodeIgniter.php(824): App\Controllers\Nasabah->tambah()
#9 D:\Study\Latihan\ci4\sinjamlaporan\system\CodeIgniter.php(410): CodeIgniter\CodeIgniter->runController(Object(App\Controllers\Nasabah))
#10 D:\Study\Latihan\ci4\sinjamlaporan\system\CodeIgniter.php(318): CodeIgniter\CodeIgniter->handleRequest(NULL, Object(Config\Cache), false)
#11 D:\Study\Latihan\ci4\sinjamlaporan\public\index.php(37): CodeIgniter\CodeIgniter->run()
#12 D:\Study\Latihan\ci4\sinjamlaporan\system\Commands\Server\rewrite.php(43): require_once('D:\\Study\\Latiha...')
#13 {main}
ERROR - 2022-07-25 09:34:47 --> Unknown column 'telp' in 'field list'
CRITICAL - 2022-07-25 09:34:47 --> Unknown column 'telp' in 'field list'
#0 D:\Study\Latihan\ci4\sinjamlaporan\system\Database\MySQLi\Connection.php(292): mysqli->query('INSERT INTO `na...', 0)
#1 D:\Study\Latihan\ci4\sinjamlaporan\system\Database\BaseConnection.php(670): CodeIgniter\Database\MySQLi\Connection->execute('INSERT INTO `na...')
#2 D:\Study\Latihan\ci4\sinjamlaporan\system\Database\BaseConnection.php(598): CodeIgniter\Database\BaseConnection->simpleQuery('INSERT INTO `na...')
#3 D:\Study\Latihan\ci4\sinjamlaporan\system\Database\BaseBuilder.php(1759): CodeIgniter\Database\BaseConnection->query('INSERT INTO `na...', Array, false)
#4 D:\Study\Latihan\ci4\sinjamlaporan\system\Model.php(239): CodeIgniter\Database\BaseBuilder->insert()
#5 D:\Study\Latihan\ci4\sinjamlaporan\system\BaseModel.php(738): CodeIgniter\Model->doInsert(Array)
#6 D:\Study\Latihan\ci4\sinjamlaporan\system\Model.php(620): CodeIgniter\BaseModel->insert(Array, true)
#7 D:\Study\Latihan\ci4\sinjamlaporan\app\Controllers\Nasabah.php(49): CodeIgniter\Model->insert(Array)
#8 D:\Study\Latihan\ci4\sinjamlaporan\system\CodeIgniter.php(824): App\Controllers\Nasabah->tambah()
#9 D:\Study\Latihan\ci4\sinjamlaporan\system\CodeIgniter.php(410): CodeIgniter\CodeIgniter->runController(Object(App\Controllers\Nasabah))
#10 D:\Study\Latihan\ci4\sinjamlaporan\system\CodeIgniter.php(318): CodeIgniter\CodeIgniter->handleRequest(NULL, Object(Config\Cache), false)
#11 D:\Study\Latihan\ci4\sinjamlaporan\public\index.php(37): CodeIgniter\CodeIgniter->run()
#12 D:\Study\Latihan\ci4\sinjamlaporan\system\Commands\Server\rewrite.php(43): require_once('D:\\Study\\Latiha...')
#13 {main}
ERROR - 2022-07-25 09:34:48 --> Unknown column 'telp' in 'field list'
CRITICAL - 2022-07-25 09:34:48 --> Unknown column 'telp' in 'field list'
#0 D:\Study\Latihan\ci4\sinjamlaporan\system\Database\MySQLi\Connection.php(292): mysqli->query('INSERT INTO `na...', 0)
#1 D:\Study\Latihan\ci4\sinjamlaporan\system\Database\BaseConnection.php(670): CodeIgniter\Database\MySQLi\Connection->execute('INSERT INTO `na...')
#2 D:\Study\Latihan\ci4\sinjamlaporan\system\Database\BaseConnection.php(598): CodeIgniter\Database\BaseConnection->simpleQuery('INSERT INTO `na...')
#3 D:\Study\Latihan\ci4\sinjamlaporan\system\Database\BaseBuilder.php(1759): CodeIgniter\Database\BaseConnection->query('INSERT INTO `na...', Array, false)
#4 D:\Study\Latihan\ci4\sinjamlaporan\system\Model.php(239): CodeIgniter\Database\BaseBuilder->insert()
#5 D:\Study\Latihan\ci4\sinjamlaporan\system\BaseModel.php(738): CodeIgniter\Model->doInsert(Array)
#6 D:\Study\Latihan\ci4\sinjamlaporan\system\Model.php(620): CodeIgniter\BaseModel->insert(Array, true)
#7 D:\Study\Latihan\ci4\sinjamlaporan\app\Controllers\Nasabah.php(49): CodeIgniter\Model->insert(Array)
#8 D:\Study\Latihan\ci4\sinjamlaporan\system\CodeIgniter.php(824): App\Controllers\Nasabah->tambah()
#9 D:\Study\Latihan\ci4\sinjamlaporan\system\CodeIgniter.php(410): CodeIgniter\CodeIgniter->runController(Object(App\Controllers\Nasabah))
#10 D:\Study\Latihan\ci4\sinjamlaporan\system\CodeIgniter.php(318): CodeIgniter\CodeIgniter->handleRequest(NULL, Object(Config\Cache), false)
#11 D:\Study\Latihan\ci4\sinjamlaporan\public\index.php(37): CodeIgniter\CodeIgniter->run()
#12 D:\Study\Latihan\ci4\sinjamlaporan\system\Commands\Server\rewrite.php(43): require_once('D:\\Study\\Latiha...')
#13 {main}
ERROR - 2022-07-25 09:34:48 --> Unknown column 'telp' in 'field list'
CRITICAL - 2022-07-25 09:34:48 --> Unknown column 'telp' in 'field list'
#0 D:\Study\Latihan\ci4\sinjamlaporan\system\Database\MySQLi\Connection.php(292): mysqli->query('INSERT INTO `na...', 0)
#1 D:\Study\Latihan\ci4\sinjamlaporan\system\Database\BaseConnection.php(670): CodeIgniter\Database\MySQLi\Connection->execute('INSERT INTO `na...')
#2 D:\Study\Latihan\ci4\sinjamlaporan\system\Database\BaseConnection.php(598): CodeIgniter\Database\BaseConnection->simpleQuery('INSERT INTO `na...')
#3 D:\Study\Latihan\ci4\sinjamlaporan\system\Database\BaseBuilder.php(1759): CodeIgniter\Database\BaseConnection->query('INSERT INTO `na...', Array, false)
#4 D:\Study\Latihan\ci4\sinjamlaporan\system\Model.php(239): CodeIgniter\Database\BaseBuilder->insert()
#5 D:\Study\Latihan\ci4\sinjamlaporan\system\BaseModel.php(738): CodeIgniter\Model->doInsert(Array)
#6 D:\Study\Latihan\ci4\sinjamlaporan\system\Model.php(620): CodeIgniter\BaseModel->insert(Array, true)
#7 D:\Study\Latihan\ci4\sinjamlaporan\app\Controllers\Nasabah.php(49): CodeIgniter\Model->insert(Array)
#8 D:\Study\Latihan\ci4\sinjamlaporan\system\CodeIgniter.php(824): App\Controllers\Nasabah->tambah()
#9 D:\Study\Latihan\ci4\sinjamlaporan\system\CodeIgniter.php(410): CodeIgniter\CodeIgniter->runController(Object(App\Controllers\Nasabah))
#10 D:\Study\Latihan\ci4\sinjamlaporan\system\CodeIgniter.php(318): CodeIgniter\CodeIgniter->handleRequest(NULL, Object(Config\Cache), false)
#11 D:\Study\Latihan\ci4\sinjamlaporan\public\index.php(37): CodeIgniter\CodeIgniter->run()
#12 D:\Study\Latihan\ci4\sinjamlaporan\system\Commands\Server\rewrite.php(43): require_once('D:\\Study\\Latiha...')
#13 {main}
ERROR - 2022-07-25 09:36:54 --> Unknown column 'telp' in 'field list'
CRITICAL - 2022-07-25 09:36:54 --> Unknown column 'telp' in 'field list'
#0 D:\Study\Latihan\ci4\sinjamlaporan\system\Database\MySQLi\Connection.php(292): mysqli->query('INSERT INTO `na...', 0)
#1 D:\Study\Latihan\ci4\sinjamlaporan\system\Database\BaseConnection.php(670): CodeIgniter\Database\MySQLi\Connection->execute('INSERT INTO `na...')
#2 D:\Study\Latihan\ci4\sinjamlaporan\system\Database\BaseConnection.php(598): CodeIgniter\Database\BaseConnection->simpleQuery('INSERT INTO `na...')
#3 D:\Study\Latihan\ci4\sinjamlaporan\system\Database\BaseBuilder.php(1759): CodeIgniter\Database\BaseConnection->query('INSERT INTO `na...', Array, false)
#4 D:\Study\Latihan\ci4\sinjamlaporan\system\Model.php(239): CodeIgniter\Database\BaseBuilder->insert()
#5 D:\Study\Latihan\ci4\sinjamlaporan\system\BaseModel.php(738): CodeIgniter\Model->doInsert(Array)
#6 D:\Study\Latihan\ci4\sinjamlaporan\system\Model.php(620): CodeIgniter\BaseModel->insert(Array, true)
#7 D:\Study\Latihan\ci4\sinjamlaporan\app\Controllers\Nasabah.php(49): CodeIgniter\Model->insert(Array)
#8 D:\Study\Latihan\ci4\sinjamlaporan\system\CodeIgniter.php(824): App\Controllers\Nasabah->tambah()
#9 D:\Study\Latihan\ci4\sinjamlaporan\system\CodeIgniter.php(410): CodeIgniter\CodeIgniter->runController(Object(App\Controllers\Nasabah))
#10 D:\Study\Latihan\ci4\sinjamlaporan\system\CodeIgniter.php(318): CodeIgniter\CodeIgniter->handleRequest(NULL, Object(Config\Cache), false)
#11 D:\Study\Latihan\ci4\sinjamlaporan\public\index.php(37): CodeIgniter\CodeIgniter->run()
#12 D:\Study\Latihan\ci4\sinjamlaporan\system\Commands\Server\rewrite.php(43): require_once('D:\\Study\\Latiha...')
#13 {main}
ERROR - 2022-07-25 09:36:54 --> Unknown column 'telp' in 'field list'
CRITICAL - 2022-07-25 09:36:54 --> Unknown column 'telp' in 'field list'
#0 D:\Study\Latihan\ci4\sinjamlaporan\system\Database\MySQLi\Connection.php(292): mysqli->query('INSERT INTO `na...', 0)
#1 D:\Study\Latihan\ci4\sinjamlaporan\system\Database\BaseConnection.php(670): CodeIgniter\Database\MySQLi\Connection->execute('INSERT INTO `na...')
#2 D:\Study\Latihan\ci4\sinjamlaporan\system\Database\BaseConnection.php(598): CodeIgniter\Database\BaseConnection->simpleQuery('INSERT INTO `na...')
#3 D:\Study\Latihan\ci4\sinjamlaporan\system\Database\BaseBuilder.php(1759): CodeIgniter\Database\BaseConnection->query('INSERT INTO `na...', Array, false)
#4 D:\Study\Latihan\ci4\sinjamlaporan\system\Model.php(239): CodeIgniter\Database\BaseBuilder->insert()
#5 D:\Study\Latihan\ci4\sinjamlaporan\system\BaseModel.php(738): CodeIgniter\Model->doInsert(Array)
#6 D:\Study\Latihan\ci4\sinjamlaporan\system\Model.php(620): CodeIgniter\BaseModel->insert(Array, true)
#7 D:\Study\Latihan\ci4\sinjamlaporan\app\Controllers\Nasabah.php(49): CodeIgniter\Model->insert(Array)
#8 D:\Study\Latihan\ci4\sinjamlaporan\system\CodeIgniter.php(824): App\Controllers\Nasabah->tambah()
#9 D:\Study\Latihan\ci4\sinjamlaporan\system\CodeIgniter.php(410): CodeIgniter\CodeIgniter->runController(Object(App\Controllers\Nasabah))
#10 D:\Study\Latihan\ci4\sinjamlaporan\system\CodeIgniter.php(318): CodeIgniter\CodeIgniter->handleRequest(NULL, Object(Config\Cache), false)
#11 D:\Study\Latihan\ci4\sinjamlaporan\public\index.php(37): CodeIgniter\CodeIgniter->run()
#12 D:\Study\Latihan\ci4\sinjamlaporan\system\Commands\Server\rewrite.php(43): require_once('D:\\Study\\Latiha...')
#13 {main}
ERROR - 2022-07-25 09:36:54 --> Unknown column 'telp' in 'field list'
CRITICAL - 2022-07-25 09:36:54 --> Unknown column 'telp' in 'field list'
#0 D:\Study\Latihan\ci4\sinjamlaporan\system\Database\MySQLi\Connection.php(292): mysqli->query('INSERT INTO `na...', 0)
#1 D:\Study\Latihan\ci4\sinjamlaporan\system\Database\BaseConnection.php(670): CodeIgniter\Database\MySQLi\Connection->execute('INSERT INTO `na...')
#2 D:\Study\Latihan\ci4\sinjamlaporan\system\Database\BaseConnection.php(598): CodeIgniter\Database\BaseConnection->simpleQuery('INSERT INTO `na...')
#3 D:\Study\Latihan\ci4\sinjamlaporan\system\Database\BaseBuilder.php(1759): CodeIgniter\Database\BaseConnection->query('INSERT INTO `na...', Array, false)
#4 D:\Study\Latihan\ci4\sinjamlaporan\system\Model.php(239): CodeIgniter\Database\BaseBuilder->insert()
#5 D:\Study\Latihan\ci4\sinjamlaporan\system\BaseModel.php(738): CodeIgniter\Model->doInsert(Array)
#6 D:\Study\Latihan\ci4\sinjamlaporan\system\Model.php(620): CodeIgniter\BaseModel->insert(Array, true)
#7 D:\Study\Latihan\ci4\sinjamlaporan\app\Controllers\Nasabah.php(49): CodeIgniter\Model->insert(Array)
#8 D:\Study\Latihan\ci4\sinjamlaporan\system\CodeIgniter.php(824): App\Controllers\Nasabah->tambah()
#9 D:\Study\Latihan\ci4\sinjamlaporan\system\CodeIgniter.php(410): CodeIgniter\CodeIgniter->runController(Object(App\Controllers\Nasabah))
#10 D:\Study\Latihan\ci4\sinjamlaporan\system\CodeIgniter.php(318): CodeIgniter\CodeIgniter->handleRequest(NULL, Object(Config\Cache), false)
#11 D:\Study\Latihan\ci4\sinjamlaporan\public\index.php(37): CodeIgniter\CodeIgniter->run()
#12 D:\Study\Latihan\ci4\sinjamlaporan\system\Commands\Server\rewrite.php(43): require_once('D:\\Study\\Latiha...')
#13 {main}
ERROR - 2022-07-25 09:36:55 --> Unknown column 'telp' in 'field list'
CRITICAL - 2022-07-25 09:36:55 --> Unknown column 'telp' in 'field list'
#0 D:\Study\Latihan\ci4\sinjamlaporan\system\Database\MySQLi\Connection.php(292): mysqli->query('INSERT INTO `na...', 0)
#1 D:\Study\Latihan\ci4\sinjamlaporan\system\Database\BaseConnection.php(670): CodeIgniter\Database\MySQLi\Connection->execute('INSERT INTO `na...')
#2 D:\Study\Latihan\ci4\sinjamlaporan\system\Database\BaseConnection.php(598): CodeIgniter\Database\BaseConnection->simpleQuery('INSERT INTO `na...')
#3 D:\Study\Latihan\ci4\sinjamlaporan\system\Database\BaseBuilder.php(1759): CodeIgniter\Database\BaseConnection->query('INSERT INTO `na...', Array, false)
#4 D:\Study\Latihan\ci4\sinjamlaporan\system\Model.php(239): CodeIgniter\Database\BaseBuilder->insert()
#5 D:\Study\Latihan\ci4\sinjamlaporan\system\BaseModel.php(738): CodeIgniter\Model->doInsert(Array)
#6 D:\Study\Latihan\ci4\sinjamlaporan\system\Model.php(620): CodeIgniter\BaseModel->insert(Array, true)
#7 D:\Study\Latihan\ci4\sinjamlaporan\app\Controllers\Nasabah.php(49): CodeIgniter\Model->insert(Array)
#8 D:\Study\Latihan\ci4\sinjamlaporan\system\CodeIgniter.php(824): App\Controllers\Nasabah->tambah()
#9 D:\Study\Latihan\ci4\sinjamlaporan\system\CodeIgniter.php(410): CodeIgniter\CodeIgniter->runController(Object(App\Controllers\Nasabah))
#10 D:\Study\Latihan\ci4\sinjamlaporan\system\CodeIgniter.php(318): CodeIgniter\CodeIgniter->handleRequest(NULL, Object(Config\Cache), false)
#11 D:\Study\Latihan\ci4\sinjamlaporan\public\index.php(37): CodeIgniter\CodeIgniter->run()
#12 D:\Study\Latihan\ci4\sinjamlaporan\system\Commands\Server\rewrite.php(43): require_once('D:\\Study\\Latiha...')
#13 {main}
ERROR - 2022-07-25 09:36:57 --> Unknown column 'telp' in 'field list'
CRITICAL - 2022-07-25 09:36:57 --> Unknown column 'telp' in 'field list'
#0 D:\Study\Latihan\ci4\sinjamlaporan\system\Database\MySQLi\Connection.php(292): mysqli->query('INSERT INTO `na...', 0)
#1 D:\Study\Latihan\ci4\sinjamlaporan\system\Database\BaseConnection.php(670): CodeIgniter\Database\MySQLi\Connection->execute('INSERT INTO `na...')
#2 D:\Study\Latihan\ci4\sinjamlaporan\system\Database\BaseConnection.php(598): CodeIgniter\Database\BaseConnection->simpleQuery('INSERT INTO `na...')
#3 D:\Study\Latihan\ci4\sinjamlaporan\system\Database\BaseBuilder.php(1759): CodeIgniter\Database\BaseConnection->query('INSERT INTO `na...', Array, false)
#4 D:\Study\Latihan\ci4\sinjamlaporan\system\Model.php(239): CodeIgniter\Database\BaseBuilder->insert()
#5 D:\Study\Latihan\ci4\sinjamlaporan\system\BaseModel.php(738): CodeIgniter\Model->doInsert(Array)
#6 D:\Study\Latihan\ci4\sinjamlaporan\system\Model.php(620): CodeIgniter\BaseModel->insert(Array, true)
#7 D:\Study\Latihan\ci4\sinjamlaporan\app\Controllers\Nasabah.php(49): CodeIgniter\Model->insert(Array)
#8 D:\Study\Latihan\ci4\sinjamlaporan\system\CodeIgniter.php(824): App\Controllers\Nasabah->tambah()
#9 D:\Study\Latihan\ci4\sinjamlaporan\system\CodeIgniter.php(410): CodeIgniter\CodeIgniter->runController(Object(App\Controllers\Nasabah))
#10 D:\Study\Latihan\ci4\sinjamlaporan\system\CodeIgniter.php(318): CodeIgniter\CodeIgniter->handleRequest(NULL, Object(Config\Cache), false)
#11 D:\Study\Latihan\ci4\sinjamlaporan\public\index.php(37): CodeIgniter\CodeIgniter->run()
#12 D:\Study\Latihan\ci4\sinjamlaporan\system\Commands\Server\rewrite.php(43): require_once('D:\\Study\\Latiha...')
#13 {main}
ERROR - 2022-07-25 09:37:51 --> Unknown column 'telp' in 'field list'
CRITICAL - 2022-07-25 09:37:51 --> Unknown column 'telp' in 'field list'
#0 D:\Study\Latihan\ci4\sinjamlaporan\system\Database\MySQLi\Connection.php(292): mysqli->query('INSERT INTO `na...', 0)
#1 D:\Study\Latihan\ci4\sinjamlaporan\system\Database\BaseConnection.php(670): CodeIgniter\Database\MySQLi\Connection->execute('INSERT INTO `na...')
#2 D:\Study\Latihan\ci4\sinjamlaporan\system\Database\BaseConnection.php(598): CodeIgniter\Database\BaseConnection->simpleQuery('INSERT INTO `na...')
#3 D:\Study\Latihan\ci4\sinjamlaporan\system\Database\BaseBuilder.php(1759): CodeIgniter\Database\BaseConnection->query('INSERT INTO `na...', Array, false)
#4 D:\Study\Latihan\ci4\sinjamlaporan\system\Model.php(239): CodeIgniter\Database\BaseBuilder->insert()
#5 D:\Study\Latihan\ci4\sinjamlaporan\system\BaseModel.php(738): CodeIgniter\Model->doInsert(Array)
#6 D:\Study\Latihan\ci4\sinjamlaporan\system\Model.php(620): CodeIgniter\BaseModel->insert(Array, true)
#7 D:\Study\Latihan\ci4\sinjamlaporan\app\Controllers\Nasabah.php(49): CodeIgniter\Model->insert(Array)
#8 D:\Study\Latihan\ci4\sinjamlaporan\system\CodeIgniter.php(824): App\Controllers\Nasabah->tambah()
#9 D:\Study\Latihan\ci4\sinjamlaporan\system\CodeIgniter.php(410): CodeIgniter\CodeIgniter->runController(Object(App\Controllers\Nasabah))
#10 D:\Study\Latihan\ci4\sinjamlaporan\system\CodeIgniter.php(318): CodeIgniter\CodeIgniter->handleRequest(NULL, Object(Config\Cache), false)
#11 D:\Study\Latihan\ci4\sinjamlaporan\public\index.php(37): CodeIgniter\CodeIgniter->run()
#12 D:\Study\Latihan\ci4\sinjamlaporan\system\Commands\Server\rewrite.php(43): require_once('D:\\Study\\Latiha...')
#13 {main}
ERROR - 2022-07-25 09:37:51 --> Unknown column 'telp' in 'field list'
CRITICAL - 2022-07-25 09:37:51 --> Unknown column 'telp' in 'field list'
#0 D:\Study\Latihan\ci4\sinjamlaporan\system\Database\MySQLi\Connection.php(292): mysqli->query('INSERT INTO `na...', 0)
#1 D:\Study\Latihan\ci4\sinjamlaporan\system\Database\BaseConnection.php(670): CodeIgniter\Database\MySQLi\Connection->execute('INSERT INTO `na...')
#2 D:\Study\Latihan\ci4\sinjamlaporan\system\Database\BaseConnection.php(598): CodeIgniter\Database\BaseConnection->simpleQuery('INSERT INTO `na...')
#3 D:\Study\Latihan\ci4\sinjamlaporan\system\Database\BaseBuilder.php(1759): CodeIgniter\Database\BaseConnection->query('INSERT INTO `na...', Array, false)
#4 D:\Study\Latihan\ci4\sinjamlaporan\system\Model.php(239): CodeIgniter\Database\BaseBuilder->insert()
#5 D:\Study\Latihan\ci4\sinjamlaporan\system\BaseModel.php(738): CodeIgniter\Model->doInsert(Array)
#6 D:\Study\Latihan\ci4\sinjamlaporan\system\Model.php(620): CodeIgniter\BaseModel->insert(Array, true)
#7 D:\Study\Latihan\ci4\sinjamlaporan\app\Controllers\Nasabah.php(49): CodeIgniter\Model->insert(Array)
#8 D:\Study\Latihan\ci4\sinjamlaporan\system\CodeIgniter.php(824): App\Controllers\Nasabah->tambah()
#9 D:\Study\Latihan\ci4\sinjamlaporan\system\CodeIgniter.php(410): CodeIgniter\CodeIgniter->runController(Object(App\Controllers\Nasabah))
#10 D:\Study\Latihan\ci4\sinjamlaporan\system\CodeIgniter.php(318): CodeIgniter\CodeIgniter->handleRequest(NULL, Object(Config\Cache), false)
#11 D:\Study\Latihan\ci4\sinjamlaporan\public\index.php(37): CodeIgniter\CodeIgniter->run()
#12 D:\Study\Latihan\ci4\sinjamlaporan\system\Commands\Server\rewrite.php(43): require_once('D:\\Study\\Latiha...')
#13 {main}
