CRITICAL - 2022-08-03 01:43:53 --> Unsupported operand types: string + string
#0 D:\Study\Latihan\ci4\sinjamlaporan\system\CodeIgniter.php(824): App\Controllers\Pinjaman->tambahCicilan()
#1 D:\Study\Latihan\ci4\sinjamlaporan\system\CodeIgniter.php(410): CodeIgniter\CodeIgniter->runController(Object(App\Controllers\Pinjaman))
#2 D:\Study\Latihan\ci4\sinjamlaporan\system\CodeIgniter.php(318): CodeIgniter\CodeIgniter->handleRequest(NULL, Object(Config\Cache), false)
#3 D:\Study\Latihan\ci4\sinjamlaporan\public\index.php(37): CodeIgniter\CodeIgniter->run()
#4 D:\Study\Latihan\ci4\sinjamlaporan\system\Commands\Server\rewrite.php(43): require_once('D:\\Study\\Latiha...')
#5 {main}
CRITICAL - 2022-08-03 01:46:29 --> Undefined variable $datakategori
#0 D:\Study\Latihan\ci4\sinjamlaporan\app\Views\pinjaman.php(65): CodeIgniter\Debug\Exceptions->errorHandler(2, 'Undefined varia...', 'D:\\Study\\Latiha...', 65)
#1 D:\Study\Latihan\ci4\sinjamlaporan\system\View\View.php(214): include('D:\\Study\\Latiha...')
#2 D:\Study\Latihan\ci4\sinjamlaporan\system\View\View.php(217): CodeIgniter\View\View->CodeIgniter\View\{closure}()
#3 D:\Study\Latihan\ci4\sinjamlaporan\system\Common.php(1097): CodeIgniter\View\View->render('pinjaman', Array, true)
#4 D:\Study\Latihan\ci4\sinjamlaporan\app\Controllers\Pinjaman.php(23): view('pinjaman')
#5 D:\Study\Latihan\ci4\sinjamlaporan\system\CodeIgniter.php(824): App\Controllers\Pinjaman->index()
#6 D:\Study\Latihan\ci4\sinjamlaporan\system\CodeIgniter.php(410): CodeIgniter\CodeIgniter->runController(Object(App\Controllers\Pinjaman))
#7 D:\Study\Latihan\ci4\sinjamlaporan\system\CodeIgniter.php(318): CodeIgniter\CodeIgniter->handleRequest(NULL, Object(Config\Cache), false)
#8 D:\Study\Latihan\ci4\sinjamlaporan\public\index.php(37): CodeIgniter\CodeIgniter->run()
#9 D:\Study\Latihan\ci4\sinjamlaporan\system\Commands\Server\rewrite.php(43): require_once('D:\\Study\\Latiha...')
#10 {main}
CRITICAL - 2022-08-03 01:56:13 --> Undefined variable $datakategori
#0 D:\Study\Latihan\ci4\sinjamlaporan\app\Views\pinjaman.php(65): CodeIgniter\Debug\Exceptions->errorHandler(2, 'Undefined varia...', 'D:\\Study\\Latiha...', 65)
#1 D:\Study\Latihan\ci4\sinjamlaporan\system\View\View.php(214): include('D:\\Study\\Latiha...')
#2 D:\Study\Latihan\ci4\sinjamlaporan\system\View\View.php(217): CodeIgniter\View\View->CodeIgniter\View\{closure}()
#3 D:\Study\Latihan\ci4\sinjamlaporan\system\Common.php(1097): CodeIgniter\View\View->render('pinjaman', Array, true)
#4 D:\Study\Latihan\ci4\sinjamlaporan\app\Controllers\Pinjaman.php(25): view('pinjaman')
#5 D:\Study\Latihan\ci4\sinjamlaporan\system\CodeIgniter.php(824): App\Controllers\Pinjaman->index()
#6 D:\Study\Latihan\ci4\sinjamlaporan\system\CodeIgniter.php(410): CodeIgniter\CodeIgniter->runController(Object(App\Controllers\Pinjaman))
#7 D:\Study\Latihan\ci4\sinjamlaporan\system\CodeIgniter.php(318): CodeIgniter\CodeIgniter->handleRequest(NULL, Object(Config\Cache), false)
#8 D:\Study\Latihan\ci4\sinjamlaporan\public\index.php(37): CodeIgniter\CodeIgniter->run()
#9 D:\Study\Latihan\ci4\sinjamlaporan\system\Commands\Server\rewrite.php(43): require_once('D:\\Study\\Latiha...')
#10 {main}
CRITICAL - 2022-08-03 01:59:56 --> Unsupported operand types: string + string
#0 D:\Study\Latihan\ci4\sinjamlaporan\system\CodeIgniter.php(824): App\Controllers\Pinjaman->tambahCicilan()
#1 D:\Study\Latihan\ci4\sinjamlaporan\system\CodeIgniter.php(410): CodeIgniter\CodeIgniter->runController(Object(App\Controllers\Pinjaman))
#2 D:\Study\Latihan\ci4\sinjamlaporan\system\CodeIgniter.php(318): CodeIgniter\CodeIgniter->handleRequest(NULL, Object(Config\Cache), false)
#3 D:\Study\Latihan\ci4\sinjamlaporan\public\index.php(37): CodeIgniter\CodeIgniter->run()
#4 D:\Study\Latihan\ci4\sinjamlaporan\system\Commands\Server\rewrite.php(43): require_once('D:\\Study\\Latiha...')
#5 {main}
CRITICAL - 2022-08-03 02:11:31 --> Undefined variable $databarang
#0 D:\Study\Latihan\ci4\sinjamlaporan\app\Views\pinjaman.php(66): CodeIgniter\Debug\Exceptions->errorHandler(2, 'Undefined varia...', 'D:\\Study\\Latiha...', 66)
#1 D:\Study\Latihan\ci4\sinjamlaporan\system\View\View.php(214): include('D:\\Study\\Latiha...')
#2 D:\Study\Latihan\ci4\sinjamlaporan\system\View\View.php(217): CodeIgniter\View\View->CodeIgniter\View\{closure}()
#3 D:\Study\Latihan\ci4\sinjamlaporan\system\Common.php(1097): CodeIgniter\View\View->render('pinjaman', Array, true)
#4 D:\Study\Latihan\ci4\sinjamlaporan\app\Controllers\Pinjaman.php(25): view('pinjaman')
#5 D:\Study\Latihan\ci4\sinjamlaporan\system\CodeIgniter.php(824): App\Controllers\Pinjaman->index()
#6 D:\Study\Latihan\ci4\sinjamlaporan\system\CodeIgniter.php(410): CodeIgniter\CodeIgniter->runController(Object(App\Controllers\Pinjaman))
#7 D:\Study\Latihan\ci4\sinjamlaporan\system\CodeIgniter.php(318): CodeIgniter\CodeIgniter->handleRequest(NULL, Object(Config\Cache), false)
#8 D:\Study\Latihan\ci4\sinjamlaporan\public\index.php(37): CodeIgniter\CodeIgniter->run()
#9 D:\Study\Latihan\ci4\sinjamlaporan\system\Commands\Server\rewrite.php(43): require_once('D:\\Study\\Latiha...')
#10 {main}
ERROR - 2022-08-03 02:53:48 --> Column 'barang' cannot be null
CRITICAL - 2022-08-03 02:53:48 --> Column 'barang' cannot be null
#0 D:\Study\Latihan\ci4\sinjamlaporan\system\Database\MySQLi\Connection.php(292): mysqli->query('INSERT INTO `pi...', 0)
#1 D:\Study\Latihan\ci4\sinjamlaporan\system\Database\BaseConnection.php(670): CodeIgniter\Database\MySQLi\Connection->execute('INSERT INTO `pi...')
#2 D:\Study\Latihan\ci4\sinjamlaporan\system\Database\BaseConnection.php(598): CodeIgniter\Database\BaseConnection->simpleQuery('INSERT INTO `pi...')
#3 D:\Study\Latihan\ci4\sinjamlaporan\system\Database\BaseBuilder.php(1759): CodeIgniter\Database\BaseConnection->query('INSERT INTO `pi...', Array, false)
#4 D:\Study\Latihan\ci4\sinjamlaporan\system\Model.php(239): CodeIgniter\Database\BaseBuilder->insert()
#5 D:\Study\Latihan\ci4\sinjamlaporan\system\BaseModel.php(738): CodeIgniter\Model->doInsert(Array)
#6 D:\Study\Latihan\ci4\sinjamlaporan\system\Model.php(620): CodeIgniter\BaseModel->insert(Array, true)
#7 D:\Study\Latihan\ci4\sinjamlaporan\app\Controllers\Pinjaman.php(52): CodeIgniter\Model->insert(Array)
#8 D:\Study\Latihan\ci4\sinjamlaporan\system\CodeIgniter.php(824): App\Controllers\Pinjaman->tambah()
#9 D:\Study\Latihan\ci4\sinjamlaporan\system\CodeIgniter.php(410): CodeIgniter\CodeIgniter->runController(Object(App\Controllers\Pinjaman))
#10 D:\Study\Latihan\ci4\sinjamlaporan\system\CodeIgniter.php(318): CodeIgniter\CodeIgniter->handleRequest(NULL, Object(Config\Cache), false)
#11 D:\Study\Latihan\ci4\sinjamlaporan\public\index.php(37): CodeIgniter\CodeIgniter->run()
#12 D:\Study\Latihan\ci4\sinjamlaporan\system\Commands\Server\rewrite.php(43): require_once('D:\\Study\\Latiha...')
#13 {main}
ERROR - 2022-08-03 02:53:50 --> Column 'barang' cannot be null
CRITICAL - 2022-08-03 02:53:50 --> Column 'barang' cannot be null
#0 D:\Study\Latihan\ci4\sinjamlaporan\system\Database\MySQLi\Connection.php(292): mysqli->query('INSERT INTO `pi...', 0)
#1 D:\Study\Latihan\ci4\sinjamlaporan\system\Database\BaseConnection.php(670): CodeIgniter\Database\MySQLi\Connection->execute('INSERT INTO `pi...')
#2 D:\Study\Latihan\ci4\sinjamlaporan\system\Database\BaseConnection.php(598): CodeIgniter\Database\BaseConnection->simpleQuery('INSERT INTO `pi...')
#3 D:\Study\Latihan\ci4\sinjamlaporan\system\Database\BaseBuilder.php(1759): CodeIgniter\Database\BaseConnection->query('INSERT INTO `pi...', Array, false)
#4 D:\Study\Latihan\ci4\sinjamlaporan\system\Model.php(239): CodeIgniter\Database\BaseBuilder->insert()
#5 D:\Study\Latihan\ci4\sinjamlaporan\system\BaseModel.php(738): CodeIgniter\Model->doInsert(Array)
#6 D:\Study\Latihan\ci4\sinjamlaporan\system\Model.php(620): CodeIgniter\BaseModel->insert(Array, true)
#7 D:\Study\Latihan\ci4\sinjamlaporan\app\Controllers\Pinjaman.php(52): CodeIgniter\Model->insert(Array)
#8 D:\Study\Latihan\ci4\sinjamlaporan\system\CodeIgniter.php(824): App\Controllers\Pinjaman->tambah()
#9 D:\Study\Latihan\ci4\sinjamlaporan\system\CodeIgniter.php(410): CodeIgniter\CodeIgniter->runController(Object(App\Controllers\Pinjaman))
#10 D:\Study\Latihan\ci4\sinjamlaporan\system\CodeIgniter.php(318): CodeIgniter\CodeIgniter->handleRequest(NULL, Object(Config\Cache), false)
#11 D:\Study\Latihan\ci4\sinjamlaporan\public\index.php(37): CodeIgniter\CodeIgniter->run()
#12 D:\Study\Latihan\ci4\sinjamlaporan\system\Commands\Server\rewrite.php(43): require_once('D:\\Study\\Latiha...')
#13 {main}
ERROR - 2022-08-03 02:53:50 --> Column 'barang' cannot be null
CRITICAL - 2022-08-03 02:53:50 --> Column 'barang' cannot be null
#0 D:\Study\Latihan\ci4\sinjamlaporan\system\Database\MySQLi\Connection.php(292): mysqli->query('INSERT INTO `pi...', 0)
#1 D:\Study\Latihan\ci4\sinjamlaporan\system\Database\BaseConnection.php(670): CodeIgniter\Database\MySQLi\Connection->execute('INSERT INTO `pi...')
#2 D:\Study\Latihan\ci4\sinjamlaporan\system\Database\BaseConnection.php(598): CodeIgniter\Database\BaseConnection->simpleQuery('INSERT INTO `pi...')
#3 D:\Study\Latihan\ci4\sinjamlaporan\system\Database\BaseBuilder.php(1759): CodeIgniter\Database\BaseConnection->query('INSERT INTO `pi...', Array, false)
#4 D:\Study\Latihan\ci4\sinjamlaporan\system\Model.php(239): CodeIgniter\Database\BaseBuilder->insert()
#5 D:\Study\Latihan\ci4\sinjamlaporan\system\BaseModel.php(738): CodeIgniter\Model->doInsert(Array)
#6 D:\Study\Latihan\ci4\sinjamlaporan\system\Model.php(620): CodeIgniter\BaseModel->insert(Array, true)
#7 D:\Study\Latihan\ci4\sinjamlaporan\app\Controllers\Pinjaman.php(52): CodeIgniter\Model->insert(Array)
#8 D:\Study\Latihan\ci4\sinjamlaporan\system\CodeIgniter.php(824): App\Controllers\Pinjaman->tambah()
#9 D:\Study\Latihan\ci4\sinjamlaporan\system\CodeIgniter.php(410): CodeIgniter\CodeIgniter->runController(Object(App\Controllers\Pinjaman))
#10 D:\Study\Latihan\ci4\sinjamlaporan\system\CodeIgniter.php(318): CodeIgniter\CodeIgniter->handleRequest(NULL, Object(Config\Cache), false)
#11 D:\Study\Latihan\ci4\sinjamlaporan\public\index.php(37): CodeIgniter\CodeIgniter->run()
#12 D:\Study\Latihan\ci4\sinjamlaporan\system\Commands\Server\rewrite.php(43): require_once('D:\\Study\\Latiha...')
#13 {main}
ERROR - 2022-08-03 02:53:50 --> Column 'barang' cannot be null
CRITICAL - 2022-08-03 02:53:50 --> Column 'barang' cannot be null
#0 D:\Study\Latihan\ci4\sinjamlaporan\system\Database\MySQLi\Connection.php(292): mysqli->query('INSERT INTO `pi...', 0)
#1 D:\Study\Latihan\ci4\sinjamlaporan\system\Database\BaseConnection.php(670): CodeIgniter\Database\MySQLi\Connection->execute('INSERT INTO `pi...')
#2 D:\Study\Latihan\ci4\sinjamlaporan\system\Database\BaseConnection.php(598): CodeIgniter\Database\BaseConnection->simpleQuery('INSERT INTO `pi...')
#3 D:\Study\Latihan\ci4\sinjamlaporan\system\Database\BaseBuilder.php(1759): CodeIgniter\Database\BaseConnection->query('INSERT INTO `pi...', Array, false)
#4 D:\Study\Latihan\ci4\sinjamlaporan\system\Model.php(239): CodeIgniter\Database\BaseBuilder->insert()
#5 D:\Study\Latihan\ci4\sinjamlaporan\system\BaseModel.php(738): CodeIgniter\Model->doInsert(Array)
#6 D:\Study\Latihan\ci4\sinjamlaporan\system\Model.php(620): CodeIgniter\BaseModel->insert(Array, true)
#7 D:\Study\Latihan\ci4\sinjamlaporan\app\Controllers\Pinjaman.php(52): CodeIgniter\Model->insert(Array)
#8 D:\Study\Latihan\ci4\sinjamlaporan\system\CodeIgniter.php(824): App\Controllers\Pinjaman->tambah()
#9 D:\Study\Latihan\ci4\sinjamlaporan\system\CodeIgniter.php(410): CodeIgniter\CodeIgniter->runController(Object(App\Controllers\Pinjaman))
#10 D:\Study\Latihan\ci4\sinjamlaporan\system\CodeIgniter.php(318): CodeIgniter\CodeIgniter->handleRequest(NULL, Object(Config\Cache), false)
#11 D:\Study\Latihan\ci4\sinjamlaporan\public\index.php(37): CodeIgniter\CodeIgniter->run()
#12 D:\Study\Latihan\ci4\sinjamlaporan\system\Commands\Server\rewrite.php(43): require_once('D:\\Study\\Latiha...')
#13 {main}
ERROR - 2022-08-03 02:53:50 --> Column 'barang' cannot be null
CRITICAL - 2022-08-03 02:53:50 --> Column 'barang' cannot be null
#0 D:\Study\Latihan\ci4\sinjamlaporan\system\Database\MySQLi\Connection.php(292): mysqli->query('INSERT INTO `pi...', 0)
#1 D:\Study\Latihan\ci4\sinjamlaporan\system\Database\BaseConnection.php(670): CodeIgniter\Database\MySQLi\Connection->execute('INSERT INTO `pi...')
#2 D:\Study\Latihan\ci4\sinjamlaporan\system\Database\BaseConnection.php(598): CodeIgniter\Database\BaseConnection->simpleQuery('INSERT INTO `pi...')
#3 D:\Study\Latihan\ci4\sinjamlaporan\system\Database\BaseBuilder.php(1759): CodeIgniter\Database\BaseConnection->query('INSERT INTO `pi...', Array, false)
#4 D:\Study\Latihan\ci4\sinjamlaporan\system\Model.php(239): CodeIgniter\Database\BaseBuilder->insert()
#5 D:\Study\Latihan\ci4\sinjamlaporan\system\BaseModel.php(738): CodeIgniter\Model->doInsert(Array)
#6 D:\Study\Latihan\ci4\sinjamlaporan\system\Model.php(620): CodeIgniter\BaseModel->insert(Array, true)
#7 D:\Study\Latihan\ci4\sinjamlaporan\app\Controllers\Pinjaman.php(52): CodeIgniter\Model->insert(Array)
#8 D:\Study\Latihan\ci4\sinjamlaporan\system\CodeIgniter.php(824): App\Controllers\Pinjaman->tambah()
#9 D:\Study\Latihan\ci4\sinjamlaporan\system\CodeIgniter.php(410): CodeIgniter\CodeIgniter->runController(Object(App\Controllers\Pinjaman))
#10 D:\Study\Latihan\ci4\sinjamlaporan\system\CodeIgniter.php(318): CodeIgniter\CodeIgniter->handleRequest(NULL, Object(Config\Cache), false)
#11 D:\Study\Latihan\ci4\sinjamlaporan\public\index.php(37): CodeIgniter\CodeIgniter->run()
#12 D:\Study\Latihan\ci4\sinjamlaporan\system\Commands\Server\rewrite.php(43): require_once('D:\\Study\\Latiha...')
#13 {main}
ERROR - 2022-08-03 02:53:50 --> Column 'barang' cannot be null
CRITICAL - 2022-08-03 02:53:50 --> Column 'barang' cannot be null
#0 D:\Study\Latihan\ci4\sinjamlaporan\system\Database\MySQLi\Connection.php(292): mysqli->query('INSERT INTO `pi...', 0)
#1 D:\Study\Latihan\ci4\sinjamlaporan\system\Database\BaseConnection.php(670): CodeIgniter\Database\MySQLi\Connection->execute('INSERT INTO `pi...')
#2 D:\Study\Latihan\ci4\sinjamlaporan\system\Database\BaseConnection.php(598): CodeIgniter\Database\BaseConnection->simpleQuery('INSERT INTO `pi...')
#3 D:\Study\Latihan\ci4\sinjamlaporan\system\Database\BaseBuilder.php(1759): CodeIgniter\Database\BaseConnection->query('INSERT INTO `pi...', Array, false)
#4 D:\Study\Latihan\ci4\sinjamlaporan\system\Model.php(239): CodeIgniter\Database\BaseBuilder->insert()
#5 D:\Study\Latihan\ci4\sinjamlaporan\system\BaseModel.php(738): CodeIgniter\Model->doInsert(Array)
#6 D:\Study\Latihan\ci4\sinjamlaporan\system\Model.php(620): CodeIgniter\BaseModel->insert(Array, true)
#7 D:\Study\Latihan\ci4\sinjamlaporan\app\Controllers\Pinjaman.php(52): CodeIgniter\Model->insert(Array)
#8 D:\Study\Latihan\ci4\sinjamlaporan\system\CodeIgniter.php(824): App\Controllers\Pinjaman->tambah()
#9 D:\Study\Latihan\ci4\sinjamlaporan\system\CodeIgniter.php(410): CodeIgniter\CodeIgniter->runController(Object(App\Controllers\Pinjaman))
#10 D:\Study\Latihan\ci4\sinjamlaporan\system\CodeIgniter.php(318): CodeIgniter\CodeIgniter->handleRequest(NULL, Object(Config\Cache), false)
#11 D:\Study\Latihan\ci4\sinjamlaporan\public\index.php(37): CodeIgniter\CodeIgniter->run()
#12 D:\Study\Latihan\ci4\sinjamlaporan\system\Commands\Server\rewrite.php(43): require_once('D:\\Study\\Latiha...')
#13 {main}
ERROR - 2022-08-03 02:53:51 --> Column 'barang' cannot be null
CRITICAL - 2022-08-03 02:53:51 --> Column 'barang' cannot be null
#0 D:\Study\Latihan\ci4\sinjamlaporan\system\Database\MySQLi\Connection.php(292): mysqli->query('INSERT INTO `pi...', 0)
#1 D:\Study\Latihan\ci4\sinjamlaporan\system\Database\BaseConnection.php(670): CodeIgniter\Database\MySQLi\Connection->execute('INSERT INTO `pi...')
#2 D:\Study\Latihan\ci4\sinjamlaporan\system\Database\BaseConnection.php(598): CodeIgniter\Database\BaseConnection->simpleQuery('INSERT INTO `pi...')
#3 D:\Study\Latihan\ci4\sinjamlaporan\system\Database\BaseBuilder.php(1759): CodeIgniter\Database\BaseConnection->query('INSERT INTO `pi...', Array, false)
#4 D:\Study\Latihan\ci4\sinjamlaporan\system\Model.php(239): CodeIgniter\Database\BaseBuilder->insert()
#5 D:\Study\Latihan\ci4\sinjamlaporan\system\BaseModel.php(738): CodeIgniter\Model->doInsert(Array)
#6 D:\Study\Latihan\ci4\sinjamlaporan\system\Model.php(620): CodeIgniter\BaseModel->insert(Array, true)
#7 D:\Study\Latihan\ci4\sinjamlaporan\app\Controllers\Pinjaman.php(52): CodeIgniter\Model->insert(Array)
#8 D:\Study\Latihan\ci4\sinjamlaporan\system\CodeIgniter.php(824): App\Controllers\Pinjaman->tambah()
#9 D:\Study\Latihan\ci4\sinjamlaporan\system\CodeIgniter.php(410): CodeIgniter\CodeIgniter->runController(Object(App\Controllers\Pinjaman))
#10 D:\Study\Latihan\ci4\sinjamlaporan\system\CodeIgniter.php(318): CodeIgniter\CodeIgniter->handleRequest(NULL, Object(Config\Cache), false)
#11 D:\Study\Latihan\ci4\sinjamlaporan\public\index.php(37): CodeIgniter\CodeIgniter->run()
#12 D:\Study\Latihan\ci4\sinjamlaporan\system\Commands\Server\rewrite.php(43): require_once('D:\\Study\\Latiha...')
#13 {main}
ERROR - 2022-08-03 02:53:51 --> Column 'barang' cannot be null
CRITICAL - 2022-08-03 02:53:51 --> Column 'barang' cannot be null
#0 D:\Study\Latihan\ci4\sinjamlaporan\system\Database\MySQLi\Connection.php(292): mysqli->query('INSERT INTO `pi...', 0)
#1 D:\Study\Latihan\ci4\sinjamlaporan\system\Database\BaseConnection.php(670): CodeIgniter\Database\MySQLi\Connection->execute('INSERT INTO `pi...')
#2 D:\Study\Latihan\ci4\sinjamlaporan\system\Database\BaseConnection.php(598): CodeIgniter\Database\BaseConnection->simpleQuery('INSERT INTO `pi...')
#3 D:\Study\Latihan\ci4\sinjamlaporan\system\Database\BaseBuilder.php(1759): CodeIgniter\Database\BaseConnection->query('INSERT INTO `pi...', Array, false)
#4 D:\Study\Latihan\ci4\sinjamlaporan\system\Model.php(239): CodeIgniter\Database\BaseBuilder->insert()
#5 D:\Study\Latihan\ci4\sinjamlaporan\system\BaseModel.php(738): CodeIgniter\Model->doInsert(Array)
#6 D:\Study\Latihan\ci4\sinjamlaporan\system\Model.php(620): CodeIgniter\BaseModel->insert(Array, true)
#7 D:\Study\Latihan\ci4\sinjamlaporan\app\Controllers\Pinjaman.php(52): CodeIgniter\Model->insert(Array)
#8 D:\Study\Latihan\ci4\sinjamlaporan\system\CodeIgniter.php(824): App\Controllers\Pinjaman->tambah()
#9 D:\Study\Latihan\ci4\sinjamlaporan\system\CodeIgniter.php(410): CodeIgniter\CodeIgniter->runController(Object(App\Controllers\Pinjaman))
#10 D:\Study\Latihan\ci4\sinjamlaporan\system\CodeIgniter.php(318): CodeIgniter\CodeIgniter->handleRequest(NULL, Object(Config\Cache), false)
#11 D:\Study\Latihan\ci4\sinjamlaporan\public\index.php(37): CodeIgniter\CodeIgniter->run()
#12 D:\Study\Latihan\ci4\sinjamlaporan\system\Commands\Server\rewrite.php(43): require_once('D:\\Study\\Latiha...')
#13 {main}
ERROR - 2022-08-03 02:53:51 --> Column 'barang' cannot be null
CRITICAL - 2022-08-03 02:53:51 --> Column 'barang' cannot be null
#0 D:\Study\Latihan\ci4\sinjamlaporan\system\Database\MySQLi\Connection.php(292): mysqli->query('INSERT INTO `pi...', 0)
#1 D:\Study\Latihan\ci4\sinjamlaporan\system\Database\BaseConnection.php(670): CodeIgniter\Database\MySQLi\Connection->execute('INSERT INTO `pi...')
#2 D:\Study\Latihan\ci4\sinjamlaporan\system\Database\BaseConnection.php(598): CodeIgniter\Database\BaseConnection->simpleQuery('INSERT INTO `pi...')
#3 D:\Study\Latihan\ci4\sinjamlaporan\system\Database\BaseBuilder.php(1759): CodeIgniter\Database\BaseConnection->query('INSERT INTO `pi...', Array, false)
#4 D:\Study\Latihan\ci4\sinjamlaporan\system\Model.php(239): CodeIgniter\Database\BaseBuilder->insert()
#5 D:\Study\Latihan\ci4\sinjamlaporan\system\BaseModel.php(738): CodeIgniter\Model->doInsert(Array)
#6 D:\Study\Latihan\ci4\sinjamlaporan\system\Model.php(620): CodeIgniter\BaseModel->insert(Array, true)
#7 D:\Study\Latihan\ci4\sinjamlaporan\app\Controllers\Pinjaman.php(52): CodeIgniter\Model->insert(Array)
#8 D:\Study\Latihan\ci4\sinjamlaporan\system\CodeIgniter.php(824): App\Controllers\Pinjaman->tambah()
#9 D:\Study\Latihan\ci4\sinjamlaporan\system\CodeIgniter.php(410): CodeIgniter\CodeIgniter->runController(Object(App\Controllers\Pinjaman))
#10 D:\Study\Latihan\ci4\sinjamlaporan\system\CodeIgniter.php(318): CodeIgniter\CodeIgniter->handleRequest(NULL, Object(Config\Cache), false)
#11 D:\Study\Latihan\ci4\sinjamlaporan\public\index.php(37): CodeIgniter\CodeIgniter->run()
#12 D:\Study\Latihan\ci4\sinjamlaporan\system\Commands\Server\rewrite.php(43): require_once('D:\\Study\\Latiha...')
#13 {main}
ERROR - 2022-08-03 02:53:52 --> Column 'barang' cannot be null
CRITICAL - 2022-08-03 02:53:52 --> Column 'barang' cannot be null
#0 D:\Study\Latihan\ci4\sinjamlaporan\system\Database\MySQLi\Connection.php(292): mysqli->query('INSERT INTO `pi...', 0)
#1 D:\Study\Latihan\ci4\sinjamlaporan\system\Database\BaseConnection.php(670): CodeIgniter\Database\MySQLi\Connection->execute('INSERT INTO `pi...')
#2 D:\Study\Latihan\ci4\sinjamlaporan\system\Database\BaseConnection.php(598): CodeIgniter\Database\BaseConnection->simpleQuery('INSERT INTO `pi...')
#3 D:\Study\Latihan\ci4\sinjamlaporan\system\Database\BaseBuilder.php(1759): CodeIgniter\Database\BaseConnection->query('INSERT INTO `pi...', Array, false)
#4 D:\Study\Latihan\ci4\sinjamlaporan\system\Model.php(239): CodeIgniter\Database\BaseBuilder->insert()
#5 D:\Study\Latihan\ci4\sinjamlaporan\system\BaseModel.php(738): CodeIgniter\Model->doInsert(Array)
#6 D:\Study\Latihan\ci4\sinjamlaporan\system\Model.php(620): CodeIgniter\BaseModel->insert(Array, true)
#7 D:\Study\Latihan\ci4\sinjamlaporan\app\Controllers\Pinjaman.php(52): CodeIgniter\Model->insert(Array)
#8 D:\Study\Latihan\ci4\sinjamlaporan\system\CodeIgniter.php(824): App\Controllers\Pinjaman->tambah()
#9 D:\Study\Latihan\ci4\sinjamlaporan\system\CodeIgniter.php(410): CodeIgniter\CodeIgniter->runController(Object(App\Controllers\Pinjaman))
#10 D:\Study\Latihan\ci4\sinjamlaporan\system\CodeIgniter.php(318): CodeIgniter\CodeIgniter->handleRequest(NULL, Object(Config\Cache), false)
#11 D:\Study\Latihan\ci4\sinjamlaporan\public\index.php(37): CodeIgniter\CodeIgniter->run()
#12 D:\Study\Latihan\ci4\sinjamlaporan\system\Commands\Server\rewrite.php(43): require_once('D:\\Study\\Latiha...')
#13 {main}
CRITICAL - 2022-08-03 09:08:17 --> Undefined array key "namabrg"
#0 D:\Study\Latihan\ci4\sinjamlaporan\app\Controllers\Pinjaman.php(33): CodeIgniter\Debug\Exceptions->errorHandler(2, 'Undefined array...', 'D:\\Study\\Latiha...', 33)
#1 D:\Study\Latihan\ci4\sinjamlaporan\system\CodeIgniter.php(824): App\Controllers\Pinjaman->data()
#2 D:\Study\Latihan\ci4\sinjamlaporan\system\CodeIgniter.php(410): CodeIgniter\CodeIgniter->runController(Object(App\Controllers\Pinjaman))
#3 D:\Study\Latihan\ci4\sinjamlaporan\system\CodeIgniter.php(318): CodeIgniter\CodeIgniter->handleRequest(NULL, Object(Config\Cache), false)
#4 D:\Study\Latihan\ci4\sinjamlaporan\public\index.php(37): CodeIgniter\CodeIgniter->run()
#5 D:\Study\Latihan\ci4\sinjamlaporan\system\Commands\Server\rewrite.php(43): require_once('D:\\Study\\Latiha...')
#6 {main}
ERROR - 2022-08-03 09:08:54 --> Unknown column 'npm' in 'where clause'
CRITICAL - 2022-08-03 09:08:54 --> Unknown column 'npm' in 'where clause'
#0 D:\Study\Latihan\ci4\sinjamlaporan\system\Database\MySQLi\Connection.php(292): mysqli->query('SELECT *\nFROM `...', 0)
#1 D:\Study\Latihan\ci4\sinjamlaporan\system\Database\BaseConnection.php(670): CodeIgniter\Database\MySQLi\Connection->execute('SELECT *\nFROM `...')
#2 D:\Study\Latihan\ci4\sinjamlaporan\system\Database\BaseConnection.php(598): CodeIgniter\Database\BaseConnection->simpleQuery('SELECT *\nFROM `...')
#3 D:\Study\Latihan\ci4\sinjamlaporan\system\Database\BaseBuilder.php(1443): CodeIgniter\Database\BaseConnection->query('SELECT *\nFROM `...', Array, false)
#4 D:\Study\Latihan\ci4\sinjamlaporan\system\Model.php(210): CodeIgniter\Database\BaseBuilder->get()
#5 D:\Study\Latihan\ci4\sinjamlaporan\system\BaseModel.php(622): CodeIgniter\Model->doFirst()
#6 D:\Study\Latihan\ci4\sinjamlaporan\app\Controllers\Pinjaman.php(33): CodeIgniter\BaseModel->first()
#7 D:\Study\Latihan\ci4\sinjamlaporan\system\CodeIgniter.php(824): App\Controllers\Pinjaman->data()
#8 D:\Study\Latihan\ci4\sinjamlaporan\system\CodeIgniter.php(410): CodeIgniter\CodeIgniter->runController(Object(App\Controllers\Pinjaman))
#9 D:\Study\Latihan\ci4\sinjamlaporan\system\CodeIgniter.php(318): CodeIgniter\CodeIgniter->handleRequest(NULL, Object(Config\Cache), false)
#10 D:\Study\Latihan\ci4\sinjamlaporan\public\index.php(37): CodeIgniter\CodeIgniter->run()
#11 D:\Study\Latihan\ci4\sinjamlaporan\system\Commands\Server\rewrite.php(43): require_once('D:\\Study\\Latiha...')
#12 {main}
ERROR - 2022-08-03 09:12:18 --> Unknown column 'npm' in 'where clause'
CRITICAL - 2022-08-03 09:12:18 --> Unknown column 'npm' in 'where clause'
#0 D:\Study\Latihan\ci4\sinjamlaporan\system\Database\MySQLi\Connection.php(292): mysqli->query('SELECT *\nFROM `...', 0)
#1 D:\Study\Latihan\ci4\sinjamlaporan\system\Database\BaseConnection.php(670): CodeIgniter\Database\MySQLi\Connection->execute('SELECT *\nFROM `...')
#2 D:\Study\Latihan\ci4\sinjamlaporan\system\Database\BaseConnection.php(598): CodeIgniter\Database\BaseConnection->simpleQuery('SELECT *\nFROM `...')
#3 D:\Study\Latihan\ci4\sinjamlaporan\system\Database\BaseBuilder.php(1443): CodeIgniter\Database\BaseConnection->query('SELECT *\nFROM `...', Array, false)
#4 D:\Study\Latihan\ci4\sinjamlaporan\system\Model.php(210): CodeIgniter\Database\BaseBuilder->get()
#5 D:\Study\Latihan\ci4\sinjamlaporan\system\BaseModel.php(622): CodeIgniter\Model->doFirst()
#6 D:\Study\Latihan\ci4\sinjamlaporan\app\Controllers\Pinjaman.php(33): CodeIgniter\BaseModel->first()
#7 D:\Study\Latihan\ci4\sinjamlaporan\system\CodeIgniter.php(824): App\Controllers\Pinjaman->data()
#8 D:\Study\Latihan\ci4\sinjamlaporan\system\CodeIgniter.php(410): CodeIgniter\CodeIgniter->runController(Object(App\Controllers\Pinjaman))
#9 D:\Study\Latihan\ci4\sinjamlaporan\system\CodeIgniter.php(318): CodeIgniter\CodeIgniter->handleRequest(NULL, Object(Config\Cache), false)
#10 D:\Study\Latihan\ci4\sinjamlaporan\public\index.php(37): CodeIgniter\CodeIgniter->run()
#11 D:\Study\Latihan\ci4\sinjamlaporan\system\Commands\Server\rewrite.php(43): require_once('D:\\Study\\Latiha...')
#12 {main}
ERROR - 2022-08-03 09:15:32 --> Column 'barang' cannot be null
CRITICAL - 2022-08-03 09:15:32 --> Column 'barang' cannot be null
#0 D:\Study\Latihan\ci4\sinjamlaporan\system\Database\MySQLi\Connection.php(292): mysqli->query('INSERT INTO `pi...', 0)
#1 D:\Study\Latihan\ci4\sinjamlaporan\system\Database\BaseConnection.php(670): CodeIgniter\Database\MySQLi\Connection->execute('INSERT INTO `pi...')
#2 D:\Study\Latihan\ci4\sinjamlaporan\system\Database\BaseConnection.php(598): CodeIgniter\Database\BaseConnection->simpleQuery('INSERT INTO `pi...')
#3 D:\Study\Latihan\ci4\sinjamlaporan\system\Database\BaseBuilder.php(1759): CodeIgniter\Database\BaseConnection->query('INSERT INTO `pi...', Array, false)
#4 D:\Study\Latihan\ci4\sinjamlaporan\system\Model.php(239): CodeIgniter\Database\BaseBuilder->insert()
#5 D:\Study\Latihan\ci4\sinjamlaporan\system\BaseModel.php(738): CodeIgniter\Model->doInsert(Array)
#6 D:\Study\Latihan\ci4\sinjamlaporan\system\Model.php(620): CodeIgniter\BaseModel->insert(Array, true)
#7 D:\Study\Latihan\ci4\sinjamlaporan\app\Controllers\Pinjaman.php(52): CodeIgniter\Model->insert(Array)
#8 D:\Study\Latihan\ci4\sinjamlaporan\system\CodeIgniter.php(824): App\Controllers\Pinjaman->tambah()
#9 D:\Study\Latihan\ci4\sinjamlaporan\system\CodeIgniter.php(410): CodeIgniter\CodeIgniter->runController(Object(App\Controllers\Pinjaman))
#10 D:\Study\Latihan\ci4\sinjamlaporan\system\CodeIgniter.php(318): CodeIgniter\CodeIgniter->handleRequest(NULL, Object(Config\Cache), false)
#11 D:\Study\Latihan\ci4\sinjamlaporan\public\index.php(37): CodeIgniter\CodeIgniter->run()
#12 D:\Study\Latihan\ci4\sinjamlaporan\system\Commands\Server\rewrite.php(43): require_once('D:\\Study\\Latiha...')
#13 {main}
ERROR - 2022-08-03 09:15:35 --> Column 'barang' cannot be null
CRITICAL - 2022-08-03 09:15:35 --> Column 'barang' cannot be null
#0 D:\Study\Latihan\ci4\sinjamlaporan\system\Database\MySQLi\Connection.php(292): mysqli->query('INSERT INTO `pi...', 0)
#1 D:\Study\Latihan\ci4\sinjamlaporan\system\Database\BaseConnection.php(670): CodeIgniter\Database\MySQLi\Connection->execute('INSERT INTO `pi...')
#2 D:\Study\Latihan\ci4\sinjamlaporan\system\Database\BaseConnection.php(598): CodeIgniter\Database\BaseConnection->simpleQuery('INSERT INTO `pi...')
#3 D:\Study\Latihan\ci4\sinjamlaporan\system\Database\BaseBuilder.php(1759): CodeIgniter\Database\BaseConnection->query('INSERT INTO `pi...', Array, false)
#4 D:\Study\Latihan\ci4\sinjamlaporan\system\Model.php(239): CodeIgniter\Database\BaseBuilder->insert()
#5 D:\Study\Latihan\ci4\sinjamlaporan\system\BaseModel.php(738): CodeIgniter\Model->doInsert(Array)
#6 D:\Study\Latihan\ci4\sinjamlaporan\system\Model.php(620): CodeIgniter\BaseModel->insert(Array, true)
#7 D:\Study\Latihan\ci4\sinjamlaporan\app\Controllers\Pinjaman.php(52): CodeIgniter\Model->insert(Array)
#8 D:\Study\Latihan\ci4\sinjamlaporan\system\CodeIgniter.php(824): App\Controllers\Pinjaman->tambah()
#9 D:\Study\Latihan\ci4\sinjamlaporan\system\CodeIgniter.php(410): CodeIgniter\CodeIgniter->runController(Object(App\Controllers\Pinjaman))
#10 D:\Study\Latihan\ci4\sinjamlaporan\system\CodeIgniter.php(318): CodeIgniter\CodeIgniter->handleRequest(NULL, Object(Config\Cache), false)
#11 D:\Study\Latihan\ci4\sinjamlaporan\public\index.php(37): CodeIgniter\CodeIgniter->run()
#12 D:\Study\Latihan\ci4\sinjamlaporan\system\Commands\Server\rewrite.php(43): require_once('D:\\Study\\Latiha...')
#13 {main}
ERROR - 2022-08-03 09:15:36 --> Column 'barang' cannot be null
CRITICAL - 2022-08-03 09:15:36 --> Column 'barang' cannot be null
#0 D:\Study\Latihan\ci4\sinjamlaporan\system\Database\MySQLi\Connection.php(292): mysqli->query('INSERT INTO `pi...', 0)
#1 D:\Study\Latihan\ci4\sinjamlaporan\system\Database\BaseConnection.php(670): CodeIgniter\Database\MySQLi\Connection->execute('INSERT INTO `pi...')
#2 D:\Study\Latihan\ci4\sinjamlaporan\system\Database\BaseConnection.php(598): CodeIgniter\Database\BaseConnection->simpleQuery('INSERT INTO `pi...')
#3 D:\Study\Latihan\ci4\sinjamlaporan\system\Database\BaseBuilder.php(1759): CodeIgniter\Database\BaseConnection->query('INSERT INTO `pi...', Array, false)
#4 D:\Study\Latihan\ci4\sinjamlaporan\system\Model.php(239): CodeIgniter\Database\BaseBuilder->insert()
#5 D:\Study\Latihan\ci4\sinjamlaporan\system\BaseModel.php(738): CodeIgniter\Model->doInsert(Array)
#6 D:\Study\Latihan\ci4\sinjamlaporan\system\Model.php(620): CodeIgniter\BaseModel->insert(Array, true)
#7 D:\Study\Latihan\ci4\sinjamlaporan\app\Controllers\Pinjaman.php(52): CodeIgniter\Model->insert(Array)
#8 D:\Study\Latihan\ci4\sinjamlaporan\system\CodeIgniter.php(824): App\Controllers\Pinjaman->tambah()
#9 D:\Study\Latihan\ci4\sinjamlaporan\system\CodeIgniter.php(410): CodeIgniter\CodeIgniter->runController(Object(App\Controllers\Pinjaman))
#10 D:\Study\Latihan\ci4\sinjamlaporan\system\CodeIgniter.php(318): CodeIgniter\CodeIgniter->handleRequest(NULL, Object(Config\Cache), false)
#11 D:\Study\Latihan\ci4\sinjamlaporan\public\index.php(37): CodeIgniter\CodeIgniter->run()
#12 D:\Study\Latihan\ci4\sinjamlaporan\system\Commands\Server\rewrite.php(43): require_once('D:\\Study\\Latiha...')
#13 {main}
ERROR - 2022-08-03 09:15:36 --> Column 'barang' cannot be null
CRITICAL - 2022-08-03 09:15:36 --> Column 'barang' cannot be null
#0 D:\Study\Latihan\ci4\sinjamlaporan\system\Database\MySQLi\Connection.php(292): mysqli->query('INSERT INTO `pi...', 0)
#1 D:\Study\Latihan\ci4\sinjamlaporan\system\Database\BaseConnection.php(670): CodeIgniter\Database\MySQLi\Connection->execute('INSERT INTO `pi...')
#2 D:\Study\Latihan\ci4\sinjamlaporan\system\Database\BaseConnection.php(598): CodeIgniter\Database\BaseConnection->simpleQuery('INSERT INTO `pi...')
#3 D:\Study\Latihan\ci4\sinjamlaporan\system\Database\BaseBuilder.php(1759): CodeIgniter\Database\BaseConnection->query('INSERT INTO `pi...', Array, false)
#4 D:\Study\Latihan\ci4\sinjamlaporan\system\Model.php(239): CodeIgniter\Database\BaseBuilder->insert()
#5 D:\Study\Latihan\ci4\sinjamlaporan\system\BaseModel.php(738): CodeIgniter\Model->doInsert(Array)
#6 D:\Study\Latihan\ci4\sinjamlaporan\system\Model.php(620): CodeIgniter\BaseModel->insert(Array, true)
#7 D:\Study\Latihan\ci4\sinjamlaporan\app\Controllers\Pinjaman.php(52): CodeIgniter\Model->insert(Array)
#8 D:\Study\Latihan\ci4\sinjamlaporan\system\CodeIgniter.php(824): App\Controllers\Pinjaman->tambah()
#9 D:\Study\Latihan\ci4\sinjamlaporan\system\CodeIgniter.php(410): CodeIgniter\CodeIgniter->runController(Object(App\Controllers\Pinjaman))
#10 D:\Study\Latihan\ci4\sinjamlaporan\system\CodeIgniter.php(318): CodeIgniter\CodeIgniter->handleRequest(NULL, Object(Config\Cache), false)
#11 D:\Study\Latihan\ci4\sinjamlaporan\public\index.php(37): CodeIgniter\CodeIgniter->run()
#12 D:\Study\Latihan\ci4\sinjamlaporan\system\Commands\Server\rewrite.php(43): require_once('D:\\Study\\Latiha...')
#13 {main}
ERROR - 2022-08-03 09:15:36 --> Column 'barang' cannot be null
CRITICAL - 2022-08-03 09:15:36 --> Column 'barang' cannot be null
#0 D:\Study\Latihan\ci4\sinjamlaporan\system\Database\MySQLi\Connection.php(292): mysqli->query('INSERT INTO `pi...', 0)
#1 D:\Study\Latihan\ci4\sinjamlaporan\system\Database\BaseConnection.php(670): CodeIgniter\Database\MySQLi\Connection->execute('INSERT INTO `pi...')
#2 D:\Study\Latihan\ci4\sinjamlaporan\system\Database\BaseConnection.php(598): CodeIgniter\Database\BaseConnection->simpleQuery('INSERT INTO `pi...')
#3 D:\Study\Latihan\ci4\sinjamlaporan\system\Database\BaseBuilder.php(1759): CodeIgniter\Database\BaseConnection->query('INSERT INTO `pi...', Array, false)
#4 D:\Study\Latihan\ci4\sinjamlaporan\system\Model.php(239): CodeIgniter\Database\BaseBuilder->insert()
#5 D:\Study\Latihan\ci4\sinjamlaporan\system\BaseModel.php(738): CodeIgniter\Model->doInsert(Array)
#6 D:\Study\Latihan\ci4\sinjamlaporan\system\Model.php(620): CodeIgniter\BaseModel->insert(Array, true)
#7 D:\Study\Latihan\ci4\sinjamlaporan\app\Controllers\Pinjaman.php(52): CodeIgniter\Model->insert(Array)
#8 D:\Study\Latihan\ci4\sinjamlaporan\system\CodeIgniter.php(824): App\Controllers\Pinjaman->tambah()
#9 D:\Study\Latihan\ci4\sinjamlaporan\system\CodeIgniter.php(410): CodeIgniter\CodeIgniter->runController(Object(App\Controllers\Pinjaman))
#10 D:\Study\Latihan\ci4\sinjamlaporan\system\CodeIgniter.php(318): CodeIgniter\CodeIgniter->handleRequest(NULL, Object(Config\Cache), false)
#11 D:\Study\Latihan\ci4\sinjamlaporan\public\index.php(37): CodeIgniter\CodeIgniter->run()
#12 D:\Study\Latihan\ci4\sinjamlaporan\system\Commands\Server\rewrite.php(43): require_once('D:\\Study\\Latiha...')
#13 {main}
ERROR - 2022-08-03 09:15:39 --> Column 'barang' cannot be null
CRITICAL - 2022-08-03 09:15:39 --> Column 'barang' cannot be null
#0 D:\Study\Latihan\ci4\sinjamlaporan\system\Database\MySQLi\Connection.php(292): mysqli->query('INSERT INTO `pi...', 0)
#1 D:\Study\Latihan\ci4\sinjamlaporan\system\Database\BaseConnection.php(670): CodeIgniter\Database\MySQLi\Connection->execute('INSERT INTO `pi...')
#2 D:\Study\Latihan\ci4\sinjamlaporan\system\Database\BaseConnection.php(598): CodeIgniter\Database\BaseConnection->simpleQuery('INSERT INTO `pi...')
#3 D:\Study\Latihan\ci4\sinjamlaporan\system\Database\BaseBuilder.php(1759): CodeIgniter\Database\BaseConnection->query('INSERT INTO `pi...', Array, false)
#4 D:\Study\Latihan\ci4\sinjamlaporan\system\Model.php(239): CodeIgniter\Database\BaseBuilder->insert()
#5 D:\Study\Latihan\ci4\sinjamlaporan\system\BaseModel.php(738): CodeIgniter\Model->doInsert(Array)
#6 D:\Study\Latihan\ci4\sinjamlaporan\system\Model.php(620): CodeIgniter\BaseModel->insert(Array, true)
#7 D:\Study\Latihan\ci4\sinjamlaporan\app\Controllers\Pinjaman.php(52): CodeIgniter\Model->insert(Array)
#8 D:\Study\Latihan\ci4\sinjamlaporan\system\CodeIgniter.php(824): App\Controllers\Pinjaman->tambah()
#9 D:\Study\Latihan\ci4\sinjamlaporan\system\CodeIgniter.php(410): CodeIgniter\CodeIgniter->runController(Object(App\Controllers\Pinjaman))
#10 D:\Study\Latihan\ci4\sinjamlaporan\system\CodeIgniter.php(318): CodeIgniter\CodeIgniter->handleRequest(NULL, Object(Config\Cache), false)
#11 D:\Study\Latihan\ci4\sinjamlaporan\public\index.php(37): CodeIgniter\CodeIgniter->run()
#12 D:\Study\Latihan\ci4\sinjamlaporan\system\Commands\Server\rewrite.php(43): require_once('D:\\Study\\Latiha...')
#13 {main}
ERROR - 2022-08-03 09:16:01 --> Column 'barang' cannot be null
CRITICAL - 2022-08-03 09:16:01 --> Column 'barang' cannot be null
#0 D:\Study\Latihan\ci4\sinjamlaporan\system\Database\MySQLi\Connection.php(292): mysqli->query('INSERT INTO `pi...', 0)
#1 D:\Study\Latihan\ci4\sinjamlaporan\system\Database\BaseConnection.php(670): CodeIgniter\Database\MySQLi\Connection->execute('INSERT INTO `pi...')
#2 D:\Study\Latihan\ci4\sinjamlaporan\system\Database\BaseConnection.php(598): CodeIgniter\Database\BaseConnection->simpleQuery('INSERT INTO `pi...')
#3 D:\Study\Latihan\ci4\sinjamlaporan\system\Database\BaseBuilder.php(1759): CodeIgniter\Database\BaseConnection->query('INSERT INTO `pi...', Array, false)
#4 D:\Study\Latihan\ci4\sinjamlaporan\system\Model.php(239): CodeIgniter\Database\BaseBuilder->insert()
#5 D:\Study\Latihan\ci4\sinjamlaporan\system\BaseModel.php(738): CodeIgniter\Model->doInsert(Array)
#6 D:\Study\Latihan\ci4\sinjamlaporan\system\Model.php(620): CodeIgniter\BaseModel->insert(Array, true)
#7 D:\Study\Latihan\ci4\sinjamlaporan\app\Controllers\Pinjaman.php(52): CodeIgniter\Model->insert(Array)
#8 D:\Study\Latihan\ci4\sinjamlaporan\system\CodeIgniter.php(824): App\Controllers\Pinjaman->tambah()
#9 D:\Study\Latihan\ci4\sinjamlaporan\system\CodeIgniter.php(410): CodeIgniter\CodeIgniter->runController(Object(App\Controllers\Pinjaman))
#10 D:\Study\Latihan\ci4\sinjamlaporan\system\CodeIgniter.php(318): CodeIgniter\CodeIgniter->handleRequest(NULL, Object(Config\Cache), false)
#11 D:\Study\Latihan\ci4\sinjamlaporan\public\index.php(37): CodeIgniter\CodeIgniter->run()
#12 D:\Study\Latihan\ci4\sinjamlaporan\system\Commands\Server\rewrite.php(43): require_once('D:\\Study\\Latiha...')
#13 {main}
ERROR - 2022-08-03 09:20:34 --> Unknown column 'idbrg' in 'where clause'
CRITICAL - 2022-08-03 09:20:34 --> Unknown column 'idbrg' in 'where clause'
#0 D:\Study\Latihan\ci4\sinjamlaporan\system\Database\MySQLi\Connection.php(292): mysqli->query('SELECT *\nFROM `...', 0)
#1 D:\Study\Latihan\ci4\sinjamlaporan\system\Database\BaseConnection.php(670): CodeIgniter\Database\MySQLi\Connection->execute('SELECT *\nFROM `...')
#2 D:\Study\Latihan\ci4\sinjamlaporan\system\Database\BaseConnection.php(598): CodeIgniter\Database\BaseConnection->simpleQuery('SELECT *\nFROM `...')
#3 D:\Study\Latihan\ci4\sinjamlaporan\system\Database\BaseBuilder.php(1443): CodeIgniter\Database\BaseConnection->query('SELECT *\nFROM `...', Array, false)
#4 D:\Study\Latihan\ci4\sinjamlaporan\system\Model.php(210): CodeIgniter\Database\BaseBuilder->get()
#5 D:\Study\Latihan\ci4\sinjamlaporan\system\BaseModel.php(622): CodeIgniter\Model->doFirst()
#6 D:\Study\Latihan\ci4\sinjamlaporan\app\Controllers\Pinjaman.php(34): CodeIgniter\BaseModel->first()
#7 D:\Study\Latihan\ci4\sinjamlaporan\system\CodeIgniter.php(824): App\Controllers\Pinjaman->data()
#8 D:\Study\Latihan\ci4\sinjamlaporan\system\CodeIgniter.php(410): CodeIgniter\CodeIgniter->runController(Object(App\Controllers\Pinjaman))
#9 D:\Study\Latihan\ci4\sinjamlaporan\system\CodeIgniter.php(318): CodeIgniter\CodeIgniter->handleRequest(NULL, Object(Config\Cache), false)
#10 D:\Study\Latihan\ci4\sinjamlaporan\public\index.php(37): CodeIgniter\CodeIgniter->run()
#11 D:\Study\Latihan\ci4\sinjamlaporan\system\Commands\Server\rewrite.php(43): require_once('D:\\Study\\Latiha...')
#12 {main}
